
===========================================================================
report_checks -unconstrained
===========================================================================
======================= max_tt_025C_1v80 Corner ===================================

Startpoint: _10661_ (rising edge-triggered flip-flop)
Endpoint: _10723_ (rising edge-triggered flip-flop)
Path Group: unconstrained
Path Type: max

Fanout         Cap        Slew       Delay        Time   Description
---------------------------------------------------------------------------------------------
                      0.167234    0.000000    0.000000 ^ _10661_/CLK (sky130_fd_sc_hd__dfxtp_1)
     7    0.021066    0.202763    0.459669    0.459669 ^ _10661_/Q (sky130_fd_sc_hd__dfxtp_1)
                                                         count_cycle[0] (net)
                      0.202765    0.001008    0.460677 ^ _08366_/A (sky130_fd_sc_hd__and4_1)
     6    0.023884    0.235108    0.355086    0.815763 ^ _08366_/X (sky130_fd_sc_hd__and4_1)
                                                         _04121_ (net)
                      0.235116    0.001680    0.817443 ^ _08374_/D (sky130_fd_sc_hd__and4_1)
     6    0.021117    0.212486    0.349956    1.167399 ^ _08374_/X (sky130_fd_sc_hd__and4_1)
                                                         _04126_ (net)
                      0.212505    0.002095    1.169494 ^ _08382_/D (sky130_fd_sc_hd__and4_1)
     6    0.016779    0.174176    0.316985    1.486480 ^ _08382_/X (sky130_fd_sc_hd__and4_1)
                                                         _04131_ (net)
                      0.174180    0.001062    1.487542 ^ _08390_/D (sky130_fd_sc_hd__and4_1)
     6    0.023959    0.235693    0.358002    1.845545 ^ _08390_/X (sky130_fd_sc_hd__and4_1)
                                                         _04136_ (net)
                      0.235702    0.001714    1.847259 ^ _08398_/D (sky130_fd_sc_hd__and4_2)
     6    0.023876    0.148307    0.344857    2.192116 ^ _08398_/X (sky130_fd_sc_hd__and4_2)
                                                         _04141_ (net)
                      0.148335    0.002050    2.194166 ^ _08406_/D (sky130_fd_sc_hd__and4_1)
     6    0.023895    0.235154    0.352645    2.546811 ^ _08406_/X (sky130_fd_sc_hd__and4_1)
                                                         _04146_ (net)
                      0.235176    0.002411    2.549222 ^ _08414_/D (sky130_fd_sc_hd__and4_2)
     6    0.028841    0.171533    0.363569    2.912791 ^ _08414_/X (sky130_fd_sc_hd__and4_2)
                                                         _04151_ (net)
                      0.171636    0.003864    2.916655 ^ _08422_/D (sky130_fd_sc_hd__and4_1)
     6    0.021160    0.212820    0.338665    3.255320 ^ _08422_/X (sky130_fd_sc_hd__and4_1)
                                                         _04156_ (net)
                      0.212829    0.001587    3.256907 ^ _08430_/D (sky130_fd_sc_hd__and4_1)
     6    0.020345    0.205646    0.340587    3.597494 ^ _08430_/X (sky130_fd_sc_hd__and4_1)
                                                         _04161_ (net)
                      0.205657    0.001711    3.599205 ^ _08438_/D (sky130_fd_sc_hd__and4_2)
    13    0.053387    0.284189    0.445625    4.044830 ^ _08438_/X (sky130_fd_sc_hd__and4_2)
                                                         _04166_ (net)
                      0.284550    0.008303    4.053133 ^ _08446_/D (sky130_fd_sc_hd__and4_2)
     6    0.023324    0.145526    0.351526    4.404660 ^ _08446_/X (sky130_fd_sc_hd__and4_2)
                                                         _04171_ (net)
                      0.145577    0.002558    4.407218 ^ _08454_/D (sky130_fd_sc_hd__and4_2)
     6    0.026638    0.161303    0.338813    4.746031 ^ _08454_/X (sky130_fd_sc_hd__and4_2)
                                                         _04176_ (net)
                      0.161361    0.002890    4.748920 ^ _08462_/D (sky130_fd_sc_hd__and4_1)
     6    0.026334    0.257389    0.370997    5.119917 ^ _08462_/X (sky130_fd_sc_hd__and4_1)
                                                         _04181_ (net)
                      0.257390    0.001224    5.121141 ^ _08470_/D (sky130_fd_sc_hd__and4_2)
     6    0.029985    0.177310    0.373235    5.494376 ^ _08470_/X (sky130_fd_sc_hd__and4_2)
                                                         _04186_ (net)
                      0.177333    0.002032    5.496408 ^ _08478_/D (sky130_fd_sc_hd__and4_2)
     6    0.022070    0.139561    0.327064    5.823472 ^ _08478_/X (sky130_fd_sc_hd__and4_2)
                                                         _04191_ (net)
                      0.139591    0.002030    5.825502 ^ _08486_/D (sky130_fd_sc_hd__and4_1)
     5    0.014603    0.155134    0.289130    6.114633 ^ _08486_/X (sky130_fd_sc_hd__and4_1)
                                                         _04196_ (net)
                      0.155141    0.001195    6.115828 ^ _08495_/D (sky130_fd_sc_hd__and4_1)
     6    0.022036    0.220522    0.341306    6.457133 ^ _08495_/X (sky130_fd_sc_hd__and4_1)
                                                         _04202_ (net)
                      0.220545    0.002342    6.459475 ^ _08503_/D (sky130_fd_sc_hd__and4_1)
     6    0.022281    0.222731    0.355131    6.814606 ^ _08503_/X (sky130_fd_sc_hd__and4_1)
                                                         _04207_ (net)
                      0.222741    0.001700    6.816307 ^ _08515_/C (sky130_fd_sc_hd__and4_1)
     4    0.012257    0.134717    0.288412    7.104718 ^ _08515_/X (sky130_fd_sc_hd__and4_1)
                                                         _04215_ (net)
                      0.134720    0.000856    7.105574 ^ _08521_/C (sky130_fd_sc_hd__and3_1)
     6    0.020045    0.203254    0.285942    7.391515 ^ _08521_/X (sky130_fd_sc_hd__and3_1)
                                                         _04219_ (net)
                      0.203351    0.002145    7.393660 ^ _08528_/C (sky130_fd_sc_hd__nand3_1)
     2    0.006638    0.102482    0.133235    7.526895 v _08528_/Y (sky130_fd_sc_hd__nand3_1)
                                                         _04224_ (net)
                      0.102482    0.000372    7.527267 v _08529_/C (sky130_fd_sc_hd__and3_1)
     1    0.002225    0.034026    0.195363    7.722630 v _08529_/X (sky130_fd_sc_hd__and3_1)
                                                         _00769_ (net)
                      0.034026    0.000149    7.722779 v _10723_/D (sky130_fd_sc_hd__dfxtp_1)
                                              7.722779   data arrival time
---------------------------------------------------------------------------------------------
(Path is unconstrained)




===========================================================================
report_checks --slack_max -0.01
============================================================================
======================= max_tt_025C_1v80 Corner ===================================

No paths found.


===========================================================================
 report_check_types -max_slew -max_cap -max_fanout -violators
============================================================================
======================= max_tt_025C_1v80 Corner ===================================

max fanout

Pin                                   Limit Fanout  Slack
---------------------------------------------------------
_06351_/Y                                16     33    -17 (VIOLATED)
_11420_/Q                                16     33    -17 (VIOLATED)
fanout238/X                              16     33    -17 (VIOLATED)
fanout242/X                              16     33    -17 (VIOLATED)
fanout246/X                              16     33    -17 (VIOLATED)
fanout257/X                              16     33    -17 (VIOLATED)
fanout263/X                              16     33    -17 (VIOLATED)
fanout266/X                              16     33    -17 (VIOLATED)
fanout273/X                              16     33    -17 (VIOLATED)
fanout275/X                              16     33    -17 (VIOLATED)
fanout276/X                              16     33    -17 (VIOLATED)
fanout279/X                              16     33    -17 (VIOLATED)
fanout282/X                              16     33    -17 (VIOLATED)
fanout285/X                              16     33    -17 (VIOLATED)
fanout286/X                              16     33    -17 (VIOLATED)
fanout289/X                              16     33    -17 (VIOLATED)
fanout292/X                              16     33    -17 (VIOLATED)
fanout293/X                              16     33    -17 (VIOLATED)
fanout294/X                              16     33    -17 (VIOLATED)
fanout295/X                              16     33    -17 (VIOLATED)
fanout296/X                              16     33    -17 (VIOLATED)
fanout297/X                              16     33    -17 (VIOLATED)
fanout298/X                              16     33    -17 (VIOLATED)
fanout299/X                              16     33    -17 (VIOLATED)
fanout300/X                              16     33    -17 (VIOLATED)
fanout301/X                              16     33    -17 (VIOLATED)
fanout302/X                              16     33    -17 (VIOLATED)
fanout303/X                              16     33    -17 (VIOLATED)
fanout304/X                              16     33    -17 (VIOLATED)
fanout305/X                              16     33    -17 (VIOLATED)
fanout306/X                              16     33    -17 (VIOLATED)
fanout307/X                              16     33    -17 (VIOLATED)
fanout308/X                              16     33    -17 (VIOLATED)
fanout309/X                              16     33    -17 (VIOLATED)
fanout310/X                              16     33    -17 (VIOLATED)
fanout311/X                              16     33    -17 (VIOLATED)
fanout312/X                              16     33    -17 (VIOLATED)
fanout313/X                              16     33    -17 (VIOLATED)
fanout314/X                              16     33    -17 (VIOLATED)
fanout315/X                              16     33    -17 (VIOLATED)
fanout316/X                              16     33    -17 (VIOLATED)
fanout317/X                              16     33    -17 (VIOLATED)
fanout318/X                              16     33    -17 (VIOLATED)
fanout319/X                              16     33    -17 (VIOLATED)
fanout320/X                              16     33    -17 (VIOLATED)
fanout321/X                              16     33    -17 (VIOLATED)
fanout322/X                              16     33    -17 (VIOLATED)
fanout323/X                              16     33    -17 (VIOLATED)
fanout324/X                              16     33    -17 (VIOLATED)
fanout325/X                              16     33    -17 (VIOLATED)
fanout326/X                              16     33    -17 (VIOLATED)
fanout327/X                              16     33    -17 (VIOLATED)
fanout328/X                              16     33    -17 (VIOLATED)
fanout329/X                              16     33    -17 (VIOLATED)
fanout330/X                              16     33    -17 (VIOLATED)
fanout331/X                              16     33    -17 (VIOLATED)
fanout332/X                              16     33    -17 (VIOLATED)
fanout333/X                              16     33    -17 (VIOLATED)
fanout334/X                              16     33    -17 (VIOLATED)
fanout337/X                              16     33    -17 (VIOLATED)
fanout338/X                              16     33    -17 (VIOLATED)
fanout339/X                              16     33    -17 (VIOLATED)
fanout342/X                              16     33    -17 (VIOLATED)
fanout343/X                              16     33    -17 (VIOLATED)
fanout344/X                              16     33    -17 (VIOLATED)
fanout345/X                              16     33    -17 (VIOLATED)
fanout346/X                              16     33    -17 (VIOLATED)
fanout347/X                              16     33    -17 (VIOLATED)
fanout348/X                              16     33    -17 (VIOLATED)
fanout349/X                              16     33    -17 (VIOLATED)
fanout351/X                              16     33    -17 (VIOLATED)
fanout354/X                              16     33    -17 (VIOLATED)
fanout357/X                              16     33    -17 (VIOLATED)
fanout358/X                              16     33    -17 (VIOLATED)
fanout360/X                              16     33    -17 (VIOLATED)
fanout368/X                              16     33    -17 (VIOLATED)
fanout370/X                              16     33    -17 (VIOLATED)
fanout376/X                              16     33    -17 (VIOLATED)
fanout382/X                              16     33    -17 (VIOLATED)
fanout384/X                              16     33    -17 (VIOLATED)
fanout385/X                              16     33    -17 (VIOLATED)
fanout386/X                              16     33    -17 (VIOLATED)
fanout387/X                              16     33    -17 (VIOLATED)
fanout388/X                              16     33    -17 (VIOLATED)
fanout389/X                              16     33    -17 (VIOLATED)
fanout390/X                              16     33    -17 (VIOLATED)
fanout394/X                              16     33    -17 (VIOLATED)
fanout399/X                              16     33    -17 (VIOLATED)
fanout400/X                              16     33    -17 (VIOLATED)
fanout401/X                              16     33    -17 (VIOLATED)
fanout402/X                              16     33    -17 (VIOLATED)
fanout404/X                              16     33    -17 (VIOLATED)
fanout405/X                              16     33    -17 (VIOLATED)
fanout409/X                              16     33    -17 (VIOLATED)
fanout410/X                              16     33    -17 (VIOLATED)
fanout412/X                              16     33    -17 (VIOLATED)
fanout413/X                              16     33    -17 (VIOLATED)
fanout414/X                              16     33    -17 (VIOLATED)
fanout415/X                              16     33    -17 (VIOLATED)
fanout416/X                              16     33    -17 (VIOLATED)
fanout417/X                              16     33    -17 (VIOLATED)
fanout420/X                              16     33    -17 (VIOLATED)
fanout421/X                              16     33    -17 (VIOLATED)
fanout423/X                              16     33    -17 (VIOLATED)
fanout425/X                              16     33    -17 (VIOLATED)
fanout426/X                              16     33    -17 (VIOLATED)
fanout427/X                              16     33    -17 (VIOLATED)
fanout428/X                              16     33    -17 (VIOLATED)
fanout429/X                              16     33    -17 (VIOLATED)
fanout430/X                              16     33    -17 (VIOLATED)
fanout432/X                              16     33    -17 (VIOLATED)
fanout433/X                              16     33    -17 (VIOLATED)
fanout434/X                              16     33    -17 (VIOLATED)
fanout435/X                              16     33    -17 (VIOLATED)
fanout436/X                              16     33    -17 (VIOLATED)
fanout437/X                              16     33    -17 (VIOLATED)
fanout439/X                              16     33    -17 (VIOLATED)
fanout440/X                              16     33    -17 (VIOLATED)
fanout443/X                              16     33    -17 (VIOLATED)
fanout444/X                              16     33    -17 (VIOLATED)
fanout445/X                              16     33    -17 (VIOLATED)
fanout446/X                              16     33    -17 (VIOLATED)
fanout447/X                              16     33    -17 (VIOLATED)
fanout448/X                              16     33    -17 (VIOLATED)
fanout451/X                              16     33    -17 (VIOLATED)
fanout452/X                              16     33    -17 (VIOLATED)
fanout453/X                              16     33    -17 (VIOLATED)
fanout454/X                              16     33    -17 (VIOLATED)
fanout455/X                              16     33    -17 (VIOLATED)
fanout456/X                              16     33    -17 (VIOLATED)
fanout458/X                              16     33    -17 (VIOLATED)
fanout460/X                              16     33    -17 (VIOLATED)
fanout461/X                              16     33    -17 (VIOLATED)
fanout463/X                              16     33    -17 (VIOLATED)
fanout465/X                              16     33    -17 (VIOLATED)
fanout466/X                              16     33    -17 (VIOLATED)
fanout468/X                              16     33    -17 (VIOLATED)
fanout469/X                              16     33    -17 (VIOLATED)
fanout471/X                              16     33    -17 (VIOLATED)
fanout473/X                              16     33    -17 (VIOLATED)
fanout475/X                              16     33    -17 (VIOLATED)
fanout477/X                              16     33    -17 (VIOLATED)
fanout478/X                              16     33    -17 (VIOLATED)
fanout480/X                              16     33    -17 (VIOLATED)
fanout483/X                              16     33    -17 (VIOLATED)
fanout485/X                              16     33    -17 (VIOLATED)
fanout486/X                              16     33    -17 (VIOLATED)
fanout488/X                              16     33    -17 (VIOLATED)
fanout492/X                              16     33    -17 (VIOLATED)
fanout493/X                              16     33    -17 (VIOLATED)
fanout494/X                              16     33    -17 (VIOLATED)
fanout496/X                              16     33    -17 (VIOLATED)
fanout498/X                              16     33    -17 (VIOLATED)
fanout499/X                              16     33    -17 (VIOLATED)
fanout501/X                              16     33    -17 (VIOLATED)
fanout502/X                              16     33    -17 (VIOLATED)
fanout505/X                              16     33    -17 (VIOLATED)
fanout507/X                              16     33    -17 (VIOLATED)
fanout509/X                              16     33    -17 (VIOLATED)
fanout511/X                              16     33    -17 (VIOLATED)
fanout513/X                              16     33    -17 (VIOLATED)
fanout514/X                              16     33    -17 (VIOLATED)
fanout518/X                              16     33    -17 (VIOLATED)
fanout520/X                              16     33    -17 (VIOLATED)
fanout521/X                              16     33    -17 (VIOLATED)
fanout523/X                              16     33    -17 (VIOLATED)
fanout524/X                              16     33    -17 (VIOLATED)
fanout526/X                              16     33    -17 (VIOLATED)
fanout528/X                              16     33    -17 (VIOLATED)
fanout530/X                              16     33    -17 (VIOLATED)
fanout532/X                              16     33    -17 (VIOLATED)
fanout534/X                              16     33    -17 (VIOLATED)
fanout535/X                              16     33    -17 (VIOLATED)
fanout539/X                              16     33    -17 (VIOLATED)
fanout541/X                              16     33    -17 (VIOLATED)
fanout542/X                              16     33    -17 (VIOLATED)
fanout544/X                              16     33    -17 (VIOLATED)
fanout545/X                              16     33    -17 (VIOLATED)
fanout548/X                              16     33    -17 (VIOLATED)
fanout550/X                              16     33    -17 (VIOLATED)
fanout551/X                              16     33    -17 (VIOLATED)
fanout552/X                              16     33    -17 (VIOLATED)
fanout553/X                              16     33    -17 (VIOLATED)
fanout554/X                              16     33    -17 (VIOLATED)
fanout555/X                              16     33    -17 (VIOLATED)
fanout556/X                              16     33    -17 (VIOLATED)
fanout558/X                              16     33    -17 (VIOLATED)
fanout560/X                              16     33    -17 (VIOLATED)
fanout561/X                              16     33    -17 (VIOLATED)
fanout562/X                              16     33    -17 (VIOLATED)
fanout563/X                              16     33    -17 (VIOLATED)
fanout566/X                              16     33    -17 (VIOLATED)
fanout567/X                              16     33    -17 (VIOLATED)
fanout568/X                              16     33    -17 (VIOLATED)
fanout569/X                              16     33    -17 (VIOLATED)
fanout570/X                              16     33    -17 (VIOLATED)
fanout571/X                              16     33    -17 (VIOLATED)
fanout573/X                              16     33    -17 (VIOLATED)
fanout574/X                              16     33    -17 (VIOLATED)
fanout575/X                              16     33    -17 (VIOLATED)
fanout576/X                              16     33    -17 (VIOLATED)
fanout578/X                              16     33    -17 (VIOLATED)
fanout580/X                              16     33    -17 (VIOLATED)
fanout582/X                              16     33    -17 (VIOLATED)
fanout584/X                              16     33    -17 (VIOLATED)
fanout585/X                              16     33    -17 (VIOLATED)
fanout589/X                              16     33    -17 (VIOLATED)
fanout591/X                              16     33    -17 (VIOLATED)
fanout592/X                              16     33    -17 (VIOLATED)
fanout594/X                              16     33    -17 (VIOLATED)
fanout597/X                              16     33    -17 (VIOLATED)
fanout599/X                              16     33    -17 (VIOLATED)
fanout601/X                              16     33    -17 (VIOLATED)
fanout603/X                              16     33    -17 (VIOLATED)
fanout605/X                              16     33    -17 (VIOLATED)
fanout606/X                              16     33    -17 (VIOLATED)
fanout610/X                              16     33    -17 (VIOLATED)
fanout612/X                              16     33    -17 (VIOLATED)
fanout613/X                              16     33    -17 (VIOLATED)
fanout615/X                              16     33    -17 (VIOLATED)
fanout618/X                              16     33    -17 (VIOLATED)
fanout621/X                              16     33    -17 (VIOLATED)
fanout623/X                              16     33    -17 (VIOLATED)
fanout624/X                              16     33    -17 (VIOLATED)
fanout629/X                              16     33    -17 (VIOLATED)
fanout631/X                              16     33    -17 (VIOLATED)
fanout653/X                              16     33    -17 (VIOLATED)
fanout658/X                              16     33    -17 (VIOLATED)
fanout707/X                              16     33    -17 (VIOLATED)
fanout750/X                              16     33    -17 (VIOLATED)
fanout756/X                              16     33    -17 (VIOLATED)
fanout280/X                              16     31    -15 (VIOLATED)
fanout522/X                              16     31    -15 (VIOLATED)
fanout543/X                              16     31    -15 (VIOLATED)
fanout622/X                              16     31    -15 (VIOLATED)
_05068_/Y                                16     29    -13 (VIOLATED)
_05720_/X                                16     29    -13 (VIOLATED)
_10030_/Q                                16     29    -13 (VIOLATED)
_10033_/Q                                16     29    -13 (VIOLATED)
_10041_/Q                                16     29    -13 (VIOLATED)
fanout403/X                              16     29    -13 (VIOLATED)
fanout459/X                              16     29    -13 (VIOLATED)
fanout464/X                              16     29    -13 (VIOLATED)
fanout503/X                              16     29    -13 (VIOLATED)
fanout506/X                              16     29    -13 (VIOLATED)
fanout527/X                              16     29    -13 (VIOLATED)
fanout577/X                              16     29    -13 (VIOLATED)
fanout598/X                              16     29    -13 (VIOLATED)
fanout656/X                              16     29    -13 (VIOLATED)
_10026_/Q                                16     27    -11 (VIOLATED)
_10028_/Q                                16     27    -11 (VIOLATED)
_10029_/Q                                16     27    -11 (VIOLATED)
_10034_/Q                                16     27    -11 (VIOLATED)
_10037_/Q                                16     27    -11 (VIOLATED)
_10039_/Q                                16     27    -11 (VIOLATED)
_10045_/Q                                16     27    -11 (VIOLATED)
_10048_/Q                                16     27    -11 (VIOLATED)
fanout431/X                              16     27    -11 (VIOLATED)
fanout504/X                              16     27    -11 (VIOLATED)
fanout510/X                              16     27    -11 (VIOLATED)
fanout531/X                              16     27    -11 (VIOLATED)
fanout540/X                              16     27    -11 (VIOLATED)
fanout581/X                              16     27    -11 (VIOLATED)
fanout602/X                              16     27    -11 (VIOLATED)
_10025_/Q                                16     25     -9 (VIOLATED)
_10027_/Q                                16     25     -9 (VIOLATED)
_10031_/Q                                16     25     -9 (VIOLATED)
_10032_/Q                                16     25     -9 (VIOLATED)
_10035_/Q                                16     25     -9 (VIOLATED)
_10038_/Q                                16     25     -9 (VIOLATED)
_10040_/Q                                16     25     -9 (VIOLATED)
_10043_/Q                                16     25     -9 (VIOLATED)
_10044_/Q                                16     25     -9 (VIOLATED)
_10047_/Q                                16     25     -9 (VIOLATED)
_10049_/Q                                16     25     -9 (VIOLATED)
_10793_/Q                                16     25     -9 (VIOLATED)
fanout369/X                              16     25     -9 (VIOLATED)
fanout381/X                              16     25     -9 (VIOLATED)
fanout490/X                              16     25     -9 (VIOLATED)
fanout495/X                              16     25     -9 (VIOLATED)
fanout508/X                              16     25     -9 (VIOLATED)
fanout529/X                              16     25     -9 (VIOLATED)
fanout557/X                              16     25     -9 (VIOLATED)
fanout579/X                              16     25     -9 (VIOLATED)
fanout600/X                              16     25     -9 (VIOLATED)
_05072_/Y                                16     23     -7 (VIOLATED)
_05096_/Y                                16     23     -7 (VIOLATED)
_10050_/Q                                16     23     -7 (VIOLATED)
_10053_/Q                                16     23     -7 (VIOLATED)
_10794_/Q                                16     23     -7 (VIOLATED)
_10796_/Q                                16     23     -7 (VIOLATED)
_10800_/Q                                16     23     -7 (VIOLATED)
_10932_/Q                                16     23     -7 (VIOLATED)
_10938_/Q                                16     23     -7 (VIOLATED)
fanout441/X                              16     23     -7 (VIOLATED)
fanout450/X                              16     23     -7 (VIOLATED)
fanout482/X                              16     23     -7 (VIOLATED)
fanout593/X                              16     23     -7 (VIOLATED)
fanout595/X                              16     23     -7 (VIOLATED)
fanout614/X                              16     23     -7 (VIOLATED)
fanout616/X                              16     23     -7 (VIOLATED)
fanout620/X                              16     23     -7 (VIOLATED)
fanout676/X                              16     23     -7 (VIOLATED)
fanout693/X                              16     23     -7 (VIOLATED)
_10036_/Q                                16     22     -6 (VIOLATED)
_05005_/Y                                16     21     -5 (VIOLATED)
_05097_/X                                16     21     -5 (VIOLATED)
_10046_/Q                                16     21     -5 (VIOLATED)
_10051_/Q                                16     21     -5 (VIOLATED)
_10052_/Q                                16     21     -5 (VIOLATED)
_10725_/Q                                16     21     -5 (VIOLATED)
_10795_/Q                                16     21     -5 (VIOLATED)
_10797_/Q                                16     21     -5 (VIOLATED)
_10798_/Q                                16     21     -5 (VIOLATED)
_10799_/Q                                16     21     -5 (VIOLATED)
_10934_/Q                                16     21     -5 (VIOLATED)
fanout287/X                              16     21     -5 (VIOLATED)
fanout290/X                              16     21     -5 (VIOLATED)
fanout335/X                              16     21     -5 (VIOLATED)
fanout341/X                              16     21     -5 (VIOLATED)
fanout355/X                              16     21     -5 (VIOLATED)
fanout375/X                              16     21     -5 (VIOLATED)
fanout378/X                              16     21     -5 (VIOLATED)
fanout411/X                              16     21     -5 (VIOLATED)
fanout467/X                              16     21     -5 (VIOLATED)
fanout470/X                              16     21     -5 (VIOLATED)
fanout491/X                              16     21     -5 (VIOLATED)
fanout512/X                              16     21     -5 (VIOLATED)
fanout517/X                              16     21     -5 (VIOLATED)
fanout533/X                              16     21     -5 (VIOLATED)
fanout536/X                              16     21     -5 (VIOLATED)
fanout538/X                              16     21     -5 (VIOLATED)
fanout549/X                              16     21     -5 (VIOLATED)
fanout583/X                              16     21     -5 (VIOLATED)
fanout588/X                              16     21     -5 (VIOLATED)
fanout604/X                              16     21     -5 (VIOLATED)
fanout609/X                              16     21     -5 (VIOLATED)
fanout619/X                              16     21     -5 (VIOLATED)
fanout632/X                              16     21     -5 (VIOLATED)
fanout651/X                              16     21     -5 (VIOLATED)
fanout705/X                              16     21     -5 (VIOLATED)
_09410_/X                                16     19     -3 (VIOLATED)
_11151_/Q                                16     19     -3 (VIOLATED)
fanout380/X                              16     19     -3 (VIOLATED)
fanout408/X                              16     19     -3 (VIOLATED)
fanout422/X                              16     19     -3 (VIOLATED)
fanout472/X                              16     19     -3 (VIOLATED)
fanout487/X                              16     19     -3 (VIOLATED)
fanout500/X                              16     19     -3 (VIOLATED)
fanout547/X                              16     19     -3 (VIOLATED)
fanout565/X                              16     19     -3 (VIOLATED)
fanout642/X                              16     19     -3 (VIOLATED)
fanout654/X                              16     19     -3 (VIOLATED)
fanout701/X                              16     19     -3 (VIOLATED)
fanout757/X                              16     19     -3 (VIOLATED)
_04952_/Y                                16     17        (VIOLATED)
_05718_/Y                                16     17        (VIOLATED)
_10042_/Q                                16     17        (VIOLATED)
_10803_/Q                                16     17        (VIOLATED)
_10806_/Q                                16     17        (VIOLATED)
_10811_/Q                                16     17        (VIOLATED)
_10821_/Q                                16     17        (VIOLATED)
_10824_/Q                                16     17        (VIOLATED)
_10971_/Q                                16     17        (VIOLATED)
fanout288/X                              16     17        (VIOLATED)
fanout291/X                              16     17        (VIOLATED)
fanout336/X                              16     17        (VIOLATED)
fanout340/X                              16     17        (VIOLATED)
fanout356/X                              16     17        (VIOLATED)
fanout359/X                              16     17        (VIOLATED)
fanout377/X                              16     17        (VIOLATED)
fanout419/X                              16     17        (VIOLATED)
fanout457/X                              16     17        (VIOLATED)
fanout462/X                              16     17        (VIOLATED)
fanout474/X                              16     17        (VIOLATED)
fanout476/X                              16     17        (VIOLATED)
fanout479/X                              16     17        (VIOLATED)
fanout481/X                              16     17        (VIOLATED)
fanout497/X                              16     17        (VIOLATED)
fanout516/X                              16     17        (VIOLATED)
fanout525/X                              16     17        (VIOLATED)
fanout572/X                              16     17        (VIOLATED)
fanout586/X                              16     17        (VIOLATED)
fanout587/X                              16     17        (VIOLATED)
fanout596/X                              16     17        (VIOLATED)
fanout607/X                              16     17        (VIOLATED)
fanout608/X                              16     17        (VIOLATED)
fanout617/X                              16     17        (VIOLATED)
fanout628/X                              16     17        (VIOLATED)
fanout633/X                              16     17        (VIOLATED)
fanout659/X                              16     17        (VIOLATED)
fanout668/X                              16     17        (VIOLATED)
fanout694/X                              16     17        (VIOLATED)
fanout702/X                              16     17        (VIOLATED)
fanout726/X                              16     17        (VIOLATED)
fanout727/X                              16     17        (VIOLATED)
fanout736/X                              16     17        (VIOLATED)
fanout745/X                              16     17        (VIOLATED)



===========================================================================
report_parasitic_annotation -report_unannotated
============================================================================
Found 173 unannotated drivers.
 irq[0]
 irq[10]
 irq[11]
 irq[12]
 irq[13]
 irq[14]
 irq[15]
 irq[16]
 irq[17]
 irq[18]
 irq[19]
 irq[1]
 irq[20]
 irq[21]
 irq[22]
 irq[23]
 irq[24]
 irq[25]
 irq[26]
 irq[27]
 irq[28]
 irq[29]
 irq[2]
 irq[30]
 irq[31]
 irq[3]
 irq[4]
 irq[5]
 irq[6]
 irq[7]
 irq[8]
 irq[9]
 pcpi_rd[0]
 pcpi_rd[10]
 pcpi_rd[11]
 pcpi_rd[12]
 pcpi_rd[13]
 pcpi_rd[14]
 pcpi_rd[15]
 pcpi_rd[16]
 pcpi_rd[17]
 pcpi_rd[18]
 pcpi_rd[19]
 pcpi_rd[1]
 pcpi_rd[20]
 pcpi_rd[21]
 pcpi_rd[22]
 pcpi_rd[23]
 pcpi_rd[24]
 pcpi_rd[25]
 pcpi_rd[26]
 pcpi_rd[27]
 pcpi_rd[28]
 pcpi_rd[29]
 pcpi_rd[2]
 pcpi_rd[30]
 pcpi_rd[31]
 pcpi_rd[3]
 pcpi_rd[4]
 pcpi_rd[5]
 pcpi_rd[6]
 pcpi_rd[7]
 pcpi_rd[8]
 pcpi_rd[9]
 pcpi_ready
 pcpi_wait
 pcpi_wr
 picorv32_758/HI
 picorv32_759/HI
 picorv32_760/HI
 picorv32_761/HI
 picorv32_762/HI
 picorv32_763/HI
 picorv32_764/HI
 picorv32_765/HI
 picorv32_766/HI
 picorv32_767/HI
 picorv32_768/HI
 picorv32_769/HI
 picorv32_770/HI
 picorv32_771/HI
 picorv32_772/HI
 picorv32_773/HI
 picorv32_774/HI
 picorv32_775/HI
 picorv32_776/HI
 picorv32_777/HI
 picorv32_778/HI
 picorv32_779/HI
 picorv32_780/HI
 picorv32_781/HI
 picorv32_782/HI
 picorv32_783/HI
 picorv32_784/HI
 picorv32_785/HI
 picorv32_786/HI
 picorv32_787/HI
 picorv32_788/HI
 picorv32_789/HI
 picorv32_790/HI
 picorv32_791/HI
 picorv32_792/HI
 picorv32_793/HI
 picorv32_794/HI
 picorv32_795/HI
 picorv32_796/HI
 picorv32_797/HI
 picorv32_798/HI
 picorv32_799/HI
 picorv32_800/HI
 picorv32_801/HI
 picorv32_802/HI
 picorv32_803/HI
 picorv32_804/HI
 picorv32_805/HI
 picorv32_806/HI
 picorv32_807/HI
 picorv32_808/HI
 picorv32_809/HI
 picorv32_810/HI
 picorv32_811/HI
 picorv32_812/HI
 picorv32_813/HI
 picorv32_814/HI
 picorv32_815/HI
 picorv32_816/HI
 picorv32_817/HI
 picorv32_818/HI
 picorv32_819/HI
 picorv32_820/HI
 picorv32_821/HI
 picorv32_822/HI
 picorv32_823/HI
 picorv32_824/HI
 picorv32_825/HI
 picorv32_826/HI
 picorv32_827/HI
 picorv32_828/HI
 picorv32_829/HI
 picorv32_830/HI
 picorv32_831/HI
 picorv32_832/HI
 picorv32_833/HI
 picorv32_834/HI
 picorv32_835/HI
 picorv32_836/HI
 picorv32_837/HI
 picorv32_838/HI
 picorv32_839/HI
 picorv32_840/HI
 picorv32_841/HI
 picorv32_842/HI
 picorv32_843/HI
 picorv32_844/HI
 picorv32_845/HI
 picorv32_846/HI
 picorv32_847/HI
 picorv32_848/HI
 picorv32_849/HI
 picorv32_850/HI
 picorv32_851/HI
 picorv32_852/HI
 picorv32_853/HI
 picorv32_854/HI
 picorv32_855/HI
 picorv32_856/HI
 picorv32_857/HI
 picorv32_858/HI
 picorv32_859/HI
 picorv32_860/HI
 picorv32_861/HI
 picorv32_862/HI
 picorv32_863/HI
Found 0 partially unannotated drivers.

===========================================================================
max slew violation count 0
max fanout violation count 398
max cap violation count 0
============================================================================

===========================================================================
check_setup -verbose -unconstrained_endpoints -multiple_clock -no_clock -no_input_delay -loops -generated_clocks
===========================================================================
Warning: There are 102 input ports missing set_input_delay.
  clk
  irq[0]
  irq[10]
  irq[11]
  irq[12]
  irq[13]
  irq[14]
  irq[15]
  irq[16]
  irq[17]
  irq[18]
  irq[19]
  irq[1]
  irq[20]
  irq[21]
  irq[22]
  irq[23]
  irq[24]
  irq[25]
  irq[26]
  irq[27]
  irq[28]
  irq[29]
  irq[2]
  irq[30]
  irq[31]
  irq[3]
  irq[4]
  irq[5]
  irq[6]
  irq[7]
  irq[8]
  irq[9]
  mem_rdata[0]
  mem_rdata[10]
  mem_rdata[11]
  mem_rdata[12]
  mem_rdata[13]
  mem_rdata[14]
  mem_rdata[15]
  mem_rdata[16]
  mem_rdata[17]
  mem_rdata[18]
  mem_rdata[19]
  mem_rdata[1]
  mem_rdata[20]
  mem_rdata[21]
  mem_rdata[22]
  mem_rdata[23]
  mem_rdata[24]
  mem_rdata[25]
  mem_rdata[26]
  mem_rdata[27]
  mem_rdata[28]
  mem_rdata[29]
  mem_rdata[2]
  mem_rdata[30]
  mem_rdata[31]
  mem_rdata[3]
  mem_rdata[4]
  mem_rdata[5]
  mem_rdata[6]
  mem_rdata[7]
  mem_rdata[8]
  mem_rdata[9]
  mem_ready
  pcpi_rd[0]
  pcpi_rd[10]
  pcpi_rd[11]
  pcpi_rd[12]
  pcpi_rd[13]
  pcpi_rd[14]
  pcpi_rd[15]
  pcpi_rd[16]
  pcpi_rd[17]
  pcpi_rd[18]
  pcpi_rd[19]
  pcpi_rd[1]
  pcpi_rd[20]
  pcpi_rd[21]
  pcpi_rd[22]
  pcpi_rd[23]
  pcpi_rd[24]
  pcpi_rd[25]
  pcpi_rd[26]
  pcpi_rd[27]
  pcpi_rd[28]
  pcpi_rd[29]
  pcpi_rd[2]
  pcpi_rd[30]
  pcpi_rd[31]
  pcpi_rd[3]
  pcpi_rd[4]
  pcpi_rd[5]
  pcpi_rd[6]
  pcpi_rd[7]
  pcpi_rd[8]
  pcpi_rd[9]
  pcpi_ready
  pcpi_wait
  pcpi_wr
  resetn
Warning: There are 1596 unclocked register/latch pins.
  _09986_/CLK
  _09987_/CLK
  _09988_/CLK
  _09989_/CLK
  _09990_/CLK
  _09991_/CLK
  _09992_/CLK
  _09993_/CLK
  _09994_/CLK
  _09995_/CLK
  _09996_/CLK
  _09997_/CLK
  _09998_/CLK
  _09999_/CLK
  _10000_/CLK
  _10001_/CLK
  _10002_/CLK
  _10003_/CLK
  _10004_/CLK
  _10005_/CLK
  _10006_/CLK
  _10007_/CLK
  _10008_/CLK
  _10009_/CLK
  _10010_/CLK
  _10011_/CLK
  _10012_/CLK
  _10013_/CLK
  _10014_/CLK
  _10015_/CLK
  _10016_/CLK
  _10017_/CLK
  _10018_/CLK
  _10019_/CLK
  _10020_/CLK
  _10021_/CLK
  _10022_/CLK
  _10023_/CLK
  _10024_/CLK
  _10025_/CLK
  _10026_/CLK
  _10027_/CLK
  _10028_/CLK
  _10029_/CLK
  _10030_/CLK
  _10031_/CLK
  _10032_/CLK
  _10033_/CLK
  _10034_/CLK
  _10035_/CLK
  _10036_/CLK
  _10037_/CLK
  _10038_/CLK
  _10039_/CLK
  _10040_/CLK
  _10041_/CLK
  _10042_/CLK
  _10043_/CLK
  _10044_/CLK
  _10045_/CLK
  _10046_/CLK
  _10047_/CLK
  _10048_/CLK
  _10049_/CLK
  _10050_/CLK
  _10051_/CLK
  _10052_/CLK
  _10053_/CLK
  _10054_/CLK
  _10055_/CLK
  _10056_/CLK
  _10057_/CLK
  _10058_/CLK
  _10059_/CLK
  _10060_/CLK
  _10061_/CLK
  _10062_/CLK
  _10063_/CLK
  _10064_/CLK
  _10065_/CLK
  _10066_/CLK
  _10067_/CLK
  _10068_/CLK
  _10069_/CLK
  _10070_/CLK
  _10071_/CLK
  _10072_/CLK
  _10073_/CLK
  _10074_/CLK
  _10075_/CLK
  _10076_/CLK
  _10077_/CLK
  _10078_/CLK
  _10079_/CLK
  _10080_/CLK
  _10081_/CLK
  _10082_/CLK
  _10083_/CLK
  _10084_/CLK
  _10085_/CLK
  _10086_/CLK
  _10087_/CLK
  _10088_/CLK
  _10089_/CLK
  _10090_/CLK
  _10091_/CLK
  _10092_/CLK
  _10093_/CLK
  _10094_/CLK
  _10095_/CLK
  _10096_/CLK
  _10097_/CLK
  _10098_/CLK
  _10099_/CLK
  _10100_/CLK
  _10101_/CLK
  _10102_/CLK
  _10103_/CLK
  _10104_/CLK
  _10105_/CLK
  _10106_/CLK
  _10107_/CLK
  _10108_/CLK
  _10109_/CLK
  _10110_/CLK
  _10111_/CLK
  _10112_/CLK
  _10113_/CLK
  _10114_/CLK
  _10115_/CLK
  _10116_/CLK
  _10117_/CLK
  _10118_/CLK
  _10119_/CLK
  _10120_/CLK
  _10121_/CLK
  _10122_/CLK
  _10123_/CLK
  _10124_/CLK
  _10125_/CLK
  _10126_/CLK
  _10127_/CLK
  _10128_/CLK
  _10129_/CLK
  _10130_/CLK
  _10131_/CLK
  _10132_/CLK
  _10133_/CLK
  _10134_/CLK
  _10135_/CLK
  _10136_/CLK
  _10137_/CLK
  _10138_/CLK
  _10139_/CLK
  _10140_/CLK
  _10141_/CLK
  _10142_/CLK
  _10143_/CLK
  _10144_/CLK
  _10145_/CLK
  _10146_/CLK
  _10147_/CLK
  _10148_/CLK
  _10149_/CLK
  _10150_/CLK
  _10151_/CLK
  _10152_/CLK
  _10153_/CLK
  _10154_/CLK
  _10155_/CLK
  _10156_/CLK
  _10157_/CLK
  _10158_/CLK
  _10159_/CLK
  _10160_/CLK
  _10161_/CLK
  _10162_/CLK
  _10163_/CLK
  _10164_/CLK
  _10165_/CLK
  _10166_/CLK
  _10167_/CLK
  _10168_/CLK
  _10169_/CLK
  _10170_/CLK
  _10171_/CLK
  _10172_/CLK
  _10173_/CLK
  _10174_/CLK
  _10175_/CLK
  _10176_/CLK
  _10177_/CLK
  _10178_/CLK
  _10179_/CLK
  _10180_/CLK
  _10181_/CLK
  _10182_/CLK
  _10183_/CLK
  _10184_/CLK
  _10185_/CLK
  _10186_/CLK
  _10187_/CLK
  _10188_/CLK
  _10189_/CLK
  _10190_/CLK
  _10191_/CLK
  _10192_/CLK
  _10193_/CLK
  _10194_/CLK
  _10195_/CLK
  _10196_/CLK
  _10197_/CLK
  _10198_/CLK
  _10199_/CLK
  _10200_/CLK
  _10201_/CLK
  _10202_/CLK
  _10203_/CLK
  _10204_/CLK
  _10205_/CLK
  _10206_/CLK
  _10207_/CLK
  _10208_/CLK
  _10209_/CLK
  _10210_/CLK
  _10211_/CLK
  _10212_/CLK
  _10213_/CLK
  _10214_/CLK
  _10215_/CLK
  _10216_/CLK
  _10217_/CLK
  _10218_/CLK
  _10219_/CLK
  _10220_/CLK
  _10221_/CLK
  _10222_/CLK
  _10223_/CLK
  _10224_/CLK
  _10225_/CLK
  _10226_/CLK
  _10227_/CLK
  _10228_/CLK
  _10229_/CLK
  _10230_/CLK
  _10231_/CLK
  _10232_/CLK
  _10233_/CLK
  _10234_/CLK
  _10235_/CLK
  _10236_/CLK
  _10237_/CLK
  _10238_/CLK
  _10239_/CLK
  _10240_/CLK
  _10241_/CLK
  _10242_/CLK
  _10243_/CLK
  _10244_/CLK
  _10245_/CLK
  _10246_/CLK
  _10247_/CLK
  _10248_/CLK
  _10249_/CLK
  _10250_/CLK
  _10251_/CLK
  _10252_/CLK
  _10253_/CLK
  _10254_/CLK
  _10255_/CLK
  _10256_/CLK
  _10257_/CLK
  _10258_/CLK
  _10259_/CLK
  _10260_/CLK
  _10261_/CLK
  _10262_/CLK
  _10263_/CLK
  _10264_/CLK
  _10265_/CLK
  _10266_/CLK
  _10267_/CLK
  _10268_/CLK
  _10269_/CLK
  _10270_/CLK
  _10271_/CLK
  _10272_/CLK
  _10273_/CLK
  _10274_/CLK
  _10275_/CLK
  _10276_/CLK
  _10277_/CLK
  _10278_/CLK
  _10279_/CLK
  _10280_/CLK
  _10281_/CLK
  _10282_/CLK
  _10283_/CLK
  _10284_/CLK
  _10285_/CLK
  _10286_/CLK
  _10287_/CLK
  _10288_/CLK
  _10289_/CLK
  _10290_/CLK
  _10291_/CLK
  _10292_/CLK
  _10293_/CLK
  _10294_/CLK
  _10295_/CLK
  _10296_/CLK
  _10297_/CLK
  _10298_/CLK
  _10299_/CLK
  _10300_/CLK
  _10301_/CLK
  _10302_/CLK
  _10303_/CLK
  _10304_/CLK
  _10305_/CLK
  _10306_/CLK
  _10307_/CLK
  _10308_/CLK
  _10309_/CLK
  _10310_/CLK
  _10311_/CLK
  _10312_/CLK
  _10313_/CLK
  _10314_/CLK
  _10315_/CLK
  _10316_/CLK
  _10317_/CLK
  _10318_/CLK
  _10319_/CLK
  _10320_/CLK
  _10321_/CLK
  _10322_/CLK
  _10323_/CLK
  _10324_/CLK
  _10325_/CLK
  _10326_/CLK
  _10327_/CLK
  _10328_/CLK
  _10329_/CLK
  _10330_/CLK
  _10331_/CLK
  _10332_/CLK
  _10333_/CLK
  _10334_/CLK
  _10335_/CLK
  _10336_/CLK
  _10337_/CLK
  _10338_/CLK
  _10339_/CLK
  _10340_/CLK
  _10341_/CLK
  _10342_/CLK
  _10343_/CLK
  _10344_/CLK
  _10345_/CLK
  _10346_/CLK
  _10347_/CLK
  _10348_/CLK
  _10349_/CLK
  _10350_/CLK
  _10351_/CLK
  _10352_/CLK
  _10353_/CLK
  _10354_/CLK
  _10355_/CLK
  _10356_/CLK
  _10357_/CLK
  _10358_/CLK
  _10359_/CLK
  _10360_/CLK
  _10361_/CLK
  _10362_/CLK
  _10363_/CLK
  _10364_/CLK
  _10365_/CLK
  _10366_/CLK
  _10367_/CLK
  _10368_/CLK
  _10369_/CLK
  _10370_/CLK
  _10371_/CLK
  _10372_/CLK
  _10373_/CLK
  _10374_/CLK
  _10375_/CLK
  _10376_/CLK
  _10377_/CLK
  _10378_/CLK
  _10379_/CLK
  _10380_/CLK
  _10381_/CLK
  _10382_/CLK
  _10383_/CLK
  _10384_/CLK
  _10385_/CLK
  _10386_/CLK
  _10387_/CLK
  _10388_/CLK
  _10389_/CLK
  _10390_/CLK
  _10391_/CLK
  _10392_/CLK
  _10393_/CLK
  _10394_/CLK
  _10395_/CLK
  _10396_/CLK
  _10397_/CLK
  _10398_/CLK
  _10399_/CLK
  _10400_/CLK
  _10401_/CLK
  _10402_/CLK
  _10403_/CLK
  _10404_/CLK
  _10405_/CLK
  _10406_/CLK
  _10407_/CLK
  _10408_/CLK
  _10409_/CLK
  _10410_/CLK
  _10411_/CLK
  _10412_/CLK
  _10413_/CLK
  _10414_/CLK
  _10415_/CLK
  _10416_/CLK
  _10417_/CLK
  _10418_/CLK
  _10419_/CLK
  _10420_/CLK
  _10421_/CLK
  _10422_/CLK
  _10423_/CLK
  _10424_/CLK
  _10425_/CLK
  _10426_/CLK
  _10427_/CLK
  _10428_/CLK
  _10429_/CLK
  _10430_/CLK
  _10431_/CLK
  _10432_/CLK
  _10433_/CLK
  _10434_/CLK
  _10435_/CLK
  _10436_/CLK
  _10437_/CLK
  _10438_/CLK
  _10439_/CLK
  _10440_/CLK
  _10441_/CLK
  _10442_/CLK
  _10443_/CLK
  _10444_/CLK
  _10445_/CLK
  _10446_/CLK
  _10447_/CLK
  _10448_/CLK
  _10449_/CLK
  _10450_/CLK
  _10451_/CLK
  _10452_/CLK
  _10453_/CLK
  _10454_/CLK
  _10455_/CLK
  _10456_/CLK
  _10457_/CLK
  _10458_/CLK
  _10459_/CLK
  _10460_/CLK
  _10461_/CLK
  _10462_/CLK
  _10463_/CLK
  _10464_/CLK
  _10465_/CLK
  _10466_/CLK
  _10467_/CLK
  _10468_/CLK
  _10469_/CLK
  _10470_/CLK
  _10471_/CLK
  _10472_/CLK
  _10473_/CLK
  _10474_/CLK
  _10475_/CLK
  _10476_/CLK
  _10477_/CLK
  _10478_/CLK
  _10479_/CLK
  _10480_/CLK
  _10481_/CLK
  _10482_/CLK
  _10483_/CLK
  _10484_/CLK
  _10485_/CLK
  _10486_/CLK
  _10487_/CLK
  _10488_/CLK
  _10489_/CLK
  _10490_/CLK
  _10491_/CLK
  _10492_/CLK
  _10493_/CLK
  _10494_/CLK
  _10495_/CLK
  _10496_/CLK
  _10497_/CLK
  _10498_/CLK
  _10499_/CLK
  _10500_/CLK
  _10501_/CLK
  _10502_/CLK
  _10503_/CLK
  _10504_/CLK
  _10505_/CLK
  _10506_/CLK
  _10507_/CLK
  _10508_/CLK
  _10509_/CLK
  _10510_/CLK
  _10511_/CLK
  _10512_/CLK
  _10513_/CLK
  _10514_/CLK
  _10515_/CLK
  _10516_/CLK
  _10517_/CLK
  _10518_/CLK
  _10519_/CLK
  _10520_/CLK
  _10521_/CLK
  _10522_/CLK
  _10523_/CLK
  _10524_/CLK
  _10525_/CLK
  _10526_/CLK
  _10527_/CLK
  _10528_/CLK
  _10529_/CLK
  _10530_/CLK
  _10531_/CLK
  _10532_/CLK
  _10533_/CLK
  _10534_/CLK
  _10535_/CLK
  _10536_/CLK
  _10537_/CLK
  _10538_/CLK
  _10539_/CLK
  _10540_/CLK
  _10541_/CLK
  _10542_/CLK
  _10543_/CLK
  _10544_/CLK
  _10545_/CLK
  _10546_/CLK
  _10547_/CLK
  _10548_/CLK
  _10549_/CLK
  _10550_/CLK
  _10551_/CLK
  _10552_/CLK
  _10553_/CLK
  _10554_/CLK
  _10555_/CLK
  _10556_/CLK
  _10557_/CLK
  _10558_/CLK
  _10559_/CLK
  _10560_/CLK
  _10561_/CLK
  _10562_/CLK
  _10563_/CLK
  _10564_/CLK
  _10565_/CLK
  _10566_/CLK
  _10567_/CLK
  _10568_/CLK
  _10569_/CLK
  _10570_/CLK
  _10571_/CLK
  _10572_/CLK
  _10573_/CLK
  _10574_/CLK
  _10575_/CLK
  _10576_/CLK
  _10577_/CLK
  _10578_/CLK
  _10579_/CLK
  _10580_/CLK
  _10581_/CLK
  _10582_/CLK
  _10583_/CLK
  _10584_/CLK
  _10585_/CLK
  _10586_/CLK
  _10587_/CLK
  _10588_/CLK
  _10589_/CLK
  _10590_/CLK
  _10591_/CLK
  _10592_/CLK
  _10593_/CLK
  _10594_/CLK
  _10595_/CLK
  _10596_/CLK
  _10597_/CLK
  _10598_/CLK
  _10599_/CLK
  _10600_/CLK
  _10601_/CLK
  _10602_/CLK
  _10603_/CLK
  _10604_/CLK
  _10605_/CLK
  _10606_/CLK
  _10607_/CLK
  _10608_/CLK
  _10609_/CLK
  _10610_/CLK
  _10611_/CLK
  _10612_/CLK
  _10613_/CLK
  _10614_/CLK
  _10615_/CLK
  _10616_/CLK
  _10617_/CLK
  _10618_/CLK
  _10619_/CLK
  _10620_/CLK
  _10621_/CLK
  _10622_/CLK
  _10623_/CLK
  _10624_/CLK
  _10625_/CLK
  _10626_/CLK
  _10627_/CLK
  _10628_/CLK
  _10629_/CLK
  _10630_/CLK
  _10631_/CLK
  _10632_/CLK
  _10633_/CLK
  _10634_/CLK
  _10635_/CLK
  _10636_/CLK
  _10637_/CLK
  _10638_/CLK
  _10639_/CLK
  _10640_/CLK
  _10641_/CLK
  _10642_/CLK
  _10643_/CLK
  _10644_/CLK
  _10645_/CLK
  _10646_/CLK
  _10647_/CLK
  _10648_/CLK
  _10649_/CLK
  _10650_/CLK
  _10651_/CLK
  _10652_/CLK
  _10653_/CLK
  _10654_/CLK
  _10655_/CLK
  _10656_/CLK
  _10657_/CLK
  _10658_/CLK
  _10659_/CLK
  _10660_/CLK
  _10661_/CLK
  _10662_/CLK
  _10663_/CLK
  _10664_/CLK
  _10665_/CLK
  _10666_/CLK
  _10667_/CLK
  _10668_/CLK
  _10669_/CLK
  _10670_/CLK
  _10671_/CLK
  _10672_/CLK
  _10673_/CLK
  _10674_/CLK
  _10675_/CLK
  _10676_/CLK
  _10677_/CLK
  _10678_/CLK
  _10679_/CLK
  _10680_/CLK
  _10681_/CLK
  _10682_/CLK
  _10683_/CLK
  _10684_/CLK
  _10685_/CLK
  _10686_/CLK
  _10687_/CLK
  _10688_/CLK
  _10689_/CLK
  _10690_/CLK
  _10691_/CLK
  _10692_/CLK
  _10693_/CLK
  _10694_/CLK
  _10695_/CLK
  _10696_/CLK
  _10697_/CLK
  _10698_/CLK
  _10699_/CLK
  _10700_/CLK
  _10701_/CLK
  _10702_/CLK
  _10703_/CLK
  _10704_/CLK
  _10705_/CLK
  _10706_/CLK
  _10707_/CLK
  _10708_/CLK
  _10709_/CLK
  _10710_/CLK
  _10711_/CLK
  _10712_/CLK
  _10713_/CLK
  _10714_/CLK
  _10715_/CLK
  _10716_/CLK
  _10717_/CLK
  _10718_/CLK
  _10719_/CLK
  _10720_/CLK
  _10721_/CLK
  _10722_/CLK
  _10723_/CLK
  _10724_/CLK
  _10725_/CLK
  _10726_/CLK
  _10727_/CLK
  _10728_/CLK
  _10729_/CLK
  _10730_/CLK
  _10731_/CLK
  _10732_/CLK
  _10733_/CLK
  _10734_/CLK
  _10735_/CLK
  _10736_/CLK
  _10737_/CLK
  _10738_/CLK
  _10739_/CLK
  _10740_/CLK
  _10741_/CLK
  _10742_/CLK
  _10743_/CLK
  _10744_/CLK
  _10745_/CLK
  _10746_/CLK
  _10747_/CLK
  _10748_/CLK
  _10749_/CLK
  _10750_/CLK
  _10751_/CLK
  _10752_/CLK
  _10753_/CLK
  _10754_/CLK
  _10755_/CLK
  _10756_/CLK
  _10757_/CLK
  _10758_/CLK
  _10759_/CLK
  _10760_/CLK
  _10761_/CLK
  _10762_/CLK
  _10763_/CLK
  _10764_/CLK
  _10765_/CLK
  _10766_/CLK
  _10767_/CLK
  _10768_/CLK
  _10769_/CLK
  _10770_/CLK
  _10771_/CLK
  _10772_/CLK
  _10773_/CLK
  _10774_/CLK
  _10775_/CLK
  _10776_/CLK
  _10777_/CLK
  _10778_/CLK
  _10779_/CLK
  _10780_/CLK
  _10781_/CLK
  _10782_/CLK
  _10783_/CLK
  _10784_/CLK
  _10785_/CLK
  _10786_/CLK
  _10787_/CLK
  _10788_/CLK
  _10789_/CLK
  _10790_/CLK
  _10791_/CLK
  _10792_/CLK
  _10793_/CLK
  _10794_/CLK
  _10795_/CLK
  _10796_/CLK
  _10797_/CLK
  _10798_/CLK
  _10799_/CLK
  _10800_/CLK
  _10801_/CLK
  _10802_/CLK
  _10803_/CLK
  _10804_/CLK
  _10805_/CLK
  _10806_/CLK
  _10807_/CLK
  _10808_/CLK
  _10809_/CLK
  _10810_/CLK
  _10811_/CLK
  _10812_/CLK
  _10813_/CLK
  _10814_/CLK
  _10815_/CLK
  _10816_/CLK
  _10817_/CLK
  _10818_/CLK
  _10819_/CLK
  _10820_/CLK
  _10821_/CLK
  _10822_/CLK
  _10823_/CLK
  _10824_/CLK
  _10825_/CLK
  _10826_/CLK
  _10827_/CLK
  _10828_/CLK
  _10829_/CLK
  _10830_/CLK
  _10831_/CLK
  _10832_/CLK
  _10833_/CLK
  _10834_/CLK
  _10835_/CLK
  _10836_/CLK
  _10837_/CLK
  _10838_/CLK
  _10839_/CLK
  _10840_/CLK
  _10841_/CLK
  _10842_/CLK
  _10843_/CLK
  _10844_/CLK
  _10845_/CLK
  _10846_/CLK
  _10847_/CLK
  _10848_/CLK
  _10849_/CLK
  _10850_/CLK
  _10851_/CLK
  _10852_/CLK
  _10853_/CLK
  _10854_/CLK
  _10855_/CLK
  _10856_/CLK
  _10857_/CLK
  _10858_/CLK
  _10859_/CLK
  _10860_/CLK
  _10861_/CLK
  _10862_/CLK
  _10863_/CLK
  _10864_/CLK
  _10865_/CLK
  _10866_/CLK
  _10867_/CLK
  _10868_/CLK
  _10869_/CLK
  _10870_/CLK
  _10871_/CLK
  _10872_/CLK
  _10873_/CLK
  _10874_/CLK
  _10875_/CLK
  _10876_/CLK
  _10877_/CLK
  _10878_/CLK
  _10879_/CLK
  _10880_/CLK
  _10881_/CLK
  _10882_/CLK
  _10883_/CLK
  _10884_/CLK
  _10885_/CLK
  _10886_/CLK
  _10887_/CLK
  _10888_/CLK
  _10889_/CLK
  _10890_/CLK
  _10891_/CLK
  _10892_/CLK
  _10893_/CLK
  _10894_/CLK
  _10895_/CLK
  _10896_/CLK
  _10897_/CLK
  _10898_/CLK
  _10899_/CLK
  _10900_/CLK
  _10901_/CLK
  _10902_/CLK
  _10903_/CLK
  _10904_/CLK
  _10905_/CLK
  _10906_/CLK
  _10907_/CLK
  _10908_/CLK
  _10909_/CLK
  _10910_/CLK
  _10911_/CLK
  _10912_/CLK
  _10913_/CLK
  _10914_/CLK
  _10915_/CLK
  _10916_/CLK
  _10917_/CLK
  _10918_/CLK
  _10919_/CLK
  _10920_/CLK
  _10921_/CLK
  _10922_/CLK
  _10923_/CLK
  _10924_/CLK
  _10925_/CLK
  _10926_/CLK
  _10927_/CLK
  _10928_/CLK
  _10929_/CLK
  _10930_/CLK
  _10931_/CLK
  _10932_/CLK
  _10933_/CLK
  _10934_/CLK
  _10935_/CLK
  _10936_/CLK
  _10937_/CLK
  _10938_/CLK
  _10939_/CLK
  _10940_/CLK
  _10941_/CLK
  _10942_/CLK
  _10943_/CLK
  _10944_/CLK
  _10945_/CLK
  _10946_/CLK
  _10947_/CLK
  _10948_/CLK
  _10949_/CLK
  _10950_/CLK
  _10951_/CLK
  _10952_/CLK
  _10953_/CLK
  _10954_/CLK
  _10955_/CLK
  _10956_/CLK
  _10957_/CLK
  _10958_/CLK
  _10959_/CLK
  _10960_/CLK
  _10961_/CLK
  _10962_/CLK
  _10963_/CLK
  _10964_/CLK
  _10965_/CLK
  _10966_/CLK
  _10967_/CLK
  _10968_/CLK
  _10969_/CLK
  _10970_/CLK
  _10971_/CLK
  _10972_/CLK
  _10973_/CLK
  _10974_/CLK
  _10975_/CLK
  _10976_/CLK
  _10977_/CLK
  _10978_/CLK
  _10979_/CLK
  _10980_/CLK
  _10981_/CLK
  _10982_/CLK
  _10983_/CLK
  _10984_/CLK
  _10985_/CLK
  _10986_/CLK
  _10987_/CLK
  _10988_/CLK
  _10989_/CLK
  _10990_/CLK
  _10991_/CLK
  _10992_/CLK
  _10993_/CLK
  _10994_/CLK
  _10995_/CLK
  _10996_/CLK
  _10997_/CLK
  _10998_/CLK
  _10999_/CLK
  _11000_/CLK
  _11001_/CLK
  _11002_/CLK
  _11003_/CLK
  _11004_/CLK
  _11005_/CLK
  _11006_/CLK
  _11007_/CLK
  _11008_/CLK
  _11009_/CLK
  _11010_/CLK
  _11011_/CLK
  _11012_/CLK
  _11013_/CLK
  _11014_/CLK
  _11015_/CLK
  _11016_/CLK
  _11017_/CLK
  _11018_/CLK
  _11019_/CLK
  _11020_/CLK
  _11021_/CLK
  _11022_/CLK
  _11023_/CLK
  _11024_/CLK
  _11025_/CLK
  _11026_/CLK
  _11027_/CLK
  _11028_/CLK
  _11029_/CLK
  _11030_/CLK
  _11031_/CLK
  _11032_/CLK
  _11033_/CLK
  _11034_/CLK
  _11035_/CLK
  _11036_/CLK
  _11037_/CLK
  _11038_/CLK
  _11039_/CLK
  _11040_/CLK
  _11041_/CLK
  _11042_/CLK
  _11043_/CLK
  _11044_/CLK
  _11045_/CLK
  _11046_/CLK
  _11047_/CLK
  _11048_/CLK
  _11049_/CLK
  _11050_/CLK
  _11051_/CLK
  _11052_/CLK
  _11053_/CLK
  _11054_/CLK
  _11055_/CLK
  _11056_/CLK
  _11057_/CLK
  _11058_/CLK
  _11059_/CLK
  _11060_/CLK
  _11061_/CLK
  _11062_/CLK
  _11063_/CLK
  _11064_/CLK
  _11065_/CLK
  _11066_/CLK
  _11067_/CLK
  _11068_/CLK
  _11069_/CLK
  _11070_/CLK
  _11071_/CLK
  _11072_/CLK
  _11073_/CLK
  _11074_/CLK
  _11075_/CLK
  _11076_/CLK
  _11077_/CLK
  _11078_/CLK
  _11079_/CLK
  _11080_/CLK
  _11081_/CLK
  _11082_/CLK
  _11083_/CLK
  _11084_/CLK
  _11085_/CLK
  _11086_/CLK
  _11087_/CLK
  _11088_/CLK
  _11089_/CLK
  _11090_/CLK
  _11091_/CLK
  _11092_/CLK
  _11093_/CLK
  _11094_/CLK
  _11095_/CLK
  _11096_/CLK
  _11097_/CLK
  _11098_/CLK
  _11099_/CLK
  _11100_/CLK
  _11101_/CLK
  _11102_/CLK
  _11103_/CLK
  _11104_/CLK
  _11105_/CLK
  _11106_/CLK
  _11107_/CLK
  _11108_/CLK
  _11109_/CLK
  _11110_/CLK
  _11111_/CLK
  _11112_/CLK
  _11113_/CLK
  _11114_/CLK
  _11115_/CLK
  _11116_/CLK
  _11117_/CLK
  _11118_/CLK
  _11119_/CLK
  _11120_/CLK
  _11121_/CLK
  _11122_/CLK
  _11123_/CLK
  _11124_/CLK
  _11125_/CLK
  _11126_/CLK
  _11127_/CLK
  _11128_/CLK
  _11129_/CLK
  _11130_/CLK
  _11131_/CLK
  _11132_/CLK
  _11133_/CLK
  _11134_/CLK
  _11135_/CLK
  _11136_/CLK
  _11137_/CLK
  _11138_/CLK
  _11139_/CLK
  _11140_/CLK
  _11141_/CLK
  _11142_/CLK
  _11143_/CLK
  _11144_/CLK
  _11145_/CLK
  _11146_/CLK
  _11147_/CLK
  _11148_/CLK
  _11149_/CLK
  _11150_/CLK
  _11151_/CLK
  _11152_/CLK
  _11153_/CLK
  _11154_/CLK
  _11155_/CLK
  _11156_/CLK
  _11157_/CLK
  _11158_/CLK
  _11159_/CLK
  _11160_/CLK
  _11161_/CLK
  _11162_/CLK
  _11163_/CLK
  _11164_/CLK
  _11165_/CLK
  _11166_/CLK
  _11167_/CLK
  _11168_/CLK
  _11169_/CLK
  _11170_/CLK
  _11171_/CLK
  _11172_/CLK
  _11173_/CLK
  _11174_/CLK
  _11175_/CLK
  _11176_/CLK
  _11177_/CLK
  _11178_/CLK
  _11179_/CLK
  _11180_/CLK
  _11181_/CLK
  _11182_/CLK
  _11183_/CLK
  _11184_/CLK
  _11185_/CLK
  _11186_/CLK
  _11187_/CLK
  _11188_/CLK
  _11189_/CLK
  _11190_/CLK
  _11191_/CLK
  _11192_/CLK
  _11193_/CLK
  _11194_/CLK
  _11195_/CLK
  _11196_/CLK
  _11197_/CLK
  _11198_/CLK
  _11199_/CLK
  _11200_/CLK
  _11201_/CLK
  _11202_/CLK
  _11203_/CLK
  _11204_/CLK
  _11205_/CLK
  _11206_/CLK
  _11207_/CLK
  _11208_/CLK
  _11209_/CLK
  _11210_/CLK
  _11211_/CLK
  _11212_/CLK
  _11213_/CLK
  _11214_/CLK
  _11215_/CLK
  _11216_/CLK
  _11217_/CLK
  _11218_/CLK
  _11219_/CLK
  _11220_/CLK
  _11221_/CLK
  _11222_/CLK
  _11223_/CLK
  _11224_/CLK
  _11225_/CLK
  _11226_/CLK
  _11227_/CLK
  _11228_/CLK
  _11229_/CLK
  _11230_/CLK
  _11231_/CLK
  _11232_/CLK
  _11233_/CLK
  _11234_/CLK
  _11235_/CLK
  _11236_/CLK
  _11237_/CLK
  _11238_/CLK
  _11239_/CLK
  _11240_/CLK
  _11241_/CLK
  _11242_/CLK
  _11243_/CLK
  _11244_/CLK
  _11245_/CLK
  _11246_/CLK
  _11247_/CLK
  _11248_/CLK
  _11249_/CLK
  _11250_/CLK
  _11251_/CLK
  _11252_/CLK
  _11253_/CLK
  _11254_/CLK
  _11255_/CLK
  _11256_/CLK
  _11257_/CLK
  _11258_/CLK
  _11259_/CLK
  _11260_/CLK
  _11261_/CLK
  _11262_/CLK
  _11263_/CLK
  _11264_/CLK
  _11265_/CLK
  _11266_/CLK
  _11267_/CLK
  _11268_/CLK
  _11269_/CLK
  _11270_/CLK
  _11271_/CLK
  _11272_/CLK
  _11273_/CLK
  _11274_/CLK
  _11275_/CLK
  _11276_/CLK
  _11277_/CLK
  _11278_/CLK
  _11279_/CLK
  _11280_/CLK
  _11281_/CLK
  _11282_/CLK
  _11283_/CLK
  _11284_/CLK
  _11285_/CLK
  _11286_/CLK
  _11287_/CLK
  _11288_/CLK
  _11289_/CLK
  _11290_/CLK
  _11291_/CLK
  _11292_/CLK
  _11293_/CLK
  _11294_/CLK
  _11295_/CLK
  _11296_/CLK
  _11297_/CLK
  _11298_/CLK
  _11299_/CLK
  _11300_/CLK
  _11301_/CLK
  _11302_/CLK
  _11303_/CLK
  _11304_/CLK
  _11305_/CLK
  _11306_/CLK
  _11307_/CLK
  _11308_/CLK
  _11309_/CLK
  _11310_/CLK
  _11311_/CLK
  _11312_/CLK
  _11313_/CLK
  _11314_/CLK
  _11315_/CLK
  _11316_/CLK
  _11317_/CLK
  _11318_/CLK
  _11319_/CLK
  _11320_/CLK
  _11321_/CLK
  _11322_/CLK
  _11323_/CLK
  _11324_/CLK
  _11325_/CLK
  _11326_/CLK
  _11327_/CLK
  _11328_/CLK
  _11329_/CLK
  _11330_/CLK
  _11331_/CLK
  _11332_/CLK
  _11333_/CLK
  _11334_/CLK
  _11335_/CLK
  _11336_/CLK
  _11337_/CLK
  _11338_/CLK
  _11339_/CLK
  _11340_/CLK
  _11341_/CLK
  _11342_/CLK
  _11343_/CLK
  _11344_/CLK
  _11345_/CLK
  _11346_/CLK
  _11347_/CLK
  _11348_/CLK
  _11349_/CLK
  _11350_/CLK
  _11351_/CLK
  _11352_/CLK
  _11353_/CLK
  _11354_/CLK
  _11355_/CLK
  _11356_/CLK
  _11357_/CLK
  _11358_/CLK
  _11359_/CLK
  _11360_/CLK
  _11361_/CLK
  _11362_/CLK
  _11363_/CLK
  _11364_/CLK
  _11365_/CLK
  _11366_/CLK
  _11367_/CLK
  _11368_/CLK
  _11369_/CLK
  _11370_/CLK
  _11371_/CLK
  _11372_/CLK
  _11373_/CLK
  _11374_/CLK
  _11375_/CLK
  _11376_/CLK
  _11377_/CLK
  _11378_/CLK
  _11379_/CLK
  _11380_/CLK
  _11381_/CLK
  _11382_/CLK
  _11383_/CLK
  _11384_/CLK
  _11385_/CLK
  _11386_/CLK
  _11387_/CLK
  _11388_/CLK
  _11389_/CLK
  _11390_/CLK
  _11391_/CLK
  _11392_/CLK
  _11393_/CLK
  _11394_/CLK
  _11395_/CLK
  _11396_/CLK
  _11397_/CLK
  _11398_/CLK
  _11399_/CLK
  _11400_/CLK
  _11401_/CLK
  _11402_/CLK
  _11403_/CLK
  _11404_/CLK
  _11405_/CLK
  _11406_/CLK
  _11407_/CLK
  _11408_/CLK
  _11409_/CLK
  _11410_/CLK
  _11411_/CLK
  _11412_/CLK
  _11413_/CLK
  _11414_/CLK
  _11415_/CLK
  _11416_/CLK
  _11417_/CLK
  _11418_/CLK
  _11419_/CLK
  _11420_/CLK
  _11421_/CLK
  _11422_/CLK
  _11423_/CLK
  _11424_/CLK
  _11425_/CLK
  _11426_/CLK
  _11427_/CLK
  _11428_/CLK
  _11429_/CLK
  _11430_/CLK
  _11431_/CLK
  _11432_/CLK
  _11433_/CLK
  _11434_/CLK
  _11435_/CLK
  _11436_/CLK
  _11437_/CLK
  _11438_/CLK
  _11439_/CLK
  _11440_/CLK
  _11441_/CLK
  _11442_/CLK
  _11443_/CLK
  _11444_/CLK
  _11445_/CLK
  _11446_/CLK
  _11447_/CLK
  _11448_/CLK
  _11449_/CLK
  _11450_/CLK
  _11451_/CLK
  _11452_/CLK
  _11453_/CLK
  _11454_/CLK
  _11455_/CLK
  _11456_/CLK
  _11457_/CLK
  _11458_/CLK
  _11459_/CLK
  _11460_/CLK
  _11461_/CLK
  _11462_/CLK
  _11463_/CLK
  _11464_/CLK
  _11465_/CLK
  _11466_/CLK
  _11467_/CLK
  _11468_/CLK
  _11469_/CLK
  _11470_/CLK
  _11471_/CLK
  _11472_/CLK
  _11473_/CLK
  _11474_/CLK
  _11475_/CLK
  _11476_/CLK
  _11477_/CLK
  _11478_/CLK
  _11479_/CLK
  _11480_/CLK
  _11481_/CLK
  _11482_/CLK
  _11483_/CLK
  _11484_/CLK
  _11485_/CLK
  _11486_/CLK
  _11487_/CLK
  _11488_/CLK
  _11489_/CLK
  _11490_/CLK
  _11491_/CLK
  _11492_/CLK
  _11493_/CLK
  _11494_/CLK
  _11495_/CLK
  _11496_/CLK
  _11497_/CLK
  _11498_/CLK
  _11499_/CLK
  _11500_/CLK
  _11501_/CLK
  _11502_/CLK
  _11503_/CLK
  _11504_/CLK
  _11505_/CLK
  _11506_/CLK
  _11507_/CLK
  _11508_/CLK
  _11509_/CLK
  _11510_/CLK
  _11511_/CLK
  _11512_/CLK
  _11513_/CLK
  _11514_/CLK
  _11515_/CLK
  _11516_/CLK
  _11517_/CLK
  _11518_/CLK
  _11519_/CLK
  _11520_/CLK
  _11521_/CLK
  _11522_/CLK
  _11523_/CLK
  _11524_/CLK
  _11525_/CLK
  _11526_/CLK
  _11527_/CLK
  _11528_/CLK
  _11529_/CLK
  _11530_/CLK
  _11531_/CLK
  _11532_/CLK
  _11533_/CLK
  _11534_/CLK
  _11535_/CLK
  _11536_/CLK
  _11537_/CLK
  _11538_/CLK
  _11539_/CLK
  _11540_/CLK
  _11541_/CLK
  _11542_/CLK
  _11543_/CLK
  _11544_/CLK
  _11545_/CLK
  _11546_/CLK
  _11547_/CLK
  _11548_/CLK
  _11549_/CLK
  _11550_/CLK
  _11551_/CLK
  _11552_/CLK
  _11553_/CLK
  _11554_/CLK
  _11555_/CLK
  _11556_/CLK
  _11557_/CLK
  _11558_/CLK
  _11559_/CLK
  _11560_/CLK
  _11561_/CLK
  _11562_/CLK
  _11563_/CLK
  _11564_/CLK
  _11565_/CLK
  _11566_/CLK
  _11567_/CLK
  _11568_/CLK
  _11569_/CLK
  _11570_/CLK
  _11571_/CLK
  _11572_/CLK
  _11573_/CLK
  _11574_/CLK
  _11575_/CLK
  _11576_/CLK
  _11577_/CLK
  _11578_/CLK
  _11579_/CLK
  _11580_/CLK
  _11581_/CLK
Warning: There are 1903 unconstrained endpoints.
  eoi[0]
  eoi[10]
  eoi[11]
  eoi[12]
  eoi[13]
  eoi[14]
  eoi[15]
  eoi[16]
  eoi[17]
  eoi[18]
  eoi[19]
  eoi[1]
  eoi[20]
  eoi[21]
  eoi[22]
  eoi[23]
  eoi[24]
  eoi[25]
  eoi[26]
  eoi[27]
  eoi[28]
  eoi[29]
  eoi[2]
  eoi[30]
  eoi[31]
  eoi[3]
  eoi[4]
  eoi[5]
  eoi[6]
  eoi[7]
  eoi[8]
  eoi[9]
  mem_addr[0]
  mem_addr[10]
  mem_addr[11]
  mem_addr[12]
  mem_addr[13]
  mem_addr[14]
  mem_addr[15]
  mem_addr[16]
  mem_addr[17]
  mem_addr[18]
  mem_addr[19]
  mem_addr[1]
  mem_addr[20]
  mem_addr[21]
  mem_addr[22]
  mem_addr[23]
  mem_addr[24]
  mem_addr[25]
  mem_addr[26]
  mem_addr[27]
  mem_addr[28]
  mem_addr[29]
  mem_addr[2]
  mem_addr[30]
  mem_addr[31]
  mem_addr[3]
  mem_addr[4]
  mem_addr[5]
  mem_addr[6]
  mem_addr[7]
  mem_addr[8]
  mem_addr[9]
  mem_instr
  mem_la_addr[0]
  mem_la_addr[10]
  mem_la_addr[11]
  mem_la_addr[12]
  mem_la_addr[13]
  mem_la_addr[14]
  mem_la_addr[15]
  mem_la_addr[16]
  mem_la_addr[17]
  mem_la_addr[18]
  mem_la_addr[19]
  mem_la_addr[1]
  mem_la_addr[20]
  mem_la_addr[21]
  mem_la_addr[22]
  mem_la_addr[23]
  mem_la_addr[24]
  mem_la_addr[25]
  mem_la_addr[26]
  mem_la_addr[27]
  mem_la_addr[28]
  mem_la_addr[29]
  mem_la_addr[2]
  mem_la_addr[30]
  mem_la_addr[31]
  mem_la_addr[3]
  mem_la_addr[4]
  mem_la_addr[5]
  mem_la_addr[6]
  mem_la_addr[7]
  mem_la_addr[8]
  mem_la_addr[9]
  mem_la_read
  mem_la_wdata[0]
  mem_la_wdata[10]
  mem_la_wdata[11]
  mem_la_wdata[12]
  mem_la_wdata[13]
  mem_la_wdata[14]
  mem_la_wdata[15]
  mem_la_wdata[16]
  mem_la_wdata[17]
  mem_la_wdata[18]
  mem_la_wdata[19]
  mem_la_wdata[1]
  mem_la_wdata[20]
  mem_la_wdata[21]
  mem_la_wdata[22]
  mem_la_wdata[23]
  mem_la_wdata[24]
  mem_la_wdata[25]
  mem_la_wdata[26]
  mem_la_wdata[27]
  mem_la_wdata[28]
  mem_la_wdata[29]
  mem_la_wdata[2]
  mem_la_wdata[30]
  mem_la_wdata[31]
  mem_la_wdata[3]
  mem_la_wdata[4]
  mem_la_wdata[5]
  mem_la_wdata[6]
  mem_la_wdata[7]
  mem_la_wdata[8]
  mem_la_wdata[9]
  mem_la_write
  mem_la_wstrb[0]
  mem_la_wstrb[1]
  mem_la_wstrb[2]
  mem_la_wstrb[3]
  mem_valid
  mem_wdata[0]
  mem_wdata[10]
  mem_wdata[11]
  mem_wdata[12]
  mem_wdata[13]
  mem_wdata[14]
  mem_wdata[15]
  mem_wdata[16]
  mem_wdata[17]
  mem_wdata[18]
  mem_wdata[19]
  mem_wdata[1]
  mem_wdata[20]
  mem_wdata[21]
  mem_wdata[22]
  mem_wdata[23]
  mem_wdata[24]
  mem_wdata[25]
  mem_wdata[26]
  mem_wdata[27]
  mem_wdata[28]
  mem_wdata[29]
  mem_wdata[2]
  mem_wdata[30]
  mem_wdata[31]
  mem_wdata[3]
  mem_wdata[4]
  mem_wdata[5]
  mem_wdata[6]
  mem_wdata[7]
  mem_wdata[8]
  mem_wdata[9]
  mem_wstrb[0]
  mem_wstrb[1]
  mem_wstrb[2]
  mem_wstrb[3]
  pcpi_insn[0]
  pcpi_insn[10]
  pcpi_insn[11]
  pcpi_insn[12]
  pcpi_insn[13]
  pcpi_insn[14]
  pcpi_insn[15]
  pcpi_insn[16]
  pcpi_insn[17]
  pcpi_insn[18]
  pcpi_insn[19]
  pcpi_insn[1]
  pcpi_insn[20]
  pcpi_insn[21]
  pcpi_insn[22]
  pcpi_insn[23]
  pcpi_insn[24]
  pcpi_insn[25]
  pcpi_insn[26]
  pcpi_insn[27]
  pcpi_insn[28]
  pcpi_insn[29]
  pcpi_insn[2]
  pcpi_insn[30]
  pcpi_insn[31]
  pcpi_insn[3]
  pcpi_insn[4]
  pcpi_insn[5]
  pcpi_insn[6]
  pcpi_insn[7]
  pcpi_insn[8]
  pcpi_insn[9]
  pcpi_rs1[0]
  pcpi_rs1[10]
  pcpi_rs1[11]
  pcpi_rs1[12]
  pcpi_rs1[13]
  pcpi_rs1[14]
  pcpi_rs1[15]
  pcpi_rs1[16]
  pcpi_rs1[17]
  pcpi_rs1[18]
  pcpi_rs1[19]
  pcpi_rs1[1]
  pcpi_rs1[20]
  pcpi_rs1[21]
  pcpi_rs1[22]
  pcpi_rs1[23]
  pcpi_rs1[24]
  pcpi_rs1[25]
  pcpi_rs1[26]
  pcpi_rs1[27]
  pcpi_rs1[28]
  pcpi_rs1[29]
  pcpi_rs1[2]
  pcpi_rs1[30]
  pcpi_rs1[31]
  pcpi_rs1[3]
  pcpi_rs1[4]
  pcpi_rs1[5]
  pcpi_rs1[6]
  pcpi_rs1[7]
  pcpi_rs1[8]
  pcpi_rs1[9]
  pcpi_rs2[0]
  pcpi_rs2[10]
  pcpi_rs2[11]
  pcpi_rs2[12]
  pcpi_rs2[13]
  pcpi_rs2[14]
  pcpi_rs2[15]
  pcpi_rs2[16]
  pcpi_rs2[17]
  pcpi_rs2[18]
  pcpi_rs2[19]
  pcpi_rs2[1]
  pcpi_rs2[20]
  pcpi_rs2[21]
  pcpi_rs2[22]
  pcpi_rs2[23]
  pcpi_rs2[24]
  pcpi_rs2[25]
  pcpi_rs2[26]
  pcpi_rs2[27]
  pcpi_rs2[28]
  pcpi_rs2[29]
  pcpi_rs2[2]
  pcpi_rs2[30]
  pcpi_rs2[31]
  pcpi_rs2[3]
  pcpi_rs2[4]
  pcpi_rs2[5]
  pcpi_rs2[6]
  pcpi_rs2[7]
  pcpi_rs2[8]
  pcpi_rs2[9]
  pcpi_valid
  trace_data[0]
  trace_data[10]
  trace_data[11]
  trace_data[12]
  trace_data[13]
  trace_data[14]
  trace_data[15]
  trace_data[16]
  trace_data[17]
  trace_data[18]
  trace_data[19]
  trace_data[1]
  trace_data[20]
  trace_data[21]
  trace_data[22]
  trace_data[23]
  trace_data[24]
  trace_data[25]
  trace_data[26]
  trace_data[27]
  trace_data[28]
  trace_data[29]
  trace_data[2]
  trace_data[30]
  trace_data[31]
  trace_data[32]
  trace_data[33]
  trace_data[34]
  trace_data[35]
  trace_data[3]
  trace_data[4]
  trace_data[5]
  trace_data[6]
  trace_data[7]
  trace_data[8]
  trace_data[9]
  trace_valid
  trap
  _09986_/D
  _09987_/D
  _09988_/D
  _09989_/D
  _09990_/D
  _09991_/D
  _09992_/D
  _09993_/D
  _09994_/D
  _09995_/D
  _09996_/D
  _09997_/D
  _09998_/D
  _09999_/D
  _10000_/D
  _10001_/D
  _10002_/D
  _10003_/D
  _10004_/D
  _10005_/D
  _10006_/D
  _10007_/D
  _10008_/D
  _10009_/D
  _10010_/D
  _10011_/D
  _10012_/D
  _10013_/D
  _10014_/D
  _10015_/D
  _10016_/D
  _10017_/D
  _10018_/D
  _10019_/D
  _10020_/D
  _10021_/D
  _10022_/D
  _10023_/D
  _10024_/D
  _10025_/D
  _10026_/D
  _10027_/D
  _10028_/D
  _10029_/D
  _10030_/D
  _10031_/D
  _10032_/D
  _10033_/D
  _10034_/D
  _10035_/D
  _10036_/D
  _10037_/D
  _10038_/D
  _10039_/D
  _10040_/D
  _10041_/D
  _10042_/D
  _10043_/D
  _10044_/D
  _10045_/D
  _10046_/D
  _10047_/D
  _10048_/D
  _10049_/D
  _10050_/D
  _10051_/D
  _10052_/D
  _10053_/D
  _10054_/D
  _10055_/D
  _10056_/D
  _10057_/D
  _10058_/D
  _10059_/D
  _10060_/D
  _10061_/D
  _10062_/D
  _10063_/D
  _10064_/D
  _10065_/D
  _10066_/D
  _10067_/D
  _10068_/D
  _10069_/D
  _10070_/D
  _10071_/D
  _10072_/D
  _10073_/D
  _10074_/D
  _10075_/D
  _10076_/D
  _10077_/D
  _10078_/D
  _10079_/D
  _10080_/D
  _10081_/D
  _10082_/D
  _10083_/D
  _10084_/D
  _10085_/D
  _10086_/D
  _10087_/D
  _10088_/D
  _10089_/D
  _10090_/D
  _10091_/D
  _10092_/D
  _10093_/D
  _10094_/D
  _10095_/D
  _10096_/D
  _10097_/D
  _10098_/D
  _10099_/D
  _10100_/D
  _10101_/D
  _10102_/D
  _10103_/D
  _10104_/D
  _10105_/D
  _10106_/D
  _10107_/D
  _10108_/D
  _10109_/D
  _10110_/D
  _10111_/D
  _10112_/D
  _10113_/D
  _10114_/D
  _10115_/D
  _10116_/D
  _10117_/D
  _10118_/D
  _10119_/D
  _10120_/D
  _10121_/D
  _10122_/D
  _10123_/D
  _10124_/D
  _10125_/D
  _10126_/D
  _10127_/D
  _10128_/D
  _10129_/D
  _10130_/D
  _10131_/D
  _10132_/D
  _10133_/D
  _10134_/D
  _10135_/D
  _10136_/D
  _10137_/D
  _10138_/D
  _10139_/D
  _10140_/D
  _10141_/D
  _10142_/D
  _10143_/D
  _10144_/D
  _10145_/D
  _10146_/D
  _10147_/D
  _10148_/D
  _10149_/D
  _10150_/D
  _10151_/D
  _10152_/D
  _10153_/D
  _10154_/D
  _10155_/D
  _10156_/D
  _10157_/D
  _10158_/D
  _10159_/D
  _10160_/D
  _10161_/D
  _10162_/D
  _10163_/D
  _10164_/D
  _10165_/D
  _10166_/D
  _10167_/D
  _10168_/D
  _10169_/D
  _10170_/D
  _10171_/D
  _10172_/D
  _10173_/D
  _10174_/D
  _10175_/D
  _10176_/D
  _10177_/D
  _10178_/D
  _10179_/D
  _10180_/D
  _10181_/D
  _10182_/D
  _10183_/D
  _10184_/D
  _10185_/D
  _10186_/D
  _10187_/D
  _10188_/D
  _10189_/D
  _10190_/D
  _10191_/D
  _10192_/D
  _10193_/D
  _10194_/D
  _10195_/D
  _10196_/D
  _10197_/D
  _10198_/D
  _10199_/D
  _10200_/D
  _10201_/D
  _10202_/D
  _10203_/D
  _10204_/D
  _10205_/D
  _10206_/D
  _10207_/D
  _10208_/D
  _10209_/D
  _10210_/D
  _10211_/D
  _10212_/D
  _10213_/D
  _10214_/D
  _10215_/D
  _10216_/D
  _10217_/D
  _10218_/D
  _10219_/D
  _10220_/D
  _10221_/D
  _10222_/D
  _10223_/D
  _10224_/D
  _10225_/D
  _10226_/D
  _10227_/D
  _10228_/D
  _10229_/D
  _10230_/D
  _10231_/D
  _10232_/D
  _10233_/D
  _10234_/D
  _10235_/D
  _10236_/D
  _10237_/D
  _10238_/D
  _10239_/D
  _10240_/D
  _10241_/D
  _10242_/D
  _10243_/D
  _10244_/D
  _10245_/D
  _10246_/D
  _10247_/D
  _10248_/D
  _10249_/D
  _10250_/D
  _10251_/D
  _10252_/D
  _10253_/D
  _10254_/D
  _10255_/D
  _10256_/D
  _10257_/D
  _10258_/D
  _10259_/D
  _10260_/D
  _10261_/D
  _10262_/D
  _10263_/D
  _10264_/D
  _10265_/D
  _10266_/D
  _10267_/D
  _10268_/D
  _10269_/D
  _10270_/D
  _10271_/D
  _10272_/D
  _10273_/D
  _10274_/D
  _10275_/D
  _10276_/D
  _10277_/D
  _10278_/D
  _10279_/D
  _10280_/D
  _10281_/D
  _10282_/D
  _10283_/D
  _10284_/D
  _10285_/D
  _10286_/D
  _10287_/D
  _10288_/D
  _10289_/D
  _10290_/D
  _10291_/D
  _10292_/D
  _10293_/D
  _10294_/D
  _10295_/D
  _10296_/D
  _10297_/D
  _10298_/D
  _10299_/D
  _10300_/D
  _10301_/D
  _10302_/D
  _10303_/D
  _10304_/D
  _10305_/D
  _10306_/D
  _10307_/D
  _10308_/D
  _10309_/D
  _10310_/D
  _10311_/D
  _10312_/D
  _10313_/D
  _10314_/D
  _10315_/D
  _10316_/D
  _10317_/D
  _10318_/D
  _10319_/D
  _10320_/D
  _10321_/D
  _10322_/D
  _10323_/D
  _10324_/D
  _10325_/D
  _10326_/D
  _10327_/D
  _10328_/D
  _10329_/D
  _10330_/D
  _10331_/D
  _10332_/D
  _10333_/D
  _10334_/D
  _10335_/D
  _10336_/D
  _10337_/D
  _10338_/D
  _10339_/D
  _10340_/D
  _10341_/D
  _10342_/D
  _10343_/D
  _10344_/D
  _10345_/D
  _10346_/D
  _10347_/D
  _10348_/D
  _10349_/D
  _10350_/D
  _10351_/D
  _10352_/D
  _10353_/D
  _10354_/D
  _10355_/D
  _10356_/D
  _10357_/D
  _10358_/D
  _10359_/D
  _10360_/D
  _10361_/D
  _10362_/D
  _10363_/D
  _10364_/D
  _10365_/D
  _10366_/D
  _10367_/D
  _10368_/D
  _10369_/D
  _10370_/D
  _10371_/D
  _10372_/D
  _10373_/D
  _10374_/D
  _10375_/D
  _10376_/D
  _10377_/D
  _10378_/D
  _10379_/D
  _10380_/D
  _10381_/D
  _10382_/D
  _10383_/D
  _10384_/D
  _10385_/D
  _10386_/D
  _10387_/D
  _10388_/D
  _10389_/D
  _10390_/D
  _10391_/D
  _10392_/D
  _10393_/D
  _10394_/D
  _10395_/D
  _10396_/D
  _10397_/D
  _10398_/D
  _10399_/D
  _10400_/D
  _10401_/D
  _10402_/D
  _10403_/D
  _10404_/D
  _10405_/D
  _10406_/D
  _10407_/D
  _10408_/D
  _10409_/D
  _10410_/D
  _10411_/D
  _10412_/D
  _10413_/D
  _10414_/D
  _10415_/D
  _10416_/D
  _10417_/D
  _10418_/D
  _10419_/D
  _10420_/D
  _10421_/D
  _10422_/D
  _10423_/D
  _10424_/D
  _10425_/D
  _10426_/D
  _10427_/D
  _10428_/D
  _10429_/D
  _10430_/D
  _10431_/D
  _10432_/D
  _10433_/D
  _10434_/D
  _10435_/D
  _10436_/D
  _10437_/D
  _10438_/D
  _10439_/D
  _10440_/D
  _10441_/D
  _10442_/D
  _10443_/D
  _10444_/D
  _10445_/D
  _10446_/D
  _10447_/D
  _10448_/D
  _10449_/D
  _10450_/D
  _10451_/D
  _10452_/D
  _10453_/D
  _10454_/D
  _10455_/D
  _10456_/D
  _10457_/D
  _10458_/D
  _10459_/D
  _10460_/D
  _10461_/D
  _10462_/D
  _10463_/D
  _10464_/D
  _10465_/D
  _10466_/D
  _10467_/D
  _10468_/D
  _10469_/D
  _10470_/D
  _10471_/D
  _10472_/D
  _10473_/D
  _10474_/D
  _10475_/D
  _10476_/D
  _10477_/D
  _10478_/D
  _10479_/D
  _10480_/D
  _10481_/D
  _10482_/D
  _10483_/D
  _10484_/D
  _10485_/D
  _10486_/D
  _10487_/D
  _10488_/D
  _10489_/D
  _10490_/D
  _10491_/D
  _10492_/D
  _10493_/D
  _10494_/D
  _10495_/D
  _10496_/D
  _10497_/D
  _10498_/D
  _10499_/D
  _10500_/D
  _10501_/D
  _10502_/D
  _10503_/D
  _10504_/D
  _10505_/D
  _10506_/D
  _10507_/D
  _10508_/D
  _10509_/D
  _10510_/D
  _10511_/D
  _10512_/D
  _10513_/D
  _10514_/D
  _10515_/D
  _10516_/D
  _10517_/D
  _10518_/D
  _10519_/D
  _10520_/D
  _10521_/D
  _10522_/D
  _10523_/D
  _10524_/D
  _10525_/D
  _10526_/D
  _10527_/D
  _10528_/D
  _10529_/D
  _10530_/D
  _10531_/D
  _10532_/D
  _10533_/D
  _10534_/D
  _10535_/D
  _10536_/D
  _10537_/D
  _10538_/D
  _10539_/D
  _10540_/D
  _10541_/D
  _10542_/D
  _10543_/D
  _10544_/D
  _10545_/D
  _10546_/D
  _10547_/D
  _10548_/D
  _10549_/D
  _10550_/D
  _10551_/D
  _10552_/D
  _10553_/D
  _10554_/D
  _10555_/D
  _10556_/D
  _10557_/D
  _10558_/D
  _10559_/D
  _10560_/D
  _10561_/D
  _10562_/D
  _10563_/D
  _10564_/D
  _10565_/D
  _10566_/D
  _10567_/D
  _10568_/D
  _10569_/D
  _10570_/D
  _10571_/D
  _10572_/D
  _10573_/D
  _10574_/D
  _10575_/D
  _10576_/D
  _10577_/D
  _10578_/D
  _10579_/D
  _10580_/D
  _10581_/D
  _10582_/D
  _10583_/D
  _10584_/D
  _10585_/D
  _10586_/D
  _10587_/D
  _10588_/D
  _10589_/D
  _10590_/D
  _10591_/D
  _10592_/D
  _10593_/D
  _10594_/D
  _10595_/D
  _10596_/D
  _10597_/D
  _10598_/D
  _10599_/D
  _10600_/D
  _10601_/D
  _10602_/D
  _10603_/D
  _10604_/D
  _10605_/D
  _10606_/D
  _10607_/D
  _10608_/D
  _10609_/D
  _10610_/D
  _10611_/D
  _10612_/D
  _10613_/D
  _10614_/D
  _10615_/D
  _10616_/D
  _10617_/D
  _10618_/D
  _10619_/D
  _10620_/D
  _10621_/D
  _10622_/D
  _10623_/D
  _10624_/D
  _10625_/D
  _10626_/D
  _10627_/D
  _10628_/D
  _10629_/D
  _10630_/D
  _10631_/D
  _10632_/D
  _10633_/D
  _10634_/D
  _10635_/D
  _10636_/D
  _10637_/D
  _10638_/D
  _10639_/D
  _10640_/D
  _10641_/D
  _10642_/D
  _10643_/D
  _10644_/D
  _10645_/D
  _10646_/D
  _10647_/D
  _10648_/D
  _10649_/D
  _10650_/D
  _10651_/D
  _10652_/D
  _10653_/D
  _10654_/D
  _10655_/D
  _10656_/D
  _10657_/D
  _10658_/D
  _10659_/D
  _10660_/D
  _10661_/D
  _10662_/D
  _10663_/D
  _10664_/D
  _10665_/D
  _10666_/D
  _10667_/D
  _10668_/D
  _10669_/D
  _10670_/D
  _10671_/D
  _10672_/D
  _10673_/D
  _10674_/D
  _10675_/D
  _10676_/D
  _10677_/D
  _10678_/D
  _10679_/D
  _10680_/D
  _10681_/D
  _10682_/D
  _10683_/D
  _10684_/D
  _10685_/D
  _10686_/D
  _10687_/D
  _10688_/D
  _10689_/D
  _10690_/D
  _10691_/D
  _10692_/D
  _10693_/D
  _10694_/D
  _10695_/D
  _10696_/D
  _10697_/D
  _10698_/D
  _10699_/D
  _10700_/D
  _10701_/D
  _10702_/D
  _10703_/D
  _10704_/D
  _10705_/D
  _10706_/D
  _10707_/D
  _10708_/D
  _10709_/D
  _10710_/D
  _10711_/D
  _10712_/D
  _10713_/D
  _10714_/D
  _10715_/D
  _10716_/D
  _10717_/D
  _10718_/D
  _10719_/D
  _10720_/D
  _10721_/D
  _10722_/D
  _10723_/D
  _10724_/D
  _10725_/D
  _10726_/D
  _10727_/D
  _10728_/D
  _10729_/D
  _10730_/D
  _10731_/D
  _10732_/D
  _10733_/D
  _10734_/D
  _10735_/D
  _10736_/D
  _10737_/D
  _10738_/D
  _10739_/D
  _10740_/D
  _10741_/D
  _10742_/D
  _10743_/D
  _10744_/D
  _10745_/D
  _10746_/D
  _10747_/D
  _10748_/D
  _10749_/D
  _10750_/D
  _10751_/D
  _10752_/D
  _10753_/D
  _10754_/D
  _10755_/D
  _10756_/D
  _10757_/D
  _10758_/D
  _10759_/D
  _10760_/D
  _10761_/D
  _10762_/D
  _10763_/D
  _10764_/D
  _10765_/D
  _10766_/D
  _10767_/D
  _10768_/D
  _10769_/D
  _10770_/D
  _10771_/D
  _10772_/D
  _10773_/D
  _10774_/D
  _10775_/D
  _10776_/D
  _10777_/D
  _10778_/D
  _10779_/D
  _10780_/D
  _10781_/D
  _10782_/D
  _10783_/D
  _10784_/D
  _10785_/D
  _10786_/D
  _10787_/D
  _10788_/D
  _10789_/D
  _10790_/D
  _10791_/D
  _10792_/D
  _10793_/D
  _10794_/D
  _10795_/D
  _10796_/D
  _10797_/D
  _10798_/D
  _10799_/D
  _10800_/D
  _10801_/D
  _10802_/D
  _10803_/D
  _10804_/D
  _10805_/D
  _10806_/D
  _10807_/D
  _10808_/D
  _10809_/D
  _10810_/D
  _10811_/D
  _10812_/D
  _10813_/D
  _10814_/D
  _10815_/D
  _10816_/D
  _10817_/D
  _10818_/D
  _10819_/D
  _10820_/D
  _10821_/D
  _10822_/D
  _10823_/D
  _10824_/D
  _10825_/D
  _10826_/D
  _10827_/D
  _10828_/D
  _10829_/D
  _10830_/D
  _10831_/D
  _10832_/D
  _10833_/D
  _10834_/D
  _10835_/D
  _10836_/D
  _10837_/D
  _10838_/D
  _10839_/D
  _10840_/D
  _10841_/D
  _10842_/D
  _10843_/D
  _10844_/D
  _10845_/D
  _10846_/D
  _10847_/D
  _10848_/D
  _10849_/D
  _10850_/D
  _10851_/D
  _10852_/D
  _10853_/D
  _10854_/D
  _10855_/D
  _10856_/D
  _10857_/D
  _10858_/D
  _10859_/D
  _10860_/D
  _10861_/D
  _10862_/D
  _10863_/D
  _10864_/D
  _10865_/D
  _10866_/D
  _10867_/D
  _10868_/D
  _10869_/D
  _10870_/D
  _10871_/D
  _10872_/D
  _10873_/D
  _10874_/D
  _10875_/D
  _10876_/D
  _10877_/D
  _10878_/D
  _10879_/D
  _10880_/D
  _10881_/D
  _10882_/D
  _10883_/D
  _10884_/D
  _10885_/D
  _10886_/D
  _10887_/D
  _10888_/D
  _10889_/D
  _10890_/D
  _10891_/D
  _10892_/D
  _10893_/D
  _10894_/D
  _10895_/D
  _10896_/D
  _10897_/D
  _10898_/D
  _10899_/D
  _10900_/D
  _10901_/D
  _10902_/D
  _10903_/D
  _10904_/D
  _10905_/D
  _10906_/D
  _10907_/D
  _10908_/D
  _10909_/D
  _10910_/D
  _10911_/D
  _10912_/D
  _10913_/D
  _10914_/D
  _10915_/D
  _10916_/D
  _10917_/D
  _10918_/D
  _10919_/D
  _10920_/D
  _10921_/D
  _10922_/D
  _10923_/D
  _10924_/D
  _10925_/D
  _10926_/D
  _10927_/D
  _10928_/D
  _10929_/D
  _10930_/D
  _10931_/D
  _10932_/D
  _10933_/D
  _10934_/D
  _10935_/D
  _10936_/D
  _10937_/D
  _10938_/D
  _10939_/D
  _10940_/D
  _10941_/D
  _10942_/D
  _10943_/D
  _10944_/D
  _10945_/D
  _10946_/D
  _10947_/D
  _10948_/D
  _10949_/D
  _10950_/D
  _10951_/D
  _10952_/D
  _10953_/D
  _10954_/D
  _10955_/D
  _10956_/D
  _10957_/D
  _10958_/D
  _10959_/D
  _10960_/D
  _10961_/D
  _10962_/D
  _10963_/D
  _10964_/D
  _10965_/D
  _10966_/D
  _10967_/D
  _10968_/D
  _10969_/D
  _10970_/D
  _10971_/D
  _10972_/D
  _10973_/D
  _10974_/D
  _10975_/D
  _10976_/D
  _10977_/D
  _10978_/D
  _10979_/D
  _10980_/D
  _10981_/D
  _10982_/D
  _10983_/D
  _10984_/D
  _10985_/D
  _10986_/D
  _10987_/D
  _10988_/D
  _10989_/D
  _10990_/D
  _10991_/D
  _10992_/D
  _10993_/D
  _10994_/D
  _10995_/D
  _10996_/D
  _10997_/D
  _10998_/D
  _10999_/D
  _11000_/D
  _11001_/D
  _11002_/D
  _11003_/D
  _11004_/D
  _11005_/D
  _11006_/D
  _11007_/D
  _11008_/D
  _11009_/D
  _11010_/D
  _11011_/D
  _11012_/D
  _11013_/D
  _11014_/D
  _11015_/D
  _11016_/D
  _11017_/D
  _11018_/D
  _11019_/D
  _11020_/D
  _11021_/D
  _11022_/D
  _11023_/D
  _11024_/D
  _11025_/D
  _11026_/D
  _11027_/D
  _11028_/D
  _11029_/D
  _11030_/D
  _11031_/D
  _11032_/D
  _11033_/D
  _11034_/D
  _11035_/D
  _11036_/D
  _11037_/D
  _11038_/D
  _11039_/D
  _11040_/D
  _11041_/D
  _11042_/D
  _11043_/D
  _11044_/D
  _11045_/D
  _11046_/D
  _11047_/D
  _11048_/D
  _11049_/D
  _11050_/D
  _11051_/D
  _11052_/D
  _11053_/D
  _11054_/D
  _11055_/D
  _11056_/D
  _11057_/D
  _11058_/D
  _11059_/D
  _11060_/D
  _11061_/D
  _11062_/D
  _11063_/D
  _11064_/D
  _11065_/D
  _11066_/D
  _11067_/D
  _11068_/D
  _11069_/D
  _11070_/D
  _11071_/D
  _11072_/D
  _11073_/D
  _11074_/D
  _11075_/D
  _11076_/D
  _11077_/D
  _11078_/D
  _11079_/D
  _11080_/D
  _11081_/D
  _11082_/D
  _11083_/D
  _11084_/D
  _11085_/D
  _11086_/D
  _11087_/D
  _11088_/D
  _11089_/D
  _11090_/D
  _11091_/D
  _11092_/D
  _11093_/D
  _11094_/D
  _11095_/D
  _11096_/D
  _11097_/D
  _11098_/D
  _11099_/D
  _11100_/D
  _11101_/D
  _11102_/D
  _11103_/D
  _11104_/D
  _11105_/D
  _11106_/D
  _11107_/D
  _11108_/D
  _11109_/D
  _11110_/D
  _11111_/D
  _11112_/D
  _11113_/D
  _11114_/D
  _11115_/D
  _11116_/D
  _11117_/D
  _11118_/D
  _11119_/D
  _11120_/D
  _11121_/D
  _11122_/D
  _11123_/D
  _11124_/D
  _11125_/D
  _11126_/D
  _11127_/D
  _11128_/D
  _11129_/D
  _11130_/D
  _11131_/D
  _11132_/D
  _11133_/D
  _11134_/D
  _11135_/D
  _11136_/D
  _11137_/D
  _11138_/D
  _11139_/D
  _11140_/D
  _11141_/D
  _11142_/D
  _11143_/D
  _11144_/D
  _11145_/D
  _11146_/D
  _11147_/D
  _11148_/D
  _11149_/D
  _11150_/D
  _11151_/D
  _11152_/D
  _11153_/D
  _11154_/D
  _11155_/D
  _11156_/D
  _11157_/D
  _11158_/D
  _11159_/D
  _11160_/D
  _11161_/D
  _11162_/D
  _11163_/D
  _11164_/D
  _11165_/D
  _11166_/D
  _11167_/D
  _11168_/D
  _11169_/D
  _11170_/D
  _11171_/D
  _11172_/D
  _11173_/D
  _11174_/D
  _11175_/D
  _11176_/D
  _11177_/D
  _11178_/D
  _11179_/D
  _11180_/D
  _11181_/D
  _11182_/D
  _11183_/D
  _11184_/D
  _11185_/D
  _11186_/D
  _11187_/D
  _11188_/D
  _11189_/D
  _11190_/D
  _11191_/D
  _11192_/D
  _11193_/D
  _11194_/D
  _11195_/D
  _11196_/D
  _11197_/D
  _11198_/D
  _11199_/D
  _11200_/D
  _11201_/D
  _11202_/D
  _11203_/D
  _11204_/D
  _11205_/D
  _11206_/D
  _11207_/D
  _11208_/D
  _11209_/D
  _11210_/D
  _11211_/D
  _11212_/D
  _11213_/D
  _11214_/D
  _11215_/D
  _11216_/D
  _11217_/D
  _11218_/D
  _11219_/D
  _11220_/D
  _11221_/D
  _11222_/D
  _11223_/D
  _11224_/D
  _11225_/D
  _11226_/D
  _11227_/D
  _11228_/D
  _11229_/D
  _11230_/D
  _11231_/D
  _11232_/D
  _11233_/D
  _11234_/D
  _11235_/D
  _11236_/D
  _11237_/D
  _11238_/D
  _11239_/D
  _11240_/D
  _11241_/D
  _11242_/D
  _11243_/D
  _11244_/D
  _11245_/D
  _11246_/D
  _11247_/D
  _11248_/D
  _11249_/D
  _11250_/D
  _11251_/D
  _11252_/D
  _11253_/D
  _11254_/D
  _11255_/D
  _11256_/D
  _11257_/D
  _11258_/D
  _11259_/D
  _11260_/D
  _11261_/D
  _11262_/D
  _11263_/D
  _11264_/D
  _11265_/D
  _11266_/D
  _11267_/D
  _11268_/D
  _11269_/D
  _11270_/D
  _11271_/D
  _11272_/D
  _11273_/D
  _11274_/D
  _11275_/D
  _11276_/D
  _11277_/D
  _11278_/D
  _11279_/D
  _11280_/D
  _11281_/D
  _11282_/D
  _11283_/D
  _11284_/D
  _11285_/D
  _11286_/D
  _11287_/D
  _11288_/D
  _11289_/D
  _11290_/D
  _11291_/D
  _11292_/D
  _11293_/D
  _11294_/D
  _11295_/D
  _11296_/D
  _11297_/D
  _11298_/D
  _11299_/D
  _11300_/D
  _11301_/D
  _11302_/D
  _11303_/D
  _11304_/D
  _11305_/D
  _11306_/D
  _11307_/D
  _11308_/D
  _11309_/D
  _11310_/D
  _11311_/D
  _11312_/D
  _11313_/D
  _11314_/D
  _11315_/D
  _11316_/D
  _11317_/D
  _11318_/D
  _11319_/D
  _11320_/D
  _11321_/D
  _11322_/D
  _11323_/D
  _11324_/D
  _11325_/D
  _11326_/D
  _11327_/D
  _11328_/D
  _11329_/D
  _11330_/D
  _11331_/D
  _11332_/D
  _11333_/D
  _11334_/D
  _11335_/D
  _11336_/D
  _11337_/D
  _11338_/D
  _11339_/D
  _11340_/D
  _11341_/D
  _11342_/D
  _11343_/D
  _11344_/D
  _11345_/D
  _11346_/D
  _11347_/D
  _11348_/D
  _11349_/D
  _11350_/D
  _11351_/D
  _11352_/D
  _11353_/D
  _11354_/D
  _11355_/D
  _11356_/D
  _11357_/D
  _11358_/D
  _11359_/D
  _11360_/D
  _11361_/D
  _11362_/D
  _11363_/D
  _11364_/D
  _11365_/D
  _11366_/D
  _11367_/D
  _11368_/D
  _11369_/D
  _11370_/D
  _11371_/D
  _11372_/D
  _11373_/D
  _11374_/D
  _11375_/D
  _11376_/D
  _11377_/D
  _11378_/D
  _11379_/D
  _11380_/D
  _11381_/D
  _11382_/D
  _11383_/D
  _11384_/D
  _11385_/D
  _11386_/D
  _11387_/D
  _11388_/D
  _11389_/D
  _11390_/D
  _11391_/D
  _11392_/D
  _11393_/D
  _11394_/D
  _11395_/D
  _11396_/D
  _11397_/D
  _11398_/D
  _11399_/D
  _11400_/D
  _11401_/D
  _11402_/D
  _11403_/D
  _11404_/D
  _11405_/D
  _11406_/D
  _11407_/D
  _11408_/D
  _11409_/D
  _11410_/D
  _11411_/D
  _11412_/D
  _11413_/D
  _11414_/D
  _11415_/D
  _11416_/D
  _11417_/D
  _11418_/D
  _11419_/D
  _11420_/D
  _11421_/D
  _11422_/D
  _11423_/D
  _11424_/D
  _11425_/D
  _11426_/D
  _11427_/D
  _11428_/D
  _11429_/D
  _11430_/D
  _11431_/D
  _11432_/D
  _11433_/D
  _11434_/D
  _11435_/D
  _11436_/D
  _11437_/D
  _11438_/D
  _11439_/D
  _11440_/D
  _11441_/D
  _11442_/D
  _11443_/D
  _11444_/D
  _11445_/D
  _11446_/D
  _11447_/D
  _11448_/D
  _11449_/D
  _11450_/D
  _11451_/D
  _11452_/D
  _11453_/D
  _11454_/D
  _11455_/D
  _11456_/D
  _11457_/D
  _11458_/D
  _11459_/D
  _11460_/D
  _11461_/D
  _11462_/D
  _11463_/D
  _11464_/D
  _11465_/D
  _11466_/D
  _11467_/D
  _11468_/D
  _11469_/D
  _11470_/D
  _11471_/D
  _11472_/D
  _11473_/D
  _11474_/D
  _11475_/D
  _11476_/D
  _11477_/D
  _11478_/D
  _11479_/D
  _11480_/D
  _11481_/D
  _11482_/D
  _11483_/D
  _11484_/D
  _11485_/D
  _11486_/D
  _11487_/D
  _11488_/D
  _11489_/D
  _11490_/D
  _11491_/D
  _11492_/D
  _11493_/D
  _11494_/D
  _11495_/D
  _11496_/D
  _11497_/D
  _11498_/D
  _11499_/D
  _11500_/D
  _11501_/D
  _11502_/D
  _11503_/D
  _11504_/D
  _11505_/D
  _11506_/D
  _11507_/D
  _11508_/D
  _11509_/D
  _11510_/D
  _11511_/D
  _11512_/D
  _11513_/D
  _11514_/D
  _11515_/D
  _11516_/D
  _11517_/D
  _11518_/D
  _11519_/D
  _11520_/D
  _11521_/D
  _11522_/D
  _11523_/D
  _11524_/D
  _11525_/D
  _11526_/D
  _11527_/D
  _11528_/D
  _11529_/D
  _11530_/D
  _11531_/D
  _11532_/D
  _11533_/D
  _11534_/D
  _11535_/D
  _11536_/D
  _11537_/D
  _11538_/D
  _11539_/D
  _11540_/D
  _11541_/D
  _11542_/D
  _11543_/D
  _11544_/D
  _11545_/D
  _11546_/D
  _11547_/D
  _11548_/D
  _11549_/D
  _11550_/D
  _11551_/D
  _11552_/D
  _11553_/D
  _11554_/D
  _11555_/D
  _11556_/D
  _11557_/D
  _11558_/D
  _11559_/D
  _11560_/D
  _11561_/D
  _11562_/D
  _11563_/D
  _11564_/D
  _11565_/D
  _11566_/D
  _11567_/D
  _11568_/D
  _11569_/D
  _11570_/D
  _11571_/D
  _11572_/D
  _11573_/D
  _11574_/D
  _11575_/D
  _11576_/D
  _11577_/D
  _11578_/D
  _11579_/D
  _11580_/D
  _11581_/D
