Starting…
Running 'Verilator.Lint' at 'picorv32/runs/25_09_29_20_15/01-verilator-lint'…
Logging subprocess to [repr.filename]'picorv32/runs/25_09_29_20_15/01-verilator-lint/verilator-lint.log'[/repr.filename]…
Running 'Checker.LintTimingConstructs' at 'picorv32/runs/25_09_29_20_15/02-checker-linttimingconstructs'…
Check for Lint Timing Errors clear.
Running 'Checker.LintErrors' at 'picorv32/runs/25_09_29_20_15/03-checker-linterrors'…
Check for Lint errors clear.
Running 'Checker.LintWarnings' at 'picorv32/runs/25_09_29_20_15/04-checker-lintwarnings'…
478 Lint warnings found.
Running 'Yosys.JsonHeader' at 'picorv32/runs/25_09_29_20_15/05-yosys-jsonheader'…
Logging subprocess to [repr.filename]'picorv32/runs/25_09_29_20_15/05-yosys-jsonheader/yosys-jsonheader.log'[/repr.filename]…
Running 'Yosys.Synthesis' at 'picorv32/runs/25_09_29_20_15/06-yosys-synthesis'…
Logging subprocess to [repr.filename]'picorv32/runs/25_09_29_20_15/06-yosys-synthesis/yosys-synthesis.log'[/repr.filename]…
Parsing synthesis checks…
Running 'Checker.YosysUnmappedCells' at 'picorv32/runs/25_09_29_20_15/07-checker-yosysunmappedcells'…
Check for Unmapped Yosys instances clear.
Running 'Checker.YosysSynthChecks' at 'picorv32/runs/25_09_29_20_15/08-checker-yosyssynthchecks'…
Check for Yosys check errors clear.
Running 'Checker.NetlistAssignStatements' at 'picorv32/runs/25_09_29_20_15/09-checker-netlistassignstatements'…
Running 'OpenROAD.CheckSDCFiles' at 'picorv32/runs/25_09_29_20_15/10-openroad-checksdcfiles'…
Running 'OpenROAD.CheckMacroInstances' at 'picorv32/runs/25_09_29_20_15/11-openroad-checkmacroinstances'…
No macros found, skipping instance check…
Running 'OpenROAD.STAPrePNR' at 'picorv32/runs/25_09_29_20_15/12-openroad-staprepnr'…
Starting STA for the nom_tt_025C_1v80 timing corner…
Starting STA for the nom_ss_100C_1v60 timing corner…
Starting STA for the nom_ff_n40C_1v95 timing corner…
Skipping corner min_tt_025C_1v80 for STA (identical to nom_tt_025C_1v80 at this stage)…
Skipping corner min_ss_100C_1v60 for STA (identical to nom_ss_100C_1v60 at this stage)…
Skipping corner min_ff_n40C_1v95 for STA (identical to nom_ff_n40C_1v95 at this stage)…
Logging subprocess to [repr.filename]'picorv32/runs/25_09_29_20_15/12-openroad-staprepnr/nom_tt_025C_1v80/sta.log'[/repr.filename]…
Skipping corner max_tt_025C_1v80 for STA (identical to nom_tt_025C_1v80 at this stage)…
Logging subprocess to [repr.filename]'picorv32/runs/25_09_29_20_15/12-openroad-staprepnr/nom_ss_100C_1v60/sta.log'[/repr.filename]…
Skipping corner max_ss_100C_1v60 for STA (identical to nom_ss_100C_1v60 at this stage)…
Logging subprocess to [repr.filename]'picorv32/runs/25_09_29_20_15/12-openroad-staprepnr/nom_ff_n40C_1v95/sta.log'[/repr.filename]…
Skipping corner max_ff_n40C_1v95 for STA (identical to nom_ff_n40C_1v95 at this stage)…
Finished STA for the nom_ff_n40C_1v95 timing corner.
Finished STA for the nom_ss_100C_1v60 timing corner.
Finished STA for the nom_tt_025C_1v80 timing corner.
Running 'OpenROAD.Floorplan' at 'picorv32/runs/25_09_29_20_15/13-openroad-floorplan'…
Logging subprocess to [repr.filename]'picorv32/runs/25_09_29_20_15/13-openroad-floorplan/openroad-floorplan.log'[/repr.filename]…
[STA-0366] port 'wb_rst_i' not found.
[STA-0366] port 'wbs_ack_o' not found.
[STA-0472] no valid objects specified for -through
[STA-0366] port 'wbs_ack_o' not found.
[STA-0472] no valid objects specified for -through
[STA-0366] port 'wbs_cyc_i' not found.
[STA-0472] no valid objects specified for -through
[STA-0366] port 'wbs_cyc_i' not found.
[STA-0472] no valid objects specified for -through
[STA-0366] port 'wbs_stb_i' not found.
[STA-0472] no valid objects specified for -through
[STA-0366] port 'wbs_stb_i' not found.
[STA-0472] no valid objects specified for -through
[STA-0366] port 'la_data_in[*]' not found.
[STA-0366] port 'la_oenb[*]' not found.
[STA-0366] port 'wbs_sel_i[*]' not found.
[STA-0366] port 'wbs_we_i' not found.
[STA-0366] port 'wbs_adr_i[*]' not found.
[STA-0366] port 'wbs_stb_i' not found.
[STA-0366] port 'wbs_dat_i[*]' not found.
[STA-0366] port 'wbs_cyc_i' not found.
[STA-0366] port 'la_data_in[*]' not found.
[STA-0366] port 'la_oenb[*]' not found.
[STA-0366] port 'wbs_adr_i[*]' not found.
[STA-0366] port 'wbs_dat_i[*]' not found.
[STA-0366] port 'wbs_sel_i[*]' not found.
[STA-0366] port 'wbs_we_i' not found.
[STA-0366] port 'wbs_cyc_i' not found.
[STA-0366] port 'wbs_stb_i' not found.
[STA-0366] port 'wbs_we_i' not found.
[STA-0366] port 'wbs_stb_i' not found.
[STA-0366] port 'wbs_cyc_i' not found.
[STA-0366] port 'wbs_sel_i[*]' not found.
[STA-0366] port 'io_in[*]' not found.
[STA-0366] port 'wbs_dat_i[*]' not found.
[STA-0366] port 'la_data_in[*]' not found.
[STA-0366] port 'wbs_adr_i[*]' not found.
[STA-0366] port 'la_oenb[*]' not found.
[STA-0366] port 'io_in[*]' not found.
[STA-0366] port 'la_oenb[*]' not found.
[STA-0366] port 'la_data_in[*]' not found.
[STA-0366] port 'wbs_adr_i[*]' not found.
[STA-0366] port 'wbs_dat_i[*]' not found.
[STA-0366] port 'wbs_cyc_i' not found.
[STA-0366] port 'wbs_sel_i[*]' not found.
[STA-0366] port 'wbs_we_i' not found.
[STA-0366] port 'wbs_stb_i' not found.
[STA-0366] port 'user_irq[*]' not found.
[STA-0366] port 'la_data_out[*]' not found.
[STA-0366] port 'wbs_dat_o[*]' not found.
[STA-0366] port 'wbs_ack_o' not found.
[STA-0366] port 'la_data_out[*]' not found.
[STA-0366] port 'user_irq[*]' not found.
[STA-0366] port 'wbs_dat_o[*]' not found.
[STA-0366] port 'wbs_ack_o' not found.
Running 'Odb.CheckMacroAntennaProperties' at 'picorv32/runs/25_09_29_20_15/14-odb-checkmacroantennaproperties'…
No cells provided, skipping…
Running 'Odb.SetPowerConnections' at 'picorv32/runs/25_09_29_20_15/15-odb-setpowerconnections'…
Logging subprocess to [repr.filename]'picorv32/runs/25_09_29_20_15/15-odb-setpowerconnections/odb-setpowerconnections.log'[/repr.filename]…
Running 'Odb.ManualMacroPlacement' at 'picorv32/runs/25_09_29_20_15/16-odb-manualmacroplacement'…
No instances found, skipping 'Odb.ManualMacroPlacement'…
Running 'OpenROAD.CutRows' at 'picorv32/runs/25_09_29_20_15/17-openroad-cutrows'…
Logging subprocess to [repr.filename]'picorv32/runs/25_09_29_20_15/17-openroad-cutrows/openroad-cutrows.log'[/repr.filename]…
[STA-0366] port 'wb_rst_i' not found.
[STA-0366] port 'wbs_ack_o' not found.
[STA-0472] no valid objects specified for -through
[STA-0366] port 'wbs_ack_o' not found.
[STA-0472] no valid objects specified for -through
[STA-0366] port 'wbs_cyc_i' not found.
[STA-0472] no valid objects specified for -through
[STA-0366] port 'wbs_cyc_i' not found.
[STA-0472] no valid objects specified for -through
[STA-0366] port 'wbs_stb_i' not found.
[STA-0472] no valid objects specified for -through
[STA-0366] port 'wbs_stb_i' not found.
[STA-0472] no valid objects specified for -through
[STA-0366] port 'la_data_in[*]' not found.
[STA-0366] port 'la_oenb[*]' not found.
[STA-0366] port 'wbs_sel_i[*]' not found.
[STA-0366] port 'wbs_we_i' not found.
[STA-0366] port 'wbs_adr_i[*]' not found.
[STA-0366] port 'wbs_stb_i' not found.
[STA-0366] port 'wbs_dat_i[*]' not found.
[STA-0366] port 'wbs_cyc_i' not found.
[STA-0366] port 'la_data_in[*]' not found.
[STA-0366] port 'la_oenb[*]' not found.
[STA-0366] port 'wbs_adr_i[*]' not found.
[STA-0366] port 'wbs_dat_i[*]' not found.
[STA-0366] port 'wbs_sel_i[*]' not found.
[STA-0366] port 'wbs_we_i' not found.
[STA-0366] port 'wbs_cyc_i' not found.
[STA-0366] port 'wbs_stb_i' not found.
[STA-0366] port 'wbs_we_i' not found.
[STA-0366] port 'wbs_stb_i' not found.
[STA-0366] port 'wbs_cyc_i' not found.
[STA-0366] port 'wbs_sel_i[*]' not found.
[STA-0366] port 'io_in[*]' not found.
[STA-0366] port 'wbs_dat_i[*]' not found.
[STA-0366] port 'la_data_in[*]' not found.
[STA-0366] port 'wbs_adr_i[*]' not found.
[STA-0366] port 'la_oenb[*]' not found.
[STA-0366] port 'io_in[*]' not found.
[STA-0366] port 'la_oenb[*]' not found.
[STA-0366] port 'la_data_in[*]' not found.
[STA-0366] port 'wbs_adr_i[*]' not found.
[STA-0366] port 'wbs_dat_i[*]' not found.
[STA-0366] port 'wbs_cyc_i' not found.
[STA-0366] port 'wbs_sel_i[*]' not found.
[STA-0366] port 'wbs_we_i' not found.
[STA-0366] port 'wbs_stb_i' not found.
[STA-0366] port 'user_irq[*]' not found.
[STA-0366] port 'la_data_out[*]' not found.
[STA-0366] port 'wbs_dat_o[*]' not found.
[STA-0366] port 'wbs_ack_o' not found.
[STA-0366] port 'la_data_out[*]' not found.
[STA-0366] port 'user_irq[*]' not found.
[STA-0366] port 'wbs_dat_o[*]' not found.
[STA-0366] port 'wbs_ack_o' not found.
Running 'OpenROAD.TapEndcapInsertion' at 'picorv32/runs/25_09_29_20_15/18-openroad-tapendcapinsertion'…
Logging subprocess to [repr.filename]'picorv32/runs/25_09_29_20_15/18-openroad-tapendcapinsertion/openroad-tapendcapinsertion.log'[/repr.filename]…
[STA-0366] port 'wb_rst_i' not found.
[STA-0366] port 'wbs_ack_o' not found.
[STA-0472] no valid objects specified for -through
[STA-0366] port 'wbs_ack_o' not found.
[STA-0472] no valid objects specified for -through
[STA-0366] port 'wbs_cyc_i' not found.
[STA-0472] no valid objects specified for -through
[STA-0366] port 'wbs_cyc_i' not found.
[STA-0472] no valid objects specified for -through
[STA-0366] port 'wbs_stb_i' not found.
[STA-0472] no valid objects specified for -through
[STA-0366] port 'wbs_stb_i' not found.
[STA-0472] no valid objects specified for -through
[STA-0366] port 'la_data_in[*]' not found.
[STA-0366] port 'la_oenb[*]' not found.
[STA-0366] port 'wbs_sel_i[*]' not found.
[STA-0366] port 'wbs_we_i' not found.
[STA-0366] port 'wbs_adr_i[*]' not found.
[STA-0366] port 'wbs_stb_i' not found.
[STA-0366] port 'wbs_dat_i[*]' not found.
[STA-0366] port 'wbs_cyc_i' not found.
[STA-0366] port 'la_data_in[*]' not found.
[STA-0366] port 'la_oenb[*]' not found.
[STA-0366] port 'wbs_adr_i[*]' not found.
[STA-0366] port 'wbs_dat_i[*]' not found.
[STA-0366] port 'wbs_sel_i[*]' not found.
[STA-0366] port 'wbs_we_i' not found.
[STA-0366] port 'wbs_cyc_i' not found.
[STA-0366] port 'wbs_stb_i' not found.
[STA-0366] port 'wbs_we_i' not found.
[STA-0366] port 'wbs_stb_i' not found.
[STA-0366] port 'wbs_cyc_i' not found.
[STA-0366] port 'wbs_sel_i[*]' not found.
[STA-0366] port 'io_in[*]' not found.
[STA-0366] port 'wbs_dat_i[*]' not found.
[STA-0366] port 'la_data_in[*]' not found.
[STA-0366] port 'wbs_adr_i[*]' not found.
[STA-0366] port 'la_oenb[*]' not found.
[STA-0366] port 'io_in[*]' not found.
[STA-0366] port 'la_oenb[*]' not found.
[STA-0366] port 'la_data_in[*]' not found.
[STA-0366] port 'wbs_adr_i[*]' not found.
[STA-0366] port 'wbs_dat_i[*]' not found.
[STA-0366] port 'wbs_cyc_i' not found.
[STA-0366] port 'wbs_sel_i[*]' not found.
[STA-0366] port 'wbs_we_i' not found.
[STA-0366] port 'wbs_stb_i' not found.
[STA-0366] port 'user_irq[*]' not found.
[STA-0366] port 'la_data_out[*]' not found.
[STA-0366] port 'wbs_dat_o[*]' not found.
[STA-0366] port 'wbs_ack_o' not found.
[STA-0366] port 'la_data_out[*]' not found.
[STA-0366] port 'user_irq[*]' not found.
[STA-0366] port 'wbs_dat_o[*]' not found.
[STA-0366] port 'wbs_ack_o' not found.
Running 'Odb.AddPDNObstructions' at 'picorv32/runs/25_09_29_20_15/19-odb-addpdnobstructions'…
'PDN_OBSTRUCTIONS' is not defined. Skipping 'Odb.AddPDNObstructions'…
Running 'OpenROAD.GeneratePDN' at 'picorv32/runs/25_09_29_20_15/20-openroad-generatepdn'…
'FP_PDN_CFG' not explicitly set, setting it to /nix/store/4h964pg996p5lz54maggj16ydp2cbki3-python3-3.11.9-env/lib/python3.11/site-packages/librelane/scripts/openroad/common/pdn_cfg.tcl…
Logging subprocess to [repr.filename]'picorv32/runs/25_09_29_20_15/20-openroad-generatepdn/openroad-generatepdn.log'[/repr.filename]…
[STA-0366] port 'wb_rst_i' not found.
[STA-0366] port 'wbs_ack_o' not found.
[STA-0472] no valid objects specified for -through
[STA-0366] port 'wbs_ack_o' not found.
[STA-0472] no valid objects specified for -through
[STA-0366] port 'wbs_cyc_i' not found.
[STA-0472] no valid objects specified for -through
[STA-0366] port 'wbs_cyc_i' not found.
[STA-0472] no valid objects specified for -through
[STA-0366] port 'wbs_stb_i' not found.
[STA-0472] no valid objects specified for -through
[STA-0366] port 'wbs_stb_i' not found.
[STA-0472] no valid objects specified for -through
[STA-0366] port 'la_data_in[*]' not found.
[STA-0366] port 'la_oenb[*]' not found.
[STA-0366] port 'wbs_sel_i[*]' not found.
[STA-0366] port 'wbs_we_i' not found.
[STA-0366] port 'wbs_adr_i[*]' not found.
[STA-0366] port 'wbs_stb_i' not found.
[STA-0366] port 'wbs_dat_i[*]' not found.
[STA-0366] port 'wbs_cyc_i' not found.
[STA-0366] port 'la_data_in[*]' not found.
[STA-0366] port 'la_oenb[*]' not found.
[STA-0366] port 'wbs_adr_i[*]' not found.
[STA-0366] port 'wbs_dat_i[*]' not found.
[STA-0366] port 'wbs_sel_i[*]' not found.
[STA-0366] port 'wbs_we_i' not found.
[STA-0366] port 'wbs_cyc_i' not found.
[STA-0366] port 'wbs_stb_i' not found.
[STA-0366] port 'wbs_we_i' not found.
[STA-0366] port 'wbs_stb_i' not found.
[STA-0366] port 'wbs_cyc_i' not found.
[STA-0366] port 'wbs_sel_i[*]' not found.
[STA-0366] port 'io_in[*]' not found.
[STA-0366] port 'wbs_dat_i[*]' not found.
[STA-0366] port 'la_data_in[*]' not found.
[STA-0366] port 'wbs_adr_i[*]' not found.
[STA-0366] port 'la_oenb[*]' not found.
[STA-0366] port 'io_in[*]' not found.
[STA-0366] port 'la_oenb[*]' not found.
[STA-0366] port 'la_data_in[*]' not found.
[STA-0366] port 'wbs_adr_i[*]' not found.
[STA-0366] port 'wbs_dat_i[*]' not found.
[STA-0366] port 'wbs_cyc_i' not found.
[STA-0366] port 'wbs_sel_i[*]' not found.
[STA-0366] port 'wbs_we_i' not found.
[STA-0366] port 'wbs_stb_i' not found.
[STA-0366] port 'user_irq[*]' not found.
[STA-0366] port 'la_data_out[*]' not found.
[STA-0366] port 'wbs_dat_o[*]' not found.
[STA-0366] port 'wbs_ack_o' not found.
[STA-0366] port 'la_data_out[*]' not found.
[STA-0366] port 'user_irq[*]' not found.
[STA-0366] port 'wbs_dat_o[*]' not found.
[STA-0366] port 'wbs_ack_o' not found.
Running 'Odb.RemovePDNObstructions' at 'picorv32/runs/25_09_29_20_15/21-odb-removepdnobstructions'…
'PDN_OBSTRUCTIONS' is not defined. Skipping 'Odb.RemovePDNObstructions'…
Running 'Odb.AddRoutingObstructions' at 'picorv32/runs/25_09_29_20_15/22-odb-addroutingobstructions'…
'ROUTING_OBSTRUCTIONS' is not defined. Skipping 'Odb.AddRoutingObstructions'…
Running 'OpenROAD.GlobalPlacementSkipIO' at 'picorv32/runs/25_09_29_20_15/23-openroad-globalplacementskipio'…
Logging subprocess to [repr.filename]'picorv32/runs/25_09_29_20_15/23-openroad-globalplacementskipio/openroad-globalplacementskipio.log'[/repr.filename]…
[STA-0366] port 'wb_rst_i' not found.
[STA-0366] port 'wbs_ack_o' not found.
[STA-0472] no valid objects specified for -through
[STA-0366] port 'wbs_ack_o' not found.
[STA-0472] no valid objects specified for -through
[STA-0366] port 'wbs_cyc_i' not found.
[STA-0472] no valid objects specified for -through
[STA-0366] port 'wbs_cyc_i' not found.
[STA-0472] no valid objects specified for -through
[STA-0366] port 'wbs_stb_i' not found.
[STA-0472] no valid objects specified for -through
[STA-0366] port 'wbs_stb_i' not found.
[STA-0472] no valid objects specified for -through
[STA-0366] port 'la_data_in[*]' not found.
[STA-0366] port 'la_oenb[*]' not found.
[STA-0366] port 'wbs_sel_i[*]' not found.
[STA-0366] port 'wbs_we_i' not found.
[STA-0366] port 'wbs_adr_i[*]' not found.
[STA-0366] port 'wbs_stb_i' not found.
[STA-0366] port 'wbs_dat_i[*]' not found.
[STA-0366] port 'wbs_cyc_i' not found.
[STA-0366] port 'la_data_in[*]' not found.
[STA-0366] port 'la_oenb[*]' not found.
[STA-0366] port 'wbs_adr_i[*]' not found.
[STA-0366] port 'wbs_dat_i[*]' not found.
[STA-0366] port 'wbs_sel_i[*]' not found.
[STA-0366] port 'wbs_we_i' not found.
[STA-0366] port 'wbs_cyc_i' not found.
[STA-0366] port 'wbs_stb_i' not found.
[STA-0366] port 'wbs_we_i' not found.
[STA-0366] port 'wbs_stb_i' not found.
[STA-0366] port 'wbs_cyc_i' not found.
[STA-0366] port 'wbs_sel_i[*]' not found.
[STA-0366] port 'io_in[*]' not found.
[STA-0366] port 'wbs_dat_i[*]' not found.
[STA-0366] port 'la_data_in[*]' not found.
[STA-0366] port 'wbs_adr_i[*]' not found.
[STA-0366] port 'la_oenb[*]' not found.
[STA-0366] port 'io_in[*]' not found.
[STA-0366] port 'la_oenb[*]' not found.
[STA-0366] port 'la_data_in[*]' not found.
[STA-0366] port 'wbs_adr_i[*]' not found.
[STA-0366] port 'wbs_dat_i[*]' not found.
[STA-0366] port 'wbs_cyc_i' not found.
[STA-0366] port 'wbs_sel_i[*]' not found.
[STA-0366] port 'wbs_we_i' not found.
[STA-0366] port 'wbs_stb_i' not found.
[STA-0366] port 'user_irq[*]' not found.
[STA-0366] port 'la_data_out[*]' not found.
[STA-0366] port 'wbs_dat_o[*]' not found.
[STA-0366] port 'wbs_ack_o' not found.
[STA-0366] port 'la_data_out[*]' not found.
[STA-0366] port 'user_irq[*]' not found.
[STA-0366] port 'wbs_dat_o[*]' not found.
[STA-0366] port 'wbs_ack_o' not found.
Running 'OpenROAD.IOPlacement' at 'picorv32/runs/25_09_29_20_15/24-openroad-ioplacement'…
FP_PIN_ORDER_CFG is set. Skipping 'OpenROAD.IOPlacement'…
Running 'Odb.CustomIOPlacement' at 'picorv32/runs/25_09_29_20_15/25-odb-customioplacement'…
Logging subprocess to [repr.filename]'picorv32/runs/25_09_29_20_15/25-odb-customioplacement/odb-customioplacement.log'[/repr.filename]…
wb_.* not found in design but found in config.
Running 'Odb.ApplyDEFTemplate' at 'picorv32/runs/25_09_29_20_15/26-odb-applydeftemplate'…
No DEF template provided, skipping…
Running 'OpenROAD.GlobalPlacement' at 'picorv32/runs/25_09_29_20_15/27-openroad-globalplacement'…
Logging subprocess to [repr.filename]'picorv32/runs/25_09_29_20_15/27-openroad-globalplacement/openroad-globalplacement.log'[/repr.filename]…
[STA-0366] port 'wb_rst_i' not found.
[STA-0366] port 'wbs_ack_o' not found.
[STA-0472] no valid objects specified for -through
[STA-0366] port 'wbs_ack_o' not found.
[STA-0472] no valid objects specified for -through
[STA-0366] port 'wbs_cyc_i' not found.
[STA-0472] no valid objects specified for -through
[STA-0366] port 'wbs_cyc_i' not found.
[STA-0472] no valid objects specified for -through
[STA-0366] port 'wbs_stb_i' not found.
[STA-0472] no valid objects specified for -through
[STA-0366] port 'wbs_stb_i' not found.
[STA-0472] no valid objects specified for -through
[STA-0366] port 'la_data_in[*]' not found.
[STA-0366] port 'la_oenb[*]' not found.
[STA-0366] port 'wbs_sel_i[*]' not found.
[STA-0366] port 'wbs_we_i' not found.
[STA-0366] port 'wbs_adr_i[*]' not found.
[STA-0366] port 'wbs_stb_i' not found.
[STA-0366] port 'wbs_dat_i[*]' not found.
[STA-0366] port 'wbs_cyc_i' not found.
[STA-0366] port 'la_data_in[*]' not found.
[STA-0366] port 'la_oenb[*]' not found.
[STA-0366] port 'wbs_adr_i[*]' not found.
[STA-0366] port 'wbs_dat_i[*]' not found.
[STA-0366] port 'wbs_sel_i[*]' not found.
[STA-0366] port 'wbs_we_i' not found.
[STA-0366] port 'wbs_cyc_i' not found.
[STA-0366] port 'wbs_stb_i' not found.
[STA-0366] port 'wbs_we_i' not found.
[STA-0366] port 'wbs_stb_i' not found.
[STA-0366] port 'wbs_cyc_i' not found.
[STA-0366] port 'wbs_sel_i[*]' not found.
[STA-0366] port 'io_in[*]' not found.
[STA-0366] port 'wbs_dat_i[*]' not found.
[STA-0366] port 'la_data_in[*]' not found.
[STA-0366] port 'wbs_adr_i[*]' not found.
[STA-0366] port 'la_oenb[*]' not found.
[STA-0366] port 'io_in[*]' not found.
[STA-0366] port 'la_oenb[*]' not found.
[STA-0366] port 'la_data_in[*]' not found.
[STA-0366] port 'wbs_adr_i[*]' not found.
[STA-0366] port 'wbs_dat_i[*]' not found.
[STA-0366] port 'wbs_cyc_i' not found.
[STA-0366] port 'wbs_sel_i[*]' not found.
[STA-0366] port 'wbs_we_i' not found.
[STA-0366] port 'wbs_stb_i' not found.
[STA-0366] port 'user_irq[*]' not found.
[STA-0366] port 'la_data_out[*]' not found.
[STA-0366] port 'wbs_dat_o[*]' not found.
[STA-0366] port 'wbs_ack_o' not found.
[STA-0366] port 'la_data_out[*]' not found.
[STA-0366] port 'user_irq[*]' not found.
[STA-0366] port 'wbs_dat_o[*]' not found.
[STA-0366] port 'wbs_ack_o' not found.
Running 'Odb.WriteVerilogHeader' at 'picorv32/runs/25_09_29_20_15/28-odb-writeverilogheader'…
Logging subprocess to [repr.filename]'picorv32/runs/25_09_29_20_15/28-odb-writeverilogheader/odb-writeverilogheader.log'[/repr.filename]…
Running 'Checker.PowerGridViolations' at 'picorv32/runs/25_09_29_20_15/29-checker-powergridviolations'…
Check for power grid violations (as reported by OpenROAD PSM- you may ignore these if LVS passes) clear.
Running 'OpenROAD.STAMidPNR' at 'picorv32/runs/25_09_29_20_15/30-openroad-stamidpnr'…
Logging subprocess to [repr.filename]'picorv32/runs/25_09_29_20_15/30-openroad-stamidpnr/openroad-stamidpnr.log'[/repr.filename]…
[STA-0366] port 'wb_rst_i' not found.
[STA-0366] port 'wbs_ack_o' not found.
[STA-0472] no valid objects specified for -through
[STA-0366] port 'wbs_ack_o' not found.
[STA-0472] no valid objects specified for -through
[STA-0366] port 'wbs_cyc_i' not found.
[STA-0472] no valid objects specified for -through
[STA-0366] port 'wbs_cyc_i' not found.
[STA-0472] no valid objects specified for -through
[STA-0366] port 'wbs_stb_i' not found.
[STA-0472] no valid objects specified for -through
[STA-0366] port 'wbs_stb_i' not found.
[STA-0472] no valid objects specified for -through
[STA-0366] port 'la_data_in[*]' not found.
[STA-0366] port 'la_oenb[*]' not found.
[STA-0366] port 'wbs_sel_i[*]' not found.
[STA-0366] port 'wbs_we_i' not found.
[STA-0366] port 'wbs_adr_i[*]' not found.
[STA-0366] port 'wbs_stb_i' not found.
[STA-0366] port 'wbs_dat_i[*]' not found.
[STA-0366] port 'wbs_cyc_i' not found.
[STA-0366] port 'la_data_in[*]' not found.
[STA-0366] port 'la_oenb[*]' not found.
[STA-0366] port 'wbs_adr_i[*]' not found.
[STA-0366] port 'wbs_dat_i[*]' not found.
[STA-0366] port 'wbs_sel_i[*]' not found.
[STA-0366] port 'wbs_we_i' not found.
[STA-0366] port 'wbs_cyc_i' not found.
[STA-0366] port 'wbs_stb_i' not found.
[STA-0366] port 'wbs_we_i' not found.
[STA-0366] port 'wbs_stb_i' not found.
[STA-0366] port 'wbs_cyc_i' not found.
[STA-0366] port 'wbs_sel_i[*]' not found.
[STA-0366] port 'io_in[*]' not found.
[STA-0366] port 'wbs_dat_i[*]' not found.
[STA-0366] port 'la_data_in[*]' not found.
[STA-0366] port 'wbs_adr_i[*]' not found.
[STA-0366] port 'la_oenb[*]' not found.
[STA-0366] port 'io_in[*]' not found.
[STA-0366] port 'la_oenb[*]' not found.
[STA-0366] port 'la_data_in[*]' not found.
[STA-0366] port 'wbs_adr_i[*]' not found.
[STA-0366] port 'wbs_dat_i[*]' not found.
[STA-0366] port 'wbs_cyc_i' not found.
[STA-0366] port 'wbs_sel_i[*]' not found.
[STA-0366] port 'wbs_we_i' not found.
[STA-0366] port 'wbs_stb_i' not found.
[STA-0366] port 'user_irq[*]' not found.
[STA-0366] port 'la_data_out[*]' not found.
[STA-0366] port 'wbs_dat_o[*]' not found.
[STA-0366] port 'wbs_ack_o' not found.
[STA-0366] port 'la_data_out[*]' not found.
[STA-0366] port 'user_irq[*]' not found.
[STA-0366] port 'wbs_dat_o[*]' not found.
[STA-0366] port 'wbs_ack_o' not found.
[GRT-0097] No global routing found for nets.
Running 'OpenROAD.RepairDesignPostGPL' at 'picorv32/runs/25_09_29_20_15/31-openroad-repairdesignpostgpl'…
Logging subprocess to [repr.filename]'picorv32/runs/25_09_29_20_15/31-openroad-repairdesignpostgpl/openroad-repairdesignpostgpl.log'[/repr.filename]…
[STA-0366] port 'wb_rst_i' not found.
[STA-0366] port 'wbs_ack_o' not found.
[STA-0472] no valid objects specified for -through
[STA-0366] port 'wbs_ack_o' not found.
[STA-0472] no valid objects specified for -through
[STA-0366] port 'wbs_cyc_i' not found.
[STA-0472] no valid objects specified for -through
[STA-0366] port 'wbs_cyc_i' not found.
[STA-0472] no valid objects specified for -through
[STA-0366] port 'wbs_stb_i' not found.
[STA-0472] no valid objects specified for -through
[STA-0366] port 'wbs_stb_i' not found.
[STA-0472] no valid objects specified for -through
[STA-0366] port 'la_data_in[*]' not found.
[STA-0366] port 'la_oenb[*]' not found.
[STA-0366] port 'wbs_sel_i[*]' not found.
[STA-0366] port 'wbs_we_i' not found.
[STA-0366] port 'wbs_adr_i[*]' not found.
[STA-0366] port 'wbs_stb_i' not found.
[STA-0366] port 'wbs_dat_i[*]' not found.
[STA-0366] port 'wbs_cyc_i' not found.
[STA-0366] port 'la_data_in[*]' not found.
[STA-0366] port 'la_oenb[*]' not found.
[STA-0366] port 'wbs_adr_i[*]' not found.
[STA-0366] port 'wbs_dat_i[*]' not found.
[STA-0366] port 'wbs_sel_i[*]' not found.
[STA-0366] port 'wbs_we_i' not found.
[STA-0366] port 'wbs_cyc_i' not found.
[STA-0366] port 'wbs_stb_i' not found.
[STA-0366] port 'wbs_we_i' not found.
[STA-0366] port 'wbs_stb_i' not found.
[STA-0366] port 'wbs_cyc_i' not found.
[STA-0366] port 'wbs_sel_i[*]' not found.
[STA-0366] port 'io_in[*]' not found.
[STA-0366] port 'wbs_dat_i[*]' not found.
[STA-0366] port 'la_data_in[*]' not found.
[STA-0366] port 'wbs_adr_i[*]' not found.
[STA-0366] port 'la_oenb[*]' not found.
[STA-0366] port 'io_in[*]' not found.
[STA-0366] port 'la_oenb[*]' not found.
[STA-0366] port 'la_data_in[*]' not found.
[STA-0366] port 'wbs_adr_i[*]' not found.
[STA-0366] port 'wbs_dat_i[*]' not found.
[STA-0366] port 'wbs_cyc_i' not found.
[STA-0366] port 'wbs_sel_i[*]' not found.
[STA-0366] port 'wbs_we_i' not found.
[STA-0366] port 'wbs_stb_i' not found.
[STA-0366] port 'user_irq[*]' not found.
[STA-0366] port 'la_data_out[*]' not found.
[STA-0366] port 'wbs_dat_o[*]' not found.
[STA-0366] port 'wbs_ack_o' not found.
[STA-0366] port 'la_data_out[*]' not found.
[STA-0366] port 'user_irq[*]' not found.
[STA-0366] port 'wbs_dat_o[*]' not found.
[STA-0366] port 'wbs_ack_o' not found.
Running 'Odb.ManualGlobalPlacement' at 'picorv32/runs/25_09_29_20_15/32-odb-manualglobalplacement'…
'MANUAL_GLOBAL_PLACEMENTS' not set, skipping…
Running 'OpenROAD.DetailedPlacement' at 'picorv32/runs/25_09_29_20_15/33-openroad-detailedplacement'…
Logging subprocess to [repr.filename]'picorv32/runs/25_09_29_20_15/33-openroad-detailedplacement/openroad-detailedplacement.log'[/repr.filename]…
[STA-0366] port 'wb_rst_i' not found.
[STA-0366] port 'wbs_ack_o' not found.
[STA-0472] no valid objects specified for -through
[STA-0366] port 'wbs_ack_o' not found.
[STA-0472] no valid objects specified for -through
[STA-0366] port 'wbs_cyc_i' not found.
[STA-0472] no valid objects specified for -through
[STA-0366] port 'wbs_cyc_i' not found.
[STA-0472] no valid objects specified for -through
[STA-0366] port 'wbs_stb_i' not found.
[STA-0472] no valid objects specified for -through
[STA-0366] port 'wbs_stb_i' not found.
[STA-0472] no valid objects specified for -through
[STA-0366] port 'la_data_in[*]' not found.
[STA-0366] port 'la_oenb[*]' not found.
[STA-0366] port 'wbs_sel_i[*]' not found.
[STA-0366] port 'wbs_we_i' not found.
[STA-0366] port 'wbs_adr_i[*]' not found.
[STA-0366] port 'wbs_stb_i' not found.
[STA-0366] port 'wbs_dat_i[*]' not found.
[STA-0366] port 'wbs_cyc_i' not found.
[STA-0366] port 'la_data_in[*]' not found.
[STA-0366] port 'la_oenb[*]' not found.
[STA-0366] port 'wbs_adr_i[*]' not found.
[STA-0366] port 'wbs_dat_i[*]' not found.
[STA-0366] port 'wbs_sel_i[*]' not found.
[STA-0366] port 'wbs_we_i' not found.
[STA-0366] port 'wbs_cyc_i' not found.
[STA-0366] port 'wbs_stb_i' not found.
[STA-0366] port 'wbs_we_i' not found.
[STA-0366] port 'wbs_stb_i' not found.
[STA-0366] port 'wbs_cyc_i' not found.
[STA-0366] port 'wbs_sel_i[*]' not found.
[STA-0366] port 'io_in[*]' not found.
[STA-0366] port 'wbs_dat_i[*]' not found.
[STA-0366] port 'la_data_in[*]' not found.
[STA-0366] port 'wbs_adr_i[*]' not found.
[STA-0366] port 'la_oenb[*]' not found.
[STA-0366] port 'io_in[*]' not found.
[STA-0366] port 'la_oenb[*]' not found.
[STA-0366] port 'la_data_in[*]' not found.
[STA-0366] port 'wbs_adr_i[*]' not found.
[STA-0366] port 'wbs_dat_i[*]' not found.
[STA-0366] port 'wbs_cyc_i' not found.
[STA-0366] port 'wbs_sel_i[*]' not found.
[STA-0366] port 'wbs_we_i' not found.
[STA-0366] port 'wbs_stb_i' not found.
[STA-0366] port 'user_irq[*]' not found.
[STA-0366] port 'la_data_out[*]' not found.
[STA-0366] port 'wbs_dat_o[*]' not found.
[STA-0366] port 'wbs_ack_o' not found.
[STA-0366] port 'la_data_out[*]' not found.
[STA-0366] port 'user_irq[*]' not found.
[STA-0366] port 'wbs_dat_o[*]' not found.
[STA-0366] port 'wbs_ack_o' not found.
Running 'OpenROAD.CTS' at 'picorv32/runs/25_09_29_20_15/34-openroad-cts'…
Logging subprocess to [repr.filename]'picorv32/runs/25_09_29_20_15/34-openroad-cts/openroad-cts.log'[/repr.filename]…
[STA-0366] port 'wb_rst_i' not found.
[STA-0366] port 'wbs_ack_o' not found.
[STA-0472] no valid objects specified for -through
[STA-0366] port 'wbs_ack_o' not found.
[STA-0472] no valid objects specified for -through
[STA-0366] port 'wbs_cyc_i' not found.
[STA-0472] no valid objects specified for -through
[STA-0366] port 'wbs_cyc_i' not found.
[STA-0472] no valid objects specified for -through
[STA-0366] port 'wbs_stb_i' not found.
[STA-0472] no valid objects specified for -through
[STA-0366] port 'wbs_stb_i' not found.
[STA-0472] no valid objects specified for -through
[STA-0366] port 'la_data_in[*]' not found.
[STA-0366] port 'la_oenb[*]' not found.
[STA-0366] port 'wbs_sel_i[*]' not found.
[STA-0366] port 'wbs_we_i' not found.
[STA-0366] port 'wbs_adr_i[*]' not found.
[STA-0366] port 'wbs_stb_i' not found.
[STA-0366] port 'wbs_dat_i[*]' not found.
[STA-0366] port 'wbs_cyc_i' not found.
[STA-0366] port 'la_data_in[*]' not found.
[STA-0366] port 'la_oenb[*]' not found.
[STA-0366] port 'wbs_adr_i[*]' not found.
[STA-0366] port 'wbs_dat_i[*]' not found.
[STA-0366] port 'wbs_sel_i[*]' not found.
[STA-0366] port 'wbs_we_i' not found.
[STA-0366] port 'wbs_cyc_i' not found.
[STA-0366] port 'wbs_stb_i' not found.
[STA-0366] port 'wbs_we_i' not found.
[STA-0366] port 'wbs_stb_i' not found.
[STA-0366] port 'wbs_cyc_i' not found.
[STA-0366] port 'wbs_sel_i[*]' not found.
[STA-0366] port 'io_in[*]' not found.
[STA-0366] port 'wbs_dat_i[*]' not found.
[STA-0366] port 'la_data_in[*]' not found.
[STA-0366] port 'wbs_adr_i[*]' not found.
[STA-0366] port 'la_oenb[*]' not found.
[STA-0366] port 'io_in[*]' not found.
[STA-0366] port 'la_oenb[*]' not found.
[STA-0366] port 'la_data_in[*]' not found.
[STA-0366] port 'wbs_adr_i[*]' not found.
[STA-0366] port 'wbs_dat_i[*]' not found.
[STA-0366] port 'wbs_cyc_i' not found.
[STA-0366] port 'wbs_sel_i[*]' not found.
[STA-0366] port 'wbs_we_i' not found.
[STA-0366] port 'wbs_stb_i' not found.
[STA-0366] port 'user_irq[*]' not found.
[STA-0366] port 'la_data_out[*]' not found.
[STA-0366] port 'wbs_dat_o[*]' not found.
[STA-0366] port 'wbs_ack_o' not found.
[STA-0366] port 'la_data_out[*]' not found.
[STA-0366] port 'user_irq[*]' not found.
[STA-0366] port 'wbs_dat_o[*]' not found.
[STA-0366] port 'wbs_ack_o' not found.
[RSZ-0065] max wire length less than 5786u increases wire delays.
Running 'OpenROAD.STAMidPNR-1' at 'picorv32/runs/25_09_29_20_15/35-openroad-stamidpnr-1'…
Logging subprocess to [repr.filename]'picorv32/runs/25_09_29_20_15/35-openroad-stamidpnr-1/openroad-stamidpnr-1.log'[/repr.filename]…
[STA-0366] port 'wb_rst_i' not found.
[STA-0366] port 'wbs_ack_o' not found.
[STA-0472] no valid objects specified for -through
[STA-0366] port 'wbs_ack_o' not found.
[STA-0472] no valid objects specified for -through
[STA-0366] port 'wbs_cyc_i' not found.
[STA-0472] no valid objects specified for -through
[STA-0366] port 'wbs_cyc_i' not found.
[STA-0472] no valid objects specified for -through
[STA-0366] port 'wbs_stb_i' not found.
[STA-0472] no valid objects specified for -through
[STA-0366] port 'wbs_stb_i' not found.
[STA-0472] no valid objects specified for -through
[STA-0366] port 'la_data_in[*]' not found.
[STA-0366] port 'la_oenb[*]' not found.
[STA-0366] port 'wbs_sel_i[*]' not found.
[STA-0366] port 'wbs_we_i' not found.
[STA-0366] port 'wbs_adr_i[*]' not found.
[STA-0366] port 'wbs_stb_i' not found.
[STA-0366] port 'wbs_dat_i[*]' not found.
[STA-0366] port 'wbs_cyc_i' not found.
[STA-0366] port 'la_data_in[*]' not found.
[STA-0366] port 'la_oenb[*]' not found.
[STA-0366] port 'wbs_adr_i[*]' not found.
[STA-0366] port 'wbs_dat_i[*]' not found.
[STA-0366] port 'wbs_sel_i[*]' not found.
[STA-0366] port 'wbs_we_i' not found.
[STA-0366] port 'wbs_cyc_i' not found.
[STA-0366] port 'wbs_stb_i' not found.
[STA-0366] port 'wbs_we_i' not found.
[STA-0366] port 'wbs_stb_i' not found.
[STA-0366] port 'wbs_cyc_i' not found.
[STA-0366] port 'wbs_sel_i[*]' not found.
[STA-0366] port 'io_in[*]' not found.
[STA-0366] port 'wbs_dat_i[*]' not found.
[STA-0366] port 'la_data_in[*]' not found.
[STA-0366] port 'wbs_adr_i[*]' not found.
[STA-0366] port 'la_oenb[*]' not found.
[STA-0366] port 'io_in[*]' not found.
[STA-0366] port 'la_oenb[*]' not found.
[STA-0366] port 'la_data_in[*]' not found.
[STA-0366] port 'wbs_adr_i[*]' not found.
[STA-0366] port 'wbs_dat_i[*]' not found.
[STA-0366] port 'wbs_cyc_i' not found.
[STA-0366] port 'wbs_sel_i[*]' not found.
[STA-0366] port 'wbs_we_i' not found.
[STA-0366] port 'wbs_stb_i' not found.
[STA-0366] port 'user_irq[*]' not found.
[STA-0366] port 'la_data_out[*]' not found.
[STA-0366] port 'wbs_dat_o[*]' not found.
[STA-0366] port 'wbs_ack_o' not found.
[STA-0366] port 'la_data_out[*]' not found.
[STA-0366] port 'user_irq[*]' not found.
[STA-0366] port 'wbs_dat_o[*]' not found.
[STA-0366] port 'wbs_ack_o' not found.
[GRT-0097] No global routing found for nets.
Running 'OpenROAD.ResizerTimingPostCTS' at 'picorv32/runs/25_09_29_20_15/36-openroad-resizertimingpostcts'…
Logging subprocess to [repr.filename]'picorv32/runs/25_09_29_20_15/36-openroad-resizertimingpostcts/openroad-resizertimingpostcts.log'[/repr.filename]…
[STA-0366] port 'wb_rst_i' not found.
[STA-0366] port 'wbs_ack_o' not found.
[STA-0472] no valid objects specified for -through
[STA-0366] port 'wbs_ack_o' not found.
[STA-0472] no valid objects specified for -through
[STA-0366] port 'wbs_cyc_i' not found.
[STA-0472] no valid objects specified for -through
[STA-0366] port 'wbs_cyc_i' not found.
[STA-0472] no valid objects specified for -through
[STA-0366] port 'wbs_stb_i' not found.
[STA-0472] no valid objects specified for -through
[STA-0366] port 'wbs_stb_i' not found.
[STA-0472] no valid objects specified for -through
[STA-0366] port 'la_data_in[*]' not found.
[STA-0366] port 'la_oenb[*]' not found.
[STA-0366] port 'wbs_sel_i[*]' not found.
[STA-0366] port 'wbs_we_i' not found.
[STA-0366] port 'wbs_adr_i[*]' not found.
[STA-0366] port 'wbs_stb_i' not found.
[STA-0366] port 'wbs_dat_i[*]' not found.
[STA-0366] port 'wbs_cyc_i' not found.
[STA-0366] port 'la_data_in[*]' not found.
[STA-0366] port 'la_oenb[*]' not found.
[STA-0366] port 'wbs_adr_i[*]' not found.
[STA-0366] port 'wbs_dat_i[*]' not found.
[STA-0366] port 'wbs_sel_i[*]' not found.
[STA-0366] port 'wbs_we_i' not found.
[STA-0366] port 'wbs_cyc_i' not found.
[STA-0366] port 'wbs_stb_i' not found.
[STA-0366] port 'wbs_we_i' not found.
[STA-0366] port 'wbs_stb_i' not found.
[STA-0366] port 'wbs_cyc_i' not found.
[STA-0366] port 'wbs_sel_i[*]' not found.
[STA-0366] port 'io_in[*]' not found.
[STA-0366] port 'wbs_dat_i[*]' not found.
[STA-0366] port 'la_data_in[*]' not found.
[STA-0366] port 'wbs_adr_i[*]' not found.
[STA-0366] port 'la_oenb[*]' not found.
[STA-0366] port 'io_in[*]' not found.
[STA-0366] port 'la_oenb[*]' not found.
[STA-0366] port 'la_data_in[*]' not found.
[STA-0366] port 'wbs_adr_i[*]' not found.
[STA-0366] port 'wbs_dat_i[*]' not found.
[STA-0366] port 'wbs_cyc_i' not found.
[STA-0366] port 'wbs_sel_i[*]' not found.
[STA-0366] port 'wbs_we_i' not found.
[STA-0366] port 'wbs_stb_i' not found.
[STA-0366] port 'user_irq[*]' not found.
[STA-0366] port 'la_data_out[*]' not found.
[STA-0366] port 'wbs_dat_o[*]' not found.
[STA-0366] port 'wbs_ack_o' not found.
[STA-0366] port 'la_data_out[*]' not found.
[STA-0366] port 'user_irq[*]' not found.
[STA-0366] port 'wbs_dat_o[*]' not found.
[STA-0366] port 'wbs_ack_o' not found.
Running 'OpenROAD.STAMidPNR-2' at 'picorv32/runs/25_09_29_20_15/37-openroad-stamidpnr-2'…
Logging subprocess to [repr.filename]'picorv32/runs/25_09_29_20_15/37-openroad-stamidpnr-2/openroad-stamidpnr-2.log'[/repr.filename]…
[STA-0366] port 'wb_rst_i' not found.
[STA-0366] port 'wbs_ack_o' not found.
[STA-0472] no valid objects specified for -through
[STA-0366] port 'wbs_ack_o' not found.
[STA-0472] no valid objects specified for -through
[STA-0366] port 'wbs_cyc_i' not found.
[STA-0472] no valid objects specified for -through
[STA-0366] port 'wbs_cyc_i' not found.
[STA-0472] no valid objects specified for -through
[STA-0366] port 'wbs_stb_i' not found.
[STA-0472] no valid objects specified for -through
[STA-0366] port 'wbs_stb_i' not found.
[STA-0472] no valid objects specified for -through
[STA-0366] port 'la_data_in[*]' not found.
[STA-0366] port 'la_oenb[*]' not found.
[STA-0366] port 'wbs_sel_i[*]' not found.
[STA-0366] port 'wbs_we_i' not found.
[STA-0366] port 'wbs_adr_i[*]' not found.
[STA-0366] port 'wbs_stb_i' not found.
[STA-0366] port 'wbs_dat_i[*]' not found.
[STA-0366] port 'wbs_cyc_i' not found.
[STA-0366] port 'la_data_in[*]' not found.
[STA-0366] port 'la_oenb[*]' not found.
[STA-0366] port 'wbs_adr_i[*]' not found.
[STA-0366] port 'wbs_dat_i[*]' not found.
[STA-0366] port 'wbs_sel_i[*]' not found.
[STA-0366] port 'wbs_we_i' not found.
[STA-0366] port 'wbs_cyc_i' not found.
[STA-0366] port 'wbs_stb_i' not found.
[STA-0366] port 'wbs_we_i' not found.
[STA-0366] port 'wbs_stb_i' not found.
[STA-0366] port 'wbs_cyc_i' not found.
[STA-0366] port 'wbs_sel_i[*]' not found.
[STA-0366] port 'io_in[*]' not found.
[STA-0366] port 'wbs_dat_i[*]' not found.
[STA-0366] port 'la_data_in[*]' not found.
[STA-0366] port 'wbs_adr_i[*]' not found.
[STA-0366] port 'la_oenb[*]' not found.
[STA-0366] port 'io_in[*]' not found.
[STA-0366] port 'la_oenb[*]' not found.
[STA-0366] port 'la_data_in[*]' not found.
[STA-0366] port 'wbs_adr_i[*]' not found.
[STA-0366] port 'wbs_dat_i[*]' not found.
[STA-0366] port 'wbs_cyc_i' not found.
[STA-0366] port 'wbs_sel_i[*]' not found.
[STA-0366] port 'wbs_we_i' not found.
[STA-0366] port 'wbs_stb_i' not found.
[STA-0366] port 'user_irq[*]' not found.
[STA-0366] port 'la_data_out[*]' not found.
[STA-0366] port 'wbs_dat_o[*]' not found.
[STA-0366] port 'wbs_ack_o' not found.
[STA-0366] port 'la_data_out[*]' not found.
[STA-0366] port 'user_irq[*]' not found.
[STA-0366] port 'wbs_dat_o[*]' not found.
[STA-0366] port 'wbs_ack_o' not found.
[GRT-0097] No global routing found for nets.
Running 'OpenROAD.GlobalRouting' at 'picorv32/runs/25_09_29_20_15/38-openroad-globalrouting'…
Logging subprocess to [repr.filename]'picorv32/runs/25_09_29_20_15/38-openroad-globalrouting/openroad-globalrouting.log'[/repr.filename]…
[STA-0366] port 'wb_rst_i' not found.
[STA-0366] port 'wbs_ack_o' not found.
[STA-0472] no valid objects specified for -through
[STA-0366] port 'wbs_ack_o' not found.
[STA-0472] no valid objects specified for -through
[STA-0366] port 'wbs_cyc_i' not found.
[STA-0472] no valid objects specified for -through
[STA-0366] port 'wbs_cyc_i' not found.
[STA-0472] no valid objects specified for -through
[STA-0366] port 'wbs_stb_i' not found.
[STA-0472] no valid objects specified for -through
[STA-0366] port 'wbs_stb_i' not found.
[STA-0472] no valid objects specified for -through
[STA-0366] port 'la_data_in[*]' not found.
[STA-0366] port 'la_oenb[*]' not found.
[STA-0366] port 'wbs_sel_i[*]' not found.
[STA-0366] port 'wbs_we_i' not found.
[STA-0366] port 'wbs_adr_i[*]' not found.
[STA-0366] port 'wbs_stb_i' not found.
[STA-0366] port 'wbs_dat_i[*]' not found.
[STA-0366] port 'wbs_cyc_i' not found.
[STA-0366] port 'la_data_in[*]' not found.
[STA-0366] port 'la_oenb[*]' not found.
[STA-0366] port 'wbs_adr_i[*]' not found.
[STA-0366] port 'wbs_dat_i[*]' not found.
[STA-0366] port 'wbs_sel_i[*]' not found.
[STA-0366] port 'wbs_we_i' not found.
[STA-0366] port 'wbs_cyc_i' not found.
[STA-0366] port 'wbs_stb_i' not found.
[STA-0366] port 'wbs_we_i' not found.
[STA-0366] port 'wbs_stb_i' not found.
[STA-0366] port 'wbs_cyc_i' not found.
[STA-0366] port 'wbs_sel_i[*]' not found.
[STA-0366] port 'io_in[*]' not found.
[STA-0366] port 'wbs_dat_i[*]' not found.
[STA-0366] port 'la_data_in[*]' not found.
[STA-0366] port 'wbs_adr_i[*]' not found.
[STA-0366] port 'la_oenb[*]' not found.
[STA-0366] port 'io_in[*]' not found.
[STA-0366] port 'la_oenb[*]' not found.
[STA-0366] port 'la_data_in[*]' not found.
[STA-0366] port 'wbs_adr_i[*]' not found.
[STA-0366] port 'wbs_dat_i[*]' not found.
[STA-0366] port 'wbs_cyc_i' not found.
[STA-0366] port 'wbs_sel_i[*]' not found.
[STA-0366] port 'wbs_we_i' not found.
[STA-0366] port 'wbs_stb_i' not found.
[STA-0366] port 'user_irq[*]' not found.
[STA-0366] port 'la_data_out[*]' not found.
[STA-0366] port 'wbs_dat_o[*]' not found.
[STA-0366] port 'wbs_ack_o' not found.
[STA-0366] port 'la_data_out[*]' not found.
[STA-0366] port 'user_irq[*]' not found.
[STA-0366] port 'wbs_dat_o[*]' not found.
[STA-0366] port 'wbs_ack_o' not found.
Running 'OpenROAD.CheckAntennas' at 'picorv32/runs/25_09_29_20_15/39-openroad-checkantennas'…
Logging subprocess to [repr.filename]'picorv32/runs/25_09_29_20_15/39-openroad-checkantennas/openroad-checkantennas.log'[/repr.filename]…
[STA-0366] port 'wb_rst_i' not found.
[STA-0366] port 'wbs_ack_o' not found.
[STA-0472] no valid objects specified for -through
[STA-0366] port 'wbs_ack_o' not found.
[STA-0472] no valid objects specified for -through
[STA-0366] port 'wbs_cyc_i' not found.
[STA-0472] no valid objects specified for -through
[STA-0366] port 'wbs_cyc_i' not found.
[STA-0472] no valid objects specified for -through
[STA-0366] port 'wbs_stb_i' not found.
[STA-0472] no valid objects specified for -through
[STA-0366] port 'wbs_stb_i' not found.
[STA-0472] no valid objects specified for -through
[STA-0366] port 'la_data_in[*]' not found.
[STA-0366] port 'la_oenb[*]' not found.
[STA-0366] port 'wbs_sel_i[*]' not found.
[STA-0366] port 'wbs_we_i' not found.
[STA-0366] port 'wbs_adr_i[*]' not found.
[STA-0366] port 'wbs_stb_i' not found.
[STA-0366] port 'wbs_dat_i[*]' not found.
[STA-0366] port 'wbs_cyc_i' not found.
[STA-0366] port 'la_data_in[*]' not found.
[STA-0366] port 'la_oenb[*]' not found.
[STA-0366] port 'wbs_adr_i[*]' not found.
[STA-0366] port 'wbs_dat_i[*]' not found.
[STA-0366] port 'wbs_sel_i[*]' not found.
[STA-0366] port 'wbs_we_i' not found.
[STA-0366] port 'wbs_cyc_i' not found.
[STA-0366] port 'wbs_stb_i' not found.
[STA-0366] port 'wbs_we_i' not found.
[STA-0366] port 'wbs_stb_i' not found.
[STA-0366] port 'wbs_cyc_i' not found.
[STA-0366] port 'wbs_sel_i[*]' not found.
[STA-0366] port 'io_in[*]' not found.
[STA-0366] port 'wbs_dat_i[*]' not found.
[STA-0366] port 'la_data_in[*]' not found.
[STA-0366] port 'wbs_adr_i[*]' not found.
[STA-0366] port 'la_oenb[*]' not found.
[STA-0366] port 'io_in[*]' not found.
[STA-0366] port 'la_oenb[*]' not found.
[STA-0366] port 'la_data_in[*]' not found.
[STA-0366] port 'wbs_adr_i[*]' not found.
[STA-0366] port 'wbs_dat_i[*]' not found.
[STA-0366] port 'wbs_cyc_i' not found.
[STA-0366] port 'wbs_sel_i[*]' not found.
[STA-0366] port 'wbs_we_i' not found.
[STA-0366] port 'wbs_stb_i' not found.
[STA-0366] port 'user_irq[*]' not found.
[STA-0366] port 'la_data_out[*]' not found.
[STA-0366] port 'wbs_dat_o[*]' not found.
[STA-0366] port 'wbs_ack_o' not found.
[STA-0366] port 'la_data_out[*]' not found.
[STA-0366] port 'user_irq[*]' not found.
[STA-0366] port 'wbs_dat_o[*]' not found.
[STA-0366] port 'wbs_ack_o' not found.
Running 'OpenROAD.RepairDesignPostGRT' at 'picorv32/runs/25_09_29_20_15/40-openroad-repairdesignpostgrt'…
Logging subprocess to [repr.filename]'picorv32/runs/25_09_29_20_15/40-openroad-repairdesignpostgrt/openroad-repairdesignpostgrt.log'[/repr.filename]…
[STA-0366] port 'wb_rst_i' not found.
[STA-0366] port 'wbs_ack_o' not found.
[STA-0472] no valid objects specified for -through
[STA-0366] port 'wbs_ack_o' not found.
[STA-0472] no valid objects specified for -through
[STA-0366] port 'wbs_cyc_i' not found.
[STA-0472] no valid objects specified for -through
[STA-0366] port 'wbs_cyc_i' not found.
[STA-0472] no valid objects specified for -through
[STA-0366] port 'wbs_stb_i' not found.
[STA-0472] no valid objects specified for -through
[STA-0366] port 'wbs_stb_i' not found.
[STA-0472] no valid objects specified for -through
[STA-0366] port 'la_data_in[*]' not found.
[STA-0366] port 'la_oenb[*]' not found.
[STA-0366] port 'wbs_sel_i[*]' not found.
[STA-0366] port 'wbs_we_i' not found.
[STA-0366] port 'wbs_adr_i[*]' not found.
[STA-0366] port 'wbs_stb_i' not found.
[STA-0366] port 'wbs_dat_i[*]' not found.
[STA-0366] port 'wbs_cyc_i' not found.
[STA-0366] port 'la_data_in[*]' not found.
[STA-0366] port 'la_oenb[*]' not found.
[STA-0366] port 'wbs_adr_i[*]' not found.
[STA-0366] port 'wbs_dat_i[*]' not found.
[STA-0366] port 'wbs_sel_i[*]' not found.
[STA-0366] port 'wbs_we_i' not found.
[STA-0366] port 'wbs_cyc_i' not found.
[STA-0366] port 'wbs_stb_i' not found.
[STA-0366] port 'wbs_we_i' not found.
[STA-0366] port 'wbs_stb_i' not found.
[STA-0366] port 'wbs_cyc_i' not found.
[STA-0366] port 'wbs_sel_i[*]' not found.
[STA-0366] port 'io_in[*]' not found.
[STA-0366] port 'wbs_dat_i[*]' not found.
[STA-0366] port 'la_data_in[*]' not found.
[STA-0366] port 'wbs_adr_i[*]' not found.
[STA-0366] port 'la_oenb[*]' not found.
[STA-0366] port 'io_in[*]' not found.
[STA-0366] port 'la_oenb[*]' not found.
[STA-0366] port 'la_data_in[*]' not found.
[STA-0366] port 'wbs_adr_i[*]' not found.
[STA-0366] port 'wbs_dat_i[*]' not found.
[STA-0366] port 'wbs_cyc_i' not found.
[STA-0366] port 'wbs_sel_i[*]' not found.
[STA-0366] port 'wbs_we_i' not found.
[STA-0366] port 'wbs_stb_i' not found.
[STA-0366] port 'user_irq[*]' not found.
[STA-0366] port 'la_data_out[*]' not found.
[STA-0366] port 'wbs_dat_o[*]' not found.
[STA-0366] port 'wbs_ack_o' not found.
[STA-0366] port 'la_data_out[*]' not found.
[STA-0366] port 'user_irq[*]' not found.
[STA-0366] port 'wbs_dat_o[*]' not found.
[STA-0366] port 'wbs_ack_o' not found.
Running 'Odb.DiodesOnPorts' at 'picorv32/runs/25_09_29_20_15/41-odb-diodesonports'…
'DIODE_ON_PORTS' is set to 'none': skipping…
Running 'Odb.HeuristicDiodeInsertion' at 'picorv32/runs/25_09_29_20_15/42-odb-heuristicdiodeinsertion'…
Running 'Odb.FuzzyDiodePlacement' at 'picorv32/runs/25_09_29_20_15/42-odb-heuristicdiodeinsertion/1-odb-fuzzydiodeplacement'…
Logging subprocess to [repr.filename]'picorv32/runs/25_09_29_20_15/42-odb-heuristicdiodeinsertion/1-odb-fuzzydiodeplacement/odb-fuzzydiodeplacement.log'[/repr.filename]…
Running 'OpenROAD.DetailedPlacement' at 'picorv32/runs/25_09_29_20_15/42-odb-heuristicdiodeinsertion/2-openroad-detailedplacement'…
Logging subprocess to [repr.filename]'picorv32/runs/25_09_29_20_15/42-odb-heuristicdiodeinsertion/2-openroad-detailedplacement/openroad-detailedplacement.log'[/repr.filename]…
[STA-0366] port 'wb_rst_i' not found.
[STA-0366] port 'wbs_ack_o' not found.
[STA-0472] no valid objects specified for -through
[STA-0366] port 'wbs_ack_o' not found.
[STA-0472] no valid objects specified for -through
[STA-0366] port 'wbs_cyc_i' not found.
[STA-0472] no valid objects specified for -through
[STA-0366] port 'wbs_cyc_i' not found.
[STA-0472] no valid objects specified for -through
[STA-0366] port 'wbs_stb_i' not found.
[STA-0472] no valid objects specified for -through
[STA-0366] port 'wbs_stb_i' not found.
[STA-0472] no valid objects specified for -through
[STA-0366] port 'la_data_in[*]' not found.
[STA-0366] port 'la_oenb[*]' not found.
[STA-0366] port 'wbs_sel_i[*]' not found.
[STA-0366] port 'wbs_we_i' not found.
[STA-0366] port 'wbs_adr_i[*]' not found.
[STA-0366] port 'wbs_stb_i' not found.
[STA-0366] port 'wbs_dat_i[*]' not found.
[STA-0366] port 'wbs_cyc_i' not found.
[STA-0366] port 'la_data_in[*]' not found.
[STA-0366] port 'la_oenb[*]' not found.
[STA-0366] port 'wbs_adr_i[*]' not found.
[STA-0366] port 'wbs_dat_i[*]' not found.
[STA-0366] port 'wbs_sel_i[*]' not found.
[STA-0366] port 'wbs_we_i' not found.
[STA-0366] port 'wbs_cyc_i' not found.
[STA-0366] port 'wbs_stb_i' not found.
[STA-0366] port 'wbs_we_i' not found.
[STA-0366] port 'wbs_stb_i' not found.
[STA-0366] port 'wbs_cyc_i' not found.
[STA-0366] port 'wbs_sel_i[*]' not found.
[STA-0366] port 'io_in[*]' not found.
[STA-0366] port 'wbs_dat_i[*]' not found.
[STA-0366] port 'la_data_in[*]' not found.
[STA-0366] port 'wbs_adr_i[*]' not found.
[STA-0366] port 'la_oenb[*]' not found.
[STA-0366] port 'io_in[*]' not found.
[STA-0366] port 'la_oenb[*]' not found.
[STA-0366] port 'la_data_in[*]' not found.
[STA-0366] port 'wbs_adr_i[*]' not found.
[STA-0366] port 'wbs_dat_i[*]' not found.
[STA-0366] port 'wbs_cyc_i' not found.
[STA-0366] port 'wbs_sel_i[*]' not found.
[STA-0366] port 'wbs_we_i' not found.
[STA-0366] port 'wbs_stb_i' not found.
[STA-0366] port 'user_irq[*]' not found.
[STA-0366] port 'la_data_out[*]' not found.
[STA-0366] port 'wbs_dat_o[*]' not found.
[STA-0366] port 'wbs_ack_o' not found.
[STA-0366] port 'la_data_out[*]' not found.
[STA-0366] port 'user_irq[*]' not found.
[STA-0366] port 'wbs_dat_o[*]' not found.
[STA-0366] port 'wbs_ack_o' not found.
Running 'OpenROAD.GlobalRouting' at 'picorv32/runs/25_09_29_20_15/42-odb-heuristicdiodeinsertion/3-openroad-globalrouting'…
Logging subprocess to [repr.filename]'picorv32/runs/25_09_29_20_15/42-odb-heuristicdiodeinsertion/3-openroad-globalrouting/openroad-globalrouting.log'[/repr.filename]…
[STA-0366] port 'wb_rst_i' not found.
[STA-0366] port 'wbs_ack_o' not found.
[STA-0472] no valid objects specified for -through
[STA-0366] port 'wbs_ack_o' not found.
[STA-0472] no valid objects specified for -through
[STA-0366] port 'wbs_cyc_i' not found.
[STA-0472] no valid objects specified for -through
[STA-0366] port 'wbs_cyc_i' not found.
[STA-0472] no valid objects specified for -through
[STA-0366] port 'wbs_stb_i' not found.
[STA-0472] no valid objects specified for -through
[STA-0366] port 'wbs_stb_i' not found.
[STA-0472] no valid objects specified for -through
[STA-0366] port 'la_data_in[*]' not found.
[STA-0366] port 'la_oenb[*]' not found.
[STA-0366] port 'wbs_sel_i[*]' not found.
[STA-0366] port 'wbs_we_i' not found.
[STA-0366] port 'wbs_adr_i[*]' not found.
[STA-0366] port 'wbs_stb_i' not found.
[STA-0366] port 'wbs_dat_i[*]' not found.
[STA-0366] port 'wbs_cyc_i' not found.
[STA-0366] port 'la_data_in[*]' not found.
[STA-0366] port 'la_oenb[*]' not found.
[STA-0366] port 'wbs_adr_i[*]' not found.
[STA-0366] port 'wbs_dat_i[*]' not found.
[STA-0366] port 'wbs_sel_i[*]' not found.
[STA-0366] port 'wbs_we_i' not found.
[STA-0366] port 'wbs_cyc_i' not found.
[STA-0366] port 'wbs_stb_i' not found.
[STA-0366] port 'wbs_we_i' not found.
[STA-0366] port 'wbs_stb_i' not found.
[STA-0366] port 'wbs_cyc_i' not found.
[STA-0366] port 'wbs_sel_i[*]' not found.
[STA-0366] port 'io_in[*]' not found.
[STA-0366] port 'wbs_dat_i[*]' not found.
[STA-0366] port 'la_data_in[*]' not found.
[STA-0366] port 'wbs_adr_i[*]' not found.
[STA-0366] port 'la_oenb[*]' not found.
[STA-0366] port 'io_in[*]' not found.
[STA-0366] port 'la_oenb[*]' not found.
[STA-0366] port 'la_data_in[*]' not found.
[STA-0366] port 'wbs_adr_i[*]' not found.
[STA-0366] port 'wbs_dat_i[*]' not found.
[STA-0366] port 'wbs_cyc_i' not found.
[STA-0366] port 'wbs_sel_i[*]' not found.
[STA-0366] port 'wbs_we_i' not found.
[STA-0366] port 'wbs_stb_i' not found.
[STA-0366] port 'user_irq[*]' not found.
[STA-0366] port 'la_data_out[*]' not found.
[STA-0366] port 'wbs_dat_o[*]' not found.
[STA-0366] port 'wbs_ack_o' not found.
[STA-0366] port 'la_data_out[*]' not found.
[STA-0366] port 'user_irq[*]' not found.
[STA-0366] port 'wbs_dat_o[*]' not found.
[STA-0366] port 'wbs_ack_o' not found.
Running 'OpenROAD.RepairAntennas' at 'picorv32/runs/25_09_29_20_15/43-openroad-repairantennas'…
Running 'DiodeInsertion' at 'picorv32/runs/25_09_29_20_15/43-openroad-repairantennas/1-diodeinsertion'…
Logging subprocess to [repr.filename]'picorv32/runs/25_09_29_20_15/43-openroad-repairantennas/1-diodeinsertion/diodeinsertion.log'[/repr.filename]…
[STA-0366] port 'wb_rst_i' not found.
[STA-0366] port 'wbs_ack_o' not found.
[STA-0472] no valid objects specified for -through
[STA-0366] port 'wbs_ack_o' not found.
[STA-0472] no valid objects specified for -through
[STA-0366] port 'wbs_cyc_i' not found.
[STA-0472] no valid objects specified for -through
[STA-0366] port 'wbs_cyc_i' not found.
[STA-0472] no valid objects specified for -through
[STA-0366] port 'wbs_stb_i' not found.
[STA-0472] no valid objects specified for -through
[STA-0366] port 'wbs_stb_i' not found.
[STA-0472] no valid objects specified for -through
[STA-0366] port 'la_data_in[*]' not found.
[STA-0366] port 'la_oenb[*]' not found.
[STA-0366] port 'wbs_sel_i[*]' not found.
[STA-0366] port 'wbs_we_i' not found.
[STA-0366] port 'wbs_adr_i[*]' not found.
[STA-0366] port 'wbs_stb_i' not found.
[STA-0366] port 'wbs_dat_i[*]' not found.
[STA-0366] port 'wbs_cyc_i' not found.
[STA-0366] port 'la_data_in[*]' not found.
[STA-0366] port 'la_oenb[*]' not found.
[STA-0366] port 'wbs_adr_i[*]' not found.
[STA-0366] port 'wbs_dat_i[*]' not found.
[STA-0366] port 'wbs_sel_i[*]' not found.
[STA-0366] port 'wbs_we_i' not found.
[STA-0366] port 'wbs_cyc_i' not found.
[STA-0366] port 'wbs_stb_i' not found.
[STA-0366] port 'wbs_we_i' not found.
[STA-0366] port 'wbs_stb_i' not found.
[STA-0366] port 'wbs_cyc_i' not found.
[STA-0366] port 'wbs_sel_i[*]' not found.
[STA-0366] port 'io_in[*]' not found.
[STA-0366] port 'wbs_dat_i[*]' not found.
[STA-0366] port 'la_data_in[*]' not found.
[STA-0366] port 'wbs_adr_i[*]' not found.
[STA-0366] port 'la_oenb[*]' not found.
[STA-0366] port 'io_in[*]' not found.
[STA-0366] port 'la_oenb[*]' not found.
[STA-0366] port 'la_data_in[*]' not found.
[STA-0366] port 'wbs_adr_i[*]' not found.
[STA-0366] port 'wbs_dat_i[*]' not found.
[STA-0366] port 'wbs_cyc_i' not found.
[STA-0366] port 'wbs_sel_i[*]' not found.
[STA-0366] port 'wbs_we_i' not found.
[STA-0366] port 'wbs_stb_i' not found.
[STA-0366] port 'user_irq[*]' not found.
[STA-0366] port 'la_data_out[*]' not found.
[STA-0366] port 'wbs_dat_o[*]' not found.
[STA-0366] port 'wbs_ack_o' not found.
[STA-0366] port 'la_data_out[*]' not found.
[STA-0366] port 'user_irq[*]' not found.
[STA-0366] port 'wbs_dat_o[*]' not found.
[STA-0366] port 'wbs_ack_o' not found.
Running 'OpenROAD.CheckAntennas' at 'picorv32/runs/25_09_29_20_15/43-openroad-repairantennas/2-openroad-checkantennas'…
Logging subprocess to [repr.filename]'picorv32/runs/25_09_29_20_15/43-openroad-repairantennas/2-openroad-checkantennas/openroad-checkantennas.log'[/repr.filename]…
[STA-0366] port 'wb_rst_i' not found.
[STA-0366] port 'wbs_ack_o' not found.
[STA-0472] no valid objects specified for -through
[STA-0366] port 'wbs_ack_o' not found.
[STA-0472] no valid objects specified for -through
[STA-0366] port 'wbs_cyc_i' not found.
[STA-0472] no valid objects specified for -through
[STA-0366] port 'wbs_cyc_i' not found.
[STA-0472] no valid objects specified for -through
[STA-0366] port 'wbs_stb_i' not found.
[STA-0472] no valid objects specified for -through
[STA-0366] port 'wbs_stb_i' not found.
[STA-0472] no valid objects specified for -through
[STA-0366] port 'la_data_in[*]' not found.
[STA-0366] port 'la_oenb[*]' not found.
[STA-0366] port 'wbs_sel_i[*]' not found.
[STA-0366] port 'wbs_we_i' not found.
[STA-0366] port 'wbs_adr_i[*]' not found.
[STA-0366] port 'wbs_stb_i' not found.
[STA-0366] port 'wbs_dat_i[*]' not found.
[STA-0366] port 'wbs_cyc_i' not found.
[STA-0366] port 'la_data_in[*]' not found.
[STA-0366] port 'la_oenb[*]' not found.
[STA-0366] port 'wbs_adr_i[*]' not found.
[STA-0366] port 'wbs_dat_i[*]' not found.
[STA-0366] port 'wbs_sel_i[*]' not found.
[STA-0366] port 'wbs_we_i' not found.
[STA-0366] port 'wbs_cyc_i' not found.
[STA-0366] port 'wbs_stb_i' not found.
[STA-0366] port 'wbs_we_i' not found.
[STA-0366] port 'wbs_stb_i' not found.
[STA-0366] port 'wbs_cyc_i' not found.
[STA-0366] port 'wbs_sel_i[*]' not found.
[STA-0366] port 'io_in[*]' not found.
[STA-0366] port 'wbs_dat_i[*]' not found.
[STA-0366] port 'la_data_in[*]' not found.
[STA-0366] port 'wbs_adr_i[*]' not found.
[STA-0366] port 'la_oenb[*]' not found.
[STA-0366] port 'io_in[*]' not found.
[STA-0366] port 'la_oenb[*]' not found.
[STA-0366] port 'la_data_in[*]' not found.
[STA-0366] port 'wbs_adr_i[*]' not found.
[STA-0366] port 'wbs_dat_i[*]' not found.
[STA-0366] port 'wbs_cyc_i' not found.
[STA-0366] port 'wbs_sel_i[*]' not found.
[STA-0366] port 'wbs_we_i' not found.
[STA-0366] port 'wbs_stb_i' not found.
[STA-0366] port 'user_irq[*]' not found.
[STA-0366] port 'la_data_out[*]' not found.
[STA-0366] port 'wbs_dat_o[*]' not found.
[STA-0366] port 'wbs_ack_o' not found.
[STA-0366] port 'la_data_out[*]' not found.
[STA-0366] port 'user_irq[*]' not found.
[STA-0366] port 'wbs_dat_o[*]' not found.
[STA-0366] port 'wbs_ack_o' not found.
Running 'OpenROAD.ResizerTimingPostGRT' at 'picorv32/runs/25_09_29_20_15/44-openroad-resizertimingpostgrt'…
Logging subprocess to [repr.filename]'picorv32/runs/25_09_29_20_15/44-openroad-resizertimingpostgrt/openroad-resizertimingpostgrt.log'[/repr.filename]…
[STA-0366] port 'wb_rst_i' not found.
[STA-0366] port 'wbs_ack_o' not found.
[STA-0472] no valid objects specified for -through
[STA-0366] port 'wbs_ack_o' not found.
[STA-0472] no valid objects specified for -through
[STA-0366] port 'wbs_cyc_i' not found.
[STA-0472] no valid objects specified for -through
[STA-0366] port 'wbs_cyc_i' not found.
[STA-0472] no valid objects specified for -through
[STA-0366] port 'wbs_stb_i' not found.
[STA-0472] no valid objects specified for -through
[STA-0366] port 'wbs_stb_i' not found.
[STA-0472] no valid objects specified for -through
[STA-0366] port 'la_data_in[*]' not found.
[STA-0366] port 'la_oenb[*]' not found.
[STA-0366] port 'wbs_sel_i[*]' not found.
[STA-0366] port 'wbs_we_i' not found.
[STA-0366] port 'wbs_adr_i[*]' not found.
[STA-0366] port 'wbs_stb_i' not found.
[STA-0366] port 'wbs_dat_i[*]' not found.
[STA-0366] port 'wbs_cyc_i' not found.
[STA-0366] port 'la_data_in[*]' not found.
[STA-0366] port 'la_oenb[*]' not found.
[STA-0366] port 'wbs_adr_i[*]' not found.
[STA-0366] port 'wbs_dat_i[*]' not found.
[STA-0366] port 'wbs_sel_i[*]' not found.
[STA-0366] port 'wbs_we_i' not found.
[STA-0366] port 'wbs_cyc_i' not found.
[STA-0366] port 'wbs_stb_i' not found.
[STA-0366] port 'wbs_we_i' not found.
[STA-0366] port 'wbs_stb_i' not found.
[STA-0366] port 'wbs_cyc_i' not found.
[STA-0366] port 'wbs_sel_i[*]' not found.
[STA-0366] port 'io_in[*]' not found.
[STA-0366] port 'wbs_dat_i[*]' not found.
[STA-0366] port 'la_data_in[*]' not found.
[STA-0366] port 'wbs_adr_i[*]' not found.
[STA-0366] port 'la_oenb[*]' not found.
[STA-0366] port 'io_in[*]' not found.
[STA-0366] port 'la_oenb[*]' not found.
[STA-0366] port 'la_data_in[*]' not found.
[STA-0366] port 'wbs_adr_i[*]' not found.
[STA-0366] port 'wbs_dat_i[*]' not found.
[STA-0366] port 'wbs_cyc_i' not found.
[STA-0366] port 'wbs_sel_i[*]' not found.
[STA-0366] port 'wbs_we_i' not found.
[STA-0366] port 'wbs_stb_i' not found.
[STA-0366] port 'user_irq[*]' not found.
[STA-0366] port 'la_data_out[*]' not found.
[STA-0366] port 'wbs_dat_o[*]' not found.
[STA-0366] port 'wbs_ack_o' not found.
[STA-0366] port 'la_data_out[*]' not found.
[STA-0366] port 'user_irq[*]' not found.
[STA-0366] port 'wbs_dat_o[*]' not found.
[STA-0366] port 'wbs_ack_o' not found.
Running 'OpenROAD.STAMidPNR-3' at 'picorv32/runs/25_09_29_20_15/45-openroad-stamidpnr-3'…
Logging subprocess to [repr.filename]'picorv32/runs/25_09_29_20_15/45-openroad-stamidpnr-3/openroad-stamidpnr-3.log'[/repr.filename]…
[STA-0366] port 'wb_rst_i' not found.
[STA-0366] port 'wbs_ack_o' not found.
[STA-0472] no valid objects specified for -through
[STA-0366] port 'wbs_ack_o' not found.
[STA-0472] no valid objects specified for -through
[STA-0366] port 'wbs_cyc_i' not found.
[STA-0472] no valid objects specified for -through
[STA-0366] port 'wbs_cyc_i' not found.
[STA-0472] no valid objects specified for -through
[STA-0366] port 'wbs_stb_i' not found.
[STA-0472] no valid objects specified for -through
[STA-0366] port 'wbs_stb_i' not found.
[STA-0472] no valid objects specified for -through
[STA-0366] port 'la_data_in[*]' not found.
[STA-0366] port 'la_oenb[*]' not found.
[STA-0366] port 'wbs_sel_i[*]' not found.
[STA-0366] port 'wbs_we_i' not found.
[STA-0366] port 'wbs_adr_i[*]' not found.
[STA-0366] port 'wbs_stb_i' not found.
[STA-0366] port 'wbs_dat_i[*]' not found.
[STA-0366] port 'wbs_cyc_i' not found.
[STA-0366] port 'la_data_in[*]' not found.
[STA-0366] port 'la_oenb[*]' not found.
[STA-0366] port 'wbs_adr_i[*]' not found.
[STA-0366] port 'wbs_dat_i[*]' not found.
[STA-0366] port 'wbs_sel_i[*]' not found.
[STA-0366] port 'wbs_we_i' not found.
[STA-0366] port 'wbs_cyc_i' not found.
[STA-0366] port 'wbs_stb_i' not found.
[STA-0366] port 'wbs_we_i' not found.
[STA-0366] port 'wbs_stb_i' not found.
[STA-0366] port 'wbs_cyc_i' not found.
[STA-0366] port 'wbs_sel_i[*]' not found.
[STA-0366] port 'io_in[*]' not found.
[STA-0366] port 'wbs_dat_i[*]' not found.
[STA-0366] port 'la_data_in[*]' not found.
[STA-0366] port 'wbs_adr_i[*]' not found.
[STA-0366] port 'la_oenb[*]' not found.
[STA-0366] port 'io_in[*]' not found.
[STA-0366] port 'la_oenb[*]' not found.
[STA-0366] port 'la_data_in[*]' not found.
[STA-0366] port 'wbs_adr_i[*]' not found.
[STA-0366] port 'wbs_dat_i[*]' not found.
[STA-0366] port 'wbs_cyc_i' not found.
[STA-0366] port 'wbs_sel_i[*]' not found.
[STA-0366] port 'wbs_we_i' not found.
[STA-0366] port 'wbs_stb_i' not found.
[STA-0366] port 'user_irq[*]' not found.
[STA-0366] port 'la_data_out[*]' not found.
[STA-0366] port 'wbs_dat_o[*]' not found.
[STA-0366] port 'wbs_ack_o' not found.
[STA-0366] port 'la_data_out[*]' not found.
[STA-0366] port 'user_irq[*]' not found.
[STA-0366] port 'wbs_dat_o[*]' not found.
[STA-0366] port 'wbs_ack_o' not found.
Running 'OpenROAD.DetailedRouting' at 'picorv32/runs/25_09_29_20_15/46-openroad-detailedrouting'…
Running TritonRoute with 10 threads…
Logging subprocess to [repr.filename]'picorv32/runs/25_09_29_20_15/46-openroad-detailedrouting/openroad-detailedrouting.log'[/repr.filename]…
[STA-0366] port 'wb_rst_i' not found.
[STA-0366] port 'wbs_ack_o' not found.
[STA-0472] no valid objects specified for -through
[STA-0366] port 'wbs_ack_o' not found.
[STA-0472] no valid objects specified for -through
[STA-0366] port 'wbs_cyc_i' not found.
[STA-0472] no valid objects specified for -through
[STA-0366] port 'wbs_cyc_i' not found.
[STA-0472] no valid objects specified for -through
[STA-0366] port 'wbs_stb_i' not found.
[STA-0472] no valid objects specified for -through
[STA-0366] port 'wbs_stb_i' not found.
[STA-0472] no valid objects specified for -through
[STA-0366] port 'la_data_in[*]' not found.
[STA-0366] port 'la_oenb[*]' not found.
[STA-0366] port 'wbs_sel_i[*]' not found.
[STA-0366] port 'wbs_we_i' not found.
[STA-0366] port 'wbs_adr_i[*]' not found.
[STA-0366] port 'wbs_stb_i' not found.
[STA-0366] port 'wbs_dat_i[*]' not found.
[STA-0366] port 'wbs_cyc_i' not found.
[STA-0366] port 'la_data_in[*]' not found.
[STA-0366] port 'la_oenb[*]' not found.
[STA-0366] port 'wbs_adr_i[*]' not found.
[STA-0366] port 'wbs_dat_i[*]' not found.
[STA-0366] port 'wbs_sel_i[*]' not found.
[STA-0366] port 'wbs_we_i' not found.
[STA-0366] port 'wbs_cyc_i' not found.
[STA-0366] port 'wbs_stb_i' not found.
[STA-0366] port 'wbs_we_i' not found.
[STA-0366] port 'wbs_stb_i' not found.
[STA-0366] port 'wbs_cyc_i' not found.
[STA-0366] port 'wbs_sel_i[*]' not found.
[STA-0366] port 'io_in[*]' not found.
[STA-0366] port 'wbs_dat_i[*]' not found.
[STA-0366] port 'la_data_in[*]' not found.
[STA-0366] port 'wbs_adr_i[*]' not found.
[STA-0366] port 'la_oenb[*]' not found.
[STA-0366] port 'io_in[*]' not found.
[STA-0366] port 'la_oenb[*]' not found.
[STA-0366] port 'la_data_in[*]' not found.
[STA-0366] port 'wbs_adr_i[*]' not found.
[STA-0366] port 'wbs_dat_i[*]' not found.
[STA-0366] port 'wbs_cyc_i' not found.
[STA-0366] port 'wbs_sel_i[*]' not found.
[STA-0366] port 'wbs_we_i' not found.
[STA-0366] port 'wbs_stb_i' not found.
[STA-0366] port 'user_irq[*]' not found.
[STA-0366] port 'la_data_out[*]' not found.
[STA-0366] port 'wbs_dat_o[*]' not found.
[STA-0366] port 'wbs_ack_o' not found.
[STA-0366] port 'la_data_out[*]' not found.
[STA-0366] port 'user_irq[*]' not found.
[STA-0366] port 'wbs_dat_o[*]' not found.
[STA-0366] port 'wbs_ack_o' not found.
[DRT-0349] LEF58_ENCLOSURE with no CUTCLASS is not supported. Skipping for layer mcon
[DRT-0349] LEF58_ENCLOSURE with no CUTCLASS is not supported. Skipping for layer mcon
[DRT-0349] LEF58_ENCLOSURE with no CUTCLASS is not supported. Skipping for layer via
[DRT-0349] LEF58_ENCLOSURE with no CUTCLASS is not supported. Skipping for layer via
[DRT-0349] LEF58_ENCLOSURE with no CUTCLASS is not supported. Skipping for layer via2
[DRT-0349] LEF58_ENCLOSURE with no CUTCLASS is not supported. Skipping for layer via2
[DRT-0349] LEF58_ENCLOSURE with no CUTCLASS is not supported. Skipping for layer via3
[DRT-0349] LEF58_ENCLOSURE with no CUTCLASS is not supported. Skipping for layer via3
[DRT-0349] LEF58_ENCLOSURE with no CUTCLASS is not supported. Skipping for layer via4
[DRT-0349] LEF58_ENCLOSURE with no CUTCLASS is not supported. Skipping for layer via4
Running 'Odb.RemoveRoutingObstructions' at 'picorv32/runs/25_09_29_20_15/47-odb-removeroutingobstructions'…
'ROUTING_OBSTRUCTIONS' is not defined. Skipping 'Odb.RemoveRoutingObstructions'…
Running 'OpenROAD.CheckAntennas-1' at 'picorv32/runs/25_09_29_20_15/48-openroad-checkantennas-1'…
Logging subprocess to [repr.filename]'picorv32/runs/25_09_29_20_15/48-openroad-checkantennas-1/openroad-checkantennas-1.log'[/repr.filename]…
[STA-0366] port 'wb_rst_i' not found.
[STA-0366] port 'wbs_ack_o' not found.
[STA-0472] no valid objects specified for -through
[STA-0366] port 'wbs_ack_o' not found.
[STA-0472] no valid objects specified for -through
[STA-0366] port 'wbs_cyc_i' not found.
[STA-0472] no valid objects specified for -through
[STA-0366] port 'wbs_cyc_i' not found.
[STA-0472] no valid objects specified for -through
[STA-0366] port 'wbs_stb_i' not found.
[STA-0472] no valid objects specified for -through
[STA-0366] port 'wbs_stb_i' not found.
[STA-0472] no valid objects specified for -through
[STA-0366] port 'la_data_in[*]' not found.
[STA-0366] port 'la_oenb[*]' not found.
[STA-0366] port 'wbs_sel_i[*]' not found.
[STA-0366] port 'wbs_we_i' not found.
[STA-0366] port 'wbs_adr_i[*]' not found.
[STA-0366] port 'wbs_stb_i' not found.
[STA-0366] port 'wbs_dat_i[*]' not found.
[STA-0366] port 'wbs_cyc_i' not found.
[STA-0366] port 'la_data_in[*]' not found.
[STA-0366] port 'la_oenb[*]' not found.
[STA-0366] port 'wbs_adr_i[*]' not found.
[STA-0366] port 'wbs_dat_i[*]' not found.
[STA-0366] port 'wbs_sel_i[*]' not found.
[STA-0366] port 'wbs_we_i' not found.
[STA-0366] port 'wbs_cyc_i' not found.
[STA-0366] port 'wbs_stb_i' not found.
[STA-0366] port 'wbs_we_i' not found.
[STA-0366] port 'wbs_stb_i' not found.
[STA-0366] port 'wbs_cyc_i' not found.
[STA-0366] port 'wbs_sel_i[*]' not found.
[STA-0366] port 'io_in[*]' not found.
[STA-0366] port 'wbs_dat_i[*]' not found.
[STA-0366] port 'la_data_in[*]' not found.
[STA-0366] port 'wbs_adr_i[*]' not found.
[STA-0366] port 'la_oenb[*]' not found.
[STA-0366] port 'io_in[*]' not found.
[STA-0366] port 'la_oenb[*]' not found.
[STA-0366] port 'la_data_in[*]' not found.
[STA-0366] port 'wbs_adr_i[*]' not found.
[STA-0366] port 'wbs_dat_i[*]' not found.
[STA-0366] port 'wbs_cyc_i' not found.
[STA-0366] port 'wbs_sel_i[*]' not found.
[STA-0366] port 'wbs_we_i' not found.
[STA-0366] port 'wbs_stb_i' not found.
[STA-0366] port 'user_irq[*]' not found.
[STA-0366] port 'la_data_out[*]' not found.
[STA-0366] port 'wbs_dat_o[*]' not found.
[STA-0366] port 'wbs_ack_o' not found.
[STA-0366] port 'la_data_out[*]' not found.
[STA-0366] port 'user_irq[*]' not found.
[STA-0366] port 'wbs_dat_o[*]' not found.
[STA-0366] port 'wbs_ack_o' not found.
Running 'Checker.TrDRC' at 'picorv32/runs/25_09_29_20_15/49-checker-trdrc'…
Check for Routing DRC errors clear.
Running 'Odb.ReportDisconnectedPins' at 'picorv32/runs/25_09_29_20_15/50-odb-reportdisconnectedpins'…
Logging subprocess to [repr.filename]'picorv32/runs/25_09_29_20_15/50-odb-reportdisconnectedpins/odb-reportdisconnectedpins.log'[/repr.filename]…
Running 'Checker.DisconnectedPins' at 'picorv32/runs/25_09_29_20_15/51-checker-disconnectedpins'…
Check for critical disconnected pins clear.
Running 'Odb.ReportWireLength' at 'picorv32/runs/25_09_29_20_15/52-odb-reportwirelength'…
Logging subprocess to [repr.filename]'picorv32/runs/25_09_29_20_15/52-odb-reportwirelength/odb-reportwirelength.log'[/repr.filename]…
Running 'Checker.WireLength' at 'picorv32/runs/25_09_29_20_15/53-checker-wirelength'…
Threshold for Threshold-surpassing long wires is not set. The checker will be skipped.
Running 'OpenROAD.FillInsertion' at 'picorv32/runs/25_09_29_20_15/54-openroad-fillinsertion'…
Logging subprocess to [repr.filename]'picorv32/runs/25_09_29_20_15/54-openroad-fillinsertion/openroad-fillinsertion.log'[/repr.filename]…
[STA-0366] port 'wb_rst_i' not found.
[STA-0366] port 'wbs_ack_o' not found.
[STA-0472] no valid objects specified for -through
[STA-0366] port 'wbs_ack_o' not found.
[STA-0472] no valid objects specified for -through
[STA-0366] port 'wbs_cyc_i' not found.
[STA-0472] no valid objects specified for -through
[STA-0366] port 'wbs_cyc_i' not found.
[STA-0472] no valid objects specified for -through
[STA-0366] port 'wbs_stb_i' not found.
[STA-0472] no valid objects specified for -through
[STA-0366] port 'wbs_stb_i' not found.
[STA-0472] no valid objects specified for -through
[STA-0366] port 'la_data_in[*]' not found.
[STA-0366] port 'la_oenb[*]' not found.
[STA-0366] port 'wbs_sel_i[*]' not found.
[STA-0366] port 'wbs_we_i' not found.
[STA-0366] port 'wbs_adr_i[*]' not found.
[STA-0366] port 'wbs_stb_i' not found.
[STA-0366] port 'wbs_dat_i[*]' not found.
[STA-0366] port 'wbs_cyc_i' not found.
[STA-0366] port 'la_data_in[*]' not found.
[STA-0366] port 'la_oenb[*]' not found.
[STA-0366] port 'wbs_adr_i[*]' not found.
[STA-0366] port 'wbs_dat_i[*]' not found.
[STA-0366] port 'wbs_sel_i[*]' not found.
[STA-0366] port 'wbs_we_i' not found.
[STA-0366] port 'wbs_cyc_i' not found.
[STA-0366] port 'wbs_stb_i' not found.
[STA-0366] port 'wbs_we_i' not found.
[STA-0366] port 'wbs_stb_i' not found.
[STA-0366] port 'wbs_cyc_i' not found.
[STA-0366] port 'wbs_sel_i[*]' not found.
[STA-0366] port 'io_in[*]' not found.
[STA-0366] port 'wbs_dat_i[*]' not found.
[STA-0366] port 'la_data_in[*]' not found.
[STA-0366] port 'wbs_adr_i[*]' not found.
[STA-0366] port 'la_oenb[*]' not found.
[STA-0366] port 'io_in[*]' not found.
[STA-0366] port 'la_oenb[*]' not found.
[STA-0366] port 'la_data_in[*]' not found.
[STA-0366] port 'wbs_adr_i[*]' not found.
[STA-0366] port 'wbs_dat_i[*]' not found.
[STA-0366] port 'wbs_cyc_i' not found.
[STA-0366] port 'wbs_sel_i[*]' not found.
[STA-0366] port 'wbs_we_i' not found.
[STA-0366] port 'wbs_stb_i' not found.
[STA-0366] port 'user_irq[*]' not found.
[STA-0366] port 'la_data_out[*]' not found.
[STA-0366] port 'wbs_dat_o[*]' not found.
[STA-0366] port 'wbs_ack_o' not found.
[STA-0366] port 'la_data_out[*]' not found.
[STA-0366] port 'user_irq[*]' not found.
[STA-0366] port 'wbs_dat_o[*]' not found.
[STA-0366] port 'wbs_ack_o' not found.
Running 'Odb.CellFrequencyTables' at 'picorv32/runs/25_09_29_20_15/55-odb-cellfrequencytables'…
Logging subprocess to [repr.filename]'picorv32/runs/25_09_29_20_15/55-odb-cellfrequencytables/buffer_list.txt'[/repr.filename]…
Logging subprocess to [repr.filename]'picorv32/runs/25_09_29_20_15/55-odb-cellfrequencytables/odb-cellfrequencytables.log'[/repr.filename]…
Running 'OpenROAD.RCX' at 'picorv32/runs/25_09_29_20_15/56-openroad-rcx'…
Running RCX for corners matching nom_* (/Users/jeffdi/Projects/picoRV32_caravel/openlane/picorv32/runs/25_09_29_20_15/56-openroad-rcx/nom/rcx.log)…
Running RCX for corners matching min_* (/Users/jeffdi/Projects/picoRV32_caravel/openlane/picorv32/runs/25_09_29_20_15/56-openroad-rcx/min/rcx.log)…
Running RCX for corners matching max_* (/Users/jeffdi/Projects/picoRV32_caravel/openlane/picorv32/runs/25_09_29_20_15/56-openroad-rcx/max/rcx.log)…
Logging subprocess to [repr.filename]'picorv32/runs/25_09_29_20_15/56-openroad-rcx/min/rcx.log'[/repr.filename]…
Logging subprocess to [repr.filename]'picorv32/runs/25_09_29_20_15/56-openroad-rcx/nom/rcx.log'[/repr.filename]…
Logging subprocess to [repr.filename]'picorv32/runs/25_09_29_20_15/56-openroad-rcx/max/rcx.log'[/repr.filename]…
Finished RCX for corners matching nom_*.
Finished RCX for corners matching min_*.
Finished RCX for corners matching max_*.
Running 'OpenROAD.STAPostPNR' at 'picorv32/runs/25_09_29_20_15/57-openroad-stapostpnr'…
Starting STA for the nom_tt_025C_1v80 timing corner…
Starting STA for the nom_ss_100C_1v60 timing corner…
Starting STA for the nom_ff_n40C_1v95 timing corner…
Starting STA for the min_tt_025C_1v80 timing corner…
Starting STA for the min_ss_100C_1v60 timing corner…
Starting STA for the min_ff_n40C_1v95 timing corner…
Starting STA for the max_tt_025C_1v80 timing corner…
Logging subprocess to [repr.filename]'picorv32/runs/25_09_29_20_15/57-openroad-stapostpnr/nom_tt_025C_1v80/sta.log'[/repr.filename]…
Starting STA for the max_ss_100C_1v60 timing corner…
Logging subprocess to [repr.filename]'picorv32/runs/25_09_29_20_15/57-openroad-stapostpnr/nom_ss_100C_1v60/sta.log'[/repr.filename]…
Starting STA for the max_ff_n40C_1v95 timing corner…
Logging subprocess to [repr.filename]'picorv32/runs/25_09_29_20_15/57-openroad-stapostpnr/min_tt_025C_1v80/sta.log'[/repr.filename]…
Logging subprocess to [repr.filename]'picorv32/runs/25_09_29_20_15/57-openroad-stapostpnr/min_ss_100C_1v60/sta.log'[/repr.filename]…
Logging subprocess to [repr.filename]'picorv32/runs/25_09_29_20_15/57-openroad-stapostpnr/nom_ff_n40C_1v95/sta.log'[/repr.filename]…
Logging subprocess to [repr.filename]'picorv32/runs/25_09_29_20_15/57-openroad-stapostpnr/max_tt_025C_1v80/sta.log'[/repr.filename]…
Logging subprocess to [repr.filename]'picorv32/runs/25_09_29_20_15/57-openroad-stapostpnr/min_ff_n40C_1v95/sta.log'[/repr.filename]…
Logging subprocess to [repr.filename]'picorv32/runs/25_09_29_20_15/57-openroad-stapostpnr/max_ss_100C_1v60/sta.log'[/repr.filename]…
Logging subprocess to [repr.filename]'picorv32/runs/25_09_29_20_15/57-openroad-stapostpnr/max_ff_n40C_1v95/sta.log'[/repr.filename]…
Finished STA for the min_ss_100C_1v60 timing corner.
Logging subprocess to [repr.filename]'picorv32/runs/25_09_29_20_15/57-openroad-stapostpnr/min_ss_100C_1v60/filter_unannotated.log'[/repr.filename]…
Finished STA for the nom_ss_100C_1v60 timing corner.
Finished STA for the max_ss_100C_1v60 timing corner.
Logging subprocess to [repr.filename]'picorv32/runs/25_09_29_20_15/57-openroad-stapostpnr/nom_ss_100C_1v60/filter_unannotated.log'[/repr.filename]…
Logging subprocess to [repr.filename]'picorv32/runs/25_09_29_20_15/57-openroad-stapostpnr/max_ss_100C_1v60/filter_unannotated.log'[/repr.filename]…
Finished STA for the min_tt_025C_1v80 timing corner.
Logging subprocess to [repr.filename]'picorv32/runs/25_09_29_20_15/57-openroad-stapostpnr/min_tt_025C_1v80/filter_unannotated.log'[/repr.filename]…
Finished STA for the max_tt_025C_1v80 timing corner.
Logging subprocess to [repr.filename]'picorv32/runs/25_09_29_20_15/57-openroad-stapostpnr/max_tt_025C_1v80/filter_unannotated.log'[/repr.filename]…
Finished STA for the min_ff_n40C_1v95 timing corner.
Logging subprocess to [repr.filename]'picorv32/runs/25_09_29_20_15/57-openroad-stapostpnr/min_ff_n40C_1v95/filter_unannotated.log'[/repr.filename]…
Finished STA for the nom_ff_n40C_1v95 timing corner.
Logging subprocess to [repr.filename]'picorv32/runs/25_09_29_20_15/57-openroad-stapostpnr/nom_ff_n40C_1v95/filter_unannotated.log'[/repr.filename]…
Finished STA for the max_ff_n40C_1v95 timing corner.
Logging subprocess to [repr.filename]'picorv32/runs/25_09_29_20_15/57-openroad-stapostpnr/max_ff_n40C_1v95/filter_unannotated.log'[/repr.filename]…
Finished STA for the nom_tt_025C_1v80 timing corner.
Logging subprocess to [repr.filename]'picorv32/runs/25_09_29_20_15/57-openroad-stapostpnr/nom_tt_025C_1v80/filter_unannotated.log'[/repr.filename]…
Running 'OpenROAD.IRDropReport' at 'picorv32/runs/25_09_29_20_15/58-openroad-irdropreport'…
'VSRC_LOC_FILES' was not given a value, which may make the results of IR drop analysis inaccurate. If you are not integrating a top-level chip for manufacture, you may ignore this warning, otherwise, see the documentation for 'VSRC_LOC_FILES'.
Logging subprocess to [repr.filename]'picorv32/runs/25_09_29_20_15/58-openroad-irdropreport/openroad-irdropreport.log'[/repr.filename]…
[STA-0366] port 'wb_rst_i' not found.
[STA-0366] port 'wbs_ack_o' not found.
[STA-0472] no valid objects specified for -through
[STA-0366] port 'wbs_ack_o' not found.
[STA-0472] no valid objects specified for -through
[STA-0366] port 'wbs_cyc_i' not found.
[STA-0472] no valid objects specified for -through
[STA-0366] port 'wbs_cyc_i' not found.
[STA-0472] no valid objects specified for -through
[STA-0366] port 'wbs_stb_i' not found.
[STA-0472] no valid objects specified for -through
[STA-0366] port 'wbs_stb_i' not found.
[STA-0472] no valid objects specified for -through
[STA-0366] port 'la_data_in[*]' not found.
[STA-0366] port 'la_oenb[*]' not found.
[STA-0366] port 'wbs_sel_i[*]' not found.
[STA-0366] port 'wbs_we_i' not found.
[STA-0366] port 'wbs_adr_i[*]' not found.
[STA-0366] port 'wbs_stb_i' not found.
[STA-0366] port 'wbs_dat_i[*]' not found.
[STA-0366] port 'wbs_cyc_i' not found.
[STA-0366] port 'la_data_in[*]' not found.
[STA-0366] port 'la_oenb[*]' not found.
[STA-0366] port 'wbs_adr_i[*]' not found.
[STA-0366] port 'wbs_dat_i[*]' not found.
[STA-0366] port 'wbs_sel_i[*]' not found.
[STA-0366] port 'wbs_we_i' not found.
[STA-0366] port 'wbs_cyc_i' not found.
[STA-0366] port 'wbs_stb_i' not found.
[STA-0366] port 'wbs_we_i' not found.
[STA-0366] port 'wbs_stb_i' not found.
[STA-0366] port 'wbs_cyc_i' not found.
[STA-0366] port 'wbs_sel_i[*]' not found.
[STA-0366] port 'io_in[*]' not found.
[STA-0366] port 'wbs_dat_i[*]' not found.
[STA-0366] port 'la_data_in[*]' not found.
[STA-0366] port 'wbs_adr_i[*]' not found.
[STA-0366] port 'la_oenb[*]' not found.
[STA-0366] port 'io_in[*]' not found.
[STA-0366] port 'la_oenb[*]' not found.
[STA-0366] port 'la_data_in[*]' not found.
[STA-0366] port 'wbs_adr_i[*]' not found.
[STA-0366] port 'wbs_dat_i[*]' not found.
[STA-0366] port 'wbs_cyc_i' not found.
[STA-0366] port 'wbs_sel_i[*]' not found.
[STA-0366] port 'wbs_we_i' not found.
[STA-0366] port 'wbs_stb_i' not found.
[STA-0366] port 'user_irq[*]' not found.
[STA-0366] port 'la_data_out[*]' not found.
[STA-0366] port 'wbs_dat_o[*]' not found.
[STA-0366] port 'wbs_ack_o' not found.
[STA-0366] port 'la_data_out[*]' not found.
[STA-0366] port 'user_irq[*]' not found.
[STA-0366] port 'wbs_dat_o[*]' not found.
[STA-0366] port 'wbs_ack_o' not found.
[INFO PSM-0040] All shapes on net vccd1 are connected.
########## IR report #################
Net              : vccd1
Corner           : nom_tt_025C_1v80
Supply voltage   : 1.80e+00 V
Worstcase voltage: 1.80e+00 V
Average voltage  : 1.80e+00 V
Average IR drop  : 1.68e-04 V
Worstcase IR drop: 1.36e-03 V
Percentage drop  : 0.08 %
######################################
[INFO PSM-0040] All shapes on net vssd1 are connected.
########## IR report #################
Net              : vssd1
Corner           : nom_tt_025C_1v80
Supply voltage   : 0.00e+00 V
Worstcase voltage: 1.24e-03 V
Average voltage  : 1.61e-04 V
Average IR drop  : 1.61e-04 V
Worstcase IR drop: 1.24e-03 V
Percentage drop  : 0.07 %
######################################

Running 'Magic.StreamOut' at 'picorv32/runs/25_09_29_20_15/59-magic-streamout'…
Logging subprocess to [repr.filename]'picorv32/runs/25_09_29_20_15/59-magic-streamout/magic-streamout.log'[/repr.filename]…
Running 'KLayout.StreamOut' at 'picorv32/runs/25_09_29_20_15/60-klayout-streamout'…
Logging subprocess to [repr.filename]'picorv32/runs/25_09_29_20_15/60-klayout-streamout/klayout-streamout.log'[/repr.filename]…
Running 'Magic.WriteLEF' at 'picorv32/runs/25_09_29_20_15/61-magic-writelef'…
Logging subprocess to [repr.filename]'picorv32/runs/25_09_29_20_15/61-magic-writelef/magic-writelef.log'[/repr.filename]…
Running 'Odb.CheckDesignAntennaProperties' at 'picorv32/runs/25_09_29_20_15/62-odb-checkdesignantennaproperties'…
Logging subprocess to [repr.filename]'picorv32/runs/25_09_29_20_15/62-odb-checkdesignantennaproperties/odb-checkdesignantennaproperties.log'[/repr.filename]…
Cell 'picorv32' has (67) input pin(s) without antenna gate information. They might not be connected to a gate.
Cell 'picorv32' has (106) output pin(s) without antenna diffusion information. They might not be driven.
Running 'KLayout.XOR' at 'picorv32/runs/25_09_29_20_15/63-klayout-xor'…
Running XOR with 10 threads…
Logging subprocess to [repr.filename]'picorv32/runs/25_09_29_20_15/63-klayout-xor/klayout-xor.log'[/repr.filename]…
Running 'Checker.XOR' at 'picorv32/runs/25_09_29_20_15/64-checker-xor'…
Check for XOR differences clear.
Running 'Magic.DRC' at 'picorv32/runs/25_09_29_20_15/65-magic-drc'…
Logging subprocess to [repr.filename]'picorv32/runs/25_09_29_20_15/65-magic-drc/magic-drc.log'[/repr.filename]…
Running 'KLayout.DRC' at 'picorv32/runs/25_09_29_20_15/66-klayout-drc'…
Running KLayout DRC with 10 threads…
Logging subprocess to [repr.filename]'picorv32/runs/25_09_29_20_15/66-klayout-drc/klayout-drc.log'[/repr.filename]…
Logging subprocess to [repr.filename]'picorv32/runs/25_09_29_20_15/66-klayout-drc/xml_drc_report_to_json.log'[/repr.filename]…
Running 'Checker.MagicDRC' at 'picorv32/runs/25_09_29_20_15/67-checker-magicdrc'…
Check for Magic DRC errors clear.
Running 'Checker.KLayoutDRC' at 'picorv32/runs/25_09_29_20_15/68-checker-klayoutdrc'…
Check for KLayout DRC errors clear.
Running 'Magic.SpiceExtraction' at 'picorv32/runs/25_09_29_20_15/69-magic-spiceextraction'…
Logging subprocess to [repr.filename]'picorv32/runs/25_09_29_20_15/69-magic-spiceextraction/magic-spiceextraction.log'[/repr.filename]…
Running 'Checker.IllegalOverlap' at 'picorv32/runs/25_09_29_20_15/70-checker-illegaloverlap'…
Check for Magic Illegal Overlap errors clear.
Running 'Netgen.LVS' at 'picorv32/runs/25_09_29_20_15/71-netgen-lvs'…
Logging subprocess to [repr.filename]'picorv32/runs/25_09_29_20_15/71-netgen-lvs/netgen-lvs.log'[/repr.filename]…
Running 'Checker.LVS' at 'picorv32/runs/25_09_29_20_15/72-checker-lvs'…
Check for LVS errors clear.
Gating variable for step 'Yosys.EQY' set to 'False'- the step will be skipped.
Skipping step 'Equivalence Check'…
Running 'Checker.SetupViolations' at 'picorv32/runs/25_09_29_20_15/73-checker-setupviolations'…
No setup violations found
Running 'Checker.HoldViolations' at 'picorv32/runs/25_09_29_20_15/74-checker-holdviolations'…
No hold violations found
Running 'Checker.MaxSlewViolations' at 'picorv32/runs/25_09_29_20_15/75-checker-maxslewviolations'…
Max Slew violations found in the following corners:
* max_ss_100C_1v60
* max_tt_025C_1v80
* min_ss_100C_1v60
* nom_ss_100C_1v60
* nom_tt_025C_1v80
No max slew violations found
Running 'Checker.MaxCapViolations' at 'picorv32/runs/25_09_29_20_15/76-checker-maxcapviolations'…
Max Cap violations found in the following corners:
* max_ss_100C_1v60
* nom_ss_100C_1v60
No max cap violations found
Running 'Misc.ReportManufacturability' at 'picorv32/runs/25_09_29_20_15/77-misc-reportmanufacturability'…
Saving views to '/Users/jeffdi/Projects/picoRV32_caravel/openlane/picorv32/runs/25_09_29_20_15/final'…
Flow complete.
