478 Lint warnings found.
'PNR_SDC_FILE' is not defined. Using generic fallback SDC for OpenROAD PnR steps.
'SIGNOFF_SDC_FILE' is not defined. Using generic fallback SDC for OpenROAD PnR steps.
[STA-0366] port 'wb_clk_i' not found.
[STA-0450] virtual clock clk can not be propagated.
[STA-0419] transition time can not be specified for virtual clocks.
[STA-0366] port 'wb_rst_i' not found.
[STA-0366] port 'wbs_ack_o' not found.
[STA-0472] no valid objects specified for -through
[STA-0366] port 'wbs_ack_o' not found.
[STA-0472] no valid objects specified for -through
[STA-0366] port 'wbs_cyc_i' not found.
[STA-0472] no valid objects specified for -through
[STA-0366] port 'wbs_cyc_i' not found.
[STA-0472] no valid objects specified for -through
[STA-0366] port 'wbs_stb_i' not found.
[STA-0472] no valid objects specified for -through
[STA-0366] port 'wbs_stb_i' not found.
[STA-0472] no valid objects specified for -through
[STA-0366] port 'wb_clk_i' not found.
[STA-0366] port 'la_data_in[*]' not found.
[STA-0366] port 'la_oenb[*]' not found.
[STA-0366] port 'wbs_sel_i[*]' not found.
[STA-0366] port 'wbs_we_i' not found.
[STA-0366] port 'wbs_adr_i[*]' not found.
[STA-0366] port 'wbs_stb_i' not found.
[STA-0366] port 'wbs_dat_i[*]' not found.
[STA-0366] port 'wbs_cyc_i' not found.
[STA-0366] port 'la_data_in[*]' not found.
[STA-0366] port 'la_oenb[*]' not found.
[STA-0366] port 'wbs_adr_i[*]' not found.
[STA-0366] port 'wbs_dat_i[*]' not found.
[STA-0366] port 'wbs_sel_i[*]' not found.
[STA-0366] port 'wbs_we_i' not found.
[STA-0366] port 'wbs_cyc_i' not found.
[STA-0366] port 'wbs_stb_i' not found.
[STA-0366] port 'wbs_we_i' not found.
[STA-0366] port 'wbs_stb_i' not found.
[STA-0366] port 'wbs_cyc_i' not found.
[STA-0366] port 'wbs_sel_i[*]' not found.
[STA-0366] port 'io_in[*]' not found.
[STA-0366] port 'wbs_dat_i[*]' not found.
[STA-0366] port 'la_data_in[*]' not found.
[STA-0366] port 'wbs_adr_i[*]' not found.
[STA-0366] port 'la_oenb[*]' not found.
[STA-0366] port 'io_in[*]' not found.
[STA-0366] port 'la_oenb[*]' not found.
[STA-0366] port 'la_data_in[*]' not found.
[STA-0366] port 'wbs_adr_i[*]' not found.
[STA-0366] port 'wbs_dat_i[*]' not found.
[STA-0366] port 'wbs_cyc_i' not found.
[STA-0366] port 'wbs_sel_i[*]' not found.
[STA-0366] port 'wbs_we_i' not found.
[STA-0366] port 'wbs_stb_i' not found.
[STA-0366] port 'user_irq[*]' not found.
[STA-0366] port 'la_data_out[*]' not found.
[STA-0366] port 'wbs_dat_o[*]' not found.
[STA-0366] port 'wbs_ack_o' not found.
[STA-0366] port 'la_data_out[*]' not found.
[STA-0366] port 'user_irq[*]' not found.
[STA-0366] port 'wbs_dat_o[*]' not found.
[STA-0366] port 'wbs_ack_o' not found.
[STA-0366] port 'wb_clk_i' not found.
[STA-0450] virtual clock clk can not be propagated.
[STA-0419] transition time can not be specified for virtual clocks.
[STA-0366] port 'wb_rst_i' not found.
[STA-0366] port 'wbs_ack_o' not found.
[STA-0472] no valid objects specified for -through
[STA-0366] port 'wbs_ack_o' not found.
[STA-0472] no valid objects specified for -through
[STA-0366] port 'wbs_cyc_i' not found.
[STA-0472] no valid objects specified for -through
[STA-0366] port 'wbs_cyc_i' not found.
[STA-0472] no valid objects specified for -through
[STA-0366] port 'wbs_stb_i' not found.
[STA-0472] no valid objects specified for -through
[STA-0366] port 'wbs_stb_i' not found.
[STA-0472] no valid objects specified for -through
[STA-0366] port 'wb_clk_i' not found.
[STA-0366] port 'la_data_in[*]' not found.
[STA-0366] port 'la_oenb[*]' not found.
[STA-0366] port 'wbs_sel_i[*]' not found.
[STA-0366] port 'wbs_we_i' not found.
[STA-0366] port 'wbs_adr_i[*]' not found.
[STA-0366] port 'wbs_stb_i' not found.
[STA-0366] port 'wbs_dat_i[*]' not found.
[STA-0366] port 'wbs_cyc_i' not found.
[STA-0366] port 'la_data_in[*]' not found.
[STA-0366] port 'la_oenb[*]' not found.
[STA-0366] port 'wbs_adr_i[*]' not found.
[STA-0366] port 'wbs_dat_i[*]' not found.
[STA-0366] port 'wbs_sel_i[*]' not found.
[STA-0366] port 'wbs_we_i' not found.
[STA-0366] port 'wbs_cyc_i' not found.
[STA-0366] port 'wbs_stb_i' not found.
[STA-0366] port 'wbs_we_i' not found.
[STA-0366] port 'wbs_stb_i' not found.
[STA-0366] port 'wbs_cyc_i' not found.
[STA-0366] port 'wbs_sel_i[*]' not found.
[STA-0366] port 'io_in[*]' not found.
[STA-0366] port 'wbs_dat_i[*]' not found.
[STA-0366] port 'la_data_in[*]' not found.
[STA-0366] port 'wbs_adr_i[*]' not found.
[STA-0366] port 'la_oenb[*]' not found.
[STA-0366] port 'io_in[*]' not found.
[STA-0366] port 'la_oenb[*]' not found.
[STA-0366] port 'la_data_in[*]' not found.
[STA-0366] port 'wbs_adr_i[*]' not found.
[STA-0366] port 'wbs_dat_i[*]' not found.
[STA-0366] port 'wbs_cyc_i' not found.
[STA-0366] port 'wbs_sel_i[*]' not found.
[STA-0366] port 'wbs_we_i' not found.
[STA-0366] port 'wbs_stb_i' not found.
[STA-0366] port 'user_irq[*]' not found.
[STA-0366] port 'la_data_out[*]' not found.
[STA-0366] port 'wbs_dat_o[*]' not found.
[STA-0366] port 'wbs_ack_o' not found.
[STA-0366] port 'la_data_out[*]' not found.
[STA-0366] port 'user_irq[*]' not found.
[STA-0366] port 'wbs_dat_o[*]' not found.
[STA-0366] port 'wbs_ack_o' not found.
[STA-0366] port 'wb_clk_i' not found.
[STA-0450] virtual clock clk can not be propagated.
[STA-0419] transition time can not be specified for virtual clocks.
[STA-0366] port 'wb_rst_i' not found.
[STA-0366] port 'wbs_ack_o' not found.
[STA-0472] no valid objects specified for -through
[STA-0366] port 'wbs_ack_o' not found.
[STA-0472] no valid objects specified for -through
[STA-0366] port 'wbs_cyc_i' not found.
[STA-0472] no valid objects specified for -through
[STA-0366] port 'wbs_cyc_i' not found.
[STA-0472] no valid objects specified for -through
[STA-0366] port 'wbs_stb_i' not found.
[STA-0472] no valid objects specified for -through
[STA-0366] port 'wbs_stb_i' not found.
[STA-0472] no valid objects specified for -through
[STA-0366] port 'wb_clk_i' not found.
[STA-0366] port 'la_data_in[*]' not found.
[STA-0366] port 'la_oenb[*]' not found.
[STA-0366] port 'wbs_sel_i[*]' not found.
[STA-0366] port 'wbs_we_i' not found.
[STA-0366] port 'wbs_adr_i[*]' not found.
[STA-0366] port 'wbs_stb_i' not found.
[STA-0366] port 'wbs_dat_i[*]' not found.
[STA-0366] port 'wbs_cyc_i' not found.
[STA-0366] port 'la_data_in[*]' not found.
[STA-0366] port 'la_oenb[*]' not found.
[STA-0366] port 'wbs_adr_i[*]' not found.
[STA-0366] port 'wbs_dat_i[*]' not found.
[STA-0366] port 'wbs_sel_i[*]' not found.
[STA-0366] port 'wbs_we_i' not found.
[STA-0366] port 'wbs_cyc_i' not found.
[STA-0366] port 'wbs_stb_i' not found.
[STA-0366] port 'wbs_we_i' not found.
[STA-0366] port 'wbs_stb_i' not found.
[STA-0366] port 'wbs_cyc_i' not found.
[STA-0366] port 'wbs_sel_i[*]' not found.
[STA-0366] port 'io_in[*]' not found.
[STA-0366] port 'wbs_dat_i[*]' not found.
[STA-0366] port 'la_data_in[*]' not found.
[STA-0366] port 'wbs_adr_i[*]' not found.
[STA-0366] port 'la_oenb[*]' not found.
[STA-0366] port 'io_in[*]' not found.
[STA-0366] port 'la_oenb[*]' not found.
[STA-0366] port 'la_data_in[*]' not found.
[STA-0366] port 'wbs_adr_i[*]' not found.
[STA-0366] port 'wbs_dat_i[*]' not found.
[STA-0366] port 'wbs_cyc_i' not found.
[STA-0366] port 'wbs_sel_i[*]' not found.
[STA-0366] port 'wbs_we_i' not found.
[STA-0366] port 'wbs_stb_i' not found.
[STA-0366] port 'user_irq[*]' not found.
[STA-0366] port 'la_data_out[*]' not found.
[STA-0366] port 'wbs_dat_o[*]' not found.
[STA-0366] port 'wbs_ack_o' not found.
[STA-0366] port 'la_data_out[*]' not found.
[STA-0366] port 'user_irq[*]' not found.
[STA-0366] port 'wbs_dat_o[*]' not found.
[STA-0366] port 'wbs_ack_o' not found.
[STA-0366] port 'wb_clk_i' not found.
[STA-0450] virtual clock clk can not be propagated.
[STA-0419] transition time can not be specified for virtual clocks.
[STA-0366] port 'wb_rst_i' not found.
[STA-0366] port 'wbs_ack_o' not found.
[STA-0472] no valid objects specified for -through
[STA-0366] port 'wbs_ack_o' not found.
[STA-0472] no valid objects specified for -through
[STA-0366] port 'wbs_cyc_i' not found.
[STA-0472] no valid objects specified for -through
[STA-0366] port 'wbs_cyc_i' not found.
[STA-0472] no valid objects specified for -through
[STA-0366] port 'wbs_stb_i' not found.
[STA-0472] no valid objects specified for -through
[STA-0366] port 'wbs_stb_i' not found.
[STA-0472] no valid objects specified for -through
[STA-0366] port 'wb_clk_i' not found.
[STA-0366] port 'la_data_in[*]' not found.
[STA-0366] port 'la_oenb[*]' not found.
[STA-0366] port 'wbs_sel_i[*]' not found.
[STA-0366] port 'wbs_we_i' not found.
[STA-0366] port 'wbs_adr_i[*]' not found.
[STA-0366] port 'wbs_stb_i' not found.
[STA-0366] port 'wbs_dat_i[*]' not found.
[STA-0366] port 'wbs_cyc_i' not found.
[STA-0366] port 'la_data_in[*]' not found.
[STA-0366] port 'la_oenb[*]' not found.
[STA-0366] port 'wbs_adr_i[*]' not found.
[STA-0366] port 'wbs_dat_i[*]' not found.
[STA-0366] port 'wbs_sel_i[*]' not found.
[STA-0366] port 'wbs_we_i' not found.
[STA-0366] port 'wbs_cyc_i' not found.
[STA-0366] port 'wbs_stb_i' not found.
[STA-0366] port 'wbs_we_i' not found.
[STA-0366] port 'wbs_stb_i' not found.
[STA-0366] port 'wbs_cyc_i' not found.
[STA-0366] port 'wbs_sel_i[*]' not found.
[STA-0366] port 'io_in[*]' not found.
[STA-0366] port 'wbs_dat_i[*]' not found.
[STA-0366] port 'la_data_in[*]' not found.
[STA-0366] port 'wbs_adr_i[*]' not found.
[STA-0366] port 'la_oenb[*]' not found.
[STA-0366] port 'io_in[*]' not found.
[STA-0366] port 'la_oenb[*]' not found.
[STA-0366] port 'la_data_in[*]' not found.
[STA-0366] port 'wbs_adr_i[*]' not found.
[STA-0366] port 'wbs_dat_i[*]' not found.
[STA-0366] port 'wbs_cyc_i' not found.
[STA-0366] port 'wbs_sel_i[*]' not found.
[STA-0366] port 'wbs_we_i' not found.
[STA-0366] port 'wbs_stb_i' not found.
[STA-0366] port 'user_irq[*]' not found.
[STA-0366] port 'la_data_out[*]' not found.
[STA-0366] port 'wbs_dat_o[*]' not found.
[STA-0366] port 'wbs_ack_o' not found.
[STA-0366] port 'la_data_out[*]' not found.
[STA-0366] port 'user_irq[*]' not found.
[STA-0366] port 'wbs_dat_o[*]' not found.
[STA-0366] port 'wbs_ack_o' not found.
[STA-0366] port 'wb_clk_i' not found.
[STA-0450] virtual clock clk can not be propagated.
[STA-0419] transition time can not be specified for virtual clocks.
[STA-0366] port 'wb_rst_i' not found.
[STA-0366] port 'wbs_ack_o' not found.
[STA-0472] no valid objects specified for -through
[STA-0366] port 'wbs_ack_o' not found.
[STA-0472] no valid objects specified for -through
[STA-0366] port 'wbs_cyc_i' not found.
[STA-0472] no valid objects specified for -through
[STA-0366] port 'wbs_cyc_i' not found.
[STA-0472] no valid objects specified for -through
[STA-0366] port 'wbs_stb_i' not found.
[STA-0472] no valid objects specified for -through
[STA-0366] port 'wbs_stb_i' not found.
[STA-0472] no valid objects specified for -through
[STA-0366] port 'wb_clk_i' not found.
[STA-0366] port 'la_data_in[*]' not found.
[STA-0366] port 'la_oenb[*]' not found.
[STA-0366] port 'wbs_sel_i[*]' not found.
[STA-0366] port 'wbs_we_i' not found.
[STA-0366] port 'wbs_adr_i[*]' not found.
[STA-0366] port 'wbs_stb_i' not found.
[STA-0366] port 'wbs_dat_i[*]' not found.
[STA-0366] port 'wbs_cyc_i' not found.
[STA-0366] port 'la_data_in[*]' not found.
[STA-0366] port 'la_oenb[*]' not found.
[STA-0366] port 'wbs_adr_i[*]' not found.
[STA-0366] port 'wbs_dat_i[*]' not found.
[STA-0366] port 'wbs_sel_i[*]' not found.
[STA-0366] port 'wbs_we_i' not found.
[STA-0366] port 'wbs_cyc_i' not found.
[STA-0366] port 'wbs_stb_i' not found.
[STA-0366] port 'wbs_we_i' not found.
[STA-0366] port 'wbs_stb_i' not found.
[STA-0366] port 'wbs_cyc_i' not found.
[STA-0366] port 'wbs_sel_i[*]' not found.
[STA-0366] port 'io_in[*]' not found.
[STA-0366] port 'wbs_dat_i[*]' not found.
[STA-0366] port 'la_data_in[*]' not found.
[STA-0366] port 'wbs_adr_i[*]' not found.
[STA-0366] port 'la_oenb[*]' not found.
[STA-0366] port 'io_in[*]' not found.
[STA-0366] port 'la_oenb[*]' not found.
[STA-0366] port 'la_data_in[*]' not found.
[STA-0366] port 'wbs_adr_i[*]' not found.
[STA-0366] port 'wbs_dat_i[*]' not found.
[STA-0366] port 'wbs_cyc_i' not found.
[STA-0366] port 'wbs_sel_i[*]' not found.
[STA-0366] port 'wbs_we_i' not found.
[STA-0366] port 'wbs_stb_i' not found.
[STA-0366] port 'user_irq[*]' not found.
[STA-0366] port 'la_data_out[*]' not found.
[STA-0366] port 'wbs_dat_o[*]' not found.
[STA-0366] port 'wbs_ack_o' not found.
[STA-0366] port 'la_data_out[*]' not found.
[STA-0366] port 'user_irq[*]' not found.
[STA-0366] port 'wbs_dat_o[*]' not found.
[STA-0366] port 'wbs_ack_o' not found.
wb_.* not found in design but found in config.
[STA-0366] port 'wb_clk_i' not found.
[STA-0450] virtual clock clk can not be propagated.
[STA-0419] transition time can not be specified for virtual clocks.
[STA-0366] port 'wb_rst_i' not found.
[STA-0366] port 'wbs_ack_o' not found.
[STA-0472] no valid objects specified for -through
[STA-0366] port 'wbs_ack_o' not found.
[STA-0472] no valid objects specified for -through
[STA-0366] port 'wbs_cyc_i' not found.
[STA-0472] no valid objects specified for -through
[STA-0366] port 'wbs_cyc_i' not found.
[STA-0472] no valid objects specified for -through
[STA-0366] port 'wbs_stb_i' not found.
[STA-0472] no valid objects specified for -through
[STA-0366] port 'wbs_stb_i' not found.
[STA-0472] no valid objects specified for -through
[STA-0366] port 'wb_clk_i' not found.
[STA-0366] port 'la_data_in[*]' not found.
[STA-0366] port 'la_oenb[*]' not found.
[STA-0366] port 'wbs_sel_i[*]' not found.
[STA-0366] port 'wbs_we_i' not found.
[STA-0366] port 'wbs_adr_i[*]' not found.
[STA-0366] port 'wbs_stb_i' not found.
[STA-0366] port 'wbs_dat_i[*]' not found.
[STA-0366] port 'wbs_cyc_i' not found.
[STA-0366] port 'la_data_in[*]' not found.
[STA-0366] port 'la_oenb[*]' not found.
[STA-0366] port 'wbs_adr_i[*]' not found.
[STA-0366] port 'wbs_dat_i[*]' not found.
[STA-0366] port 'wbs_sel_i[*]' not found.
[STA-0366] port 'wbs_we_i' not found.
[STA-0366] port 'wbs_cyc_i' not found.
[STA-0366] port 'wbs_stb_i' not found.
[STA-0366] port 'wbs_we_i' not found.
[STA-0366] port 'wbs_stb_i' not found.
[STA-0366] port 'wbs_cyc_i' not found.
[STA-0366] port 'wbs_sel_i[*]' not found.
[STA-0366] port 'io_in[*]' not found.
[STA-0366] port 'wbs_dat_i[*]' not found.
[STA-0366] port 'la_data_in[*]' not found.
[STA-0366] port 'wbs_adr_i[*]' not found.
[STA-0366] port 'la_oenb[*]' not found.
[STA-0366] port 'io_in[*]' not found.
[STA-0366] port 'la_oenb[*]' not found.
[STA-0366] port 'la_data_in[*]' not found.
[STA-0366] port 'wbs_adr_i[*]' not found.
[STA-0366] port 'wbs_dat_i[*]' not found.
[STA-0366] port 'wbs_cyc_i' not found.
[STA-0366] port 'wbs_sel_i[*]' not found.
[STA-0366] port 'wbs_we_i' not found.
[STA-0366] port 'wbs_stb_i' not found.
[STA-0366] port 'user_irq[*]' not found.
[STA-0366] port 'la_data_out[*]' not found.
[STA-0366] port 'wbs_dat_o[*]' not found.
[STA-0366] port 'wbs_ack_o' not found.
[STA-0366] port 'la_data_out[*]' not found.
[STA-0366] port 'user_irq[*]' not found.
[STA-0366] port 'wbs_dat_o[*]' not found.
[STA-0366] port 'wbs_ack_o' not found.
[GPL-0102] Timing-driven: no slacks found. Timing-driven mode disabled.
[STA-0366] port 'wb_clk_i' not found.
[STA-0450] virtual clock clk can not be propagated.
[STA-0419] transition time can not be specified for virtual clocks.
[STA-0366] port 'wb_rst_i' not found.
[STA-0366] port 'wbs_ack_o' not found.
[STA-0472] no valid objects specified for -through
[STA-0366] port 'wbs_ack_o' not found.
[STA-0472] no valid objects specified for -through
[STA-0366] port 'wbs_cyc_i' not found.
[STA-0472] no valid objects specified for -through
[STA-0366] port 'wbs_cyc_i' not found.
[STA-0472] no valid objects specified for -through
[STA-0366] port 'wbs_stb_i' not found.
[STA-0472] no valid objects specified for -through
[STA-0366] port 'wbs_stb_i' not found.
[STA-0472] no valid objects specified for -through
[STA-0366] port 'wb_clk_i' not found.
[STA-0366] port 'la_data_in[*]' not found.
[STA-0366] port 'la_oenb[*]' not found.
[STA-0366] port 'wbs_sel_i[*]' not found.
[STA-0366] port 'wbs_we_i' not found.
[STA-0366] port 'wbs_adr_i[*]' not found.
[STA-0366] port 'wbs_stb_i' not found.
[STA-0366] port 'wbs_dat_i[*]' not found.
[STA-0366] port 'wbs_cyc_i' not found.
[STA-0366] port 'la_data_in[*]' not found.
[STA-0366] port 'la_oenb[*]' not found.
[STA-0366] port 'wbs_adr_i[*]' not found.
[STA-0366] port 'wbs_dat_i[*]' not found.
[STA-0366] port 'wbs_sel_i[*]' not found.
[STA-0366] port 'wbs_we_i' not found.
[STA-0366] port 'wbs_cyc_i' not found.
[STA-0366] port 'wbs_stb_i' not found.
[STA-0366] port 'wbs_we_i' not found.
[STA-0366] port 'wbs_stb_i' not found.
[STA-0366] port 'wbs_cyc_i' not found.
[STA-0366] port 'wbs_sel_i[*]' not found.
[STA-0366] port 'io_in[*]' not found.
[STA-0366] port 'wbs_dat_i[*]' not found.
[STA-0366] port 'la_data_in[*]' not found.
[STA-0366] port 'wbs_adr_i[*]' not found.
[STA-0366] port 'la_oenb[*]' not found.
[STA-0366] port 'io_in[*]' not found.
[STA-0366] port 'la_oenb[*]' not found.
[STA-0366] port 'la_data_in[*]' not found.
[STA-0366] port 'wbs_adr_i[*]' not found.
[STA-0366] port 'wbs_dat_i[*]' not found.
[STA-0366] port 'wbs_cyc_i' not found.
[STA-0366] port 'wbs_sel_i[*]' not found.
[STA-0366] port 'wbs_we_i' not found.
[STA-0366] port 'wbs_stb_i' not found.
[STA-0366] port 'user_irq[*]' not found.
[STA-0366] port 'la_data_out[*]' not found.
[STA-0366] port 'wbs_dat_o[*]' not found.
[STA-0366] port 'wbs_ack_o' not found.
[STA-0366] port 'la_data_out[*]' not found.
[STA-0366] port 'user_irq[*]' not found.
[STA-0366] port 'wbs_dat_o[*]' not found.
[STA-0366] port 'wbs_ack_o' not found.
[GRT-0097] No global routing found for nets.
[STA-0366] port 'wb_clk_i' not found.
[STA-0450] virtual clock clk can not be propagated.
[STA-0419] transition time can not be specified for virtual clocks.
[STA-0366] port 'wb_rst_i' not found.
[STA-0366] port 'wbs_ack_o' not found.
[STA-0472] no valid objects specified for -through
[STA-0366] port 'wbs_ack_o' not found.
[STA-0472] no valid objects specified for -through
[STA-0366] port 'wbs_cyc_i' not found.
[STA-0472] no valid objects specified for -through
[STA-0366] port 'wbs_cyc_i' not found.
[STA-0472] no valid objects specified for -through
[STA-0366] port 'wbs_stb_i' not found.
[STA-0472] no valid objects specified for -through
[STA-0366] port 'wbs_stb_i' not found.
[STA-0472] no valid objects specified for -through
[STA-0366] port 'wb_clk_i' not found.
[STA-0366] port 'la_data_in[*]' not found.
[STA-0366] port 'la_oenb[*]' not found.
[STA-0366] port 'wbs_sel_i[*]' not found.
[STA-0366] port 'wbs_we_i' not found.
[STA-0366] port 'wbs_adr_i[*]' not found.
[STA-0366] port 'wbs_stb_i' not found.
[STA-0366] port 'wbs_dat_i[*]' not found.
[STA-0366] port 'wbs_cyc_i' not found.
[STA-0366] port 'la_data_in[*]' not found.
[STA-0366] port 'la_oenb[*]' not found.
[STA-0366] port 'wbs_adr_i[*]' not found.
[STA-0366] port 'wbs_dat_i[*]' not found.
[STA-0366] port 'wbs_sel_i[*]' not found.
[STA-0366] port 'wbs_we_i' not found.
[STA-0366] port 'wbs_cyc_i' not found.
[STA-0366] port 'wbs_stb_i' not found.
[STA-0366] port 'wbs_we_i' not found.
[STA-0366] port 'wbs_stb_i' not found.
[STA-0366] port 'wbs_cyc_i' not found.
[STA-0366] port 'wbs_sel_i[*]' not found.
[STA-0366] port 'io_in[*]' not found.
[STA-0366] port 'wbs_dat_i[*]' not found.
[STA-0366] port 'la_data_in[*]' not found.
[STA-0366] port 'wbs_adr_i[*]' not found.
[STA-0366] port 'la_oenb[*]' not found.
[STA-0366] port 'io_in[*]' not found.
[STA-0366] port 'la_oenb[*]' not found.
[STA-0366] port 'la_data_in[*]' not found.
[STA-0366] port 'wbs_adr_i[*]' not found.
[STA-0366] port 'wbs_dat_i[*]' not found.
[STA-0366] port 'wbs_cyc_i' not found.
[STA-0366] port 'wbs_sel_i[*]' not found.
[STA-0366] port 'wbs_we_i' not found.
[STA-0366] port 'wbs_stb_i' not found.
[STA-0366] port 'user_irq[*]' not found.
[STA-0366] port 'la_data_out[*]' not found.
[STA-0366] port 'wbs_dat_o[*]' not found.
[STA-0366] port 'wbs_ack_o' not found.
[STA-0366] port 'la_data_out[*]' not found.
[STA-0366] port 'user_irq[*]' not found.
[STA-0366] port 'wbs_dat_o[*]' not found.
[STA-0366] port 'wbs_ack_o' not found.
[STA-0366] port 'wb_clk_i' not found.
[STA-0450] virtual clock clk can not be propagated.
[STA-0419] transition time can not be specified for virtual clocks.
[STA-0366] port 'wb_rst_i' not found.
[STA-0366] port 'wbs_ack_o' not found.
[STA-0472] no valid objects specified for -through
[STA-0366] port 'wbs_ack_o' not found.
[STA-0472] no valid objects specified for -through
[STA-0366] port 'wbs_cyc_i' not found.
[STA-0472] no valid objects specified for -through
[STA-0366] port 'wbs_cyc_i' not found.
[STA-0472] no valid objects specified for -through
[STA-0366] port 'wbs_stb_i' not found.
[STA-0472] no valid objects specified for -through
[STA-0366] port 'wbs_stb_i' not found.
[STA-0472] no valid objects specified for -through
[STA-0366] port 'wb_clk_i' not found.
[STA-0366] port 'la_data_in[*]' not found.
[STA-0366] port 'la_oenb[*]' not found.
[STA-0366] port 'wbs_sel_i[*]' not found.
[STA-0366] port 'wbs_we_i' not found.
[STA-0366] port 'wbs_adr_i[*]' not found.
[STA-0366] port 'wbs_stb_i' not found.
[STA-0366] port 'wbs_dat_i[*]' not found.
[STA-0366] port 'wbs_cyc_i' not found.
[STA-0366] port 'la_data_in[*]' not found.
[STA-0366] port 'la_oenb[*]' not found.
[STA-0366] port 'wbs_adr_i[*]' not found.
[STA-0366] port 'wbs_dat_i[*]' not found.
[STA-0366] port 'wbs_sel_i[*]' not found.
[STA-0366] port 'wbs_we_i' not found.
[STA-0366] port 'wbs_cyc_i' not found.
[STA-0366] port 'wbs_stb_i' not found.
[STA-0366] port 'wbs_we_i' not found.
[STA-0366] port 'wbs_stb_i' not found.
[STA-0366] port 'wbs_cyc_i' not found.
[STA-0366] port 'wbs_sel_i[*]' not found.
[STA-0366] port 'io_in[*]' not found.
[STA-0366] port 'wbs_dat_i[*]' not found.
[STA-0366] port 'la_data_in[*]' not found.
[STA-0366] port 'wbs_adr_i[*]' not found.
[STA-0366] port 'la_oenb[*]' not found.
[STA-0366] port 'io_in[*]' not found.
[STA-0366] port 'la_oenb[*]' not found.
[STA-0366] port 'la_data_in[*]' not found.
[STA-0366] port 'wbs_adr_i[*]' not found.
[STA-0366] port 'wbs_dat_i[*]' not found.
[STA-0366] port 'wbs_cyc_i' not found.
[STA-0366] port 'wbs_sel_i[*]' not found.
[STA-0366] port 'wbs_we_i' not found.
[STA-0366] port 'wbs_stb_i' not found.
[STA-0366] port 'user_irq[*]' not found.
[STA-0366] port 'la_data_out[*]' not found.
[STA-0366] port 'wbs_dat_o[*]' not found.
[STA-0366] port 'wbs_ack_o' not found.
[STA-0366] port 'la_data_out[*]' not found.
[STA-0366] port 'user_irq[*]' not found.
[STA-0366] port 'wbs_dat_o[*]' not found.
[STA-0366] port 'wbs_ack_o' not found.
[STA-0366] port 'wb_clk_i' not found.
[STA-0450] virtual clock clk can not be propagated.
[STA-0419] transition time can not be specified for virtual clocks.
[STA-0366] port 'wb_rst_i' not found.
[STA-0366] port 'wbs_ack_o' not found.
[STA-0472] no valid objects specified for -through
[STA-0366] port 'wbs_ack_o' not found.
[STA-0472] no valid objects specified for -through
[STA-0366] port 'wbs_cyc_i' not found.
[STA-0472] no valid objects specified for -through
[STA-0366] port 'wbs_cyc_i' not found.
[STA-0472] no valid objects specified for -through
[STA-0366] port 'wbs_stb_i' not found.
[STA-0472] no valid objects specified for -through
[STA-0366] port 'wbs_stb_i' not found.
[STA-0472] no valid objects specified for -through
[STA-0366] port 'wb_clk_i' not found.
[STA-0366] port 'la_data_in[*]' not found.
[STA-0366] port 'la_oenb[*]' not found.
[STA-0366] port 'wbs_sel_i[*]' not found.
[STA-0366] port 'wbs_we_i' not found.
[STA-0366] port 'wbs_adr_i[*]' not found.
[STA-0366] port 'wbs_stb_i' not found.
[STA-0366] port 'wbs_dat_i[*]' not found.
[STA-0366] port 'wbs_cyc_i' not found.
[STA-0366] port 'la_data_in[*]' not found.
[STA-0366] port 'la_oenb[*]' not found.
[STA-0366] port 'wbs_adr_i[*]' not found.
[STA-0366] port 'wbs_dat_i[*]' not found.
[STA-0366] port 'wbs_sel_i[*]' not found.
[STA-0366] port 'wbs_we_i' not found.
[STA-0366] port 'wbs_cyc_i' not found.
[STA-0366] port 'wbs_stb_i' not found.
[STA-0366] port 'wbs_we_i' not found.
[STA-0366] port 'wbs_stb_i' not found.
[STA-0366] port 'wbs_cyc_i' not found.
[STA-0366] port 'wbs_sel_i[*]' not found.
[STA-0366] port 'io_in[*]' not found.
[STA-0366] port 'wbs_dat_i[*]' not found.
[STA-0366] port 'la_data_in[*]' not found.
[STA-0366] port 'wbs_adr_i[*]' not found.
[STA-0366] port 'la_oenb[*]' not found.
[STA-0366] port 'io_in[*]' not found.
[STA-0366] port 'la_oenb[*]' not found.
[STA-0366] port 'la_data_in[*]' not found.
[STA-0366] port 'wbs_adr_i[*]' not found.
[STA-0366] port 'wbs_dat_i[*]' not found.
[STA-0366] port 'wbs_cyc_i' not found.
[STA-0366] port 'wbs_sel_i[*]' not found.
[STA-0366] port 'wbs_we_i' not found.
[STA-0366] port 'wbs_stb_i' not found.
[STA-0366] port 'user_irq[*]' not found.
[STA-0366] port 'la_data_out[*]' not found.
[STA-0366] port 'wbs_dat_o[*]' not found.
[STA-0366] port 'wbs_ack_o' not found.
[STA-0366] port 'la_data_out[*]' not found.
[STA-0366] port 'user_irq[*]' not found.
[STA-0366] port 'wbs_dat_o[*]' not found.
[STA-0366] port 'wbs_ack_o' not found.
[CTS-0083] No clock nets have been found.
[CTS-0082] No valid clock nets in the design.
[STA-0450] virtual clock clk can not be propagated.
[STA-0366] port 'wb_clk_i' not found.
[STA-0450] virtual clock clk can not be propagated.
[STA-0419] transition time can not be specified for virtual clocks.
[STA-0366] port 'wb_rst_i' not found.
[STA-0366] port 'wbs_ack_o' not found.
[STA-0472] no valid objects specified for -through
[STA-0366] port 'wbs_ack_o' not found.
[STA-0472] no valid objects specified for -through
[STA-0366] port 'wbs_cyc_i' not found.
[STA-0472] no valid objects specified for -through
[STA-0366] port 'wbs_cyc_i' not found.
[STA-0472] no valid objects specified for -through
[STA-0366] port 'wbs_stb_i' not found.
[STA-0472] no valid objects specified for -through
[STA-0366] port 'wbs_stb_i' not found.
[STA-0472] no valid objects specified for -through
[STA-0366] port 'wb_clk_i' not found.
[STA-0366] port 'la_data_in[*]' not found.
[STA-0366] port 'la_oenb[*]' not found.
[STA-0366] port 'wbs_sel_i[*]' not found.
[STA-0366] port 'wbs_we_i' not found.
[STA-0366] port 'wbs_adr_i[*]' not found.
[STA-0366] port 'wbs_stb_i' not found.
[STA-0366] port 'wbs_dat_i[*]' not found.
[STA-0366] port 'wbs_cyc_i' not found.
[STA-0366] port 'la_data_in[*]' not found.
[STA-0366] port 'la_oenb[*]' not found.
[STA-0366] port 'wbs_adr_i[*]' not found.
[STA-0366] port 'wbs_dat_i[*]' not found.
[STA-0366] port 'wbs_sel_i[*]' not found.
[STA-0366] port 'wbs_we_i' not found.
[STA-0366] port 'wbs_cyc_i' not found.
[STA-0366] port 'wbs_stb_i' not found.
[STA-0366] port 'wbs_we_i' not found.
[STA-0366] port 'wbs_stb_i' not found.
[STA-0366] port 'wbs_cyc_i' not found.
[STA-0366] port 'wbs_sel_i[*]' not found.
[STA-0366] port 'io_in[*]' not found.
[STA-0366] port 'wbs_dat_i[*]' not found.
[STA-0366] port 'la_data_in[*]' not found.
[STA-0366] port 'wbs_adr_i[*]' not found.
[STA-0366] port 'la_oenb[*]' not found.
[STA-0366] port 'io_in[*]' not found.
[STA-0366] port 'la_oenb[*]' not found.
[STA-0366] port 'la_data_in[*]' not found.
[STA-0366] port 'wbs_adr_i[*]' not found.
[STA-0366] port 'wbs_dat_i[*]' not found.
[STA-0366] port 'wbs_cyc_i' not found.
[STA-0366] port 'wbs_sel_i[*]' not found.
[STA-0366] port 'wbs_we_i' not found.
[STA-0366] port 'wbs_stb_i' not found.
[STA-0366] port 'user_irq[*]' not found.
[STA-0366] port 'la_data_out[*]' not found.
[STA-0366] port 'wbs_dat_o[*]' not found.
[STA-0366] port 'wbs_ack_o' not found.
[STA-0366] port 'la_data_out[*]' not found.
[STA-0366] port 'user_irq[*]' not found.
[STA-0366] port 'wbs_dat_o[*]' not found.
[STA-0366] port 'wbs_ack_o' not found.
[GRT-0097] No global routing found for nets.
[STA-0366] port 'wb_clk_i' not found.
[STA-0450] virtual clock clk can not be propagated.
[STA-0419] transition time can not be specified for virtual clocks.
[STA-0366] port 'wb_rst_i' not found.
[STA-0366] port 'wbs_ack_o' not found.
[STA-0472] no valid objects specified for -through
[STA-0366] port 'wbs_ack_o' not found.
[STA-0472] no valid objects specified for -through
[STA-0366] port 'wbs_cyc_i' not found.
[STA-0472] no valid objects specified for -through
[STA-0366] port 'wbs_cyc_i' not found.
[STA-0472] no valid objects specified for -through
[STA-0366] port 'wbs_stb_i' not found.
[STA-0472] no valid objects specified for -through
[STA-0366] port 'wbs_stb_i' not found.
[STA-0472] no valid objects specified for -through
[STA-0366] port 'wb_clk_i' not found.
[STA-0366] port 'la_data_in[*]' not found.
[STA-0366] port 'la_oenb[*]' not found.
[STA-0366] port 'wbs_sel_i[*]' not found.
[STA-0366] port 'wbs_we_i' not found.
[STA-0366] port 'wbs_adr_i[*]' not found.
[STA-0366] port 'wbs_stb_i' not found.
[STA-0366] port 'wbs_dat_i[*]' not found.
[STA-0366] port 'wbs_cyc_i' not found.
[STA-0366] port 'la_data_in[*]' not found.
[STA-0366] port 'la_oenb[*]' not found.
[STA-0366] port 'wbs_adr_i[*]' not found.
[STA-0366] port 'wbs_dat_i[*]' not found.
[STA-0366] port 'wbs_sel_i[*]' not found.
[STA-0366] port 'wbs_we_i' not found.
[STA-0366] port 'wbs_cyc_i' not found.
[STA-0366] port 'wbs_stb_i' not found.
[STA-0366] port 'wbs_we_i' not found.
[STA-0366] port 'wbs_stb_i' not found.
[STA-0366] port 'wbs_cyc_i' not found.
[STA-0366] port 'wbs_sel_i[*]' not found.
[STA-0366] port 'io_in[*]' not found.
[STA-0366] port 'wbs_dat_i[*]' not found.
[STA-0366] port 'la_data_in[*]' not found.
[STA-0366] port 'wbs_adr_i[*]' not found.
[STA-0366] port 'la_oenb[*]' not found.
[STA-0366] port 'io_in[*]' not found.
[STA-0366] port 'la_oenb[*]' not found.
[STA-0366] port 'la_data_in[*]' not found.
[STA-0366] port 'wbs_adr_i[*]' not found.
[STA-0366] port 'wbs_dat_i[*]' not found.
[STA-0366] port 'wbs_cyc_i' not found.
[STA-0366] port 'wbs_sel_i[*]' not found.
[STA-0366] port 'wbs_we_i' not found.
[STA-0366] port 'wbs_stb_i' not found.
[STA-0366] port 'user_irq[*]' not found.
[STA-0366] port 'la_data_out[*]' not found.
[STA-0366] port 'wbs_dat_o[*]' not found.
[STA-0366] port 'wbs_ack_o' not found.
[STA-0366] port 'la_data_out[*]' not found.
[STA-0366] port 'user_irq[*]' not found.
[STA-0366] port 'wbs_dat_o[*]' not found.
[STA-0366] port 'wbs_ack_o' not found.
[STA-0450] virtual clock clk can not be propagated.
[STA-0366] port 'wb_clk_i' not found.
[STA-0450] virtual clock clk can not be propagated.
[STA-0419] transition time can not be specified for virtual clocks.
[STA-0366] port 'wb_rst_i' not found.
[STA-0366] port 'wbs_ack_o' not found.
[STA-0472] no valid objects specified for -through
[STA-0366] port 'wbs_ack_o' not found.
[STA-0472] no valid objects specified for -through
[STA-0366] port 'wbs_cyc_i' not found.
[STA-0472] no valid objects specified for -through
[STA-0366] port 'wbs_cyc_i' not found.
[STA-0472] no valid objects specified for -through
[STA-0366] port 'wbs_stb_i' not found.
[STA-0472] no valid objects specified for -through
[STA-0366] port 'wbs_stb_i' not found.
[STA-0472] no valid objects specified for -through
[STA-0366] port 'wb_clk_i' not found.
[STA-0366] port 'la_data_in[*]' not found.
[STA-0366] port 'la_oenb[*]' not found.
[STA-0366] port 'wbs_sel_i[*]' not found.
[STA-0366] port 'wbs_we_i' not found.
[STA-0366] port 'wbs_adr_i[*]' not found.
[STA-0366] port 'wbs_stb_i' not found.
[STA-0366] port 'wbs_dat_i[*]' not found.
[STA-0366] port 'wbs_cyc_i' not found.
[STA-0366] port 'la_data_in[*]' not found.
[STA-0366] port 'la_oenb[*]' not found.
[STA-0366] port 'wbs_adr_i[*]' not found.
[STA-0366] port 'wbs_dat_i[*]' not found.
[STA-0366] port 'wbs_sel_i[*]' not found.
[STA-0366] port 'wbs_we_i' not found.
[STA-0366] port 'wbs_cyc_i' not found.
[STA-0366] port 'wbs_stb_i' not found.
[STA-0366] port 'wbs_we_i' not found.
[STA-0366] port 'wbs_stb_i' not found.
[STA-0366] port 'wbs_cyc_i' not found.
[STA-0366] port 'wbs_sel_i[*]' not found.
[STA-0366] port 'io_in[*]' not found.
[STA-0366] port 'wbs_dat_i[*]' not found.
[STA-0366] port 'la_data_in[*]' not found.
[STA-0366] port 'wbs_adr_i[*]' not found.
[STA-0366] port 'la_oenb[*]' not found.
[STA-0366] port 'io_in[*]' not found.
[STA-0366] port 'la_oenb[*]' not found.
[STA-0366] port 'la_data_in[*]' not found.
[STA-0366] port 'wbs_adr_i[*]' not found.
[STA-0366] port 'wbs_dat_i[*]' not found.
[STA-0366] port 'wbs_cyc_i' not found.
[STA-0366] port 'wbs_sel_i[*]' not found.
[STA-0366] port 'wbs_we_i' not found.
[STA-0366] port 'wbs_stb_i' not found.
[STA-0366] port 'user_irq[*]' not found.
[STA-0366] port 'la_data_out[*]' not found.
[STA-0366] port 'wbs_dat_o[*]' not found.
[STA-0366] port 'wbs_ack_o' not found.
[STA-0366] port 'la_data_out[*]' not found.
[STA-0366] port 'user_irq[*]' not found.
[STA-0366] port 'wbs_dat_o[*]' not found.
[STA-0366] port 'wbs_ack_o' not found.
[GRT-0097] No global routing found for nets.
[STA-0366] port 'wb_clk_i' not found.
[STA-0450] virtual clock clk can not be propagated.
[STA-0419] transition time can not be specified for virtual clocks.
[STA-0366] port 'wb_rst_i' not found.
[STA-0366] port 'wbs_ack_o' not found.
[STA-0472] no valid objects specified for -through
[STA-0366] port 'wbs_ack_o' not found.
[STA-0472] no valid objects specified for -through
[STA-0366] port 'wbs_cyc_i' not found.
[STA-0472] no valid objects specified for -through
[STA-0366] port 'wbs_cyc_i' not found.
[STA-0472] no valid objects specified for -through
[STA-0366] port 'wbs_stb_i' not found.
[STA-0472] no valid objects specified for -through
[STA-0366] port 'wbs_stb_i' not found.
[STA-0472] no valid objects specified for -through
[STA-0366] port 'wb_clk_i' not found.
[STA-0366] port 'la_data_in[*]' not found.
[STA-0366] port 'la_oenb[*]' not found.
[STA-0366] port 'wbs_sel_i[*]' not found.
[STA-0366] port 'wbs_we_i' not found.
[STA-0366] port 'wbs_adr_i[*]' not found.
[STA-0366] port 'wbs_stb_i' not found.
[STA-0366] port 'wbs_dat_i[*]' not found.
[STA-0366] port 'wbs_cyc_i' not found.
[STA-0366] port 'la_data_in[*]' not found.
[STA-0366] port 'la_oenb[*]' not found.
[STA-0366] port 'wbs_adr_i[*]' not found.
[STA-0366] port 'wbs_dat_i[*]' not found.
[STA-0366] port 'wbs_sel_i[*]' not found.
[STA-0366] port 'wbs_we_i' not found.
[STA-0366] port 'wbs_cyc_i' not found.
[STA-0366] port 'wbs_stb_i' not found.
[STA-0366] port 'wbs_we_i' not found.
[STA-0366] port 'wbs_stb_i' not found.
[STA-0366] port 'wbs_cyc_i' not found.
[STA-0366] port 'wbs_sel_i[*]' not found.
[STA-0366] port 'io_in[*]' not found.
[STA-0366] port 'wbs_dat_i[*]' not found.
[STA-0366] port 'la_data_in[*]' not found.
[STA-0366] port 'wbs_adr_i[*]' not found.
[STA-0366] port 'la_oenb[*]' not found.
[STA-0366] port 'io_in[*]' not found.
[STA-0366] port 'la_oenb[*]' not found.
[STA-0366] port 'la_data_in[*]' not found.
[STA-0366] port 'wbs_adr_i[*]' not found.
[STA-0366] port 'wbs_dat_i[*]' not found.
[STA-0366] port 'wbs_cyc_i' not found.
[STA-0366] port 'wbs_sel_i[*]' not found.
[STA-0366] port 'wbs_we_i' not found.
[STA-0366] port 'wbs_stb_i' not found.
[STA-0366] port 'user_irq[*]' not found.
[STA-0366] port 'la_data_out[*]' not found.
[STA-0366] port 'wbs_dat_o[*]' not found.
[STA-0366] port 'wbs_ack_o' not found.
[STA-0366] port 'la_data_out[*]' not found.
[STA-0366] port 'user_irq[*]' not found.
[STA-0366] port 'wbs_dat_o[*]' not found.
[STA-0366] port 'wbs_ack_o' not found.
[STA-0450] virtual clock clk can not be propagated.
[STA-0366] port 'wb_clk_i' not found.
[STA-0450] virtual clock clk can not be propagated.
[STA-0419] transition time can not be specified for virtual clocks.
[STA-0366] port 'wb_rst_i' not found.
[STA-0366] port 'wbs_ack_o' not found.
[STA-0472] no valid objects specified for -through
[STA-0366] port 'wbs_ack_o' not found.
[STA-0472] no valid objects specified for -through
[STA-0366] port 'wbs_cyc_i' not found.
[STA-0472] no valid objects specified for -through
[STA-0366] port 'wbs_cyc_i' not found.
[STA-0472] no valid objects specified for -through
[STA-0366] port 'wbs_stb_i' not found.
[STA-0472] no valid objects specified for -through
[STA-0366] port 'wbs_stb_i' not found.
[STA-0472] no valid objects specified for -through
[STA-0366] port 'wb_clk_i' not found.
[STA-0366] port 'la_data_in[*]' not found.
[STA-0366] port 'la_oenb[*]' not found.
[STA-0366] port 'wbs_sel_i[*]' not found.
[STA-0366] port 'wbs_we_i' not found.
[STA-0366] port 'wbs_adr_i[*]' not found.
[STA-0366] port 'wbs_stb_i' not found.
[STA-0366] port 'wbs_dat_i[*]' not found.
[STA-0366] port 'wbs_cyc_i' not found.
[STA-0366] port 'la_data_in[*]' not found.
[STA-0366] port 'la_oenb[*]' not found.
[STA-0366] port 'wbs_adr_i[*]' not found.
[STA-0366] port 'wbs_dat_i[*]' not found.
[STA-0366] port 'wbs_sel_i[*]' not found.
[STA-0366] port 'wbs_we_i' not found.
[STA-0366] port 'wbs_cyc_i' not found.
[STA-0366] port 'wbs_stb_i' not found.
[STA-0366] port 'wbs_we_i' not found.
[STA-0366] port 'wbs_stb_i' not found.
[STA-0366] port 'wbs_cyc_i' not found.
[STA-0366] port 'wbs_sel_i[*]' not found.
[STA-0366] port 'io_in[*]' not found.
[STA-0366] port 'wbs_dat_i[*]' not found.
[STA-0366] port 'la_data_in[*]' not found.
[STA-0366] port 'wbs_adr_i[*]' not found.
[STA-0366] port 'la_oenb[*]' not found.
[STA-0366] port 'io_in[*]' not found.
[STA-0366] port 'la_oenb[*]' not found.
[STA-0366] port 'la_data_in[*]' not found.
[STA-0366] port 'wbs_adr_i[*]' not found.
[STA-0366] port 'wbs_dat_i[*]' not found.
[STA-0366] port 'wbs_cyc_i' not found.
[STA-0366] port 'wbs_sel_i[*]' not found.
[STA-0366] port 'wbs_we_i' not found.
[STA-0366] port 'wbs_stb_i' not found.
[STA-0366] port 'user_irq[*]' not found.
[STA-0366] port 'la_data_out[*]' not found.
[STA-0366] port 'wbs_dat_o[*]' not found.
[STA-0366] port 'wbs_ack_o' not found.
[STA-0366] port 'la_data_out[*]' not found.
[STA-0366] port 'user_irq[*]' not found.
[STA-0366] port 'wbs_dat_o[*]' not found.
[STA-0366] port 'wbs_ack_o' not found.
'GPL_CELL_PADDING' is set to 0. This step may cause overlap failures.
[STA-0366] port 'wb_clk_i' not found.
[STA-0450] virtual clock clk can not be propagated.
[STA-0419] transition time can not be specified for virtual clocks.
[STA-0366] port 'wb_rst_i' not found.
[STA-0366] port 'wbs_ack_o' not found.
[STA-0472] no valid objects specified for -through
[STA-0366] port 'wbs_ack_o' not found.
[STA-0472] no valid objects specified for -through
[STA-0366] port 'wbs_cyc_i' not found.
[STA-0472] no valid objects specified for -through
[STA-0366] port 'wbs_cyc_i' not found.
[STA-0472] no valid objects specified for -through
[STA-0366] port 'wbs_stb_i' not found.
[STA-0472] no valid objects specified for -through
[STA-0366] port 'wbs_stb_i' not found.
[STA-0472] no valid objects specified for -through
[STA-0366] port 'wb_clk_i' not found.
[STA-0366] port 'la_data_in[*]' not found.
[STA-0366] port 'la_oenb[*]' not found.
[STA-0366] port 'wbs_sel_i[*]' not found.
[STA-0366] port 'wbs_we_i' not found.
[STA-0366] port 'wbs_adr_i[*]' not found.
[STA-0366] port 'wbs_stb_i' not found.
[STA-0366] port 'wbs_dat_i[*]' not found.
[STA-0366] port 'wbs_cyc_i' not found.
[STA-0366] port 'la_data_in[*]' not found.
[STA-0366] port 'la_oenb[*]' not found.
[STA-0366] port 'wbs_adr_i[*]' not found.
[STA-0366] port 'wbs_dat_i[*]' not found.
[STA-0366] port 'wbs_sel_i[*]' not found.
[STA-0366] port 'wbs_we_i' not found.
[STA-0366] port 'wbs_cyc_i' not found.
[STA-0366] port 'wbs_stb_i' not found.
[STA-0366] port 'wbs_we_i' not found.
[STA-0366] port 'wbs_stb_i' not found.
[STA-0366] port 'wbs_cyc_i' not found.
[STA-0366] port 'wbs_sel_i[*]' not found.
[STA-0366] port 'io_in[*]' not found.
[STA-0366] port 'wbs_dat_i[*]' not found.
[STA-0366] port 'la_data_in[*]' not found.
[STA-0366] port 'wbs_adr_i[*]' not found.
[STA-0366] port 'la_oenb[*]' not found.
[STA-0366] port 'io_in[*]' not found.
[STA-0366] port 'la_oenb[*]' not found.
[STA-0366] port 'la_data_in[*]' not found.
[STA-0366] port 'wbs_adr_i[*]' not found.
[STA-0366] port 'wbs_dat_i[*]' not found.
[STA-0366] port 'wbs_cyc_i' not found.
[STA-0366] port 'wbs_sel_i[*]' not found.
[STA-0366] port 'wbs_we_i' not found.
[STA-0366] port 'wbs_stb_i' not found.
[STA-0366] port 'user_irq[*]' not found.
[STA-0366] port 'la_data_out[*]' not found.
[STA-0366] port 'wbs_dat_o[*]' not found.
[STA-0366] port 'wbs_ack_o' not found.
[STA-0366] port 'la_data_out[*]' not found.
[STA-0366] port 'user_irq[*]' not found.
[STA-0366] port 'wbs_dat_o[*]' not found.
[STA-0366] port 'wbs_ack_o' not found.
[STA-0366] port 'wb_clk_i' not found.
[STA-0450] virtual clock clk can not be propagated.
[STA-0419] transition time can not be specified for virtual clocks.
[STA-0366] port 'wb_rst_i' not found.
[STA-0366] port 'wbs_ack_o' not found.
[STA-0472] no valid objects specified for -through
[STA-0366] port 'wbs_ack_o' not found.
[STA-0472] no valid objects specified for -through
[STA-0366] port 'wbs_cyc_i' not found.
[STA-0472] no valid objects specified for -through
[STA-0366] port 'wbs_cyc_i' not found.
[STA-0472] no valid objects specified for -through
[STA-0366] port 'wbs_stb_i' not found.
[STA-0472] no valid objects specified for -through
[STA-0366] port 'wbs_stb_i' not found.
[STA-0472] no valid objects specified for -through
[STA-0366] port 'wb_clk_i' not found.
[STA-0366] port 'la_data_in[*]' not found.
[STA-0366] port 'la_oenb[*]' not found.
[STA-0366] port 'wbs_sel_i[*]' not found.
[STA-0366] port 'wbs_we_i' not found.
[STA-0366] port 'wbs_adr_i[*]' not found.
[STA-0366] port 'wbs_stb_i' not found.
[STA-0366] port 'wbs_dat_i[*]' not found.
[STA-0366] port 'wbs_cyc_i' not found.
[STA-0366] port 'la_data_in[*]' not found.
[STA-0366] port 'la_oenb[*]' not found.
[STA-0366] port 'wbs_adr_i[*]' not found.
[STA-0366] port 'wbs_dat_i[*]' not found.
[STA-0366] port 'wbs_sel_i[*]' not found.
[STA-0366] port 'wbs_we_i' not found.
[STA-0366] port 'wbs_cyc_i' not found.
[STA-0366] port 'wbs_stb_i' not found.
[STA-0366] port 'wbs_we_i' not found.
[STA-0366] port 'wbs_stb_i' not found.
[STA-0366] port 'wbs_cyc_i' not found.
[STA-0366] port 'wbs_sel_i[*]' not found.
[STA-0366] port 'io_in[*]' not found.
[STA-0366] port 'wbs_dat_i[*]' not found.
[STA-0366] port 'la_data_in[*]' not found.
[STA-0366] port 'wbs_adr_i[*]' not found.
[STA-0366] port 'la_oenb[*]' not found.
[STA-0366] port 'io_in[*]' not found.
[STA-0366] port 'la_oenb[*]' not found.
[STA-0366] port 'la_data_in[*]' not found.
[STA-0366] port 'wbs_adr_i[*]' not found.
[STA-0366] port 'wbs_dat_i[*]' not found.
[STA-0366] port 'wbs_cyc_i' not found.
[STA-0366] port 'wbs_sel_i[*]' not found.
[STA-0366] port 'wbs_we_i' not found.
[STA-0366] port 'wbs_stb_i' not found.
[STA-0366] port 'user_irq[*]' not found.
[STA-0366] port 'la_data_out[*]' not found.
[STA-0366] port 'wbs_dat_o[*]' not found.
[STA-0366] port 'wbs_ack_o' not found.
[STA-0366] port 'la_data_out[*]' not found.
[STA-0366] port 'user_irq[*]' not found.
[STA-0366] port 'wbs_dat_o[*]' not found.
[STA-0366] port 'wbs_ack_o' not found.
[STA-0450] virtual clock clk can not be propagated.
[STA-0366] port 'wb_clk_i' not found.
[STA-0450] virtual clock clk can not be propagated.
[STA-0419] transition time can not be specified for virtual clocks.
[STA-0366] port 'wb_rst_i' not found.
[STA-0366] port 'wbs_ack_o' not found.
[STA-0472] no valid objects specified for -through
[STA-0366] port 'wbs_ack_o' not found.
[STA-0472] no valid objects specified for -through
[STA-0366] port 'wbs_cyc_i' not found.
[STA-0472] no valid objects specified for -through
[STA-0366] port 'wbs_cyc_i' not found.
[STA-0472] no valid objects specified for -through
[STA-0366] port 'wbs_stb_i' not found.
[STA-0472] no valid objects specified for -through
[STA-0366] port 'wbs_stb_i' not found.
[STA-0472] no valid objects specified for -through
[STA-0366] port 'wb_clk_i' not found.
[STA-0366] port 'la_data_in[*]' not found.
[STA-0366] port 'la_oenb[*]' not found.
[STA-0366] port 'wbs_sel_i[*]' not found.
[STA-0366] port 'wbs_we_i' not found.
[STA-0366] port 'wbs_adr_i[*]' not found.
[STA-0366] port 'wbs_stb_i' not found.
[STA-0366] port 'wbs_dat_i[*]' not found.
[STA-0366] port 'wbs_cyc_i' not found.
[STA-0366] port 'la_data_in[*]' not found.
[STA-0366] port 'la_oenb[*]' not found.
[STA-0366] port 'wbs_adr_i[*]' not found.
[STA-0366] port 'wbs_dat_i[*]' not found.
[STA-0366] port 'wbs_sel_i[*]' not found.
[STA-0366] port 'wbs_we_i' not found.
[STA-0366] port 'wbs_cyc_i' not found.
[STA-0366] port 'wbs_stb_i' not found.
[STA-0366] port 'wbs_we_i' not found.
[STA-0366] port 'wbs_stb_i' not found.
[STA-0366] port 'wbs_cyc_i' not found.
[STA-0366] port 'wbs_sel_i[*]' not found.
[STA-0366] port 'io_in[*]' not found.
[STA-0366] port 'wbs_dat_i[*]' not found.
[STA-0366] port 'la_data_in[*]' not found.
[STA-0366] port 'wbs_adr_i[*]' not found.
[STA-0366] port 'la_oenb[*]' not found.
[STA-0366] port 'io_in[*]' not found.
[STA-0366] port 'la_oenb[*]' not found.
[STA-0366] port 'la_data_in[*]' not found.
[STA-0366] port 'wbs_adr_i[*]' not found.
[STA-0366] port 'wbs_dat_i[*]' not found.
[STA-0366] port 'wbs_cyc_i' not found.
[STA-0366] port 'wbs_sel_i[*]' not found.
[STA-0366] port 'wbs_we_i' not found.
[STA-0366] port 'wbs_stb_i' not found.
[STA-0366] port 'user_irq[*]' not found.
[STA-0366] port 'la_data_out[*]' not found.
[STA-0366] port 'wbs_dat_o[*]' not found.
[STA-0366] port 'wbs_ack_o' not found.
[STA-0366] port 'la_data_out[*]' not found.
[STA-0366] port 'user_irq[*]' not found.
[STA-0366] port 'wbs_dat_o[*]' not found.
[STA-0366] port 'wbs_ack_o' not found.
[STA-0450] virtual clock clk can not be propagated.
[STA-0366] port 'wb_clk_i' not found.
[STA-0450] virtual clock clk can not be propagated.
[STA-0419] transition time can not be specified for virtual clocks.
[STA-0366] port 'wb_rst_i' not found.
[STA-0366] port 'wbs_ack_o' not found.
[STA-0472] no valid objects specified for -through
[STA-0366] port 'wbs_ack_o' not found.
[STA-0472] no valid objects specified for -through
[STA-0366] port 'wbs_cyc_i' not found.
[STA-0472] no valid objects specified for -through
[STA-0366] port 'wbs_cyc_i' not found.
[STA-0472] no valid objects specified for -through
[STA-0366] port 'wbs_stb_i' not found.
[STA-0472] no valid objects specified for -through
[STA-0366] port 'wbs_stb_i' not found.
[STA-0472] no valid objects specified for -through
[STA-0366] port 'wb_clk_i' not found.
[STA-0366] port 'la_data_in[*]' not found.
[STA-0366] port 'la_oenb[*]' not found.
[STA-0366] port 'wbs_sel_i[*]' not found.
[STA-0366] port 'wbs_we_i' not found.
[STA-0366] port 'wbs_adr_i[*]' not found.
[STA-0366] port 'wbs_stb_i' not found.
[STA-0366] port 'wbs_dat_i[*]' not found.
[STA-0366] port 'wbs_cyc_i' not found.
[STA-0366] port 'la_data_in[*]' not found.
[STA-0366] port 'la_oenb[*]' not found.
[STA-0366] port 'wbs_adr_i[*]' not found.
[STA-0366] port 'wbs_dat_i[*]' not found.
[STA-0366] port 'wbs_sel_i[*]' not found.
[STA-0366] port 'wbs_we_i' not found.
[STA-0366] port 'wbs_cyc_i' not found.
[STA-0366] port 'wbs_stb_i' not found.
[STA-0366] port 'wbs_we_i' not found.
[STA-0366] port 'wbs_stb_i' not found.
[STA-0366] port 'wbs_cyc_i' not found.
[STA-0366] port 'wbs_sel_i[*]' not found.
[STA-0366] port 'io_in[*]' not found.
[STA-0366] port 'wbs_dat_i[*]' not found.
[STA-0366] port 'la_data_in[*]' not found.
[STA-0366] port 'wbs_adr_i[*]' not found.
[STA-0366] port 'la_oenb[*]' not found.
[STA-0366] port 'io_in[*]' not found.
[STA-0366] port 'la_oenb[*]' not found.
[STA-0366] port 'la_data_in[*]' not found.
[STA-0366] port 'wbs_adr_i[*]' not found.
[STA-0366] port 'wbs_dat_i[*]' not found.
[STA-0366] port 'wbs_cyc_i' not found.
[STA-0366] port 'wbs_sel_i[*]' not found.
[STA-0366] port 'wbs_we_i' not found.
[STA-0366] port 'wbs_stb_i' not found.
[STA-0366] port 'user_irq[*]' not found.
[STA-0366] port 'la_data_out[*]' not found.
[STA-0366] port 'wbs_dat_o[*]' not found.
[STA-0366] port 'wbs_ack_o' not found.
[STA-0366] port 'la_data_out[*]' not found.
[STA-0366] port 'user_irq[*]' not found.
[STA-0366] port 'wbs_dat_o[*]' not found.
[STA-0366] port 'wbs_ack_o' not found.
[STA-0366] port 'wb_clk_i' not found.
[STA-0450] virtual clock clk can not be propagated.
[STA-0419] transition time can not be specified for virtual clocks.
[STA-0366] port 'wb_rst_i' not found.
[STA-0366] port 'wbs_ack_o' not found.
[STA-0472] no valid objects specified for -through
[STA-0366] port 'wbs_ack_o' not found.
[STA-0472] no valid objects specified for -through
[STA-0366] port 'wbs_cyc_i' not found.
[STA-0472] no valid objects specified for -through
[STA-0366] port 'wbs_cyc_i' not found.
[STA-0472] no valid objects specified for -through
[STA-0366] port 'wbs_stb_i' not found.
[STA-0472] no valid objects specified for -through
[STA-0366] port 'wbs_stb_i' not found.
[STA-0472] no valid objects specified for -through
[STA-0366] port 'wb_clk_i' not found.
[STA-0366] port 'la_data_in[*]' not found.
[STA-0366] port 'la_oenb[*]' not found.
[STA-0366] port 'wbs_sel_i[*]' not found.
[STA-0366] port 'wbs_we_i' not found.
[STA-0366] port 'wbs_adr_i[*]' not found.
[STA-0366] port 'wbs_stb_i' not found.
[STA-0366] port 'wbs_dat_i[*]' not found.
[STA-0366] port 'wbs_cyc_i' not found.
[STA-0366] port 'la_data_in[*]' not found.
[STA-0366] port 'la_oenb[*]' not found.
[STA-0366] port 'wbs_adr_i[*]' not found.
[STA-0366] port 'wbs_dat_i[*]' not found.
[STA-0366] port 'wbs_sel_i[*]' not found.
[STA-0366] port 'wbs_we_i' not found.
[STA-0366] port 'wbs_cyc_i' not found.
[STA-0366] port 'wbs_stb_i' not found.
[STA-0366] port 'wbs_we_i' not found.
[STA-0366] port 'wbs_stb_i' not found.
[STA-0366] port 'wbs_cyc_i' not found.
[STA-0366] port 'wbs_sel_i[*]' not found.
[STA-0366] port 'io_in[*]' not found.
[STA-0366] port 'wbs_dat_i[*]' not found.
[STA-0366] port 'la_data_in[*]' not found.
[STA-0366] port 'wbs_adr_i[*]' not found.
[STA-0366] port 'la_oenb[*]' not found.
[STA-0366] port 'io_in[*]' not found.
[STA-0366] port 'la_oenb[*]' not found.
[STA-0366] port 'la_data_in[*]' not found.
[STA-0366] port 'wbs_adr_i[*]' not found.
[STA-0366] port 'wbs_dat_i[*]' not found.
[STA-0366] port 'wbs_cyc_i' not found.
[STA-0366] port 'wbs_sel_i[*]' not found.
[STA-0366] port 'wbs_we_i' not found.
[STA-0366] port 'wbs_stb_i' not found.
[STA-0366] port 'user_irq[*]' not found.
[STA-0366] port 'la_data_out[*]' not found.
[STA-0366] port 'wbs_dat_o[*]' not found.
[STA-0366] port 'wbs_ack_o' not found.
[STA-0366] port 'la_data_out[*]' not found.
[STA-0366] port 'user_irq[*]' not found.
[STA-0366] port 'wbs_dat_o[*]' not found.
[STA-0366] port 'wbs_ack_o' not found.
[STA-0366] port 'wb_clk_i' not found.
[STA-0450] virtual clock clk can not be propagated.
[STA-0419] transition time can not be specified for virtual clocks.
[STA-0366] port 'wb_rst_i' not found.
[STA-0366] port 'wbs_ack_o' not found.
[STA-0472] no valid objects specified for -through
[STA-0366] port 'wbs_ack_o' not found.
[STA-0472] no valid objects specified for -through
[STA-0366] port 'wbs_cyc_i' not found.
[STA-0472] no valid objects specified for -through
[STA-0366] port 'wbs_cyc_i' not found.
[STA-0472] no valid objects specified for -through
[STA-0366] port 'wbs_stb_i' not found.
[STA-0472] no valid objects specified for -through
[STA-0366] port 'wbs_stb_i' not found.
[STA-0472] no valid objects specified for -through
[STA-0366] port 'wb_clk_i' not found.
[STA-0366] port 'la_data_in[*]' not found.
[STA-0366] port 'la_oenb[*]' not found.
[STA-0366] port 'wbs_sel_i[*]' not found.
[STA-0366] port 'wbs_we_i' not found.
[STA-0366] port 'wbs_adr_i[*]' not found.
[STA-0366] port 'wbs_stb_i' not found.
[STA-0366] port 'wbs_dat_i[*]' not found.
[STA-0366] port 'wbs_cyc_i' not found.
[STA-0366] port 'la_data_in[*]' not found.
[STA-0366] port 'la_oenb[*]' not found.
[STA-0366] port 'wbs_adr_i[*]' not found.
[STA-0366] port 'wbs_dat_i[*]' not found.
[STA-0366] port 'wbs_sel_i[*]' not found.
[STA-0366] port 'wbs_we_i' not found.
[STA-0366] port 'wbs_cyc_i' not found.
[STA-0366] port 'wbs_stb_i' not found.
[STA-0366] port 'wbs_we_i' not found.
[STA-0366] port 'wbs_stb_i' not found.
[STA-0366] port 'wbs_cyc_i' not found.
[STA-0366] port 'wbs_sel_i[*]' not found.
[STA-0366] port 'io_in[*]' not found.
[STA-0366] port 'wbs_dat_i[*]' not found.
[STA-0366] port 'la_data_in[*]' not found.
[STA-0366] port 'wbs_adr_i[*]' not found.
[STA-0366] port 'la_oenb[*]' not found.
[STA-0366] port 'io_in[*]' not found.
[STA-0366] port 'la_oenb[*]' not found.
[STA-0366] port 'la_data_in[*]' not found.
[STA-0366] port 'wbs_adr_i[*]' not found.
[STA-0366] port 'wbs_dat_i[*]' not found.
[STA-0366] port 'wbs_cyc_i' not found.
[STA-0366] port 'wbs_sel_i[*]' not found.
[STA-0366] port 'wbs_we_i' not found.
[STA-0366] port 'wbs_stb_i' not found.
[STA-0366] port 'user_irq[*]' not found.
[STA-0366] port 'la_data_out[*]' not found.
[STA-0366] port 'wbs_dat_o[*]' not found.
[STA-0366] port 'wbs_ack_o' not found.
[STA-0366] port 'la_data_out[*]' not found.
[STA-0366] port 'user_irq[*]' not found.
[STA-0366] port 'wbs_dat_o[*]' not found.
[STA-0366] port 'wbs_ack_o' not found.
[DRT-0349] LEF58_ENCLOSURE with no CUTCLASS is not supported. Skipping for layer mcon
[DRT-0349] LEF58_ENCLOSURE with no CUTCLASS is not supported. Skipping for layer mcon
[DRT-0349] LEF58_ENCLOSURE with no CUTCLASS is not supported. Skipping for layer via
[DRT-0349] LEF58_ENCLOSURE with no CUTCLASS is not supported. Skipping for layer via
[DRT-0349] LEF58_ENCLOSURE with no CUTCLASS is not supported. Skipping for layer via2
[DRT-0349] LEF58_ENCLOSURE with no CUTCLASS is not supported. Skipping for layer via2
[DRT-0349] LEF58_ENCLOSURE with no CUTCLASS is not supported. Skipping for layer via3
[DRT-0349] LEF58_ENCLOSURE with no CUTCLASS is not supported. Skipping for layer via3
[DRT-0349] LEF58_ENCLOSURE with no CUTCLASS is not supported. Skipping for layer via4
[DRT-0349] LEF58_ENCLOSURE with no CUTCLASS is not supported. Skipping for layer via4
[STA-0366] port 'wb_clk_i' not found.
[STA-0450] virtual clock clk can not be propagated.
[STA-0419] transition time can not be specified for virtual clocks.
[STA-0366] port 'wb_rst_i' not found.
[STA-0366] port 'wbs_ack_o' not found.
[STA-0472] no valid objects specified for -through
[STA-0366] port 'wbs_ack_o' not found.
[STA-0472] no valid objects specified for -through
[STA-0366] port 'wbs_cyc_i' not found.
[STA-0472] no valid objects specified for -through
[STA-0366] port 'wbs_cyc_i' not found.
[STA-0472] no valid objects specified for -through
[STA-0366] port 'wbs_stb_i' not found.
[STA-0472] no valid objects specified for -through
[STA-0366] port 'wbs_stb_i' not found.
[STA-0472] no valid objects specified for -through
[STA-0366] port 'wb_clk_i' not found.
[STA-0366] port 'la_data_in[*]' not found.
[STA-0366] port 'la_oenb[*]' not found.
[STA-0366] port 'wbs_sel_i[*]' not found.
[STA-0366] port 'wbs_we_i' not found.
[STA-0366] port 'wbs_adr_i[*]' not found.
[STA-0366] port 'wbs_stb_i' not found.
[STA-0366] port 'wbs_dat_i[*]' not found.
[STA-0366] port 'wbs_cyc_i' not found.
[STA-0366] port 'la_data_in[*]' not found.
[STA-0366] port 'la_oenb[*]' not found.
[STA-0366] port 'wbs_adr_i[*]' not found.
[STA-0366] port 'wbs_dat_i[*]' not found.
[STA-0366] port 'wbs_sel_i[*]' not found.
[STA-0366] port 'wbs_we_i' not found.
[STA-0366] port 'wbs_cyc_i' not found.
[STA-0366] port 'wbs_stb_i' not found.
[STA-0366] port 'wbs_we_i' not found.
[STA-0366] port 'wbs_stb_i' not found.
[STA-0366] port 'wbs_cyc_i' not found.
[STA-0366] port 'wbs_sel_i[*]' not found.
[STA-0366] port 'io_in[*]' not found.
[STA-0366] port 'wbs_dat_i[*]' not found.
[STA-0366] port 'la_data_in[*]' not found.
[STA-0366] port 'wbs_adr_i[*]' not found.
[STA-0366] port 'la_oenb[*]' not found.
[STA-0366] port 'io_in[*]' not found.
[STA-0366] port 'la_oenb[*]' not found.
[STA-0366] port 'la_data_in[*]' not found.
[STA-0366] port 'wbs_adr_i[*]' not found.
[STA-0366] port 'wbs_dat_i[*]' not found.
[STA-0366] port 'wbs_cyc_i' not found.
[STA-0366] port 'wbs_sel_i[*]' not found.
[STA-0366] port 'wbs_we_i' not found.
[STA-0366] port 'wbs_stb_i' not found.
[STA-0366] port 'user_irq[*]' not found.
[STA-0366] port 'la_data_out[*]' not found.
[STA-0366] port 'wbs_dat_o[*]' not found.
[STA-0366] port 'wbs_ack_o' not found.
[STA-0366] port 'la_data_out[*]' not found.
[STA-0366] port 'user_irq[*]' not found.
[STA-0366] port 'wbs_dat_o[*]' not found.
[STA-0366] port 'wbs_ack_o' not found.
Threshold for Threshold-surpassing long wires is not set. The checker will be skipped.
[STA-0366] port 'wb_clk_i' not found.
[STA-0450] virtual clock clk can not be propagated.
[STA-0419] transition time can not be specified for virtual clocks.
[STA-0366] port 'wb_rst_i' not found.
[STA-0366] port 'wbs_ack_o' not found.
[STA-0472] no valid objects specified for -through
[STA-0366] port 'wbs_ack_o' not found.
[STA-0472] no valid objects specified for -through
[STA-0366] port 'wbs_cyc_i' not found.
[STA-0472] no valid objects specified for -through
[STA-0366] port 'wbs_cyc_i' not found.
[STA-0472] no valid objects specified for -through
[STA-0366] port 'wbs_stb_i' not found.
[STA-0472] no valid objects specified for -through
[STA-0366] port 'wbs_stb_i' not found.
[STA-0472] no valid objects specified for -through
[STA-0366] port 'wb_clk_i' not found.
[STA-0366] port 'la_data_in[*]' not found.
[STA-0366] port 'la_oenb[*]' not found.
[STA-0366] port 'wbs_sel_i[*]' not found.
[STA-0366] port 'wbs_we_i' not found.
[STA-0366] port 'wbs_adr_i[*]' not found.
[STA-0366] port 'wbs_stb_i' not found.
[STA-0366] port 'wbs_dat_i[*]' not found.
[STA-0366] port 'wbs_cyc_i' not found.
[STA-0366] port 'la_data_in[*]' not found.
[STA-0366] port 'la_oenb[*]' not found.
[STA-0366] port 'wbs_adr_i[*]' not found.
[STA-0366] port 'wbs_dat_i[*]' not found.
[STA-0366] port 'wbs_sel_i[*]' not found.
[STA-0366] port 'wbs_we_i' not found.
[STA-0366] port 'wbs_cyc_i' not found.
[STA-0366] port 'wbs_stb_i' not found.
[STA-0366] port 'wbs_we_i' not found.
[STA-0366] port 'wbs_stb_i' not found.
[STA-0366] port 'wbs_cyc_i' not found.
[STA-0366] port 'wbs_sel_i[*]' not found.
[STA-0366] port 'io_in[*]' not found.
[STA-0366] port 'wbs_dat_i[*]' not found.
[STA-0366] port 'la_data_in[*]' not found.
[STA-0366] port 'wbs_adr_i[*]' not found.
[STA-0366] port 'la_oenb[*]' not found.
[STA-0366] port 'io_in[*]' not found.
[STA-0366] port 'la_oenb[*]' not found.
[STA-0366] port 'la_data_in[*]' not found.
[STA-0366] port 'wbs_adr_i[*]' not found.
[STA-0366] port 'wbs_dat_i[*]' not found.
[STA-0366] port 'wbs_cyc_i' not found.
[STA-0366] port 'wbs_sel_i[*]' not found.
[STA-0366] port 'wbs_we_i' not found.
[STA-0366] port 'wbs_stb_i' not found.
[STA-0366] port 'user_irq[*]' not found.
[STA-0366] port 'la_data_out[*]' not found.
[STA-0366] port 'wbs_dat_o[*]' not found.
[STA-0366] port 'wbs_ack_o' not found.
[STA-0366] port 'la_data_out[*]' not found.
[STA-0366] port 'user_irq[*]' not found.
[STA-0366] port 'wbs_dat_o[*]' not found.
[STA-0366] port 'wbs_ack_o' not found.
'VSRC_LOC_FILES' was not given a value, which may make the results of IR drop analysis inaccurate. If you are not integrating a top-level chip for manufacture, you may ignore this warning, otherwise, see the documentation for 'VSRC_LOC_FILES'.
[STA-0366] port 'wb_clk_i' not found.
[STA-0450] virtual clock clk can not be propagated.
[STA-0419] transition time can not be specified for virtual clocks.
[STA-0366] port 'wb_rst_i' not found.
[STA-0366] port 'wbs_ack_o' not found.
[STA-0472] no valid objects specified for -through
[STA-0366] port 'wbs_ack_o' not found.
[STA-0472] no valid objects specified for -through
[STA-0366] port 'wbs_cyc_i' not found.
[STA-0472] no valid objects specified for -through
[STA-0366] port 'wbs_cyc_i' not found.
[STA-0472] no valid objects specified for -through
[STA-0366] port 'wbs_stb_i' not found.
[STA-0472] no valid objects specified for -through
[STA-0366] port 'wbs_stb_i' not found.
[STA-0472] no valid objects specified for -through
[STA-0366] port 'wb_clk_i' not found.
[STA-0366] port 'la_data_in[*]' not found.
[STA-0366] port 'la_oenb[*]' not found.
[STA-0366] port 'wbs_sel_i[*]' not found.
[STA-0366] port 'wbs_we_i' not found.
[STA-0366] port 'wbs_adr_i[*]' not found.
[STA-0366] port 'wbs_stb_i' not found.
[STA-0366] port 'wbs_dat_i[*]' not found.
[STA-0366] port 'wbs_cyc_i' not found.
[STA-0366] port 'la_data_in[*]' not found.
[STA-0366] port 'la_oenb[*]' not found.
[STA-0366] port 'wbs_adr_i[*]' not found.
[STA-0366] port 'wbs_dat_i[*]' not found.
[STA-0366] port 'wbs_sel_i[*]' not found.
[STA-0366] port 'wbs_we_i' not found.
[STA-0366] port 'wbs_cyc_i' not found.
[STA-0366] port 'wbs_stb_i' not found.
[STA-0366] port 'wbs_we_i' not found.
[STA-0366] port 'wbs_stb_i' not found.
[STA-0366] port 'wbs_cyc_i' not found.
[STA-0366] port 'wbs_sel_i[*]' not found.
[STA-0366] port 'io_in[*]' not found.
[STA-0366] port 'wbs_dat_i[*]' not found.
[STA-0366] port 'la_data_in[*]' not found.
[STA-0366] port 'wbs_adr_i[*]' not found.
[STA-0366] port 'la_oenb[*]' not found.
[STA-0366] port 'io_in[*]' not found.
[STA-0366] port 'la_oenb[*]' not found.
[STA-0366] port 'la_data_in[*]' not found.
[STA-0366] port 'wbs_adr_i[*]' not found.
[STA-0366] port 'wbs_dat_i[*]' not found.
[STA-0366] port 'wbs_cyc_i' not found.
[STA-0366] port 'wbs_sel_i[*]' not found.
[STA-0366] port 'wbs_we_i' not found.
[STA-0366] port 'wbs_stb_i' not found.
[STA-0366] port 'user_irq[*]' not found.
[STA-0366] port 'la_data_out[*]' not found.
[STA-0366] port 'wbs_dat_o[*]' not found.
[STA-0366] port 'wbs_ack_o' not found.
[STA-0366] port 'la_data_out[*]' not found.
[STA-0366] port 'user_irq[*]' not found.
[STA-0366] port 'wbs_dat_o[*]' not found.
[STA-0366] port 'wbs_ack_o' not found.
Cell 'picorv32' has (67) input pin(s) without antenna gate information. They might not be connected to a gate.
Cell 'picorv32' has (106) output pin(s) without antenna diffusion information. They might not be driven.
Max Slew violations found in the following corners:
* max_ss_100C_1v60
* min_ss_100C_1v60
* nom_ss_100C_1v60
