
===========================================================================
report_checks -unconstrained
===========================================================================
======================= min_ss_100C_1v60 Corner ===================================

Startpoint: _10661_ (rising edge-triggered flip-flop clocked by clk)
Endpoint: _10721_ (rising edge-triggered flip-flop clocked by clk)
Path Group: clk
Path Type: max

Fanout         Cap        Slew       Delay        Time   Description
---------------------------------------------------------------------------------------------
                                  0.000000    0.000000   clock clk (rise edge)
                                  5.570000    5.570000   clock source latency
     2    0.089840    0.610000    0.000000    5.570000 ^ clk (in)
                                                         clk (net)
                      0.615384    0.002692    5.572692 ^ clkbuf_0_clk/A (sky130_fd_sc_hd__clkbuf_16)
    33    0.348294    0.533471    0.796846    6.369538 ^ clkbuf_0_clk/X (sky130_fd_sc_hd__clkbuf_16)
                                                         clknet_0_clk (net)
                      0.534915    0.021096    6.390635 ^ clkbuf_4_12_0_clk/A (sky130_fd_sc_hd__clkbuf_8)
    25    0.166592    0.442053    0.710945    7.101579 ^ clkbuf_4_12_0_clk/X (sky130_fd_sc_hd__clkbuf_8)
                                                         clknet_4_12_0_clk (net)
                      0.442144    0.006220    7.107800 ^ clkbuf_leaf_127_clk/A (sky130_fd_sc_hd__clkbuf_8)
    10    0.032498    0.115435    0.426346    7.534145 ^ clkbuf_leaf_127_clk/X (sky130_fd_sc_hd__clkbuf_8)
                                                         clknet_leaf_127_clk (net)
                      0.115435    0.000300    7.534445 ^ _10661_/CLK (sky130_fd_sc_hd__dfxtp_1)
     1    0.001871    0.058116    0.633356    8.167801 ^ _10661_/Q (sky130_fd_sc_hd__dfxtp_1)
                                                         count_cycle[0] (net)
                      0.058116    0.000016    8.167817 ^ hold1299/A (sky130_fd_sc_hd__dlygate4sd3_1)
     7    0.024272    0.387890    1.282349    9.450166 ^ hold1299/X (sky130_fd_sc_hd__dlygate4sd3_1)
                                                         net2034 (net)
                      0.387890    0.000421    9.450586 ^ _08366_/A (sky130_fd_sc_hd__and4_1)
     6    0.018122    0.305776    0.645104   10.095690 ^ _08366_/X (sky130_fd_sc_hd__and4_1)
                                                         _04121_ (net)
                      0.305776    0.000297   10.095986 ^ _08374_/D (sky130_fd_sc_hd__and4_1)
     6    0.021099    0.346821    0.686299   10.782286 ^ _08374_/X (sky130_fd_sc_hd__and4_1)
                                                         _04126_ (net)
                      0.346821    0.000571   10.782857 ^ _08382_/D (sky130_fd_sc_hd__and4_1)
     6    0.021661    0.354809    0.703789   11.486646 ^ _08382_/X (sky130_fd_sc_hd__and4_1)
                                                         _04131_ (net)
                      0.354809    0.000339   11.486985 ^ _08390_/D (sky130_fd_sc_hd__and4_1)
     6    0.020810    0.342902    0.696839   12.183825 ^ _08390_/X (sky130_fd_sc_hd__and4_1)
                                                         _04136_ (net)
                      0.342902    0.000519   12.184342 ^ _08398_/D (sky130_fd_sc_hd__and4_1)
     6    0.021811    0.356817    0.704309   12.888652 ^ _08398_/X (sky130_fd_sc_hd__and4_1)
                                                         _04141_ (net)
                      0.356817    0.000409   12.889060 ^ _08406_/D (sky130_fd_sc_hd__and4_1)
     6    0.021824    0.357040    0.708259   13.597320 ^ _08406_/X (sky130_fd_sc_hd__and4_1)
                                                         _04146_ (net)
                      0.357040    0.000380   13.597699 ^ _08414_/D (sky130_fd_sc_hd__and4_1)
     6    0.023260    0.377187    0.723479   14.321178 ^ _08414_/X (sky130_fd_sc_hd__and4_1)
                                                         _04151_ (net)
                      0.377187    0.000596   14.321774 ^ _08422_/D (sky130_fd_sc_hd__and4_1)
     6    0.025356    0.406541    0.751482   15.073256 ^ _08422_/X (sky130_fd_sc_hd__and4_1)
                                                         _04156_ (net)
                      0.406541    0.000776   15.074033 ^ _08430_/D (sky130_fd_sc_hd__and4_1)
     6    0.023320    0.378030    0.738083   15.812117 ^ _08430_/X (sky130_fd_sc_hd__and4_1)
                                                         _04161_ (net)
                      0.378030    0.000274   15.812390 ^ _08438_/D (sky130_fd_sc_hd__and4_1)
     6    0.020600    0.340015    0.701036   16.513426 ^ _08438_/X (sky130_fd_sc_hd__and4_1)
                                                         _04166_ (net)
                      0.340015    0.000508   16.513933 ^ _08446_/D (sky130_fd_sc_hd__and4_1)
     6    0.021831    0.357124    0.703629   17.217564 ^ _08446_/X (sky130_fd_sc_hd__and4_1)
                                                         _04171_ (net)
                      0.357124    0.000524   17.218086 ^ _08454_/D (sky130_fd_sc_hd__and4_1)
     6    0.024088    0.388788    0.732275   17.950361 ^ _08454_/X (sky130_fd_sc_hd__and4_1)
                                                         _04176_ (net)
                      0.388788    0.000936   17.951298 ^ _08462_/D (sky130_fd_sc_hd__and4_1)
     6    0.017803    0.301059    0.674280   18.625578 ^ _08462_/X (sky130_fd_sc_hd__and4_1)
                                                         _04181_ (net)
                      0.301059    0.000144   18.625723 ^ _08470_/D (sky130_fd_sc_hd__and4_1)
     6    0.019726    0.327704    0.670456   19.296177 ^ _08470_/X (sky130_fd_sc_hd__and4_1)
                                                         _04186_ (net)
                      0.327704    0.000242   19.296419 ^ _08478_/D (sky130_fd_sc_hd__and4_1)
     6    0.019151    0.319869    0.671653   19.968073 ^ _08478_/X (sky130_fd_sc_hd__and4_1)
                                                         _04191_ (net)
                      0.319869    0.000339   19.968412 ^ _08486_/D (sky130_fd_sc_hd__and4_1)
     5    0.013154    0.236789    0.605487   20.573898 ^ _08486_/X (sky130_fd_sc_hd__and4_1)
                                                         _04196_ (net)
                      0.236789    0.000266   20.574165 ^ _08495_/D (sky130_fd_sc_hd__and4_1)
     6    0.017952    0.302765    0.633660   21.207825 ^ _08495_/X (sky130_fd_sc_hd__and4_1)
                                                         _04202_ (net)
                      0.302765    0.000400   21.208225 ^ _08503_/D (sky130_fd_sc_hd__and4_1)
     6    0.018129    0.305391    0.653852   21.862078 ^ _08503_/X (sky130_fd_sc_hd__and4_1)
                                                         _04207_ (net)
                      0.305391    0.000393   21.862471 ^ _08515_/C (sky130_fd_sc_hd__and4_1)
     4    0.015916    0.274643    0.621743   22.484213 ^ _08515_/X (sky130_fd_sc_hd__and4_1)
                                                         _04215_ (net)
                      0.274643    0.000432   22.484644 ^ _08518_/B (sky130_fd_sc_hd__and2_1)
     2    0.007334    0.141348    0.352301   22.836945 ^ _08518_/X (sky130_fd_sc_hd__and2_1)
                                                         _04217_ (net)
                      0.141348    0.000071   22.837017 ^ _08522_/A2 (sky130_fd_sc_hd__o21ai_1)
     1    0.003606    0.121702    0.148752   22.985769 v _08522_/Y (sky130_fd_sc_hd__o21ai_1)
                                                         _04220_ (net)
                      0.121702    0.000057   22.985825 v hold1432/A (sky130_fd_sc_hd__dlygate4sd3_1)
     1    0.002462    0.106129    1.142304   24.128130 v hold1432/X (sky130_fd_sc_hd__dlygate4sd3_1)
                                                         net2167 (net)
                      0.106129    0.000011   24.128139 v _08523_/B (sky130_fd_sc_hd__nor2_1)
     1    0.002416    0.126119    0.146615   24.274755 ^ _08523_/Y (sky130_fd_sc_hd__nor2_1)
                                                         _00767_ (net)
                      0.126119    0.000025   24.274780 ^ hold1433/A (sky130_fd_sc_hd__dlygate4sd3_1)
     1    0.002239    0.085519    1.054760   25.329540 ^ hold1433/X (sky130_fd_sc_hd__dlygate4sd3_1)
                                                         net2168 (net)
                      0.085519    0.000023   25.329563 ^ _10721_/D (sky130_fd_sc_hd__dfxtp_1)
                                             25.329563   data arrival time

                                 25.000000   25.000000   clock clk (rise edge)
                                  4.650000   29.650000   clock source latency
     2    0.089840    0.610000    0.000000   29.650000 ^ clk (in)
                                                         clk (net)
                      0.615384    0.002693   29.652691 ^ clkbuf_0_clk/A (sky130_fd_sc_hd__clkbuf_16)
    33    0.348294    0.533471    0.796844   30.449535 ^ clkbuf_0_clk/X (sky130_fd_sc_hd__clkbuf_16)
                                                         clknet_0_clk (net)
                      0.534161    0.013301   30.462837 ^ clkbuf_4_11_0_clk/A (sky130_fd_sc_hd__clkbuf_8)
    29    0.142002    0.380097    0.667413   31.130249 ^ clkbuf_4_11_0_clk/X (sky130_fd_sc_hd__clkbuf_8)
                                                         clknet_4_11_0_clk (net)
                      0.380097    0.001450   31.131699 ^ clkbuf_leaf_150_clk/A (sky130_fd_sc_hd__clkbuf_8)
    11    0.030247    0.110789    0.395374   31.527073 ^ clkbuf_leaf_150_clk/X (sky130_fd_sc_hd__clkbuf_8)
                                                         clknet_leaf_150_clk (net)
                      0.110789    0.000398   31.527472 ^ _10721_/CLK (sky130_fd_sc_hd__dfxtp_1)
                                 -0.250000   31.277470   clock uncertainty
                                  0.920000   32.197472   clock reconvergence pessimism
                                 -0.125506   32.071964   library setup time
                                             32.071964   data required time
---------------------------------------------------------------------------------------------
                                             32.071964   data required time
                                            -25.329563   data arrival time
---------------------------------------------------------------------------------------------
                                              6.742401   slack (MET)




===========================================================================
report_checks --slack_max -0.01
============================================================================
======================= min_ss_100C_1v60 Corner ===================================

No paths found.


===========================================================================
 report_check_types -max_slew -max_cap -max_fanout -violators
============================================================================
======================= min_ss_100C_1v60 Corner ===================================

max slew

Pin                                        Limit        Slew       Slack
------------------------------------------------------------------------
ANTENNA__05577__B/DIODE                 1.000000    1.476073   -0.476073 (VIOLATED)
ANTENNA__05578__B/DIODE                 1.000000    1.476073   -0.476073 (VIOLATED)
ANTENNA__05579__B/DIODE                 1.000000    1.476073   -0.476073 (VIOLATED)
ANTENNA__08718__A1/DIODE                1.000000    1.476073   -0.476073 (VIOLATED)
ANTENNA_hold2164_X/DIODE                1.000000    1.476073   -0.476073 (VIOLATED)
_05577_/B                               1.000000    1.476073   -0.476073 (VIOLATED)
_05578_/B                               1.000000    1.476073   -0.476073 (VIOLATED)
_05579_/B                               1.000000    1.476073   -0.476073 (VIOLATED)
_08718_/A1                              1.000000    1.476073   -0.476073 (VIOLATED)
hold2164/X                              1.000000    1.476073   -0.476073 (VIOLATED)
ANTENNA__05564__A/DIODE                 1.000000    1.297433   -0.297433 (VIOLATED)
_05564_/A                               1.000000    1.297433   -0.297434 (VIOLATED)
ANTENNA__05565__A/DIODE                 1.000000    1.297433   -0.297433 (VIOLATED)
_05565_/A                               1.000000    1.297433   -0.297433 (VIOLATED)
ANTENNA__05161__A2/DIODE                1.000000    1.297415   -0.297415 (VIOLATED)
ANTENNA__06352__B2/DIODE                1.000000    1.297415   -0.297415 (VIOLATED)
ANTENNA__06461__A1/DIODE                1.000000    1.297415   -0.297415 (VIOLATED)
ANTENNA__06498__A1/DIODE                1.000000    1.297415   -0.297415 (VIOLATED)
ANTENNA__06508__A/DIODE                 1.000000    1.297415   -0.297415 (VIOLATED)
ANTENNA_hold2127_X/DIODE                1.000000    1.297415   -0.297415 (VIOLATED)
_05161_/A2                              1.000000    1.297415   -0.297415 (VIOLATED)
_06352_/B2                              1.000000    1.297415   -0.297415 (VIOLATED)
_06461_/A1                              1.000000    1.297415   -0.297415 (VIOLATED)
_06498_/A1                              1.000000    1.297415   -0.297415 (VIOLATED)
_06508_/A                               1.000000    1.297415   -0.297415 (VIOLATED)
hold2127/X                              1.000000    1.297415   -0.297415 (VIOLATED)
ANTENNA__05993__B1/DIODE                1.000000    1.253011   -0.253011 (VIOLATED)
_05993_/B1                              1.000000    1.252997   -0.252997 (VIOLATED)
ANTENNA__05594__B/DIODE                 1.000000    1.252996   -0.252996 (VIOLATED)
ANTENNA__05595__B/DIODE                 1.000000    1.252996   -0.252996 (VIOLATED)
ANTENNA__08863__A1/DIODE                1.000000    1.252996   -0.252996 (VIOLATED)
ANTENNA_hold1851_X/DIODE                1.000000    1.252996   -0.252996 (VIOLATED)
_05594_/B                               1.000000    1.252996   -0.252996 (VIOLATED)
_05595_/B                               1.000000    1.252996   -0.252996 (VIOLATED)
_08863_/A1                              1.000000    1.252996   -0.252996 (VIOLATED)
hold1851/X                              1.000000    1.252996   -0.252996 (VIOLATED)
output123/A                             1.000000    1.222844   -0.222844 (VIOLATED)
ANTENNA__11692__A/DIODE                 1.000000    1.222807   -0.222807 (VIOLATED)
_05999_/A0                              1.000000    1.222802   -0.222802 (VIOLATED)
_11692_/A                               1.000000    1.222802   -0.222802 (VIOLATED)
ANTENNA__05988__A2/DIODE                1.000000    1.222787   -0.222787 (VIOLATED)
_05988_/A2                              1.000000    1.222756   -0.222756 (VIOLATED)
_05987_/A2                              1.000000    1.222747   -0.222747 (VIOLATED)
ANTENNA_output123_A/DIODE               1.000000    1.222727   -0.222727 (VIOLATED)
ANTENNA__05987__A2/DIODE                1.000000    1.222697   -0.222697 (VIOLATED)
_05666_/A_N                             1.000000    1.222673   -0.222673 (VIOLATED)
ANTENNA__05666__A_N/DIODE               1.000000    1.222672   -0.222672 (VIOLATED)
ANTENNA__05999__A0/DIODE                1.000000    1.222655   -0.222655 (VIOLATED)
ANTENNA_hold2231_A/DIODE                1.000000    1.222399   -0.222399 (VIOLATED)
hold2231/A                              1.000000    1.222332   -0.222332 (VIOLATED)
ANTENNA_10/DIODE                        1.000000    1.222213   -0.222213 (VIOLATED)
ANTENNA__09358__A1/DIODE                1.000000    1.222212   -0.222212 (VIOLATED)
_09358_/A1                              1.000000    1.222213   -0.222213 (VIOLATED)
ANTENNA__10797__Q/DIODE                 1.000000    1.222211   -0.222211 (VIOLATED)
ANTENNA__08666__A1/DIODE                1.000000    1.222211   -0.222211 (VIOLATED)
_08666_/A1                              1.000000    1.222210   -0.222210 (VIOLATED)
_10797_/Q                               1.000000    1.222206   -0.222206 (VIOLATED)
ANTENNA__05063__B/DIODE                 1.000000    1.212559   -0.212559 (VIOLATED)
ANTENNA__09152__A1/DIODE                1.000000    1.212558   -0.212558 (VIOLATED)
_05063_/B                               1.000000    1.212558   -0.212558 (VIOLATED)
ANTENNA__08615__A1/DIODE                1.000000    1.212557   -0.212557 (VIOLATED)
_08615_/A1                              1.000000    1.212557   -0.212557 (VIOLATED)
_09152_/A1                              1.000000    1.212557   -0.212557 (VIOLATED)
ANTENNA__05064__A1/DIODE                1.000000    1.212556   -0.212556 (VIOLATED)
_05064_/A1                              1.000000    1.212556   -0.212556 (VIOLATED)
ANTENNA__05078__A2/DIODE                1.000000    1.212555   -0.212555 (VIOLATED)
_05078_/A2                              1.000000    1.212555   -0.212555 (VIOLATED)
_06094_/A2                              1.000000    1.212552   -0.212552 (VIOLATED)
ANTENNA__06094__A2/DIODE                1.000000    1.212551   -0.212551 (VIOLATED)
ANTENNA__09303__A1/DIODE                1.000000    1.212550   -0.212550 (VIOLATED)
ANTENNA__09339__A/DIODE                 1.000000    1.212550   -0.212550 (VIOLATED)
ANTENNA__09408__A/DIODE                 1.000000    1.212550   -0.212550 (VIOLATED)
ANTENNA__09453__A1/DIODE                1.000000    1.212550   -0.212550 (VIOLATED)
ANTENNA_hold1578_X/DIODE                1.000000    1.212550   -0.212550 (VIOLATED)
_09303_/A1                              1.000000    1.212550   -0.212550 (VIOLATED)
_09339_/A                               1.000000    1.212550   -0.212550 (VIOLATED)
_09408_/A                               1.000000    1.212550   -0.212550 (VIOLATED)
_09453_/A1                              1.000000    1.212550   -0.212550 (VIOLATED)
hold1578/X                              1.000000    1.212550   -0.212550 (VIOLATED)
ANTENNA__05133__B2/DIODE                1.000000    1.189697   -0.189697 (VIOLATED)
ANTENNA__05571__A/DIODE                 1.000000    1.189697   -0.189697 (VIOLATED)
ANTENNA__05572__A/DIODE                 1.000000    1.189697   -0.189697 (VIOLATED)
ANTENNA__06434__A1/DIODE                1.000000    1.189697   -0.189697 (VIOLATED)
ANTENNA__06545__A1/DIODE                1.000000    1.189697   -0.189697 (VIOLATED)
ANTENNA_hold2147_X/DIODE                1.000000    1.189697   -0.189697 (VIOLATED)
_05133_/B2                              1.000000    1.189697   -0.189697 (VIOLATED)
_05571_/A                               1.000000    1.189697   -0.189697 (VIOLATED)
_05572_/A                               1.000000    1.189697   -0.189697 (VIOLATED)
_06434_/A1                              1.000000    1.189697   -0.189697 (VIOLATED)
_06545_/A1                              1.000000    1.189697   -0.189697 (VIOLATED)
hold2147/X                              1.000000    1.189697   -0.189697 (VIOLATED)
ANTENNA__05607__A/DIODE                 1.000000    1.186585   -0.186585 (VIOLATED)
ANTENNA__05608__A/DIODE                 1.000000    1.186583   -0.186583 (VIOLATED)
_05607_/A                               1.000000    1.186582   -0.186582 (VIOLATED)
_05608_/A                               1.000000    1.186581   -0.186581 (VIOLATED)
ANTENNA__06774__A1/DIODE                1.000000    1.186565   -0.186565 (VIOLATED)
_06774_/A1                              1.000000    1.186563   -0.186563 (VIOLATED)
_05243_/A2                              1.000000    1.186512   -0.186511 (VIOLATED)
ANTENNA__05243__A2/DIODE                1.000000    1.186502   -0.186502 (VIOLATED)
ANTENNA__06544__A/DIODE                 1.000000    1.186491   -0.186491 (VIOLATED)
ANTENNA__06677__A0/DIODE                1.000000    1.186491   -0.186491 (VIOLATED)
ANTENNA__06685__A1/DIODE                1.000000    1.186491   -0.186491 (VIOLATED)
ANTENNA_hold2140_X/DIODE                1.000000    1.186491   -0.186491 (VIOLATED)
_06544_/A                               1.000000    1.186491   -0.186491 (VIOLATED)
_06677_/A0                              1.000000    1.186491   -0.186491 (VIOLATED)
_06685_/A1                              1.000000    1.186491   -0.186491 (VIOLATED)
hold2140/X                              1.000000    1.186491   -0.186491 (VIOLATED)
ANTENNA__11689__A/DIODE                 1.000000    1.174418   -0.174418 (VIOLATED)
ANTENNA__05981__A2/DIODE                1.000000    1.174411   -0.174411 (VIOLATED)
_11689_/A                               1.000000    1.174394   -0.174394 (VIOLATED)
_05981_/A2                              1.000000    1.174337   -0.174337 (VIOLATED)
_05996_/A0                              1.000000    1.174334   -0.174334 (VIOLATED)
_05982_/A2                              1.000000    1.174320   -0.174320 (VIOLATED)
ANTENNA__05996__A0/DIODE                1.000000    1.174287   -0.174287 (VIOLATED)
ANTENNA__05982__A2/DIODE                1.000000    1.174146   -0.174146 (VIOLATED)
_05730_/B1                              1.000000    1.174041   -0.174041 (VIOLATED)
ANTENNA__05730__B1/DIODE                1.000000    1.174039   -0.174039 (VIOLATED)
_05660_/A_N                             1.000000    1.173997   -0.173997 (VIOLATED)
ANTENNA__05660__A_N/DIODE               1.000000    1.173961   -0.173961 (VIOLATED)
output108/A                             1.000000    1.173893   -0.173893 (VIOLATED)
ANTENNA_output108_A/DIODE               1.000000    1.173713   -0.173713 (VIOLATED)
ANTENNA__10794__Q/DIODE                 1.000000    1.172859   -0.172859 (VIOLATED)
ANTENNA_hold2170_A/DIODE                1.000000    1.172859   -0.172859 (VIOLATED)
ANTENNA__09355__A1/DIODE                1.000000    1.172858   -0.172858 (VIOLATED)
_09355_/A1                              1.000000    1.172858   -0.172858 (VIOLATED)
hold2170/A                              1.000000    1.172852   -0.172852 (VIOLATED)
_10794_/Q                               1.000000    1.172850   -0.172850 (VIOLATED)
ANTENNA_output125_A/DIODE               1.000000    1.165212   -0.165212 (VIOLATED)
ANTENNA__06001__A0/DIODE                1.000000    1.165203   -0.165203 (VIOLATED)
ANTENNA__05991__A2/DIODE                1.000000    1.165184   -0.165184 (VIOLATED)
output125/A                             1.000000    1.165183   -0.165183 (VIOLATED)
ANTENNA__11694__A/DIODE                 1.000000    1.165174   -0.165174 (VIOLATED)
_11694_/A                               1.000000    1.165172   -0.165172 (VIOLATED)
_05991_/A2                              1.000000    1.165171   -0.165171 (VIOLATED)
_06001_/A0                              1.000000    1.165161   -0.165161 (VIOLATED)
ANTENNA__05562__B/DIODE                 1.000000    1.165155   -0.165155 (VIOLATED)
_05562_/B                               1.000000    1.165155   -0.165155 (VIOLATED)
ANTENNA__05561__B/DIODE                 1.000000    1.165154   -0.165154 (VIOLATED)
_05561_/B                               1.000000    1.165154   -0.165154 (VIOLATED)
_05670_/A_N                             1.000000    1.165154   -0.165154 (VIOLATED)
_05992_/A2                              1.000000    1.165153   -0.165153 (VIOLATED)
ANTENNA__05670__A_N/DIODE               1.000000    1.165152   -0.165152 (VIOLATED)
ANTENNA__05992__A2/DIODE                1.000000    1.165140   -0.165140 (VIOLATED)
ANTENNA__09360__A1/DIODE                1.000000    1.165082   -0.165082 (VIOLATED)
ANTENNA__10799__Q/DIODE                 1.000000    1.165082   -0.165082 (VIOLATED)
ANTENNA_hold2133_A/DIODE                1.000000    1.165082   -0.165082 (VIOLATED)
_09360_/A1                              1.000000    1.165082   -0.165082 (VIOLATED)
_10799_/Q                               1.000000    1.165082   -0.165082 (VIOLATED)
hold2133/A                              1.000000    1.165082   -0.165082 (VIOLATED)
ANTENNA__09667__S/DIODE                 1.000000    1.160906   -0.160906 (VIOLATED)
_09667_/S                               1.000000    1.160906   -0.160906 (VIOLATED)
ANTENNA__09644__Y/DIODE                 1.000000    1.160901   -0.160901 (VIOLATED)
ANTENNA_fanout302_A/DIODE               1.000000    1.160901   -0.160901 (VIOLATED)
_09644_/Y                               1.000000    1.160901   -0.160901 (VIOLATED)
fanout302/A                             1.000000    1.160901   -0.160901 (VIOLATED)
ANTENNA__09613__S/DIODE                 1.000000    1.157890   -0.157890 (VIOLATED)
_09613_/S                               1.000000    1.157890   -0.157890 (VIOLATED)
fanout304/A                             1.000000    1.157889   -0.157889 (VIOLATED)
ANTENNA__09611__Y/DIODE                 1.000000    1.157887   -0.157887 (VIOLATED)
ANTENNA_fanout304_A/DIODE               1.000000    1.157887   -0.157887 (VIOLATED)
_09611_/Y                               1.000000    1.157887   -0.157887 (VIOLATED)
ANTENNA__05562__A/DIODE                 1.000000    1.157528   -0.157528 (VIOLATED)
_05562_/A                               1.000000    1.157528   -0.157528 (VIOLATED)
_05561_/A                               1.000000    1.157528   -0.157528 (VIOLATED)
ANTENNA__05561__A/DIODE                 1.000000    1.157527   -0.157527 (VIOLATED)
ANTENNA__06430__A2/DIODE                1.000000    1.157523   -0.157523 (VIOLATED)
ANTENNA__06509__A1/DIODE                1.000000    1.157523   -0.157523 (VIOLATED)
ANTENNA__06562__A0/DIODE                1.000000    1.157523   -0.157523 (VIOLATED)
ANTENNA__06570__A1/DIODE                1.000000    1.157523   -0.157523 (VIOLATED)
ANTENNA_hold2112_X/DIODE                1.000000    1.157523   -0.157523 (VIOLATED)
_06430_/A2                              1.000000    1.157523   -0.157523 (VIOLATED)
_06509_/A1                              1.000000    1.157523   -0.157523 (VIOLATED)
_06562_/A0                              1.000000    1.157523   -0.157523 (VIOLATED)
_06570_/A1                              1.000000    1.157523   -0.157523 (VIOLATED)
hold2112/X                              1.000000    1.157523   -0.157523 (VIOLATED)
ANTENNA__07430__S/DIODE                 1.000000    1.154226   -0.154226 (VIOLATED)
_07430_/S                               1.000000    1.154226   -0.154226 (VIOLATED)
ANTENNA__07428__Y/DIODE                 1.000000    1.154223   -0.154223 (VIOLATED)
ANTENNA_fanout334_A/DIODE               1.000000    1.154223   -0.154223 (VIOLATED)
_07428_/Y                               1.000000    1.154223   -0.154223 (VIOLATED)
fanout334/A                             1.000000    1.154223   -0.154223 (VIOLATED)
ANTENNA__05353__B1/DIODE                1.000000    1.151466   -0.151467 (VIOLATED)
ANTENNA__05544__A/DIODE                 1.000000    1.151466   -0.151467 (VIOLATED)
ANTENNA__05545__A/DIODE                 1.000000    1.151466   -0.151467 (VIOLATED)
ANTENNA__05546__A/DIODE                 1.000000    1.151466   -0.151467 (VIOLATED)
ANTENNA__05547__A/DIODE                 1.000000    1.151466   -0.151467 (VIOLATED)
ANTENNA__06879__A/DIODE                 1.000000    1.151466   -0.151467 (VIOLATED)
ANTENNA_hold2192_X/DIODE                1.000000    1.151466   -0.151467 (VIOLATED)
_05353_/B1                              1.000000    1.151466   -0.151467 (VIOLATED)
_05544_/A                               1.000000    1.151466   -0.151467 (VIOLATED)
_05545_/A                               1.000000    1.151466   -0.151467 (VIOLATED)
_05546_/A                               1.000000    1.151466   -0.151467 (VIOLATED)
_05547_/A                               1.000000    1.151466   -0.151467 (VIOLATED)
_06879_/A                               1.000000    1.151466   -0.151467 (VIOLATED)
hold2192/X                              1.000000    1.151466   -0.151467 (VIOLATED)
ANTENNA_output119_A/DIODE               1.000000    1.150195   -0.150195 (VIOLATED)
output119/A                             1.000000    1.150154   -0.150154 (VIOLATED)
_05571_/B                               1.000000    1.150148   -0.150148 (VIOLATED)
_05572_/B                               1.000000    1.150146   -0.150146 (VIOLATED)
ANTENNA__05572__B/DIODE                 1.000000    1.150145   -0.150145 (VIOLATED)
ANTENNA__05984__A2/DIODE                1.000000    1.150144   -0.150144 (VIOLATED)
ANTENNA__05571__B/DIODE                 1.000000    1.150143   -0.150143 (VIOLATED)
ANTENNA__05659__A_N/DIODE               1.000000    1.150139   -0.150139 (VIOLATED)
_05659_/A_N                             1.000000    1.150139   -0.150139 (VIOLATED)
_05983_/A2                              1.000000    1.150124   -0.150124 (VIOLATED)
ANTENNA__05997__A0/DIODE                1.000000    1.150117   -0.150117 (VIOLATED)
_05984_/A2                              1.000000    1.150055   -0.150055 (VIOLATED)
_05997_/A0                              1.000000    1.149920   -0.149920 (VIOLATED)
ANTENNA__05983__A2/DIODE                1.000000    1.149801   -0.149801 (VIOLATED)
_11690_/A                               1.000000    1.149672   -0.149672 (VIOLATED)
ANTENNA__11690__A/DIODE                 1.000000    1.149670   -0.149670 (VIOLATED)
_09356_/A1                              1.000000    1.148990   -0.148990 (VIOLATED)
ANTENNA__09356__A1/DIODE                1.000000    1.148940   -0.148940 (VIOLATED)
ANTENNA__10795__Q/DIODE                 1.000000    1.148719   -0.148719 (VIOLATED)
ANTENNA_hold2205_A/DIODE                1.000000    1.148719   -0.148719 (VIOLATED)
ANTENNA_fanout340_A/DIODE               1.000000    1.148493   -0.148493 (VIOLATED)
fanout340/A                             1.000000    1.148493   -0.148493 (VIOLATED)
ANTENNA__07350__S/DIODE                 1.000000    1.148489   -0.148489 (VIOLATED)
_07350_/S                               1.000000    1.148485   -0.148485 (VIOLATED)
ANTENNA__07328__Y/DIODE                 1.000000    1.148480   -0.148480 (VIOLATED)
_07328_/Y                               1.000000    1.148480   -0.148480 (VIOLATED)
_10795_/Q                               1.000000    1.148285   -0.148285 (VIOLATED)
hold2205/A                              1.000000    1.148285   -0.148285 (VIOLATED)
ANTENNA__05340__B1/DIODE                1.000000    1.147869   -0.147869 (VIOLATED)
ANTENNA__05555__A/DIODE                 1.000000    1.147869   -0.147869 (VIOLATED)
ANTENNA__05556__A/DIODE                 1.000000    1.147869   -0.147869 (VIOLATED)
ANTENNA__05557__A/DIODE                 1.000000    1.147869   -0.147869 (VIOLATED)
ANTENNA__06743__A/DIODE                 1.000000    1.147869   -0.147869 (VIOLATED)
ANTENNA__06878__A0/DIODE                1.000000    1.147869   -0.147869 (VIOLATED)
ANTENNA__06887__A/DIODE                 1.000000    1.147869   -0.147869 (VIOLATED)
ANTENNA_hold2108_X/DIODE                1.000000    1.147869   -0.147869 (VIOLATED)
_05340_/B1                              1.000000    1.147869   -0.147869 (VIOLATED)
_05555_/A                               1.000000    1.147869   -0.147869 (VIOLATED)
_05556_/A                               1.000000    1.147869   -0.147869 (VIOLATED)
_05557_/A                               1.000000    1.147869   -0.147869 (VIOLATED)
_06743_/A                               1.000000    1.147869   -0.147869 (VIOLATED)
_06878_/A0                              1.000000    1.147869   -0.147869 (VIOLATED)
_06887_/A                               1.000000    1.147869   -0.147869 (VIOLATED)
hold2108/X                              1.000000    1.147869   -0.147869 (VIOLATED)
ANTENNA__05381__B1/DIODE                1.000000    1.143326   -0.143326 (VIOLATED)
ANTENNA__05536__A/DIODE                 1.000000    1.143326   -0.143326 (VIOLATED)
ANTENNA__05537__A/DIODE                 1.000000    1.143326   -0.143326 (VIOLATED)
ANTENNA__06833__A/DIODE                 1.000000    1.143326   -0.143326 (VIOLATED)
ANTENNA__06967__A1/DIODE                1.000000    1.143326   -0.143326 (VIOLATED)
ANTENNA__06971__A2/DIODE                1.000000    1.143326   -0.143326 (VIOLATED)
ANTENNA__06975__A/DIODE                 1.000000    1.143326   -0.143326 (VIOLATED)
ANTENNA_hold2051_X/DIODE                1.000000    1.143326   -0.143326 (VIOLATED)
_05381_/B1                              1.000000    1.143326   -0.143326 (VIOLATED)
_05536_/A                               1.000000    1.143326   -0.143326 (VIOLATED)
_05537_/A                               1.000000    1.143326   -0.143326 (VIOLATED)
_06833_/A                               1.000000    1.143326   -0.143326 (VIOLATED)
_06967_/A1                              1.000000    1.143326   -0.143326 (VIOLATED)
_06971_/A2                              1.000000    1.143326   -0.143326 (VIOLATED)
_06975_/A                               1.000000    1.143326   -0.143326 (VIOLATED)
hold2051/X                              1.000000    1.143326   -0.143326 (VIOLATED)
ANTENNA_output126_A/DIODE               1.000000    1.138026   -0.138026 (VIOLATED)
ANTENNA__11695__A/DIODE                 1.000000    1.138020   -0.138020 (VIOLATED)
_11695_/A                               1.000000    1.138008   -0.138008 (VIOLATED)
output126/A                             1.000000    1.138008   -0.138008 (VIOLATED)
_05671_/A_N                             1.000000    1.137952   -0.137952 (VIOLATED)
ANTENNA__05671__A_N/DIODE               1.000000    1.137950   -0.137950 (VIOLATED)
ANTENNA__05994__A2/DIODE                1.000000    1.137936   -0.137936 (VIOLATED)
_05994_/A2                              1.000000    1.137931   -0.137931 (VIOLATED)
_05993_/A2                              1.000000    1.137923   -0.137923 (VIOLATED)
_06002_/A0                              1.000000    1.137922   -0.137922 (VIOLATED)
ANTENNA__05993__A2/DIODE                1.000000    1.137877   -0.137877 (VIOLATED)
ANTENNA__06002__A0/DIODE                1.000000    1.137408   -0.137408 (VIOLATED)
ANTENNA__09361__A1/DIODE                1.000000    1.137371   -0.137371 (VIOLATED)
ANTENNA__10800__Q/DIODE                 1.000000    1.137371   -0.137371 (VIOLATED)
ANTENNA_hold2164_A/DIODE                1.000000    1.137371   -0.137371 (VIOLATED)
_09361_/A1                              1.000000    1.137371   -0.137371 (VIOLATED)
_10800_/Q                               1.000000    1.137371   -0.137371 (VIOLATED)
hold2164/A                              1.000000    1.137371   -0.137371 (VIOLATED)
ANTENNA__07696__S/DIODE                 1.000000    1.132776   -0.132776 (VIOLATED)
_07696_/S                               1.000000    1.132776   -0.132776 (VIOLATED)
ANTENNA__07694__Y/DIODE                 1.000000    1.132774   -0.132774 (VIOLATED)
ANTENNA_fanout318_A/DIODE               1.000000    1.132774   -0.132774 (VIOLATED)
_07694_/Y                               1.000000    1.132774   -0.132774 (VIOLATED)
fanout318/A                             1.000000    1.132774   -0.132774 (VIOLATED)
ANTENNA__09182__A/DIODE                 1.000000    1.127321   -0.127321 (VIOLATED)
ANTENNA__09186__A/DIODE                 1.000000    1.127321   -0.127321 (VIOLATED)
ANTENNA__09187__A/DIODE                 1.000000    1.127321   -0.127321 (VIOLATED)
ANTENNA__09191__C/DIODE                 1.000000    1.127321   -0.127321 (VIOLATED)
ANTENNA__09195__A/DIODE                 1.000000    1.127321   -0.127321 (VIOLATED)
ANTENNA__09199__A0/DIODE                1.000000    1.127321   -0.127321 (VIOLATED)
ANTENNA__09207__A/DIODE                 1.000000    1.127321   -0.127321 (VIOLATED)
ANTENNA__09218__A_N/DIODE               1.000000    1.127321   -0.127321 (VIOLATED)
ANTENNA__09446__B2/DIODE                1.000000    1.127321   -0.127321 (VIOLATED)
ANTENNA_hold1492_X/DIODE                1.000000    1.127321   -0.127321 (VIOLATED)
_09182_/A                               1.000000    1.127321   -0.127321 (VIOLATED)
_09186_/A                               1.000000    1.127321   -0.127321 (VIOLATED)
_09187_/A                               1.000000    1.127321   -0.127321 (VIOLATED)
_09191_/C                               1.000000    1.127321   -0.127321 (VIOLATED)
_09195_/A                               1.000000    1.127321   -0.127321 (VIOLATED)
_09199_/A0                              1.000000    1.127321   -0.127321 (VIOLATED)
_09207_/A                               1.000000    1.127321   -0.127321 (VIOLATED)
_09218_/A_N                             1.000000    1.127321   -0.127321 (VIOLATED)
_09446_/B2                              1.000000    1.127321   -0.127321 (VIOLATED)
hold1492/X                              1.000000    1.127321   -0.127321 (VIOLATED)
_05985_/A1                              1.000000    1.125082   -0.125082 (VIOLATED)
ANTENNA__05985__A1/DIODE                1.000000    1.125076   -0.125076 (VIOLATED)
ANTENNA__05102__A1/DIODE                1.000000    1.125070   -0.125070 (VIOLATED)
_05102_/A1                              1.000000    1.125069   -0.125069 (VIOLATED)
ANTENNA__05050__B2/DIODE                1.000000    1.125046   -0.125046 (VIOLATED)
ANTENNA_hold1589_X/DIODE                1.000000    1.125046   -0.125046 (VIOLATED)
_05050_/B2                              1.000000    1.125046   -0.125046 (VIOLATED)
hold1589/X                              1.000000    1.125046   -0.125046 (VIOLATED)
ANTENNA__09514__S/DIODE                 1.000000    1.119176   -0.119176 (VIOLATED)
_09514_/S                               1.000000    1.119176   -0.119176 (VIOLATED)
ANTENNA_fanout310_A/DIODE               1.000000    1.119171   -0.119171 (VIOLATED)
fanout310/A                             1.000000    1.119170   -0.119170 (VIOLATED)
ANTENNA__09512__Y/DIODE                 1.000000    1.119166   -0.119166 (VIOLATED)
_09512_/Y                               1.000000    1.119166   -0.119166 (VIOLATED)
ANTENNA__09182__B/DIODE                 1.000000    1.118987   -0.118987 (VIOLATED)
ANTENNA__09185__A_N/DIODE               1.000000    1.118987   -0.118987 (VIOLATED)
ANTENNA__09189__A/DIODE                 1.000000    1.118987   -0.118987 (VIOLATED)
ANTENNA__09191__A_N/DIODE               1.000000    1.118987   -0.118987 (VIOLATED)
ANTENNA__09193__B/DIODE                 1.000000    1.118987   -0.118987 (VIOLATED)
ANTENNA__09195__B/DIODE                 1.000000    1.118987   -0.118987 (VIOLATED)
ANTENNA__09198__A0/DIODE                1.000000    1.118987   -0.118987 (VIOLATED)
ANTENNA__09207__C_N/DIODE               1.000000    1.118987   -0.118987 (VIOLATED)
ANTENNA__09218__B/DIODE                 1.000000    1.118987   -0.118987 (VIOLATED)
ANTENNA__09448__B2/DIODE                1.000000    1.118987   -0.118987 (VIOLATED)
ANTENNA_hold263_X/DIODE                 1.000000    1.118987   -0.118987 (VIOLATED)
_09182_/B                               1.000000    1.118987   -0.118987 (VIOLATED)
_09185_/A_N                             1.000000    1.118987   -0.118987 (VIOLATED)
_09189_/A                               1.000000    1.118987   -0.118987 (VIOLATED)
_09191_/A_N                             1.000000    1.118987   -0.118987 (VIOLATED)
_09193_/B                               1.000000    1.118987   -0.118987 (VIOLATED)
_09195_/B                               1.000000    1.118987   -0.118987 (VIOLATED)
_09198_/A0                              1.000000    1.118987   -0.118987 (VIOLATED)
_09207_/C_N                             1.000000    1.118987   -0.118987 (VIOLATED)
_09218_/B                               1.000000    1.118987   -0.118987 (VIOLATED)
_09448_/B2                              1.000000    1.118987   -0.118987 (VIOLATED)
hold263/X                               1.000000    1.118987   -0.118987 (VIOLATED)
ANTENNA__09195__C/DIODE                 1.000000    1.115088   -0.115088 (VIOLATED)
_09195_/C                               1.000000    1.115087   -0.115087 (VIOLATED)
_09218_/C                               1.000000    1.115087   -0.115087 (VIOLATED)
ANTENNA__09189__B/DIODE                 1.000000    1.115087   -0.115086 (VIOLATED)
_09182_/C                               1.000000    1.115086   -0.115086 (VIOLATED)
_09185_/B                               1.000000    1.115086   -0.115086 (VIOLATED)
_09189_/B                               1.000000    1.115086   -0.115086 (VIOLATED)
ANTENNA__09182__C/DIODE                 1.000000    1.115086   -0.115086 (VIOLATED)
ANTENNA__09185__B/DIODE                 1.000000    1.115086   -0.115086 (VIOLATED)
ANTENNA__09191__B/DIODE                 1.000000    1.115086   -0.115086 (VIOLATED)
ANTENNA__09197__A0/DIODE                1.000000    1.115086   -0.115086 (VIOLATED)
ANTENNA__09207__B/DIODE                 1.000000    1.115086   -0.115086 (VIOLATED)
ANTENNA__09218__C/DIODE                 1.000000    1.115086   -0.115086 (VIOLATED)
ANTENNA__09450__B2/DIODE                1.000000    1.115086   -0.115086 (VIOLATED)
ANTENNA_hold1192_X/DIODE                1.000000    1.115086   -0.115086 (VIOLATED)
_09191_/B                               1.000000    1.115086   -0.115086 (VIOLATED)
_09197_/A0                              1.000000    1.115086   -0.115086 (VIOLATED)
_09207_/B                               1.000000    1.115086   -0.115086 (VIOLATED)
_09450_/B2                              1.000000    1.115086   -0.115086 (VIOLATED)
hold1192/X                              1.000000    1.115086   -0.115086 (VIOLATED)
_05581_/A                               1.000000    1.101391   -0.101391 (VIOLATED)
_05582_/A                               1.000000    1.101391   -0.101391 (VIOLATED)
ANTENNA__05581__A/DIODE                 1.000000    1.101391   -0.101391 (VIOLATED)
ANTENNA__05582__A/DIODE                 1.000000    1.101391   -0.101391 (VIOLATED)
_05175_/A2                              1.000000    1.101383   -0.101383 (VIOLATED)
ANTENNA__05175__A2/DIODE                1.000000    1.101379   -0.101379 (VIOLATED)
ANTENNA__06535__A0/DIODE                1.000000    1.101370   -0.101370 (VIOLATED)
ANTENNA__06542__A/DIODE                 1.000000    1.101370   -0.101370 (VIOLATED)
ANTENNA_hold2114_X/DIODE                1.000000    1.101370   -0.101370 (VIOLATED)
_06535_/A0                              1.000000    1.101370   -0.101370 (VIOLATED)
_06542_/A                               1.000000    1.101370   -0.101370 (VIOLATED)
hold2114/X                              1.000000    1.101370   -0.101370 (VIOLATED)
_05365_/B1                              1.000000    1.100690   -0.100690 (VIOLATED)
ANTENNA__05365__B1/DIODE                1.000000    1.100690   -0.100690 (VIOLATED)
ANTENNA__04976__A/DIODE                 1.000000    1.100670   -0.100670 (VIOLATED)
ANTENNA__05549__A/DIODE                 1.000000    1.100670   -0.100670 (VIOLATED)
ANTENNA__05550__A/DIODE                 1.000000    1.100670   -0.100670 (VIOLATED)
ANTENNA__06908__B/DIODE                 1.000000    1.100670   -0.100670 (VIOLATED)
ANTENNA_hold2162_X/DIODE                1.000000    1.100670   -0.100670 (VIOLATED)
_04976_/A                               1.000000    1.100670   -0.100670 (VIOLATED)
_05549_/A                               1.000000    1.100670   -0.100670 (VIOLATED)
_05550_/A                               1.000000    1.100670   -0.100670 (VIOLATED)
_06908_/B                               1.000000    1.100670   -0.100670 (VIOLATED)
hold2162/X                              1.000000    1.100670   -0.100670 (VIOLATED)
_05579_/A                               1.000000    1.092714   -0.092714 (VIOLATED)
ANTENNA__05579__A/DIODE                 1.000000    1.092714   -0.092714 (VIOLATED)
ANTENNA__05577__A/DIODE                 1.000000    1.092714   -0.092714 (VIOLATED)
_05577_/A                               1.000000    1.092713   -0.092714 (VIOLATED)
ANTENNA__05578__A/DIODE                 1.000000    1.092713   -0.092713 (VIOLATED)
_05578_/A                               1.000000    1.092713   -0.092713 (VIOLATED)
ANTENNA__05203__A2/DIODE                1.000000    1.092692   -0.092692 (VIOLATED)
ANTENNA__06543__A1/DIODE                1.000000    1.092692   -0.092692 (VIOLATED)
ANTENNA__06565__B/DIODE                 1.000000    1.092692   -0.092692 (VIOLATED)
ANTENNA__06592__A/DIODE                 1.000000    1.092692   -0.092692 (VIOLATED)
ANTENNA_hold2160_X/DIODE                1.000000    1.092692   -0.092692 (VIOLATED)
_05203_/A2                              1.000000    1.092692   -0.092692 (VIOLATED)
_06543_/A1                              1.000000    1.092692   -0.092692 (VIOLATED)
_06565_/B                               1.000000    1.092692   -0.092692 (VIOLATED)
_06592_/A                               1.000000    1.092692   -0.092692 (VIOLATED)
hold2160/X                              1.000000    1.092692   -0.092692 (VIOLATED)
_05991_/B1                              1.000000    1.084409   -0.084409 (VIOLATED)
ANTENNA__05991__B1/DIODE                1.000000    1.084406   -0.084406 (VIOLATED)
_05602_/B                               1.000000    1.084386   -0.084386 (VIOLATED)
_05601_/B                               1.000000    1.084385   -0.084385 (VIOLATED)
ANTENNA__05602__B/DIODE                 1.000000    1.084385   -0.084385 (VIOLATED)
ANTENNA__05601__B/DIODE                 1.000000    1.084383   -0.084384 (VIOLATED)
ANTENNA__08844__A1/DIODE                1.000000    1.084383   -0.084384 (VIOLATED)
ANTENNA_hold1962_X/DIODE                1.000000    1.084383   -0.084384 (VIOLATED)
_08844_/A1                              1.000000    1.084383   -0.084384 (VIOLATED)
hold1962/X                              1.000000    1.084383   -0.084384 (VIOLATED)
ANTENNA_output122_A/DIODE               1.000000    1.079715   -0.079715 (VIOLATED)
output122/A                             1.000000    1.079610   -0.079610 (VIOLATED)
_05998_/A0                              1.000000    1.079575   -0.079575 (VIOLATED)
_05985_/A2                              1.000000    1.079575   -0.079575 (VIOLATED)
_05986_/A2                              1.000000    1.079515   -0.079516 (VIOLATED)
ANTENNA__11691__A/DIODE                 1.000000    1.079436   -0.079436 (VIOLATED)
_11691_/A                               1.000000    1.079429   -0.079429 (VIOLATED)
ANTENNA__05986__A2/DIODE                1.000000    1.079414   -0.079414 (VIOLATED)
ANTENNA__05985__A2/DIODE                1.000000    1.079384   -0.079384 (VIOLATED)
ANTENNA__05998__A0/DIODE                1.000000    1.079334   -0.079334 (VIOLATED)
ANTENNA__05664__A2/DIODE                1.000000    1.079270   -0.079270 (VIOLATED)
_05664_/A2                              1.000000    1.079241   -0.079241 (VIOLATED)
_05665_/A2                              1.000000    1.079237   -0.079237 (VIOLATED)
ANTENNA__05665__A2/DIODE                1.000000    1.079222   -0.079222 (VIOLATED)
ANTENNA__05575__B/DIODE                 1.000000    1.079169   -0.079169 (VIOLATED)
_05575_/B                               1.000000    1.079169   -0.079169 (VIOLATED)
_05574_/B                               1.000000    1.079169   -0.079169 (VIOLATED)
ANTENNA__05574__B/DIODE                 1.000000    1.079168   -0.079168 (VIOLATED)
_09357_/A1                              1.000000    1.079057   -0.079057 (VIOLATED)
ANTENNA__09357__A1/DIODE                1.000000    1.079056   -0.079056 (VIOLATED)
ANTENNA__10796__Q/DIODE                 1.000000    1.078630   -0.078630 (VIOLATED)
ANTENNA_hold2145_A/DIODE                1.000000    1.078630   -0.078630 (VIOLATED)
_10796_/Q                               1.000000    1.078630   -0.078630 (VIOLATED)
hold2145/A                              1.000000    1.078630   -0.078630 (VIOLATED)
_05830_/A                               1.000000    1.068880   -0.068880 (VIOLATED)
ANTENNA__05830__A/DIODE                 1.000000    1.068880   -0.068880 (VIOLATED)
_05823_/A                               1.000000    1.068880   -0.068880 (VIOLATED)
ANTENNA__05823__A/DIODE                 1.000000    1.068878   -0.068878 (VIOLATED)
_05848_/A                               1.000000    1.068868   -0.068868 (VIOLATED)
ANTENNA__05848__A/DIODE                 1.000000    1.068865   -0.068865 (VIOLATED)
ANTENNA__05749__A1/DIODE                1.000000    1.068817   -0.068817 (VIOLATED)
_05749_/A1                              1.000000    1.068810   -0.068810 (VIOLATED)
_05722_/A1                              1.000000    1.068787   -0.068787 (VIOLATED)
ANTENNA__05722__A1/DIODE                1.000000    1.068786   -0.068786 (VIOLATED)
ANTENNA__05735__A/DIODE                 1.000000    1.068784   -0.068784 (VIOLATED)
_05735_/A                               1.000000    1.068784   -0.068784 (VIOLATED)
_05938_/A1                              1.000000    1.068759   -0.068759 (VIOLATED)
ANTENNA__05938__A1/DIODE                1.000000    1.068759   -0.068759 (VIOLATED)
ANTENNA__05930__A1/DIODE                1.000000    1.068755   -0.068755 (VIOLATED)
_05930_/A1                              1.000000    1.068755   -0.068755 (VIOLATED)
_05720_/C                               1.000000    1.068748   -0.068748 (VIOLATED)
_05964_/A                               1.000000    1.068746   -0.068746 (VIOLATED)
ANTENNA__05964__A/DIODE                 1.000000    1.068740   -0.068740 (VIOLATED)
ANTENNA__05720__C/DIODE                 1.000000    1.068738   -0.068737 (VIOLATED)
ANTENNA__05005__Y/DIODE                 1.000000    1.068610   -0.068610 (VIOLATED)
_05005_/Y                               1.000000    1.068608   -0.068608 (VIOLATED)
ANTENNA__07260__S/DIODE                 1.000000    1.065763   -0.065763 (VIOLATED)
_07260_/S                               1.000000    1.065763   -0.065763 (VIOLATED)
fanout344/A                             1.000000    1.065757   -0.065757 (VIOLATED)
ANTENNA_fanout344_A/DIODE               1.000000    1.065755   -0.065755 (VIOLATED)
ANTENNA__07259__Y/DIODE                 1.000000    1.065753   -0.065753 (VIOLATED)
_07259_/Y                               1.000000    1.065753   -0.065753 (VIOLATED)
ANTENNA__05598__A/DIODE                 1.000000    1.049813   -0.049813 (VIOLATED)
_05598_/A                               1.000000    1.049813   -0.049813 (VIOLATED)
ANTENNA__05597__A/DIODE                 1.000000    1.049813   -0.049813 (VIOLATED)
_05597_/A                               1.000000    1.049813   -0.049813 (VIOLATED)
ANTENNA__05220__A2/DIODE                1.000000    1.049807   -0.049807 (VIOLATED)
ANTENNA__06594__A/DIODE                 1.000000    1.049807   -0.049807 (VIOLATED)
ANTENNA__06595__B/DIODE                 1.000000    1.049807   -0.049807 (VIOLATED)
ANTENNA__06596__B/DIODE                 1.000000    1.049807   -0.049807 (VIOLATED)
ANTENNA__06629__A1/DIODE                1.000000    1.049807   -0.049807 (VIOLATED)
ANTENNA_hold2129_X/DIODE                1.000000    1.049807   -0.049807 (VIOLATED)
_05220_/A2                              1.000000    1.049807   -0.049807 (VIOLATED)
_06594_/A                               1.000000    1.049807   -0.049807 (VIOLATED)
_06595_/B                               1.000000    1.049807   -0.049807 (VIOLATED)
_06596_/B                               1.000000    1.049807   -0.049807 (VIOLATED)
_06629_/A1                              1.000000    1.049807   -0.049807 (VIOLATED)
hold2129/X                              1.000000    1.049807   -0.049807 (VIOLATED)
ANTENNA_output124_A/DIODE               1.000000    1.044112   -0.044112 (VIOLATED)
ANTENNA__06000__A0/DIODE                1.000000    1.044085   -0.044085 (VIOLATED)
output124/A                             1.000000    1.044035   -0.044035 (VIOLATED)
_06000_/A0                              1.000000    1.043886   -0.043886 (VIOLATED)
ANTENNA__11693__A/DIODE                 1.000000    1.043871   -0.043871 (VIOLATED)
_11693_/A                               1.000000    1.043863   -0.043863 (VIOLATED)
_05990_/A2                              1.000000    1.043822   -0.043822 (VIOLATED)
_05989_/A2                              1.000000    1.043810   -0.043811 (VIOLATED)
ANTENNA__05989__A2/DIODE                1.000000    1.043565   -0.043565 (VIOLATED)
_04983_/A                               1.000000    1.043440   -0.043440 (VIOLATED)
ANTENNA__04983__A/DIODE                 1.000000    1.043439   -0.043439 (VIOLATED)
ANTENNA__05990__A2/DIODE                1.000000    1.043437   -0.043437 (VIOLATED)
ANTENNA_11/DIODE                        1.000000    1.043344   -0.043344 (VIOLATED)
ANTENNA__09359__A1/DIODE                1.000000    1.043344   -0.043344 (VIOLATED)
ANTENNA_17/DIODE                        1.000000    1.043344   -0.043344 (VIOLATED)
ANTENNA_19/DIODE                        1.000000    1.043344   -0.043344 (VIOLATED)
_09359_/A1                              1.000000    1.043343   -0.043343 (VIOLATED)
ANTENNA__10798__Q/DIODE                 1.000000    1.042931   -0.042931 (VIOLATED)
ANTENNA_hold2125_A/DIODE                1.000000    1.042931   -0.042931 (VIOLATED)
_10798_/Q                               1.000000    1.042931   -0.042931 (VIOLATED)
hold2125/A                              1.000000    1.042931   -0.042931 (VIOLATED)
_05604_/A                               1.000000    1.041098   -0.041098 (VIOLATED)
ANTENNA__05604__A/DIODE                 1.000000    1.041097   -0.041097 (VIOLATED)
_05605_/A                               1.000000    1.041097   -0.041097 (VIOLATED)
ANTENNA__05605__A/DIODE                 1.000000    1.041096   -0.041096 (VIOLATED)
ANTENNA__06798__A1/DIODE                1.000000    1.041088   -0.041088 (VIOLATED)
_06798_/A1                              1.000000    1.041086   -0.041086 (VIOLATED)
ANTENNA__05255__A2/DIODE                1.000000    1.041052   -0.041052 (VIOLATED)
_05255_/A2                              1.000000    1.041051   -0.041051 (VIOLATED)
ANTENNA__06569__A1/DIODE                1.000000    1.041048   -0.041048 (VIOLATED)
ANTENNA__06702__A0/DIODE                1.000000    1.041048   -0.041048 (VIOLATED)
ANTENNA_hold2141_X/DIODE                1.000000    1.041048   -0.041048 (VIOLATED)
_06569_/A1                              1.000000    1.041048   -0.041048 (VIOLATED)
_06702_/A0                              1.000000    1.041048   -0.041048 (VIOLATED)
hold2141/X                              1.000000    1.041048   -0.041048 (VIOLATED)
ANTENNA__07563__S/DIODE                 1.000000    1.033720   -0.033720 (VIOLATED)
_07563_/S                               1.000000    1.033719   -0.033719 (VIOLATED)
ANTENNA_fanout326_A/DIODE               1.000000    1.033714   -0.033714 (VIOLATED)
fanout326/A                             1.000000    1.033711   -0.033711 (VIOLATED)
ANTENNA__07561__Y/DIODE                 1.000000    1.033702   -0.033702 (VIOLATED)
_07561_/Y                               1.000000    1.033702   -0.033702 (VIOLATED)
_05616_/A                               1.000000    1.028589   -0.028589 (VIOLATED)
ANTENNA__05616__A/DIODE                 1.000000    1.028589   -0.028589 (VIOLATED)
_05615_/A                               1.000000    1.028589   -0.028589 (VIOLATED)
ANTENNA__05615__A/DIODE                 1.000000    1.028589   -0.028589 (VIOLATED)
ANTENNA__05272__A2/DIODE                1.000000    1.028589   -0.028589 (VIOLATED)
ANTENNA__06601__A/DIODE                 1.000000    1.028589   -0.028589 (VIOLATED)
ANTENNA__06703__B/DIODE                 1.000000    1.028589   -0.028589 (VIOLATED)
ANTENNA__06704__B/DIODE                 1.000000    1.028589   -0.028589 (VIOLATED)
ANTENNA__06735__A0/DIODE                1.000000    1.028589   -0.028589 (VIOLATED)
ANTENNA__06745__A/DIODE                 1.000000    1.028589   -0.028589 (VIOLATED)
ANTENNA_hold2102_X/DIODE                1.000000    1.028589   -0.028589 (VIOLATED)
_05272_/A2                              1.000000    1.028589   -0.028589 (VIOLATED)
_06601_/A                               1.000000    1.028589   -0.028589 (VIOLATED)
_06703_/B                               1.000000    1.028589   -0.028589 (VIOLATED)
_06704_/B                               1.000000    1.028589   -0.028589 (VIOLATED)
_06735_/A0                              1.000000    1.028589   -0.028589 (VIOLATED)
_06745_/A                               1.000000    1.028589   -0.028589 (VIOLATED)
hold2102/X                              1.000000    1.028589   -0.028589 (VIOLATED)
_09254_/Y                               1.000000    1.027497   -0.027497 (VIOLATED)
_09255_/B2                              1.000000    1.027497   -0.027497 (VIOLATED)
_09257_/B1                              1.000000    1.027497   -0.027497 (VIOLATED)
ANTENNA__05575__A/DIODE                 1.000000    1.021337   -0.021337 (VIOLATED)
_05575_/A                               1.000000    1.021337   -0.021337 (VIOLATED)
_05574_/A                               1.000000    1.021337   -0.021337 (VIOLATED)
ANTENNA__05574__A/DIODE                 1.000000    1.021337   -0.021337 (VIOLATED)
_05146_/A2                              1.000000    1.021309   -0.021309 (VIOLATED)
ANTENNA__05146__A2/DIODE                1.000000    1.021306   -0.021306 (VIOLATED)
ANTENNA__06466__A1/DIODE                1.000000    1.021306   -0.021306 (VIOLATED)
ANTENNA__06569__A0/DIODE                1.000000    1.021306   -0.021306 (VIOLATED)
ANTENNA_hold2131_X/DIODE                1.000000    1.021306   -0.021306 (VIOLATED)
_06466_/A1                              1.000000    1.021306   -0.021306 (VIOLATED)
_06569_/A0                              1.000000    1.021306   -0.021306 (VIOLATED)
hold2131/X                              1.000000    1.021306   -0.021306 (VIOLATED)

max fanout

Pin                                   Limit Fanout  Slack
---------------------------------------------------------
fanout286/X                              16     34    -18 (VIOLATED)
fanout309/X                              16     34    -18 (VIOLATED)
fanout319/X                              16     34    -18 (VIOLATED)
_06351_/Y                                16     33    -17 (VIOLATED)
clkbuf_0_clk/X                           16     33    -17 (VIOLATED)
clkbuf_4_0_0_clk/X                       16     33    -17 (VIOLATED)
clkbuf_4_13_0_clk/X                      16     33    -17 (VIOLATED)
clkbuf_4_5_0_clk/X                       16     33    -17 (VIOLATED)
fanout237/X                              16     33    -17 (VIOLATED)
fanout238/X                              16     33    -17 (VIOLATED)
fanout244/X                              16     33    -17 (VIOLATED)
fanout246/X                              16     33    -17 (VIOLATED)
fanout247/X                              16     33    -17 (VIOLATED)
fanout248/X                              16     33    -17 (VIOLATED)
fanout249/X                              16     33    -17 (VIOLATED)
fanout250/X                              16     33    -17 (VIOLATED)
fanout252/X                              16     33    -17 (VIOLATED)
fanout253/X                              16     33    -17 (VIOLATED)
fanout268/X                              16     33    -17 (VIOLATED)
fanout270/X                              16     33    -17 (VIOLATED)
fanout273/X                              16     33    -17 (VIOLATED)
fanout274/X                              16     33    -17 (VIOLATED)
fanout275/X                              16     33    -17 (VIOLATED)
fanout279/X                              16     33    -17 (VIOLATED)
fanout281/X                              16     33    -17 (VIOLATED)
fanout282/X                              16     33    -17 (VIOLATED)
fanout284/X                              16     33    -17 (VIOLATED)
fanout285/X                              16     33    -17 (VIOLATED)
fanout287/X                              16     33    -17 (VIOLATED)
fanout288/X                              16     33    -17 (VIOLATED)
fanout289/X                              16     33    -17 (VIOLATED)
fanout290/X                              16     33    -17 (VIOLATED)
fanout291/X                              16     33    -17 (VIOLATED)
fanout292/X                              16     33    -17 (VIOLATED)
fanout293/X                              16     33    -17 (VIOLATED)
fanout294/X                              16     33    -17 (VIOLATED)
fanout295/X                              16     33    -17 (VIOLATED)
fanout296/X                              16     33    -17 (VIOLATED)
fanout297/X                              16     33    -17 (VIOLATED)
fanout298/X                              16     33    -17 (VIOLATED)
fanout299/X                              16     33    -17 (VIOLATED)
fanout300/X                              16     33    -17 (VIOLATED)
fanout301/X                              16     33    -17 (VIOLATED)
fanout302/X                              16     33    -17 (VIOLATED)
fanout303/X                              16     33    -17 (VIOLATED)
fanout304/X                              16     33    -17 (VIOLATED)
fanout305/X                              16     33    -17 (VIOLATED)
fanout306/X                              16     33    -17 (VIOLATED)
fanout307/X                              16     33    -17 (VIOLATED)
fanout308/X                              16     33    -17 (VIOLATED)
fanout310/X                              16     33    -17 (VIOLATED)
fanout311/X                              16     33    -17 (VIOLATED)
fanout312/X                              16     33    -17 (VIOLATED)
fanout313/X                              16     33    -17 (VIOLATED)
fanout314/X                              16     33    -17 (VIOLATED)
fanout315/X                              16     33    -17 (VIOLATED)
fanout316/X                              16     33    -17 (VIOLATED)
fanout317/X                              16     33    -17 (VIOLATED)
fanout318/X                              16     33    -17 (VIOLATED)
fanout320/X                              16     33    -17 (VIOLATED)
fanout321/X                              16     33    -17 (VIOLATED)
fanout322/X                              16     33    -17 (VIOLATED)
fanout323/X                              16     33    -17 (VIOLATED)
fanout324/X                              16     33    -17 (VIOLATED)
fanout325/X                              16     33    -17 (VIOLATED)
fanout326/X                              16     33    -17 (VIOLATED)
fanout327/X                              16     33    -17 (VIOLATED)
fanout328/X                              16     33    -17 (VIOLATED)
fanout329/X                              16     33    -17 (VIOLATED)
fanout330/X                              16     33    -17 (VIOLATED)
fanout331/X                              16     33    -17 (VIOLATED)
fanout332/X                              16     33    -17 (VIOLATED)
fanout333/X                              16     33    -17 (VIOLATED)
fanout334/X                              16     33    -17 (VIOLATED)
fanout335/X                              16     33    -17 (VIOLATED)
fanout336/X                              16     33    -17 (VIOLATED)
fanout337/X                              16     33    -17 (VIOLATED)
fanout338/X                              16     33    -17 (VIOLATED)
fanout339/X                              16     33    -17 (VIOLATED)
fanout340/X                              16     33    -17 (VIOLATED)
fanout341/X                              16     33    -17 (VIOLATED)
fanout342/X                              16     33    -17 (VIOLATED)
fanout343/X                              16     33    -17 (VIOLATED)
fanout344/X                              16     33    -17 (VIOLATED)
fanout348/X                              16     33    -17 (VIOLATED)
fanout349/X                              16     33    -17 (VIOLATED)
fanout350/X                              16     33    -17 (VIOLATED)
fanout351/X                              16     33    -17 (VIOLATED)
fanout352/X                              16     33    -17 (VIOLATED)
fanout354/X                              16     33    -17 (VIOLATED)
fanout355/X                              16     33    -17 (VIOLATED)
fanout361/X                              16     33    -17 (VIOLATED)
fanout363/X                              16     33    -17 (VIOLATED)
fanout364/X                              16     33    -17 (VIOLATED)
fanout366/X                              16     33    -17 (VIOLATED)
fanout367/X                              16     33    -17 (VIOLATED)
fanout369/X                              16     33    -17 (VIOLATED)
fanout370/X                              16     33    -17 (VIOLATED)
fanout374/X                              16     33    -17 (VIOLATED)
fanout377/X                              16     33    -17 (VIOLATED)
fanout378/X                              16     33    -17 (VIOLATED)
fanout379/X                              16     33    -17 (VIOLATED)
fanout380/X                              16     33    -17 (VIOLATED)
fanout381/X                              16     33    -17 (VIOLATED)
fanout382/X                              16     33    -17 (VIOLATED)
fanout387/X                              16     33    -17 (VIOLATED)
fanout389/X                              16     33    -17 (VIOLATED)
fanout390/X                              16     33    -17 (VIOLATED)
fanout392/X                              16     33    -17 (VIOLATED)
fanout393/X                              16     33    -17 (VIOLATED)
fanout396/X                              16     33    -17 (VIOLATED)
fanout398/X                              16     33    -17 (VIOLATED)
fanout399/X                              16     33    -17 (VIOLATED)
fanout401/X                              16     33    -17 (VIOLATED)
fanout402/X                              16     33    -17 (VIOLATED)
fanout404/X                              16     33    -17 (VIOLATED)
fanout406/X                              16     33    -17 (VIOLATED)
fanout407/X                              16     33    -17 (VIOLATED)
fanout408/X                              16     33    -17 (VIOLATED)
fanout409/X                              16     33    -17 (VIOLATED)
fanout410/X                              16     33    -17 (VIOLATED)
fanout411/X                              16     33    -17 (VIOLATED)
fanout412/X                              16     33    -17 (VIOLATED)
fanout413/X                              16     33    -17 (VIOLATED)
fanout415/X                              16     33    -17 (VIOLATED)
fanout417/X                              16     33    -17 (VIOLATED)
fanout419/X                              16     33    -17 (VIOLATED)
fanout420/X                              16     33    -17 (VIOLATED)
fanout424/X                              16     33    -17 (VIOLATED)
fanout426/X                              16     33    -17 (VIOLATED)
fanout427/X                              16     33    -17 (VIOLATED)
fanout428/X                              16     33    -17 (VIOLATED)
fanout429/X                              16     33    -17 (VIOLATED)
fanout430/X                              16     33    -17 (VIOLATED)
fanout431/X                              16     33    -17 (VIOLATED)
fanout433/X                              16     33    -17 (VIOLATED)
fanout437/X                              16     33    -17 (VIOLATED)
fanout438/X                              16     33    -17 (VIOLATED)
fanout439/X                              16     33    -17 (VIOLATED)
fanout440/X                              16     33    -17 (VIOLATED)
fanout441/X                              16     33    -17 (VIOLATED)
fanout442/X                              16     33    -17 (VIOLATED)
fanout443/X                              16     33    -17 (VIOLATED)
fanout444/X                              16     33    -17 (VIOLATED)
fanout446/X                              16     33    -17 (VIOLATED)
fanout448/X                              16     33    -17 (VIOLATED)
fanout449/X                              16     33    -17 (VIOLATED)
fanout450/X                              16     33    -17 (VIOLATED)
fanout451/X                              16     33    -17 (VIOLATED)
fanout453/X                              16     33    -17 (VIOLATED)
fanout455/X                              16     33    -17 (VIOLATED)
fanout457/X                              16     33    -17 (VIOLATED)
fanout458/X                              16     33    -17 (VIOLATED)
fanout461/X                              16     33    -17 (VIOLATED)
fanout462/X                              16     33    -17 (VIOLATED)
fanout464/X                              16     33    -17 (VIOLATED)
fanout466/X                              16     33    -17 (VIOLATED)
fanout467/X                              16     33    -17 (VIOLATED)
fanout470/X                              16     33    -17 (VIOLATED)
fanout473/X                              16     33    -17 (VIOLATED)
fanout475/X                              16     33    -17 (VIOLATED)
fanout476/X                              16     33    -17 (VIOLATED)
fanout477/X                              16     33    -17 (VIOLATED)
fanout478/X                              16     33    -17 (VIOLATED)
fanout479/X                              16     33    -17 (VIOLATED)
fanout480/X                              16     33    -17 (VIOLATED)
fanout482/X                              16     33    -17 (VIOLATED)
fanout483/X                              16     33    -17 (VIOLATED)
fanout486/X                              16     33    -17 (VIOLATED)
fanout487/X                              16     33    -17 (VIOLATED)
fanout488/X                              16     33    -17 (VIOLATED)
fanout489/X                              16     33    -17 (VIOLATED)
fanout492/X                              16     33    -17 (VIOLATED)
fanout494/X                              16     33    -17 (VIOLATED)
fanout495/X                              16     33    -17 (VIOLATED)
fanout497/X                              16     33    -17 (VIOLATED)
fanout498/X                              16     33    -17 (VIOLATED)
fanout499/X                              16     33    -17 (VIOLATED)
fanout502/X                              16     33    -17 (VIOLATED)
fanout504/X                              16     33    -17 (VIOLATED)
fanout506/X                              16     33    -17 (VIOLATED)
fanout508/X                              16     33    -17 (VIOLATED)
fanout510/X                              16     33    -17 (VIOLATED)
fanout512/X                              16     33    -17 (VIOLATED)
fanout514/X                              16     33    -17 (VIOLATED)
fanout515/X                              16     33    -17 (VIOLATED)
fanout516/X                              16     33    -17 (VIOLATED)
fanout517/X                              16     33    -17 (VIOLATED)
fanout520/X                              16     33    -17 (VIOLATED)
fanout523/X                              16     33    -17 (VIOLATED)
fanout525/X                              16     33    -17 (VIOLATED)
fanout527/X                              16     33    -17 (VIOLATED)
fanout529/X                              16     33    -17 (VIOLATED)
fanout531/X                              16     33    -17 (VIOLATED)
fanout532/X                              16     33    -17 (VIOLATED)
fanout533/X                              16     33    -17 (VIOLATED)
fanout534/X                              16     33    -17 (VIOLATED)
fanout535/X                              16     33    -17 (VIOLATED)
fanout536/X                              16     33    -17 (VIOLATED)
fanout537/X                              16     33    -17 (VIOLATED)
fanout538/X                              16     33    -17 (VIOLATED)
fanout542/X                              16     33    -17 (VIOLATED)
fanout544/X                              16     33    -17 (VIOLATED)
fanout545/X                              16     33    -17 (VIOLATED)
fanout546/X                              16     33    -17 (VIOLATED)
fanout547/X                              16     33    -17 (VIOLATED)
fanout548/X                              16     33    -17 (VIOLATED)
fanout549/X                              16     33    -17 (VIOLATED)
fanout550/X                              16     33    -17 (VIOLATED)
fanout552/X                              16     33    -17 (VIOLATED)
fanout553/X                              16     33    -17 (VIOLATED)
fanout555/X                              16     33    -17 (VIOLATED)
fanout557/X                              16     33    -17 (VIOLATED)
fanout558/X                              16     33    -17 (VIOLATED)
fanout559/X                              16     33    -17 (VIOLATED)
fanout561/X                              16     33    -17 (VIOLATED)
fanout562/X                              16     33    -17 (VIOLATED)
fanout563/X                              16     33    -17 (VIOLATED)
fanout566/X                              16     33    -17 (VIOLATED)
fanout568/X                              16     33    -17 (VIOLATED)
fanout569/X                              16     33    -17 (VIOLATED)
fanout571/X                              16     33    -17 (VIOLATED)
fanout573/X                              16     33    -17 (VIOLATED)
fanout576/X                              16     33    -17 (VIOLATED)
fanout578/X                              16     33    -17 (VIOLATED)
fanout580/X                              16     33    -17 (VIOLATED)
fanout582/X                              16     33    -17 (VIOLATED)
fanout584/X                              16     33    -17 (VIOLATED)
fanout586/X                              16     33    -17 (VIOLATED)
fanout588/X                              16     33    -17 (VIOLATED)
fanout590/X                              16     33    -17 (VIOLATED)
fanout592/X                              16     33    -17 (VIOLATED)
fanout594/X                              16     33    -17 (VIOLATED)
fanout597/X                              16     33    -17 (VIOLATED)
fanout599/X                              16     33    -17 (VIOLATED)
fanout601/X                              16     33    -17 (VIOLATED)
fanout603/X                              16     33    -17 (VIOLATED)
fanout605/X                              16     33    -17 (VIOLATED)
fanout607/X                              16     33    -17 (VIOLATED)
fanout609/X                              16     33    -17 (VIOLATED)
fanout611/X                              16     33    -17 (VIOLATED)
fanout613/X                              16     33    -17 (VIOLATED)
fanout615/X                              16     33    -17 (VIOLATED)
fanout618/X                              16     33    -17 (VIOLATED)
fanout621/X                              16     33    -17 (VIOLATED)
fanout622/X                              16     33    -17 (VIOLATED)
fanout624/X                              16     33    -17 (VIOLATED)
fanout626/X                              16     33    -17 (VIOLATED)
fanout627/X                              16     33    -17 (VIOLATED)
_11420_/Q                                16     31    -15 (VIOLATED)
clkbuf_4_10_0_clk/X                      16     31    -15 (VIOLATED)
clkbuf_4_1_0_clk/X                       16     31    -15 (VIOLATED)
clkbuf_4_7_0_clk/X                       16     31    -15 (VIOLATED)
fanout239/X                              16     31    -15 (VIOLATED)
fanout368/X                              16     31    -15 (VIOLATED)
fanout375/X                              16     31    -15 (VIOLATED)
fanout511/X                              16     31    -15 (VIOLATED)
_05068_/Y                                16     29    -13 (VIOLATED)
_05720_/X                                16     29    -13 (VIOLATED)
clkbuf_4_11_0_clk/X                      16     29    -13 (VIOLATED)
clkbuf_4_4_0_clk/X                       16     29    -13 (VIOLATED)
clkbuf_4_8_0_clk/X                       16     29    -13 (VIOLATED)
clkbuf_4_9_0_clk/X                       16     29    -13 (VIOLATED)
fanout397/X                              16     29    -13 (VIOLATED)
fanout463/X                              16     29    -13 (VIOLATED)
fanout465/X                              16     29    -13 (VIOLATED)
fanout513/X                              16     29    -13 (VIOLATED)
fanout539/X                              16     29    -13 (VIOLATED)
fanout585/X                              16     29    -13 (VIOLATED)
fanout606/X                              16     29    -13 (VIOLATED)
clkbuf_4_14_0_clk/X                      16     27    -11 (VIOLATED)
clkbuf_4_2_0_clk/X                       16     27    -11 (VIOLATED)
clkbuf_4_6_0_clk/X                       16     27    -11 (VIOLATED)
fanout395/X                              16     27    -11 (VIOLATED)
fanout425/X                              16     27    -11 (VIOLATED)
fanout454/X                              16     27    -11 (VIOLATED)
fanout500/X                              16     27    -11 (VIOLATED)
fanout505/X                              16     27    -11 (VIOLATED)
fanout521/X                              16     27    -11 (VIOLATED)
fanout526/X                              16     27    -11 (VIOLATED)
fanout574/X                              16     27    -11 (VIOLATED)
fanout579/X                              16     27    -11 (VIOLATED)
fanout595/X                              16     27    -11 (VIOLATED)
fanout600/X                              16     27    -11 (VIOLATED)
fanout629/X                              16     27    -11 (VIOLATED)
clkbuf_4_12_0_clk/X                      16     25     -9 (VIOLATED)
fanout376/X                              16     25     -9 (VIOLATED)
fanout501/X                              16     25     -9 (VIOLATED)
fanout522/X                              16     25     -9 (VIOLATED)
fanout572/X                              16     25     -9 (VIOLATED)
fanout575/X                              16     25     -9 (VIOLATED)
fanout596/X                              16     25     -9 (VIOLATED)
fanout616/X                              16     25     -9 (VIOLATED)
_05072_/Y                                16     23     -7 (VIOLATED)
_05096_/Y                                16     23     -7 (VIOLATED)
_06012_/X                                16     23     -7 (VIOLATED)
_10793_/Q                                16     23     -7 (VIOLATED)
_10796_/Q                                16     23     -7 (VIOLATED)
clkbuf_4_15_0_clk/X                      16     23     -7 (VIOLATED)
clkbuf_4_3_0_clk/X                       16     23     -7 (VIOLATED)
fanout362/X                              16     23     -7 (VIOLATED)
fanout372/X                              16     23     -7 (VIOLATED)
fanout469/X                              16     23     -7 (VIOLATED)
fanout490/X                              16     23     -7 (VIOLATED)
fanout518/X                              16     23     -7 (VIOLATED)
fanout540/X                              16     23     -7 (VIOLATED)
fanout541/X                              16     23     -7 (VIOLATED)
fanout551/X                              16     23     -7 (VIOLATED)
_05005_/Y                                16     21     -5 (VIOLATED)
_05097_/X                                16     21     -5 (VIOLATED)
_10795_/Q                                16     21     -5 (VIOLATED)
_10799_/Q                                16     21     -5 (VIOLATED)
fanout373/X                              16     21     -5 (VIOLATED)
fanout405/X                              16     21     -5 (VIOLATED)
fanout418/X                              16     21     -5 (VIOLATED)
fanout452/X                              16     21     -5 (VIOLATED)
fanout456/X                              16     21     -5 (VIOLATED)
fanout496/X                              16     21     -5 (VIOLATED)
fanout519/X                              16     21     -5 (VIOLATED)
fanout564/X                              16     21     -5 (VIOLATED)
fanout565/X                              16     21     -5 (VIOLATED)
fanout589/X                              16     21     -5 (VIOLATED)
fanout610/X                              16     21     -5 (VIOLATED)
hold1578/X                               16     21     -5 (VIOLATED)
hold263/X                                16     21     -5 (VIOLATED)
_10797_/Q                                16     20     -4 (VIOLATED)
_10798_/Q                                16     20     -4 (VIOLATED)
fanout491/X                              16     20     -4 (VIOLATED)
_09410_/X                                16     19     -3 (VIOLATED)
_10026_/Q                                16     19     -3 (VIOLATED)
_10028_/Q                                16     19     -3 (VIOLATED)
_10032_/Q                                16     19     -3 (VIOLATED)
_10041_/Q                                16     19     -3 (VIOLATED)
_10045_/Q                                16     19     -3 (VIOLATED)
_10048_/Q                                16     19     -3 (VIOLATED)
_10794_/Q                                16     19     -3 (VIOLATED)
fanout385/X                              16     19     -3 (VIOLATED)
fanout416/X                              16     19     -3 (VIOLATED)
fanout432/X                              16     19     -3 (VIOLATED)
fanout445/X                              16     19     -3 (VIOLATED)
fanout447/X                              16     19     -3 (VIOLATED)
fanout460/X                              16     19     -3 (VIOLATED)
fanout468/X                              16     19     -3 (VIOLATED)
fanout471/X                              16     19     -3 (VIOLATED)
fanout481/X                              16     19     -3 (VIOLATED)
fanout493/X                              16     19     -3 (VIOLATED)
fanout560/X                              16     19     -3 (VIOLATED)
fanout570/X                              16     19     -3 (VIOLATED)
fanout587/X                              16     19     -3 (VIOLATED)
fanout608/X                              16     19     -3 (VIOLATED)
fanout617/X                              16     19     -3 (VIOLATED)
hold1192/X                               16     19     -3 (VIOLATED)
hold1492/X                               16     19     -3 (VIOLATED)
_04952_/Y                                16     17        (VIOLATED)
_05058_/X                                16     17        (VIOLATED)
_05718_/Y                                16     17        (VIOLATED)
_10025_/Q                                16     17        (VIOLATED)
_10029_/Q                                16     17        (VIOLATED)
_10030_/Q                                16     17        (VIOLATED)
_10033_/Q                                16     17        (VIOLATED)
_10034_/Q                                16     17        (VIOLATED)
_10037_/Q                                16     17        (VIOLATED)
_10039_/Q                                16     17        (VIOLATED)
_10800_/Q                                16     17        (VIOLATED)
clkbuf_leaf_82_clk/X                     16     17        (VIOLATED)
fanout353/X                              16     17        (VIOLATED)
fanout403/X                              16     17        (VIOLATED)
fanout459/X                              16     17        (VIOLATED)
fanout472/X                              16     17        (VIOLATED)
fanout474/X                              16     17        (VIOLATED)
fanout485/X                              16     17        (VIOLATED)
fanout507/X                              16     17        (VIOLATED)
fanout509/X                              16     17        (VIOLATED)
fanout528/X                              16     17        (VIOLATED)
fanout530/X                              16     17        (VIOLATED)
fanout554/X                              16     17        (VIOLATED)
fanout567/X                              16     17        (VIOLATED)
fanout581/X                              16     17        (VIOLATED)
fanout583/X                              16     17        (VIOLATED)
fanout593/X                              16     17        (VIOLATED)
fanout602/X                              16     17        (VIOLATED)
fanout604/X                              16     17        (VIOLATED)
fanout614/X                              16     17        (VIOLATED)
fanout619/X                              16     17        (VIOLATED)
hold1817/X                               16     17        (VIOLATED)
hold2102/X                               16     17        (VIOLATED)



===========================================================================
report_parasitic_annotation -report_unannotated
============================================================================
Found 377 unannotated drivers.
 irq[0]
 irq[10]
 irq[11]
 irq[12]
 irq[13]
 irq[14]
 irq[15]
 irq[16]
 irq[17]
 irq[18]
 irq[19]
 irq[1]
 irq[20]
 irq[21]
 irq[22]
 irq[23]
 irq[24]
 irq[25]
 irq[26]
 irq[27]
 irq[28]
 irq[29]
 irq[2]
 irq[30]
 irq[31]
 irq[3]
 irq[4]
 irq[5]
 irq[6]
 irq[7]
 irq[8]
 irq[9]
 pcpi_rd[0]
 pcpi_rd[10]
 pcpi_rd[11]
 pcpi_rd[12]
 pcpi_rd[13]
 pcpi_rd[14]
 pcpi_rd[15]
 pcpi_rd[16]
 pcpi_rd[17]
 pcpi_rd[18]
 pcpi_rd[19]
 pcpi_rd[1]
 pcpi_rd[20]
 pcpi_rd[21]
 pcpi_rd[22]
 pcpi_rd[23]
 pcpi_rd[24]
 pcpi_rd[25]
 pcpi_rd[26]
 pcpi_rd[27]
 pcpi_rd[28]
 pcpi_rd[29]
 pcpi_rd[2]
 pcpi_rd[30]
 pcpi_rd[31]
 pcpi_rd[3]
 pcpi_rd[4]
 pcpi_rd[5]
 pcpi_rd[6]
 pcpi_rd[7]
 pcpi_rd[8]
 pcpi_rd[9]
 pcpi_ready
 pcpi_wait
 pcpi_wr
 clkload0/X
 clkload1/Y
 clkload10/Y
 clkload100/X
 clkload101/Y
 clkload102/Y
 clkload103/Y
 clkload104/Y
 clkload105/Y
 clkload106/Y
 clkload107/X
 clkload108/Y
 clkload109/Y
 clkload11/Y
 clkload110/Y
 clkload111/Y
 clkload112/Y
 clkload113/Y
 clkload114/Y
 clkload115/Y
 clkload116/Y
 clkload117/Y
 clkload118/Y
 clkload119/Y
 clkload12/Y
 clkload120/Y
 clkload121/Y
 clkload122/Y
 clkload123/Y
 clkload124/Y
 clkload125/Y
 clkload126/Y
 clkload127/Y
 clkload128/Y
 clkload129/Y
 clkload13/Y
 clkload130/Y
 clkload131/Y
 clkload132/Y
 clkload133/Y
 clkload134/Y
 clkload135/Y
 clkload136/Y
 clkload137/Y
 clkload138/Y
 clkload139/Y
 clkload14/Y
 clkload140/Y
 clkload141/Y
 clkload142/Y
 clkload143/Y
 clkload144/Y
 clkload145/Y
 clkload146/Y
 clkload147/Y
 clkload148/Y
 clkload149/X
 clkload15/X
 clkload150/X
 clkload151/X
 clkload152/X
 clkload153/Y
 clkload154/Y
 clkload155/Y
 clkload156/Y
 clkload157/X
 clkload158/Y
 clkload159/Y
 clkload16/Y
 clkload160/Y
 clkload161/Y
 clkload162/Y
 clkload163/Y
 clkload164/X
 clkload165/Y
 clkload166/Y
 clkload167/Y
 clkload168/Y
 clkload169/Y
 clkload17/Y
 clkload170/Y
 clkload171/X
 clkload172/Y
 clkload173/Y
 clkload174/Y
 clkload175/Y
 clkload176/Y
 clkload177/Y
 clkload178/Y
 clkload179/Y
 clkload18/X
 clkload180/Y
 clkload181/Y
 clkload182/Y
 clkload183/Y
 clkload184/Y
 clkload185/Y
 clkload186/Y
 clkload187/Y
 clkload188/Y
 clkload189/Y
 clkload19/X
 clkload190/Y
 clkload191/Y
 clkload192/Y
 clkload193/Y
 clkload194/Y
 clkload195/X
 clkload196/Y
 clkload197/Y
 clkload198/Y
 clkload199/Y
 clkload2/Y
 clkload20/Y
 clkload200/Y
 clkload201/Y
 clkload202/Y
 clkload203/Y
 clkload21/Y
 clkload22/X
 clkload23/Y
 clkload24/Y
 clkload25/Y
 clkload26/X
 clkload27/X
 clkload28/Y
 clkload29/X
 clkload3/Y
 clkload30/Y
 clkload31/Y
 clkload32/Y
 clkload33/X
 clkload34/Y
 clkload35/Y
 clkload36/Y
 clkload37/Y
 clkload38/Y
 clkload39/Y
 clkload4/Y
 clkload40/Y
 clkload41/Y
 clkload42/Y
 clkload43/Y
 clkload44/Y
 clkload45/X
 clkload46/Y
 clkload47/Y
 clkload48/Y
 clkload49/Y
 clkload5/X
 clkload50/Y
 clkload51/Y
 clkload52/Y
 clkload53/Y
 clkload54/Y
 clkload55/Y
 clkload56/Y
 clkload57/Y
 clkload58/X
 clkload59/Y
 clkload6/Y
 clkload60/Y
 clkload61/Y
 clkload62/Y
 clkload63/Y
 clkload64/Y
 clkload65/Y
 clkload66/Y
 clkload67/Y
 clkload68/X
 clkload69/Y
 clkload7/Y
 clkload70/Y
 clkload71/X
 clkload72/Y
 clkload73/X
 clkload74/X
 clkload75/Y
 clkload76/X
 clkload77/Y
 clkload78/Y
 clkload79/Y
 clkload8/Y
 clkload80/Y
 clkload81/Y
 clkload82/Y
 clkload83/Y
 clkload84/Y
 clkload85/Y
 clkload86/Y
 clkload87/Y
 clkload88/Y
 clkload89/Y
 clkload9/Y
 clkload90/Y
 clkload91/Y
 clkload92/Y
 clkload93/Y
 clkload94/Y
 clkload95/Y
 clkload96/Y
 clkload97/Y
 clkload98/Y
 clkload99/Y
 picorv32_630/HI
 picorv32_631/HI
 picorv32_632/HI
 picorv32_633/HI
 picorv32_634/HI
 picorv32_635/HI
 picorv32_636/HI
 picorv32_637/HI
 picorv32_638/HI
 picorv32_639/HI
 picorv32_640/HI
 picorv32_641/HI
 picorv32_642/HI
 picorv32_643/HI
 picorv32_644/HI
 picorv32_645/HI
 picorv32_646/HI
 picorv32_647/HI
 picorv32_648/HI
 picorv32_649/HI
 picorv32_650/HI
 picorv32_651/HI
 picorv32_652/HI
 picorv32_653/HI
 picorv32_654/HI
 picorv32_655/HI
 picorv32_656/HI
 picorv32_657/HI
 picorv32_658/HI
 picorv32_659/HI
 picorv32_660/HI
 picorv32_661/HI
 picorv32_662/HI
 picorv32_663/HI
 picorv32_664/HI
 picorv32_665/HI
 picorv32_666/HI
 picorv32_667/HI
 picorv32_668/HI
 picorv32_669/HI
 picorv32_670/HI
 picorv32_671/HI
 picorv32_672/HI
 picorv32_673/HI
 picorv32_674/HI
 picorv32_675/HI
 picorv32_676/HI
 picorv32_677/HI
 picorv32_678/HI
 picorv32_679/HI
 picorv32_680/HI
 picorv32_681/HI
 picorv32_682/HI
 picorv32_683/HI
 picorv32_684/HI
 picorv32_685/HI
 picorv32_686/HI
 picorv32_687/HI
 picorv32_688/HI
 picorv32_689/HI
 picorv32_690/HI
 picorv32_691/HI
 picorv32_692/HI
 picorv32_693/HI
 picorv32_694/HI
 picorv32_695/HI
 picorv32_696/HI
 picorv32_697/HI
 picorv32_698/HI
 picorv32_699/HI
 picorv32_700/HI
 picorv32_701/HI
 picorv32_702/HI
 picorv32_703/HI
 picorv32_704/HI
 picorv32_705/HI
 picorv32_706/HI
 picorv32_707/HI
 picorv32_708/HI
 picorv32_709/HI
 picorv32_710/HI
 picorv32_711/HI
 picorv32_712/HI
 picorv32_713/HI
 picorv32_714/HI
 picorv32_715/HI
 picorv32_716/HI
 picorv32_717/HI
 picorv32_718/HI
 picorv32_719/HI
 picorv32_720/HI
 picorv32_721/HI
 picorv32_722/HI
 picorv32_723/HI
 picorv32_724/HI
 picorv32_725/HI
 picorv32_726/HI
 picorv32_727/HI
 picorv32_728/HI
 picorv32_729/HI
 picorv32_730/HI
 picorv32_731/HI
 picorv32_732/HI
 picorv32_733/HI
 picorv32_734/HI
 picorv32_735/HI
Found 0 partially unannotated drivers.

===========================================================================
max slew violation count 547
max fanout violation count 386
max cap violation count 0
============================================================================

===========================================================================
check_setup -verbose -unconstrained_endpoints -multiple_clock -no_clock -no_input_delay -loops -generated_clocks
===========================================================================
Warning: There are 101 input ports missing set_input_delay.
  irq[0]
  irq[10]
  irq[11]
  irq[12]
  irq[13]
  irq[14]
  irq[15]
  irq[16]
  irq[17]
  irq[18]
  irq[19]
  irq[1]
  irq[20]
  irq[21]
  irq[22]
  irq[23]
  irq[24]
  irq[25]
  irq[26]
  irq[27]
  irq[28]
  irq[29]
  irq[2]
  irq[30]
  irq[31]
  irq[3]
  irq[4]
  irq[5]
  irq[6]
  irq[7]
  irq[8]
  irq[9]
  mem_rdata[0]
  mem_rdata[10]
  mem_rdata[11]
  mem_rdata[12]
  mem_rdata[13]
  mem_rdata[14]
  mem_rdata[15]
  mem_rdata[16]
  mem_rdata[17]
  mem_rdata[18]
  mem_rdata[19]
  mem_rdata[1]
  mem_rdata[20]
  mem_rdata[21]
  mem_rdata[22]
  mem_rdata[23]
  mem_rdata[24]
  mem_rdata[25]
  mem_rdata[26]
  mem_rdata[27]
  mem_rdata[28]
  mem_rdata[29]
  mem_rdata[2]
  mem_rdata[30]
  mem_rdata[31]
  mem_rdata[3]
  mem_rdata[4]
  mem_rdata[5]
  mem_rdata[6]
  mem_rdata[7]
  mem_rdata[8]
  mem_rdata[9]
  mem_ready
  pcpi_rd[0]
  pcpi_rd[10]
  pcpi_rd[11]
  pcpi_rd[12]
  pcpi_rd[13]
  pcpi_rd[14]
  pcpi_rd[15]
  pcpi_rd[16]
  pcpi_rd[17]
  pcpi_rd[18]
  pcpi_rd[19]
  pcpi_rd[1]
  pcpi_rd[20]
  pcpi_rd[21]
  pcpi_rd[22]
  pcpi_rd[23]
  pcpi_rd[24]
  pcpi_rd[25]
  pcpi_rd[26]
  pcpi_rd[27]
  pcpi_rd[28]
  pcpi_rd[29]
  pcpi_rd[2]
  pcpi_rd[30]
  pcpi_rd[31]
  pcpi_rd[3]
  pcpi_rd[4]
  pcpi_rd[5]
  pcpi_rd[6]
  pcpi_rd[7]
  pcpi_rd[8]
  pcpi_rd[9]
  pcpi_ready
  pcpi_wait
  pcpi_wr
  resetn
Warning: There are 307 unconstrained endpoints.
  eoi[0]
  eoi[10]
  eoi[11]
  eoi[12]
  eoi[13]
  eoi[14]
  eoi[15]
  eoi[16]
  eoi[17]
  eoi[18]
  eoi[19]
  eoi[1]
  eoi[20]
  eoi[21]
  eoi[22]
  eoi[23]
  eoi[24]
  eoi[25]
  eoi[26]
  eoi[27]
  eoi[28]
  eoi[29]
  eoi[2]
  eoi[30]
  eoi[31]
  eoi[3]
  eoi[4]
  eoi[5]
  eoi[6]
  eoi[7]
  eoi[8]
  eoi[9]
  mem_addr[0]
  mem_addr[10]
  mem_addr[11]
  mem_addr[12]
  mem_addr[13]
  mem_addr[14]
  mem_addr[15]
  mem_addr[16]
  mem_addr[17]
  mem_addr[18]
  mem_addr[19]
  mem_addr[1]
  mem_addr[20]
  mem_addr[21]
  mem_addr[22]
  mem_addr[23]
  mem_addr[24]
  mem_addr[25]
  mem_addr[26]
  mem_addr[27]
  mem_addr[28]
  mem_addr[29]
  mem_addr[2]
  mem_addr[30]
  mem_addr[31]
  mem_addr[3]
  mem_addr[4]
  mem_addr[5]
  mem_addr[6]
  mem_addr[7]
  mem_addr[8]
  mem_addr[9]
  mem_instr
  mem_la_addr[0]
  mem_la_addr[10]
  mem_la_addr[11]
  mem_la_addr[12]
  mem_la_addr[13]
  mem_la_addr[14]
  mem_la_addr[15]
  mem_la_addr[16]
  mem_la_addr[17]
  mem_la_addr[18]
  mem_la_addr[19]
  mem_la_addr[1]
  mem_la_addr[20]
  mem_la_addr[21]
  mem_la_addr[22]
  mem_la_addr[23]
  mem_la_addr[24]
  mem_la_addr[25]
  mem_la_addr[26]
  mem_la_addr[27]
  mem_la_addr[28]
  mem_la_addr[29]
  mem_la_addr[2]
  mem_la_addr[30]
  mem_la_addr[31]
  mem_la_addr[3]
  mem_la_addr[4]
  mem_la_addr[5]
  mem_la_addr[6]
  mem_la_addr[7]
  mem_la_addr[8]
  mem_la_addr[9]
  mem_la_read
  mem_la_wdata[0]
  mem_la_wdata[10]
  mem_la_wdata[11]
  mem_la_wdata[12]
  mem_la_wdata[13]
  mem_la_wdata[14]
  mem_la_wdata[15]
  mem_la_wdata[16]
  mem_la_wdata[17]
  mem_la_wdata[18]
  mem_la_wdata[19]
  mem_la_wdata[1]
  mem_la_wdata[20]
  mem_la_wdata[21]
  mem_la_wdata[22]
  mem_la_wdata[23]
  mem_la_wdata[24]
  mem_la_wdata[25]
  mem_la_wdata[26]
  mem_la_wdata[27]
  mem_la_wdata[28]
  mem_la_wdata[29]
  mem_la_wdata[2]
  mem_la_wdata[30]
  mem_la_wdata[31]
  mem_la_wdata[3]
  mem_la_wdata[4]
  mem_la_wdata[5]
  mem_la_wdata[6]
  mem_la_wdata[7]
  mem_la_wdata[8]
  mem_la_wdata[9]
  mem_la_write
  mem_la_wstrb[0]
  mem_la_wstrb[1]
  mem_la_wstrb[2]
  mem_la_wstrb[3]
  mem_valid
  mem_wdata[0]
  mem_wdata[10]
  mem_wdata[11]
  mem_wdata[12]
  mem_wdata[13]
  mem_wdata[14]
  mem_wdata[15]
  mem_wdata[16]
  mem_wdata[17]
  mem_wdata[18]
  mem_wdata[19]
  mem_wdata[1]
  mem_wdata[20]
  mem_wdata[21]
  mem_wdata[22]
  mem_wdata[23]
  mem_wdata[24]
  mem_wdata[25]
  mem_wdata[26]
  mem_wdata[27]
  mem_wdata[28]
  mem_wdata[29]
  mem_wdata[2]
  mem_wdata[30]
  mem_wdata[31]
  mem_wdata[3]
  mem_wdata[4]
  mem_wdata[5]
  mem_wdata[6]
  mem_wdata[7]
  mem_wdata[8]
  mem_wdata[9]
  mem_wstrb[0]
  mem_wstrb[1]
  mem_wstrb[2]
  mem_wstrb[3]
  pcpi_insn[0]
  pcpi_insn[10]
  pcpi_insn[11]
  pcpi_insn[12]
  pcpi_insn[13]
  pcpi_insn[14]
  pcpi_insn[15]
  pcpi_insn[16]
  pcpi_insn[17]
  pcpi_insn[18]
  pcpi_insn[19]
  pcpi_insn[1]
  pcpi_insn[20]
  pcpi_insn[21]
  pcpi_insn[22]
  pcpi_insn[23]
  pcpi_insn[24]
  pcpi_insn[25]
  pcpi_insn[26]
  pcpi_insn[27]
  pcpi_insn[28]
  pcpi_insn[29]
  pcpi_insn[2]
  pcpi_insn[30]
  pcpi_insn[31]
  pcpi_insn[3]
  pcpi_insn[4]
  pcpi_insn[5]
  pcpi_insn[6]
  pcpi_insn[7]
  pcpi_insn[8]
  pcpi_insn[9]
  pcpi_rs1[0]
  pcpi_rs1[10]
  pcpi_rs1[11]
  pcpi_rs1[12]
  pcpi_rs1[13]
  pcpi_rs1[14]
  pcpi_rs1[15]
  pcpi_rs1[16]
  pcpi_rs1[17]
  pcpi_rs1[18]
  pcpi_rs1[19]
  pcpi_rs1[1]
  pcpi_rs1[20]
  pcpi_rs1[21]
  pcpi_rs1[22]
  pcpi_rs1[23]
  pcpi_rs1[24]
  pcpi_rs1[25]
  pcpi_rs1[26]
  pcpi_rs1[27]
  pcpi_rs1[28]
  pcpi_rs1[29]
  pcpi_rs1[2]
  pcpi_rs1[30]
  pcpi_rs1[31]
  pcpi_rs1[3]
  pcpi_rs1[4]
  pcpi_rs1[5]
  pcpi_rs1[6]
  pcpi_rs1[7]
  pcpi_rs1[8]
  pcpi_rs1[9]
  pcpi_rs2[0]
  pcpi_rs2[10]
  pcpi_rs2[11]
  pcpi_rs2[12]
  pcpi_rs2[13]
  pcpi_rs2[14]
  pcpi_rs2[15]
  pcpi_rs2[16]
  pcpi_rs2[17]
  pcpi_rs2[18]
  pcpi_rs2[19]
  pcpi_rs2[1]
  pcpi_rs2[20]
  pcpi_rs2[21]
  pcpi_rs2[22]
  pcpi_rs2[23]
  pcpi_rs2[24]
  pcpi_rs2[25]
  pcpi_rs2[26]
  pcpi_rs2[27]
  pcpi_rs2[28]
  pcpi_rs2[29]
  pcpi_rs2[2]
  pcpi_rs2[30]
  pcpi_rs2[31]
  pcpi_rs2[3]
  pcpi_rs2[4]
  pcpi_rs2[5]
  pcpi_rs2[6]
  pcpi_rs2[7]
  pcpi_rs2[8]
  pcpi_rs2[9]
  pcpi_valid
  trace_data[0]
  trace_data[10]
  trace_data[11]
  trace_data[12]
  trace_data[13]
  trace_data[14]
  trace_data[15]
  trace_data[16]
  trace_data[17]
  trace_data[18]
  trace_data[19]
  trace_data[1]
  trace_data[20]
  trace_data[21]
  trace_data[22]
  trace_data[23]
  trace_data[24]
  trace_data[25]
  trace_data[26]
  trace_data[27]
  trace_data[28]
  trace_data[29]
  trace_data[2]
  trace_data[30]
  trace_data[31]
  trace_data[32]
  trace_data[33]
  trace_data[34]
  trace_data[35]
  trace_data[3]
  trace_data[4]
  trace_data[5]
  trace_data[6]
  trace_data[7]
  trace_data[8]
  trace_data[9]
  trace_valid
  trap
