Clock: clk
Sources: clk 
Generated: no
Virtual: yes
Propagated: no
Period: 25.000000

===========================================================================
report_clock_properties
============================================================================
Clock                   Period          Waveform
----------------------------------------------------
clk                  25.000000    0.000000 12.500000

===========================================================================
report_clock_latency
============================================================================
Clock clk
rise -> rise
    min     max
4.650000 5.570000 source latency
6.167440         network latency _10603_/CLK
        7.571142 network latency _11173_/CLK
---------------
10.817440 13.141142 latency
        2.323702 skew

fall -> fall
    min     max
4.650000 5.570000 source latency
6.003587         network latency _10603_/CLK
        7.347579 network latency _11173_/CLK
---------------
10.653586 12.917579 latency
        2.263992 skew



===========================================================================
report_clock_min_period
============================================================================
clk period_min = 18.26 fmax = 54.77
