Clock: clk
Sources: clk 
Generated: no
Virtual: yes
Propagated: no
Period: 25.000000

===========================================================================
report_clock_properties
============================================================================
Clock                   Period          Waveform
----------------------------------------------------
clk                  25.000000    0.000000 12.500000

===========================================================================
report_clock_latency
============================================================================
Clock clk
rise -> rise
    min     max
4.650000 5.570000 source latency
6.320252         network latency _10603_/CLK
        7.774714 network latency _11173_/CLK
---------------
10.970253 13.344714 latency
        2.374462 skew

fall -> fall
    min     max
4.650000 5.570000 source latency
6.115288         network latency _10603_/CLK
        7.501754 network latency _11173_/CLK
---------------
10.765287 13.071754 latency
        2.306466 skew



===========================================================================
report_clock_min_period
============================================================================
clk period_min = 18.91 fmax = 52.87
