Clock: clk
Sources: clk 
Generated: no
Virtual: yes
Propagated: no
Period: 25.000000

===========================================================================
report_clock_properties
============================================================================
Clock                   Period          Waveform
----------------------------------------------------
clk                  25.000000    0.000000 12.500000

===========================================================================
report_clock_latency
============================================================================
Clock clk
rise -> rise
    min     max
4.650000 5.570000 source latency
5.269538         network latency _10603_/CLK
        6.366813 network latency _11173_/CLK
---------------
9.919538 11.936812 latency
        2.017275 skew

fall -> fall
    min     max
4.650000 5.570000 source latency
5.323973         network latency _10051_/CLK
        6.420573 network latency _11173_/CLK
---------------
9.973972 11.990572 latency
        2.016600 skew



===========================================================================
report_clock_min_period
============================================================================
clk period_min = 6.11 fmax = 163.61
